<?xml version="1.0" encoding="UTF-8"?>
<testsuite xmlns:xsi="http://www.w3.org/2001/XMLSchema-instance" xsi:noNamespaceSchemaLocation="https://maven.apache.org/surefire/maven-surefire-plugin/xsd/surefire-test-report-3.0.xsd" version="3.0" name="HomeTest" time="2.93" tests="3" errors="0" skipped="0" failures="1">
  <properties>
    <property name="sun.desktop" value="windows"/>
    <property name="awt.toolkit" value="sun.awt.windows.WToolkit"/>
    <property name="java.specification.version" value="11"/>
    <property name="sun.cpu.isalist" value="amd64"/>
    <property name="sun.jnu.encoding" value="Cp1252"/>
    <property name="java.class.path" value="C:\Users\Usuário\Documents\projetos\RestAssuredTeste\target\test-classes;C:\Users\Usuário\Documents\projetos\RestAssuredTeste\target\classes;C:\Users\Usuário\.m2\repository\io\rest-assured\rest-assured\5.3.0\rest-assured-5.3.0.jar;C:\Users\Usuário\.m2\repository\org\apache\groovy\groovy\4.0.6\groovy-4.0.6.jar;C:\Users\Usuário\.m2\repository\org\apache\groovy\groovy-xml\4.0.6\groovy-xml-4.0.6.jar;C:\Users\Usuário\.m2\repository\org\apache\httpcomponents\httpclient\4.5.13\httpclient-4.5.13.jar;C:\Users\Usuário\.m2\repository\org\apache\httpcomponents\httpcore\4.4.13\httpcore-4.4.13.jar;C:\Users\Usuário\.m2\repository\commons-logging\commons-logging\1.2\commons-logging-1.2.jar;C:\Users\Usuário\.m2\repository\commons-codec\commons-codec\1.11\commons-codec-1.11.jar;C:\Users\Usuário\.m2\repository\org\apache\httpcomponents\httpmime\4.5.13\httpmime-4.5.13.jar;C:\Users\Usuário\.m2\repository\org\ccil\cowan\tagsoup\tagsoup\1.2.1\tagsoup-1.2.1.jar;C:\Users\Usuário\.m2\repository\io\rest-assured\xml-path\5.3.0\xml-path-5.3.0.jar;C:\Users\Usuário\.m2\repository\org\apache\commons\commons-lang3\3.11\commons-lang3-3.11.jar;C:\Users\Usuário\.m2\repository\io\rest-assured\json-path\5.3.0\json-path-5.3.0.jar;C:\Users\Usuário\.m2\repository\org\apache\groovy\groovy-json\4.0.6\groovy-json-4.0.6.jar;C:\Users\Usuário\.m2\repository\io\rest-assured\rest-assured-common\5.3.0\rest-assured-common-5.3.0.jar;C:\Users\Usuário\.m2\repository\org\junit\jupiter\junit-jupiter\5.10.0\junit-jupiter-5.10.0.jar;C:\Users\Usuário\.m2\repository\org\junit\jupiter\junit-jupiter-api\5.10.0\junit-jupiter-api-5.10.0.jar;C:\Users\Usuário\.m2\repository\org\opentest4j\opentest4j\1.3.0\opentest4j-1.3.0.jar;C:\Users\Usuário\.m2\repository\org\junit\platform\junit-platform-commons\1.10.0\junit-platform-commons-1.10.0.jar;C:\Users\Usuário\.m2\repository\org\apiguardian\apiguardian-api\1.1.2\apiguardian-api-1.1.2.jar;C:\Users\Usuário\.m2\repository\org\junit\jupiter\junit-jupiter-params\5.10.0\junit-jupiter-params-5.10.0.jar;C:\Users\Usuário\.m2\repository\org\junit\jupiter\junit-jupiter-engine\5.10.0\junit-jupiter-engine-5.10.0.jar;C:\Users\Usuário\.m2\repository\org\junit\platform\junit-platform-engine\1.10.0\junit-platform-engine-1.10.0.jar;C:\Users\Usuário\.m2\repository\com\fasterxml\jackson\core\jackson-databind\2.15.2\jackson-databind-2.15.2.jar;C:\Users\Usuário\.m2\repository\com\fasterxml\jackson\core\jackson-annotations\2.15.2\jackson-annotations-2.15.2.jar;C:\Users\Usuário\.m2\repository\com\fasterxml\jackson\core\jackson-core\2.15.2\jackson-core-2.15.2.jar;C:\Users\Usuário\.m2\repository\org\hamcrest\hamcrest\2.2\hamcrest-2.2.jar;C:\Users\Usuário\.m2\repository\io\qameta\allure\allure-junit5\2.23.0\allure-junit5-2.23.0.jar;C:\Users\Usuário\.m2\repository\io\qameta\allure\allure-junit-platform\2.23.0\allure-junit-platform-2.23.0.jar;C:\Users\Usuário\.m2\repository\io\qameta\allure\allure-java-commons\2.23.0\allure-java-commons-2.23.0.jar;C:\Users\Usuário\.m2\repository\org\slf4j\slf4j-api\1.7.36\slf4j-api-1.7.36.jar;C:\Users\Usuário\.m2\repository\io\qameta\allure\allure-model\2.23.0\allure-model-2.23.0.jar;C:\Users\Usuário\.m2\repository\io\qameta\allure\allure-test-filter\2.23.0\allure-test-filter-2.23.0.jar;C:\Users\Usuário\.m2\repository\org\junit\platform\junit-platform-launcher\1.9.2\junit-platform-launcher-1.9.2.jar;"/>
    <property name="java.vm.vendor" value="Oracle Corporation"/>
    <property name="sun.arch.data.model" value="64"/>
    <property name="user.variant" value=""/>
    <property name="java.vendor.url" value="https://openjdk.java.net/"/>
    <property name="user.timezone" value="America/Sao_Paulo"/>
    <property name="java.vm.specification.version" value="11"/>
    <property name="os.name" value="Windows 11"/>
    <property name="sun.java.launcher" value="SUN_STANDARD"/>
    <property name="user.country" value="BR"/>
    <property name="sun.boot.library.path" value="C:\Program Files\Java\jdk-11\bin"/>
    <property name="sun.java.command" value="C:\Users\Usuário\AppData\Local\Temp\surefire5163730181884439595\surefirebooter-20250406180837702_3.jar C:\Users\Usuário\AppData\Local\Temp\surefire5163730181884439595 2025-04-06T18-08-37_501-jvmRun1 surefire-20250406180837702_1tmp surefire_0-20250406180837702_2tmp"/>
    <property name="jdk.debug" value="release"/>
    <property name="surefire.test.class.path" value="C:\Users\Usuário\Documents\projetos\RestAssuredTeste\target\test-classes;C:\Users\Usuário\Documents\projetos\RestAssuredTeste\target\classes;C:\Users\Usuário\.m2\repository\io\rest-assured\rest-assured\5.3.0\rest-assured-5.3.0.jar;C:\Users\Usuário\.m2\repository\org\apache\groovy\groovy\4.0.6\groovy-4.0.6.jar;C:\Users\Usuário\.m2\repository\org\apache\groovy\groovy-xml\4.0.6\groovy-xml-4.0.6.jar;C:\Users\Usuário\.m2\repository\org\apache\httpcomponents\httpclient\4.5.13\httpclient-4.5.13.jar;C:\Users\Usuário\.m2\repository\org\apache\httpcomponents\httpcore\4.4.13\httpcore-4.4.13.jar;C:\Users\Usuário\.m2\repository\commons-logging\commons-logging\1.2\commons-logging-1.2.jar;C:\Users\Usuário\.m2\repository\commons-codec\commons-codec\1.11\commons-codec-1.11.jar;C:\Users\Usuário\.m2\repository\org\apache\httpcomponents\httpmime\4.5.13\httpmime-4.5.13.jar;C:\Users\Usuário\.m2\repository\org\ccil\cowan\tagsoup\tagsoup\1.2.1\tagsoup-1.2.1.jar;C:\Users\Usuário\.m2\repository\io\rest-assured\xml-path\5.3.0\xml-path-5.3.0.jar;C:\Users\Usuário\.m2\repository\org\apache\commons\commons-lang3\3.11\commons-lang3-3.11.jar;C:\Users\Usuário\.m2\repository\io\rest-assured\json-path\5.3.0\json-path-5.3.0.jar;C:\Users\Usuário\.m2\repository\org\apache\groovy\groovy-json\4.0.6\groovy-json-4.0.6.jar;C:\Users\Usuário\.m2\repository\io\rest-assured\rest-assured-common\5.3.0\rest-assured-common-5.3.0.jar;C:\Users\Usuário\.m2\repository\org\junit\jupiter\junit-jupiter\5.10.0\junit-jupiter-5.10.0.jar;C:\Users\Usuário\.m2\repository\org\junit\jupiter\junit-jupiter-api\5.10.0\junit-jupiter-api-5.10.0.jar;C:\Users\Usuário\.m2\repository\org\opentest4j\opentest4j\1.3.0\opentest4j-1.3.0.jar;C:\Users\Usuário\.m2\repository\org\junit\platform\junit-platform-commons\1.10.0\junit-platform-commons-1.10.0.jar;C:\Users\Usuário\.m2\repository\org\apiguardian\apiguardian-api\1.1.2\apiguardian-api-1.1.2.jar;C:\Users\Usuário\.m2\repository\org\junit\jupiter\junit-jupiter-params\5.10.0\junit-jupiter-params-5.10.0.jar;C:\Users\Usuário\.m2\repository\org\junit\jupiter\junit-jupiter-engine\5.10.0\junit-jupiter-engine-5.10.0.jar;C:\Users\Usuário\.m2\repository\org\junit\platform\junit-platform-engine\1.10.0\junit-platform-engine-1.10.0.jar;C:\Users\Usuário\.m2\repository\com\fasterxml\jackson\core\jackson-databind\2.15.2\jackson-databind-2.15.2.jar;C:\Users\Usuário\.m2\repository\com\fasterxml\jackson\core\jackson-annotations\2.15.2\jackson-annotations-2.15.2.jar;C:\Users\Usuário\.m2\repository\com\fasterxml\jackson\core\jackson-core\2.15.2\jackson-core-2.15.2.jar;C:\Users\Usuário\.m2\repository\org\hamcrest\hamcrest\2.2\hamcrest-2.2.jar;C:\Users\Usuário\.m2\repository\io\qameta\allure\allure-junit5\2.23.0\allure-junit5-2.23.0.jar;C:\Users\Usuário\.m2\repository\io\qameta\allure\allure-junit-platform\2.23.0\allure-junit-platform-2.23.0.jar;C:\Users\Usuário\.m2\repository\io\qameta\allure\allure-java-commons\2.23.0\allure-java-commons-2.23.0.jar;C:\Users\Usuário\.m2\repository\org\slf4j\slf4j-api\1.7.36\slf4j-api-1.7.36.jar;C:\Users\Usuário\.m2\repository\io\qameta\allure\allure-model\2.23.0\allure-model-2.23.0.jar;C:\Users\Usuário\.m2\repository\io\qameta\allure\allure-test-filter\2.23.0\allure-test-filter-2.23.0.jar;C:\Users\Usuário\.m2\repository\org\junit\platform\junit-platform-launcher\1.9.2\junit-platform-launcher-1.9.2.jar;"/>
    <property name="allure.results.directory" value="target/allure-results"/>
    <property name="sun.cpu.endian" value="little"/>
    <property name="user.home" value="C:\Users\Usuário"/>
    <property name="user.language" value="pt"/>
    <property name="java.specification.vendor" value="Oracle Corporation"/>
    <property name="java.version.date" value="2023-10-17"/>
    <property name="java.home" value="C:\Program Files\Java\jdk-11"/>
    <property name="file.separator" value="\"/>
    <property name="basedir" value="C:\Users\Usuário\Documents\projetos\RestAssuredTeste"/>
    <property name="java.vm.compressedOopsMode" value="Zero based"/>
    <property name="line.separator" value="&#10;"/>
    <property name="java.specification.name" value="Java Platform API Specification"/>
    <property name="java.vm.specification.vendor" value="Oracle Corporation"/>
    <property name="java.awt.graphicsenv" value="sun.awt.Win32GraphicsEnvironment"/>
    <property name="surefire.real.class.path" value="C:\Users\Usuário\AppData\Local\Temp\surefire5163730181884439595\surefirebooter-20250406180837702_3.jar"/>
    <property name="user.script" value=""/>
    <property name="sun.management.compiler" value="HotSpot 64-Bit Tiered Compilers"/>
    <property name="java.runtime.version" value="11.0.21+9-LTS-193"/>
    <property name="user.name" value="Usuário"/>
    <property name="path.separator" value=";"/>
    <property name="os.version" value="10.0"/>
    <property name="java.runtime.name" value="Java(TM) SE Runtime Environment"/>
    <property name="file.encoding" value="Cp1252"/>
    <property name="java.vm.name" value="Java HotSpot(TM) 64-Bit Server VM"/>
    <property name="java.vendor.version" value="18.9"/>
    <property name="localRepository" value="C:\Users\Usuário\.m2\repository"/>
    <property name="java.vendor.url.bug" value="https://bugreport.java.com/bugreport/"/>
    <property name="java.io.tmpdir" value="C:\Users\USURIO~2\AppData\Local\Temp\"/>
    <property name="java.version" value="11.0.21"/>
    <property name="user.dir" value="C:\Users\Usuário\Documents\projetos\RestAssuredTeste"/>
    <property name="os.arch" value="amd64"/>
    <property name="java.vm.specification.name" value="Java Virtual Machine Specification"/>
    <property name="java.awt.printerjob" value="sun.awt.windows.WPrinterJob"/>
    <property name="sun.os.patch.level" value=""/>
    <property name="java.library.path" value="C:\Program Files\Java\jdk-11\bin;C:\WINDOWS\Sun\Java\bin;C:\WINDOWS\system32;C:\WINDOWS;C:\Program Files (x86)\Common Files\Intel\Shared Libraries\redist\intel64_win\compiler;C:\Program Files\Common Files\Oracle\Java\javapath;C:\Program Files (x86)\Common Files\Oracle\Java\javapath;C:\Windows\system32;C:\Windows;C:\Windows\System32\Wbem;C:\Windows\System32\WindowsPowerShell\v1.0\;C:\Windows\System32\OpenSSH\;C:\Program Files (x86)\NVIDIA Corporation\PhysX\Common;C:\Program Files\NVIDIA Corporation\NVIDIA NvDLISR;C:\Program Files\Git\cmd;C:\Users\Public\Downloads\platform-tools;C:\Users\Public\Downloads\tools;C:\Program Files\Java\jdk1.8.0_202\bin;C:\Program Files\Java\jre1.8.0_202;;C:\WINDOWS\system32;C:\WINDOWS;C:\WINDOWS\System32\Wbem;C:\WINDOWS\System32\WindowsPowerShell\v1.0\;C:\WINDOWS\System32\OpenSSH\;C:\Program Files\Docker\Docker\resources\bin;C:\Program Files\nodejs\;C:\Program Files\k6\;C:\Users\Usuário\AppData\Local\Programs\Python\Python313\Scripts\;C:\Users\Usuário\AppData\Local\Programs\Python\Python313\;C:\Users\Usuário\AppData\Local\Programs\Python\Launcher\;C:\Program Files (x86)\Common Files\Intel\Shared Libraries\redist\intel64_win\compiler;C:\Program Files\Common Files\Oracle\Java\javapath;C:\Program Files (x86)\Common Files\Oracle\Java\javapath;C:\Windows\system32;C:\Windows;C:\Windows\System32\Wbem;C:\Windows\System32\WindowsPowerShell\v1.0\;C:\Windows\System32\OpenSSH\;C:\Program Files (x86)\NVIDIA Corporation\PhysX\Common;C:\Program Files\NVIDIA Corporation\NVIDIA NvDLISR;C:\Program Files\Git\cmd;C:\Users\Public\Downloads\platform-tools;C:\Users\Public\Downloads\tools;C:\Program Files\Java\jdk1.8.0_202\bin;C:\Program Files\Java\jre1.8.0_202;;C:\WINDOWS\system32;C:\WINDOWS;C:\WINDOWS\System32\Wbem;C:\WINDOWS\System32\WindowsPowerShell\v1.0\;C:\WINDOWS\System32\OpenSSH\;C:\Program Files\Docker\Docker\resources\bin;C:\Program Files\nodejs\;C:\Program Files\k6\;C:\Users\Usuário\Documents\maestro\maestro\bin;C:\Users\Usuário\AppData\Roaming\npm;C:\Users\Usuário\AppData\Local\Programs\Microsoft VS Code\bin;C:\apache-maven-3.9.0\bin;;."/>
    <property name="java.vendor" value="Oracle Corporation"/>
    <property name="java.vm.info" value="mixed mode"/>
    <property name="java.vm.version" value="11.0.21+9-LTS-193"/>
    <property name="java.specification.maintenance.version" value="2"/>
    <property name="sun.io.unicode.encoding" value="UnicodeLittle"/>
    <property name="java.class.version" value="55.0"/>
  </properties>
  <testcase name="cadastrarReserva" classname="HomeTest" time="0.788"/>
  <testcase name="testGetBooking" classname="HomeTest" time="1.332">
    <system-out><![CDATA[HTTP/1.1 200 OK
Server: Cowboy
Report-To: {"group":"heroku-nel","max_age":3600,"endpoints":[{"url":"https://nel.heroku.com/reports?ts=1743973733&sid=c46efe9b-d3d2-4a0c-8c76-bfafa16c5add&s=NOK4k4t0FYEs8HmiZDDmwVeKI09PQnNsv%2FshQsDzZ4U%3D"}]}
Reporting-Endpoints: heroku-nel=https://nel.heroku.com/reports?ts=1743973733&sid=c46efe9b-d3d2-4a0c-8c76-bfafa16c5add&s=NOK4k4t0FYEs8HmiZDDmwVeKI09PQnNsv%2FshQsDzZ4U%3D
Nel: {"report_to":"heroku-nel","max_age":3600,"success_fraction":0.005,"failure_fraction":0.05,"response_headers":["Via"]}
Connection: keep-alive
X-Powered-By: Express
Content-Type: application/json; charset=utf-8
Content-Length: 263562
Etag: W/"4058a-LYszkegNzBNW4NQe4NUMTEYBwiE"
Date: Sun, 06 Apr 2025 21:08:53 GMT
Via: 1.1 vegur

[
    {
        "bookingid": 10242
    },
    {
        "bookingid": 14147
    },
    {
        "bookingid": 5185
    },
    {
        "bookingid": 11518
    },
    {
        "bookingid": 12510
    },
    {
        "bookingid": 503
    },
    {
        "bookingid": 4608
    },
    {
        "bookingid": 417
    },
    {
        "bookingid": 8985
    },
    {
        "bookingid": 4882
    },
    {
        "bookingid": 6195
    },
    {
        "bookingid": 9107
    },
    {
        "bookingid": 8994
    },
    {
        "bookingid": 665
    },
    {
        "bookingid": 666
    },
    {
        "bookingid": 11153
    },
    {
        "bookingid": 8302
    },
    {
        "bookingid": 10208
    },
    {
        "bookingid": 571
    },
    {
        "bookingid": 6286
    },
    {
        "bookingid": 13401
    },
    {
        "bookingid": 14190
    },
    {
        "bookingid": 6625
    },
    {
        "bookingid": 13966
    },
    {
        "bookingid": 244
    },
    {
        "bookingid": 4640
    },
    {
        "bookingid": 52
    },
    {
        "bookingid": 2303
    },
    {
        "bookingid": 1622
    },
    {
        "bookingid": 4988
    },
    {
        "bookingid": 14449
    },
    {
        "bookingid": 1329
    },
    {
        "bookingid": 119
    },
    {
        "bookingid": 10195
    },
    {
        "bookingid": 11715
    },
    {
        "bookingid": 1354
    },
    {
        "bookingid": 7981
    },
    {
        "bookingid": 13884
    },
    {
        "bookingid": 5630
    },
    {
        "bookingid": 1072
    },
    {
        "bookingid": 7100
    },
    {
        "bookingid": 3513
    },
    {
        "bookingid": 3621
    },
    {
        "bookingid": 3110
    },
    {
        "bookingid": 13463
    },
    {
        "bookingid": 14793
    },
    {
        "bookingid": 5639
    },
    {
        "bookingid": 10680
    },
    {
        "bookingid": 12337
    },
    {
        "bookingid": 14303
    },
    {
        "bookingid": 13197
    },
    {
        "bookingid": 11693
    },
    {
        "bookingid": 1461
    },
    {
        "bookingid": 4960
    },
    {
        "bookingid": 13364
    },
    {
        "bookingid": 12239
    },
    {
        "bookingid": 10049
    },
    {
        "bookingid": 14272
    },
    {
        "bookingid": 10830
    },
    {
        "bookingid": 8614
    },
    {
        "bookingid": 8914
    },
    {
        "bookingid": 6373
    },
    {
        "bookingid": 11043
    },
    {
        "bookingid": 7235
    },
    {
        "bookingid": 979
    },
    {
        "bookingid": 7697
    },
    {
        "bookingid": 10017
    },
    {
        "bookingid": 14096
    },
    {
        "bookingid": 3013
    },
    {
        "bookingid": 1960
    },
    {
        "bookingid": 2197
    },
    {
        "bookingid": 12776
    },
    {
        "bookingid": 3665
    },
    {
        "bookingid": 4345
    },
    {
        "bookingid": 13501
    },
    {
        "bookingid": 2042
    },
    {
        "bookingid": 10297
    },
    {
        "bookingid": 11521
    },
    {
        "bookingid": 2537
    },
    {
        "bookingid": 10823
    },
    {
        "bookingid": 9644
    },
    {
        "bookingid": 6819
    },
    {
        "bookingid": 13061
    },
    {
        "bookingid": 2516
    },
    {
        "bookingid": 5799
    },
    {
        "bookingid": 10207
    },
    {
        "bookingid": 11985
    },
    {
        "bookingid": 9045
    },
    {
        "bookingid": 12000
    },
    {
        "bookingid": 11680
    },
    {
        "bookingid": 14866
    },
    {
        "bookingid": 766
    },
    {
        "bookingid": 4476
    },
    {
        "bookingid": 727
    },
    {
        "bookingid": 1875
    },
    {
        "bookingid": 3461
    },
    {
        "bookingid": 2876
    },
    {
        "bookingid": 12078
    },
    {
        "bookingid": 1237
    },
    {
        "bookingid": 4984
    },
    {
        "bookingid": 8903
    },
    {
        "bookingid": 4747
    },
    {
        "bookingid": 5394
    },
    {
        "bookingid": 7176
    },
    {
        "bookingid": 10504
    },
    {
        "bookingid": 12735
    },
    {
        "bookingid": 10899
    },
    {
        "bookingid": 72
    },
    {
        "bookingid": 3738
    },
    {
        "bookingid": 3127
    },
    {
        "bookingid": 11185
    },
    {
        "bookingid": 6722
    },
    {
        "bookingid": 10603
    },
    {
        "bookingid": 828
    },
    {
        "bookingid": 14246
    },
    {
        "bookingid": 5156
    },
    {
        "bookingid": 8142
    },
    {
        "bookingid": 6080
    },
    {
        "bookingid": 2444
    },
    {
        "bookingid": 3442
    },
    {
        "bookingid": 9907
    },
    {
        "bookingid": 14598
    },
    {
        "bookingid": 4963
    },
    {
        "bookingid": 11079
    },
    {
        "bookingid": 13848
    },
    {
        "bookingid": 14720
    },
    {
        "bookingid": 5128
    },
    {
        "bookingid": 10068
    },
    {
        "bookingid": 8863
    },
    {
        "bookingid": 1674
    },
    {
        "bookingid": 2784
    },
    {
        "bookingid": 13344
    },
    {
        "bookingid": 6441
    },
    {
        "bookingid": 14361
    },
    {
        "bookingid": 12516
    },
    {
        "bookingid": 1524
    },
    {
        "bookingid": 8308
    },
    {
        "bookingid": 1620
    },
    {
        "bookingid": 12430
    },
    {
        "bookingid": 742
    },
    {
        "bookingid": 14653
    },
    {
        "bookingid": 4732
    },
    {
        "bookingid": 11971
    },
    {
        "bookingid": 2493
    },
    {
        "bookingid": 8231
    },
    {
        "bookingid": 1468
    },
    {
        "bookingid": 5262
    },
    {
        "bookingid": 6755
    },
    {
        "bookingid": 12773
    },
    {
        "bookingid": 10009
    },
    {
        "bookingid": 10460
    },
    {
        "bookingid": 2811
    },
    {
        "bookingid": 2700
    },
    {
        "bookingid": 550
    },
    {
        "bookingid": 8185
    },
    {
        "bookingid": 5018
    },
    {
        "bookingid": 8883
    },
    {
        "bookingid": 7638
    },
    {
        "bookingid": 12717
    },
    {
        "bookingid": 4184
    },
    {
        "bookingid": 3938
    },
    {
        "bookingid": 496
    },
    {
        "bookingid": 7486
    },
    {
        "bookingid": 12819
    },
    {
        "bookingid": 4697
    },
    {
        "bookingid": 1087
    },
    {
        "bookingid": 3051
    },
    {
        "bookingid": 6156
    },
    {
        "bookingid": 5158
    },
    {
        "bookingid": 12678
    },
    {
        "bookingid": 6433
    },
    {
        "bookingid": 6924
    },
    {
        "bookingid": 1881
    },
    {
        "bookingid": 10474
    },
    {
        "bookingid": 5337
    },
    {
        "bookingid": 2836
    },
    {
        "bookingid": 1256
    },
    {
        "bookingid": 2091
    },
    {
        "bookingid": 13301
    },
    {
        "bookingid": 9637
    },
    {
        "bookingid": 7211
    },
    {
        "bookingid": 2131
    },
    {
        "bookingid": 10026
    },
    {
        "bookingid": 6541
    },
    {
        "bookingid": 143
    },
    {
        "bookingid": 8373
    },
    {
        "bookingid": 13257
    },
    {
        "bookingid": 12687
    },
    {
        "bookingid": 13284
    },
    {
        "bookingid": 14092
    },
    {
        "bookingid": 7660
    },
    {
        "bookingid": 7906
    },
    {
        "bookingid": 9499
    },
    {
        "bookingid": 4788
    },
    {
        "bookingid": 5191
    },
    {
        "bookingid": 10233
    },
    {
        "bookingid": 1592
    },
    {
        "bookingid": 5728
    },
    {
        "bookingid": 9480
    },
    {
        "bookingid": 1851
    },
    {
        "bookingid": 12622
    },
    {
        "bookingid": 12283
    },
    {
        "bookingid": 10313
    },
    {
        "bookingid": 5709
    },
    {
        "bookingid": 10501
    },
    {
        "bookingid": 5462
    },
    {
        "bookingid": 2291
    },
    {
        "bookingid": 3581
    },
    {
        "bookingid": 5730
    },
    {
        "bookingid": 9825
    },
    {
        "bookingid": 7334
    },
    {
        "bookingid": 8978
    },
    {
        "bookingid": 285
    },
    {
        "bookingid": 14001
    },
    {
        "bookingid": 5796
    },
    {
        "bookingid": 11249
    },
    {
        "bookingid": 6783
    },
    {
        "bookingid": 13591
    },
    {
        "bookingid": 13694
    },
    {
        "bookingid": 596
    },
    {
        "bookingid": 13267
    },
    {
        "bookingid": 1545
    },
    {
        "bookingid": 10764
    },
    {
        "bookingid": 12502
    },
    {
        "bookingid": 9309
    },
    {
        "bookingid": 8716
    },
    {
        "bookingid": 12380
    },
    {
        "bookingid": 4101
    },
    {
        "bookingid": 14608
    },
    {
        "bookingid": 11673
    },
    {
        "bookingid": 92
    },
    {
        "bookingid": 13995
    },
    {
        "bookingid": 11608
    },
    {
        "bookingid": 801
    },
    {
        "bookingid": 2261
    },
    {
        "bookingid": 11984
    },
    {
        "bookingid": 1682
    },
    {
        "bookingid": 4612
    },
    {
        "bookingid": 8729
    },
    {
        "bookingid": 13639
    },
    {
        "bookingid": 8110
    },
    {
        "bookingid": 8836
    },
    {
        "bookingid": 11020
    },
    {
        "bookingid": 6359
    },
    {
        "bookingid": 9256
    },
    {
        "bookingid": 5683
    },
    {
        "bookingid": 11253
    },
    {
        "bookingid": 11356
    },
    {
        "bookingid": 12725
    },
    {
        "bookingid": 2089
    },
    {
        "bookingid": 6989
    },
    {
        "bookingid": 8541
    },
    {
        "bookingid": 8723
    },
    {
        "bookingid": 3069
    },
    {
        "bookingid": 370
    },
    {
        "bookingid": 4288
    },
    {
        "bookingid": 1282
    },
    {
        "bookingid": 4256
    },
    {
        "bookingid": 14587
    },
    {
        "bookingid": 13495
    },
    {
        "bookingid": 8899
    },
    {
        "bookingid": 3049
    },
    {
        "bookingid": 12540
    },
    {
        "bookingid": 12691
    },
    {
        "bookingid": 14632
    },
    {
        "bookingid": 830
    },
    {
        "bookingid": 13414
    },
    {
        "bookingid": 13910
    },
    {
        "bookingid": 11269
    },
    {
        "bookingid": 6510
    },
    {
        "bookingid": 6699
    },
    {
        "bookingid": 5150
    },
    {
        "bookingid": 3116
    },
    {
        "bookingid": 5435
    },
    {
        "bookingid": 6931
    },
    {
        "bookingid": 13614
    },
    {
        "bookingid": 7961
    },
    {
        "bookingid": 8505
    },
    {
        "bookingid": 13734
    },
    {
        "bookingid": 11236
    },
    {
        "bookingid": 7509
    },
    {
        "bookingid": 12210
    },
    {
        "bookingid": 4692
    },
    {
        "bookingid": 9945
    },
    {
        "bookingid": 8033
    },
    {
        "bookingid": 5793
    },
    {
        "bookingid": 2102
    },
    {
        "bookingid": 927
    },
    {
        "bookingid": 13084
    },
    {
        "bookingid": 6607
    },
    {
        "bookingid": 9703
    },
    {
        "bookingid": 12120
    },
    {
        "bookingid": 1660
    },
    {
        "bookingid": 10772
    },
    {
        "bookingid": 10803
    },
    {
        "bookingid": 3693
    },
    {
        "bookingid": 9151
    },
    {
        "bookingid": 11030
    },
    {
        "bookingid": 7330
    },
    {
        "bookingid": 3468
    },
    {
        "bookingid": 8684
    },
    {
        "bookingid": 13308
    },
    {
        "bookingid": 8623
    },
    {
        "bookingid": 13436
    },
    {
        "bookingid": 14654
    },
    {
        "bookingid": 1284
    },
    {
        "bookingid": 7920
    },
    {
        "bookingid": 2133
    },
    {
        "bookingid": 10951
    },
    {
        "bookingid": 5928
    },
    {
        "bookingid": 12221
    },
    {
        "bookingid": 12885
    },
    {
        "bookingid": 6731
    },
    {
        "bookingid": 6052
    },
    {
        "bookingid": 6311
    },
    {
        "bookingid": 6701
    },
    {
        "bookingid": 8682
    },
    {
        "bookingid": 5016
    },
    {
        "bookingid": 12348
    },
    {
        "bookingid": 13524
    },
    {
        "bookingid": 12853
    },
    {
        "bookingid": 11443
    },
    {
        "bookingid": 4257
    },
    {
        "bookingid": 5175
    },
    {
        "bookingid": 6444
    },
    {
        "bookingid": 12402
    },
    {
        "bookingid": 580
    },
    {
        "bookingid": 10072
    },
    {
        "bookingid": 6317
    },
    {
        "bookingid": 10325
    },
    {
        "bookingid": 9429
    },
    {
        "bookingid": 2751
    },
    {
        "bookingid": 189
    },
    {
        "bookingid": 6416
    },
    {
        "bookingid": 6772
    },
    {
        "bookingid": 3679
    },
    {
        "bookingid": 6729
    },
    {
        "bookingid": 8587
    },
    {
        "bookingid": 10566
    },
    {
        "bookingid": 6011
    },
    {
        "bookingid": 2168
    },
    {
        "bookingid": 11157
    },
    {
        "bookingid": 13801
    },
    {
        "bookingid": 7506
    },
    {
        "bookingid": 7833
    },
    {
        "bookingid": 14116
    },
    {
        "bookingid": 7048
    },
    {
        "bookingid": 12360
    },
    {
        "bookingid": 10761
    },
    {
        "bookingid": 4291
    },
    {
        "bookingid": 1039
    },
    {
        "bookingid": 3848
    },
    {
        "bookingid": 11035
    },
    {
        "bookingid": 2376
    },
    {
        "bookingid": 6252
    },
    {
        "bookingid": 2745
    },
    {
        "bookingid": 8244
    },
    {
        "bookingid": 2757
    },
    {
        "bookingid": 6092
    },
    {
        "bookingid": 646
    },
    {
        "bookingid": 7276
    },
    {
        "bookingid": 11378
    },
    {
        "bookingid": 14832
    },
    {
        "bookingid": 6365
    },
    {
        "bookingid": 7761
    },
    {
        "bookingid": 12394
    },
    {
        "bookingid": 14870
    },
    {
        "bookingid": 3653
    },
    {
        "bookingid": 12702
    },
    {
        "bookingid": 12055
    },
    {
        "bookingid": 12278
    },
    {
        "bookingid": 4714
    },
    {
        "bookingid": 11724
    },
    {
        "bookingid": 14052
    },
    {
        "bookingid": 8906
    },
    {
        "bookingid": 14605
    },
    {
        "bookingid": 631
    },
    {
        "bookingid": 5499
    },
    {
        "bookingid": 10516
    },
    {
        "bookingid": 11321
    },
    {
        "bookingid": 5592
    },
    {
        "bookingid": 1648
    },
    {
        "bookingid": 5912
    },
    {
        "bookingid": 2899
    },
    {
        "bookingid": 9291
    },
    {
        "bookingid": 3871
    },
    {
        "bookingid": 9434
    },
    {
        "bookingid": 7811
    },
    {
        "bookingid": 4402
    },
    {
        "bookingid": 3097
    },
    {
        "bookingid": 4830
    },
    {
        "bookingid": 2657
    },
    {
        "bookingid": 3252
    },
    {
        "bookingid": 10003
    },
    {
        "bookingid": 1478
    },
    {
        "bookingid": 8585
    },
    {
        "bookingid": 11262
    },
    {
        "bookingid": 10257
    },
    {
        "bookingid": 11322
    },
    {
        "bookingid": 842
    },
    {
        "bookingid": 704
    },
    {
        "bookingid": 2375
    },
    {
        "bookingid": 8046
    },
    {
        "bookingid": 4531
    },
    {
        "bookingid": 8741
    },
    {
        "bookingid": 14241
    },
    {
        "bookingid": 1887
    },
    {
        "bookingid": 358
    },
    {
        "bookingid": 1868
    },
    {
        "bookingid": 13496
    },
    {
        "bookingid": 14581
    },
    {
        "bookingid": 6694
    },
    {
        "bookingid": 609
    },
    {
        "bookingid": 7605
    },
    {
        "bookingid": 8601
    },
    {
        "bookingid": 7341
    },
    {
        "bookingid": 13160
    },
    {
        "bookingid": 10100
    },
    {
        "bookingid": 1202
    },
    {
        "bookingid": 13643
    },
    {
        "bookingid": 4289
    },
    {
        "bookingid": 10637
    },
    {
        "bookingid": 11040
    },
    {
        "bookingid": 3772
    },
    {
        "bookingid": 6774
    },
    {
        "bookingid": 1877
    },
    {
        "bookingid": 7419
    },
    {
        "bookingid": 9431
    },
    {
        "bookingid": 14586
    },
    {
        "bookingid": 13994
    },
    {
        "bookingid": 1517
    },
    {
        "bookingid": 524
    },
    {
        "bookingid": 8798
    },
    {
        "bookingid": 5240
    },
    {
        "bookingid": 6543
    },
    {
        "bookingid": 8043
    },
    {
        "bookingid": 7069
    },
    {
        "bookingid": 3404
    },
    {
        "bookingid": 1012
    },
    {
        "bookingid": 11124
    },
    {
        "bookingid": 10740
    },
    {
        "bookingid": 13173
    },
    {
        "bookingid": 12366
    },
    {
        "bookingid": 4495
    },
    {
        "bookingid": 4298
    },
    {
        "bookingid": 13868
    },
    {
        "bookingid": 6664
    },
    {
        "bookingid": 12384
    },
    {
        "bookingid": 8860
    },
    {
        "bookingid": 6561
    },
    {
        "bookingid": 9118
    },
    {
        "bookingid": 9269
    },
    {
        "bookingid": 13124
    },
    {
        "bookingid": 745
    },
    {
        "bookingid": 10721
    },
    {
        "bookingid": 5007
    },
    {
        "bookingid": 14658
    },
    {
        "bookingid": 13172
    },
    {
        "bookingid": 14522
    },
    {
        "bookingid": 13234
    },
    {
        "bookingid": 4363
    },
    {
        "bookingid": 2159
    },
    {
        "bookingid": 11067
    },
    {
        "bookingid": 9155
    },
    {
        "bookingid": 8722
    },
    {
        "bookingid": 8077
    },
    {
        "bookingid": 12149
    },
    {
        "bookingid": 982
    },
    {
        "bookingid": 400
    },
    {
        "bookingid": 4175
    },
    {
        "bookingid": 5057
    },
    {
        "bookingid": 13151
    },
    {
        "bookingid": 1159
    },
    {
        "bookingid": 8353
    },
    {
        "bookingid": 1062
    },
    {
        "bookingid": 12796
    },
    {
        "bookingid": 12391
    },
    {
        "bookingid": 13298
    },
    {
        "bookingid": 10549
    },
    {
        "bookingid": 1131
    },
    {
        "bookingid": 3453
    },
    {
        "bookingid": 10090
    },
    {
        "bookingid": 149
    },
    {
        "bookingid": 949
    },
    {
        "bookingid": 2036
    },
    {
        "bookingid": 13716
    },
    {
        "bookingid": 2109
    },
    {
        "bookingid": 12294
    },
    {
        "bookingid": 1277
    },
    {
        "bookingid": 9017
    },
    {
        "bookingid": 3895
    },
    {
        "bookingid": 14844
    },
    {
        "bookingid": 7479
    },
    {
        "bookingid": 2161
    },
    {
        "bookingid": 9377
    },
    {
        "bookingid": 14062
    },
    {
        "bookingid": 13376
    },
    {
        "bookingid": 790
    },
    {
        "bookingid": 5177
    },
    {
        "bookingid": 7620
    },
    {
        "bookingid": 2476
    },
    {
        "bookingid": 4072
    },
    {
        "bookingid": 10927
    },
    {
        "bookingid": 2600
    },
    {
        "bookingid": 3098
    },
    {
        "bookingid": 12178
    },
    {
        "bookingid": 3371
    },
    {
        "bookingid": 9253
    },
    {
        "bookingid": 11525
    },
    {
        "bookingid": 1053
    },
    {
        "bookingid": 7963
    },
    {
        "bookingid": 11174
    },
    {
        "bookingid": 5722
    },
    {
        "bookingid": 8681
    },
    {
        "bookingid": 831
    },
    {
        "bookingid": 8423
    },
    {
        "bookingid": 6605
    },
    {
        "bookingid": 3666
    },
    {
        "bookingid": 10503
    },
    {
        "bookingid": 449
    },
    {
        "bookingid": 13427
    },
    {
        "bookingid": 11496
    },
    {
        "bookingid": 12517
    },
    {
        "bookingid": 11033
    },
    {
        "bookingid": 1416
    },
    {
        "bookingid": 9592
    },
    {
        "bookingid": 7647
    },
    {
        "bookingid": 8133
    },
    {
        "bookingid": 10580
    },
    {
        "bookingid": 12908
    },
    {
        "bookingid": 570
    },
    {
        "bookingid": 8113
    },
    {
        "bookingid": 14464
    },
    {
        "bookingid": 2542
    },
    {
        "bookingid": 10620
    },
    {
        "bookingid": 9739
    },
    {
        "bookingid": 11466
    },
    {
        "bookingid": 13926
    },
    {
        "bookingid": 711
    },
    {
        "bookingid": 13858
    },
    {
        "bookingid": 13335
    },
    {
        "bookingid": 6739
    },
    {
        "bookingid": 2995
    },
    {
        "bookingid": 4746
    },
    {
        "bookingid": 12966
    },
    {
        "bookingid": 9992
    },
    {
        "bookingid": 11952
    },
    {
        "bookingid": 2071
    },
    {
        "bookingid": 9569
    },
    {
        "bookingid": 10587
    },
    {
        "bookingid": 12928
    },
    {
        "bookingid": 7968
    },
    {
        "bookingid": 11575
    },
    {
        "bookingid": 5515
    },
    {
        "bookingid": 4028
    },
    {
        "bookingid": 4839
    },
    {
        "bookingid": 3058
    },
    {
        "bookingid": 11667
    },
    {
        "bookingid": 1692
    },
    {
        "bookingid": 7023
    },
    {
        "bookingid": 832
    },
    {
        "bookingid": 9022
    },
    {
        "bookingid": 2869
    },
    {
        "bookingid": 2287
    },
    {
        "bookingid": 5716
    },
    {
        "bookingid": 10203
    },
    {
        "bookingid": 3137
    },
    {
        "bookingid": 2149
    },
    {
        "bookingid": 9135
    },
    {
        "bookingid": 4307
    },
    {
        "bookingid": 5095
    },
    {
        "bookingid": 8925
    },
    {
        "bookingid": 7157
    },
    {
        "bookingid": 7437
    },
    {
        "bookingid": 1429
    },
    {
        "bookingid": 6384
    },
    {
        "bookingid": 5200
    },
    {
        "bookingid": 9410
    },
    {
        "bookingid": 1657
    },
    {
        "bookingid": 1696
    },
    {
        "bookingid": 11164
    },
    {
        "bookingid": 8989
    },
    {
        "bookingid": 247
    },
    {
        "bookingid": 2932
    },
    {
        "bookingid": 9100
    },
    {
        "bookingid": 4866
    },
    {
        "bookingid": 7972
    },
    {
        "bookingid": 12813
    },
    {
        "bookingid": 10359
    },
    {
        "bookingid": 13310
    },
    {
        "bookingid": 1774
    },
    {
        "bookingid": 10177
    },
    {
        "bookingid": 12157
    },
    {
        "bookingid": 1847
    },
    {
        "bookingid": 5810
    },
    {
        "bookingid": 12177
    },
    {
        "bookingid": 7033
    },
    {
        "bookingid": 799
    },
    {
        "bookingid": 10777
    },
    {
        "bookingid": 12603
    },
    {
        "bookingid": 10552
    },
    {
        "bookingid": 7122
    },
    {
        "bookingid": 8689
    },
    {
        "bookingid": 12895
    },
    {
        "bookingid": 6152
    },
    {
        "bookingid": 6559
    },
    {
        "bookingid": 7867
    },
    {
        "bookingid": 13488
    },
    {
        "bookingid": 8475
    },
    {
        "bookingid": 3826
    },
    {
        "bookingid": 12459
    },
    {
        "bookingid": 6200
    },
    {
        "bookingid": 7224
    },
    {
        "bookingid": 8935
    },
    {
        "bookingid": 14569
    },
    {
        "bookingid": 14471
    },
    {
        "bookingid": 6835
    },
    {
        "bookingid": 14426
    },
    {
        "bookingid": 8085
    },
    {
        "bookingid": 7359
    },
    {
        "bookingid": 12758
    },
    {
        "bookingid": 10525
    },
    {
        "bookingid": 2314
    },
    {
        "bookingid": 4222
    },
    {
        "bookingid": 13789
    },
    {
        "bookingid": 8263
    },
    {
        "bookingid": 5849
    },
    {
        "bookingid": 5328
    },
    {
        "bookingid": 3075
    },
    {
        "bookingid": 5014
    },
    {
        "bookingid": 9819
    },
    {
        "bookingid": 6867
    },
    {
        "bookingid": 5835
    },
    {
        "bookingid": 6478
    },
    {
        "bookingid": 13551
    },
    {
        "bookingid": 9335
    },
    {
        "bookingid": 9883
    },
    {
        "bookingid": 8246
    },
    {
        "bookingid": 14899
    },
    {
        "bookingid": 8307
    },
    {
        "bookingid": 196
    },
    {
        "bookingid": 8958
    },
    {
        "bookingid": 121
    },
    {
        "bookingid": 14159
    },
    {
        "bookingid": 2085
    },
    {
        "bookingid": 2310
    },
    {
        "bookingid": 1643
    },
    {
        "bookingid": 13651
    },
    {
        "bookingid": 9330
    },
    {
        "bookingid": 13904
    },
    {
        "bookingid": 795
    },
    {
        "bookingid": 9781
    },
    {
        "bookingid": 14570
    },
    {
        "bookingid": 3732
    },
    {
        "bookingid": 14004
    },
    {
        "bookingid": 1880
    },
    {
        "bookingid": 14050
    },
    {
        "bookingid": 509
    },
    {
        "bookingid": 10142
    },
    {
        "bookingid": 12332
    },
    {
        "bookingid": 10505
    },
    {
        "bookingid": 2123
    },
    {
        "bookingid": 11416
    },
    {
        "bookingid": 12786
    },
    {
        "bookingid": 6744
    },
    {
        "bookingid": 7311
    },
    {
        "bookingid": 1874
    },
    {
        "bookingid": 8992
    },
    {
        "bookingid": 5890
    },
    {
        "bookingid": 6367
    },
    {
        "bookingid": 8704
    },
    {
        "bookingid": 2045
    },
    {
        "bookingid": 2640
    },
    {
        "bookingid": 514
    },
    {
        "bookingid": 12722
    },
    {
        "bookingid": 9932
    },
    {
        "bookingid": 3017
    },
    {
        "bookingid": 14576
    },
    {
        "bookingid": 13873
    },
    {
        "bookingid": 7993
    },
    {
        "bookingid": 4569
    },
    {
        "bookingid": 14891
    },
    {
        "bookingid": 6455
    },
    {
        "bookingid": 548
    },
    {
        "bookingid": 11637
    },
    {
        "bookingid": 79
    },
    {
        "bookingid": 13249
    },
    {
        "bookingid": 12362
    },
    {
        "bookingid": 12826
    },
    {
        "bookingid": 582
    },
    {
        "bookingid": 13738
    },
    {
        "bookingid": 13795
    },
    {
        "bookingid": 5510
    },
    {
        "bookingid": 9681
    },
    {
        "bookingid": 12834
    },
    {
        "bookingid": 6312
    },
    {
        "bookingid": 9981
    },
    {
        "bookingid": 1967
    },
    {
        "bookingid": 11225
    },
    {
        "bookingid": 10909
    },
    {
        "bookingid": 6153
    },
    {
        "bookingid": 1098
    },
    {
        "bookingid": 3622
    },
    {
        "bookingid": 7114
    },
    {
        "bookingid": 13751
    },
    {
        "bookingid": 8335
    },
    {
        "bookingid": 3619
    },
    {
        "bookingid": 2572
    },
    {
        "bookingid": 956
    },
    {
        "bookingid": 2883
    },
    {
        "bookingid": 6340
    },
    {
        "bookingid": 4547
    },
    {
        "bookingid": 4856
    },
    {
        "bookingid": 10711
    },
    {
        "bookingid": 12564
    },
    {
        "bookingid": 13115
    },
    {
        "bookingid": 5463
    },
    {
        "bookingid": 7865
    },
    {
        "bookingid": 721
    },
    {
        "bookingid": 12639
    },
    {
        "bookingid": 3456
    },
    {
        "bookingid": 13031
    },
    {
        "bookingid": 13418
    },
    {
        "bookingid": 1217
    },
    {
        "bookingid": 11358
    },
    {
        "bookingid": 4481
    },
    {
        "bookingid": 4010
    },
    {
        "bookingid": 3038
    },
    {
        "bookingid": 10367
    },
    {
        "bookingid": 14013
    },
    {
        "bookingid": 13773
    },
    {
        "bookingid": 11701
    },
    {
        "bookingid": 7105
    },
    {
        "bookingid": 2052
    },
    {
        "bookingid": 1755
    },
    {
        "bookingid": 11294
    },
    {
        "bookingid": 12119
    },
    {
        "bookingid": 4064
    },
    {
        "bookingid": 12140
    },
    {
        "bookingid": 14403
    },
    {
        "bookingid": 1830
    },
    {
        "bookingid": 2533
    },
    {
        "bookingid": 197
    },
    {
        "bookingid": 12176
    },
    {
        "bookingid": 1817
    },
    {
        "bookingid": 12474
    },
    {
        "bookingid": 3941
    },
    {
        "bookingid": 11233
    },
    {
        "bookingid": 3541
    },
    {
        "bookingid": 5968
    },
    {
        "bookingid": 659
    },
    {
        "bookingid": 14229
    },
    {
        "bookingid": 10805
    },
    {
        "bookingid": 5983
    },
    {
        "bookingid": 2606
    },
    {
        "bookingid": 7219
    },
    {
        "bookingid": 6950
    },
    {
        "bookingid": 8774
    },
    {
        "bookingid": 13297
    },
    {
        "bookingid": 13908
    },
    {
        "bookingid": 6805
    },
    {
        "bookingid": 8739
    },
    {
        "bookingid": 4212
    },
    {
        "bookingid": 12666
    },
    {
        "bookingid": 4473
    },
    {
        "bookingid": 5536
    },
    {
        "bookingid": 3981
    },
    {
        "bookingid": 3612
    },
    {
        "bookingid": 6445
    },
    {
        "bookingid": 547
    },
    {
        "bookingid": 4178
    },
    {
        "bookingid": 1105
    },
    {
        "bookingid": 13846
    },
    {
        "bookingid": 6808
    },
    {
        "bookingid": 4491
    },
    {
        "bookingid": 5096
    },
    {
        "bookingid": 7625
    },
    {
        "bookingid": 11765
    },
    {
        "bookingid": 4189
    },
    {
        "bookingid": 9820
    },
    {
        "bookingid": 6784
    },
    {
        "bookingid": 11884
    },
    {
        "bookingid": 11571
    },
    {
        "bookingid": 1353
    },
    {
        "bookingid": 11527
    },
    {
        "bookingid": 12252
    },
    {
        "bookingid": 13522
    },
    {
        "bookingid": 3687
    },
    {
        "bookingid": 12025
    },
    {
        "bookingid": 10258
    },
    {
        "bookingid": 1383
    },
    {
        "bookingid": 9147
    },
    {
        "bookingid": 7143
    },
    {
        "bookingid": 14176
    },
    {
        "bookingid": 2582
    },
    {
        "bookingid": 6248
    },
    {
        "bookingid": 14710
    },
    {
        "bookingid": 5285
    },
    {
        "bookingid": 10712
    },
    {
        "bookingid": 9121
    },
    {
        "bookingid": 1186
    },
    {
        "bookingid": 5099
    },
    {
        "bookingid": 10738
    },
    {
        "bookingid": 945
    },
    {
        "bookingid": 1377
    },
    {
        "bookingid": 11190
    },
    {
        "bookingid": 6292
    },
    {
        "bookingid": 5045
    },
    {
        "bookingid": 7849
    },
    {
        "bookingid": 3695
    },
    {
        "bookingid": 2251
    },
    {
        "bookingid": 14340
    },
    {
        "bookingid": 7580
    },
    {
        "bookingid": 933
    },
    {
        "bookingid": 4238
    },
    {
        "bookingid": 12109
    },
    {
        "bookingid": 7369
    },
    {
        "bookingid": 1091
    },
    {
        "bookingid": 5338
    },
    {
        "bookingid": 5396
    },
    {
        "bookingid": 12551
    },
    {
        "bookingid": 14742
    },
    {
        "bookingid": 3354
    },
    {
        "bookingid": 6493
    },
    {
        "bookingid": 6936
    },
    {
        "bookingid": 4879
    },
    {
        "bookingid": 110
    },
    {
        "bookingid": 14888
    },
    {
        "bookingid": 11381
    },
    {
        "bookingid": 1437
    },
    {
        "bookingid": 6401
    },
    {
        "bookingid": 10418
    },
    {
        "bookingid": 5023
    },
    {
        "bookingid": 7581
    },
    {
        "bookingid": 9782
    },
    {
        "bookingid": 13947
    },
    {
        "bookingid": 8934
    },
    {
        "bookingid": 10897
    },
    {
        "bookingid": 13443
    },
    {
        "bookingid": 1128
    },
    {
        "bookingid": 12153
    },
    {
        "bookingid": 12724
    },
    {
        "bookingid": 5031
    },
    {
        "bookingid": 8127
    },
    {
        "bookingid": 11186
    },
    {
        "bookingid": 4409
    },
    {
        "bookingid": 10173
    },
    {
        "bookingid": 5443
    },
    {
        "bookingid": 9326
    },
    {
        "bookingid": 12234
    },
    {
        "bookingid": 12415
    },
    {
        "bookingid": 14865
    },
    {
        "bookingid": 2759
    },
    {
        "bookingid": 4705
    },
    {
        "bookingid": 2470
    },
    {
        "bookingid": 14287
    },
    {
        "bookingid": 13319
    },
    {
        "bookingid": 8420
    },
    {
        "bookingid": 12037
    },
    {
        "bookingid": 3247
    },
    {
        "bookingid": 10618
    },
    {
        "bookingid": 4210
    },
    {
        "bookingid": 8862
    },
    {
        "bookingid": 7202
    },
    {
        "bookingid": 1995
    },
    {
        "bookingid": 321
    },
    {
        "bookingid": 11599
    },
    {
        "bookingid": 4632
    },
    {
        "bookingid": 8466
    },
    {
        "bookingid": 13104
    },
    {
        "bookingid": 11419
    },
    {
        "bookingid": 14180
    },
    {
        "bookingid": 6512
    },
    {
        "bookingid": 4670
    },
    {
        "bookingid": 13529
    },
    {
        "bookingid": 6276
    },
    {
        "bookingid": 8102
    },
    {
        "bookingid": 12174
    },
    {
        "bookingid": 11317
    },
    {
        "bookingid": 8580
    },
    {
        "bookingid": 6858
    },
    {
        "bookingid": 4455
    },
    {
        "bookingid": 1968
    },
    {
        "bookingid": 5582
    },
    {
        "bookingid": 5772
    },
    {
        "bookingid": 4377
    },
    {
        "bookingid": 11120
    },
    {
        "bookingid": 3570
    },
    {
        "bookingid": 12913
    },
    {
        "bookingid": 6703
    },
    {
        "bookingid": 11858
    },
    {
        "bookingid": 9445
    },
    {
        "bookingid": 6392
    },
    {
        "bookingid": 2563
    },
    {
        "bookingid": 3839
    },
    {
        "bookingid": 13804
    },
    {
        "bookingid": 2025
    },
    {
        "bookingid": 1970
    },
    {
        "bookingid": 2664
    },
    {
        "bookingid": 1681
    },
    {
        "bookingid": 2627
    },
    {
        "bookingid": 4518
    },
    {
        "bookingid": 11581
    },
    {
        "bookingid": 10420
    },
    {
        "bookingid": 6247
    },
    {
        "bookingid": 7239
    },
    {
        "bookingid": 4917
    },
    {
        "bookingid": 537
    },
    {
        "bookingid": 6336
    },
    {
        "bookingid": 13914
    },
    {
        "bookingid": 7896
    },
    {
        "bookingid": 6838
    },
    {
        "bookingid": 13227
    },
    {
        "bookingid": 1280
    },
    {
        "bookingid": 4140
    },
    {
        "bookingid": 8114
    },
    {
        "bookingid": 11568
    },
    {
        "bookingid": 6651
    },
    {
        "bookingid": 8526
    },
    {
        "bookingid": 8597
    },
    {
        "bookingid": 1096
    },
    {
        "bookingid": 2241
    },
    {
        "bookingid": 14555
    },
    {
        "bookingid": 7634
    },
    {
        "bookingid": 3896
    },
    {
        "bookingid": 11833
    },
    {
        "bookingid": 3403
    },
    {
        "bookingid": 11252
    },
    {
        "bookingid": 5485
    },
    {
        "bookingid": 8949
    },
    {
        "bookingid": 1777
    },
    {
        "bookingid": 9098
    },
    {
        "bookingid": 2370
    },
    {
        "bookingid": 4791
    },
    {
        "bookingid": 13217
    },
    {
        "bookingid": 5767
    },
    {
        "bookingid": 6321
    },
    {
        "bookingid": 12701
    },
    {
        "bookingid": 9044
    },
    {
        "bookingid": 144
    },
    {
        "bookingid": 1018
    },
    {
        "bookingid": 4469
    },
    {
        "bookingid": 7919
    },
    {
        "bookingid": 8749
    },
    {
        "bookingid": 2850
    },
    {
        "bookingid": 2902
    },
    {
        "bookingid": 11488
    },
    {
        "bookingid": 9140
    },
    {
        "bookingid": 13674
    },
    {
        "bookingid": 11722
    },
    {
        "bookingid": 3642
    },
    {
        "bookingid": 4370
    },
    {
        "bookingid": 9969
    },
    {
        "bookingid": 4297
    },
    {
        "bookingid": 5092
    },
    {
        "bookingid": 5274
    },
    {
        "bookingid": 5921
    },
    {
        "bookingid": 11499
    },
    {
        "bookingid": 4566
    },
    {
        "bookingid": 12963
    },
    {
        "bookingid": 4711
    },
    {
        "bookingid": 5398
    },
    {
        "bookingid": 12827
    },
    {
        "bookingid": 10333
    },
    {
        "bookingid": 10821
    },
    {
        "bookingid": 7079
    },
    {
        "bookingid": 13896
    },
    {
        "bookingid": 9296
    },
    {
        "bookingid": 1086
    },
    {
        "bookingid": 241
    },
    {
        "bookingid": 7759
    },
    {
        "bookingid": 14546
    },
    {
        "bookingid": 9572
    },
    {
        "bookingid": 12007
    },
    {
        "bookingid": 9701
    },
    {
        "bookingid": 10810
    },
    {
        "bookingid": 11612
    },
    {
        "bookingid": 6895
    },
    {
        "bookingid": 8901
    },
    {
        "bookingid": 2558
    },
    {
        "bookingid": 364
    },
    {
        "bookingid": 6453
    },
    {
        "bookingid": 9797
    },
    {
        "bookingid": 13147
    },
    {
        "bookingid": 7992
    },
    {
        "bookingid": 8568
    },
    {
        "bookingid": 3211
    },
    {
        "bookingid": 8898
    },
    {
        "bookingid": 12683
    },
    {
        "bookingid": 11332
    },
    {
        "bookingid": 6219
    },
    {
        "bookingid": 1309
    },
    {
        "bookingid": 8773
    },
    {
        "bookingid": 11764
    },
    {
        "bookingid": 14237
    },
    {
        "bookingid": 9650
    },
    {
        "bookingid": 7850
    },
    {
        "bookingid": 1588
    },
    {
        "bookingid": 11246
    },
    {
        "bookingid": 8846
    },
    {
        "bookingid": 2810
    },
    {
        "bookingid": 1414
    },
    {
        "bookingid": 1647
    },
    {
        "bookingid": 6869
    },
    {
        "bookingid": 3328
    },
    {
        "bookingid": 11156
    },
    {
        "bookingid": 3715
    },
    {
        "bookingid": 9845
    },
    {
        "bookingid": 12271
    },
    {
        "bookingid": 8598
    },
    {
        "bookingid": 5442
    },
    {
        "bookingid": 13546
    },
    {
        "bookingid": 10521
    },
    {
        "bookingid": 12830
    },
    {
        "bookingid": 6198
    },
    {
        "bookingid": 14029
    },
    {
        "bookingid": 8020
    },
    {
        "bookingid": 14234
    },
    {
        "bookingid": 13707
    },
    {
        "bookingid": 3444
    },
    {
        "bookingid": 8546
    },
    {
        "bookingid": 14512
    },
    {
        "bookingid": 853
    },
    {
        "bookingid": 6693
    },
    {
        "bookingid": 10731
    },
    {
        "bookingid": 5291
    },
    {
        "bookingid": 5238
    },
    {
        "bookingid": 7125
    },
    {
        "bookingid": 9281
    },
    {
        "bookingid": 1782
    },
    {
        "bookingid": 2867
    },
    {
        "bookingid": 13079
    },
    {
        "bookingid": 13296
    },
    {
        "bookingid": 14314
    },
    {
        "bookingid": 10449
    },
    {
        "bookingid": 6193
    },
    {
        "bookingid": 5346
    },
    {
        "bookingid": 9790
    },
    {
        "bookingid": 4157
    },
    {
        "bookingid": 13753
    },
    {
        "bookingid": 738
    },
    {
        "bookingid": 11548
    },
    {
        "bookingid": 8744
    },
    {
        "bookingid": 5432
    },
    {
        "bookingid": 9696
    },
    {
        "bookingid": 14709
    },
    {
        "bookingid": 1489
    },
    {
        "bookingid": 1949
    },
    {
        "bookingid": 11227
    },
    {
        "bookingid": 2766
    },
    {
        "bookingid": 1220
    },
    {
        "bookingid": 13477
    },
    {
        "bookingid": 7300
    },
    {
        "bookingid": 5074
    },
    {
        "bookingid": 4935
    },
    {
        "bookingid": 14282
    },
    {
        "bookingid": 5239
    },
    {
        "bookingid": 2012
    },
    {
        "bookingid": 1621
    },
    {
        "bookingid": 14179
    },
    {
        "bookingid": 2724
    },
    {
        "bookingid": 3753
    },
    {
        "bookingid": 8804
    },
    {
        "bookingid": 13355
    },
    {
        "bookingid": 8058
    },
    {
        "bookingid": 4138
    },
    {
        "bookingid": 11630
    },
    {
        "bookingid": 2651
    },
    {
        "bookingid": 5644
    },
    {
        "bookingid": 1434
    },
    {
        "bookingid": 11800
    },
    {
        "bookingid": 13939
    },
    {
        "bookingid": 4339
    },
    {
        "bookingid": 12751
    },
    {
        "bookingid": 11903
    },
    {
        "bookingid": 139
    },
    {
        "bookingid": 14099
    },
    {
        "bookingid": 6514
    },
    {
        "bookingid": 1820
    },
    {
        "bookingid": 10025
    },
    {
        "bookingid": 6801
    },
    {
        "bookingid": 12662
    },
    {
        "bookingid": 2948
    },
    {
        "bookingid": 9564
    },
    {
        "bookingid": 9759
    },
    {
        "bookingid": 14043
    },
    {
        "bookingid": 9224
    },
    {
        "bookingid": 107
    },
    {
        "bookingid": 4649
    },
    {
        "bookingid": 2031
    },
    {
        "bookingid": 8101
    },
    {
        "bookingid": 8081
    },
    {
        "bookingid": 14312
    },
    {
        "bookingid": 2813
    },
    {
        "bookingid": 3605
    },
    {
        "bookingid": 6628
    },
    {
        "bookingid": 6172
    },
    {
        "bookingid": 2992
    },
    {
        "bookingid": 4383
    },
    {
        "bookingid": 13018
    },
    {
        "bookingid": 8443
    },
    {
        "bookingid": 3686
    },
    {
        "bookingid": 12327
    },
    {
        "bookingid": 546
    },
    {
        "bookingid": 5227
    },
    {
        "bookingid": 8382
    },
    {
        "bookingid": 12524
    },
    {
        "bookingid": 1656
    },
    {
        "bookingid": 1318
    },
    {
        "bookingid": 6957
    },
    {
        "bookingid": 9247
    },
    {
        "bookingid": 6717
    },
    {
        "bookingid": 8462
    },
    {
        "bookingid": 2200
    },
    {
        "bookingid": 5011
    },
    {
        "bookingid": 3109
    },
    {
        "bookingid": 2570
    },
    {
        "bookingid": 3905
    },
    {
        "bookingid": 12181
    },
    {
        "bookingid": 9835
    },
    {
        "bookingid": 8801
    },
    {
        "bookingid": 10215
    },
    {
        "bookingid": 12434
    },
    {
        "bookingid": 2003
    },
    {
        "bookingid": 3146
    },
    {
        "bookingid": 7432
    },
    {
        "bookingid": 13887
    },
    {
        "bookingid": 6751
    },
    {
        "bookingid": 1445
    },
    {
        "bookingid": 1228
    },
    {
        "bookingid": 13595
    },
    {
        "bookingid": 6612
    },
    {
        "bookingid": 11440
    },
    {
        "bookingid": 7588
    },
    {
        "bookingid": 3317
    },
    {
        "bookingid": 13183
    },
    {
        "bookingid": 11786
    },
    {
        "bookingid": 12111
    },
    {
        "bookingid": 1340
    },
    {
        "bookingid": 10741
    },
    {
        "bookingid": 6164
    },
    {
        "bookingid": 4357
    },
    {
        "bookingid": 2084
    },
    {
        "bookingid": 2373
    },
    {
        "bookingid": 2459
    },
    {
        "bookingid": 4245
    },
    {
        "bookingid": 9208
    },
    {
        "bookingid": 11511
    },
    {
        "bookingid": 6299
    },
    {
        "bookingid": 4354
    },
    {
        "bookingid": 3011
    },
    {
        "bookingid": 5314
    },
    {
        "bookingid": 2634
    },
    {
        "bookingid": 2023
    },
    {
        "bookingid": 12960
    },
    {
        "bookingid": 5589
    },
    {
        "bookingid": 13919
    },
    {
        "bookingid": 1458
    },
    {
        "bookingid": 13131
    },
    {
        "bookingid": 6615
    },
    {
        "bookingid": 610
    },
    {
        "bookingid": 2357
    },
    {
        "bookingid": 2313
    },
    {
        "bookingid": 1125
    },
    {
        "bookingid": 9416
    },
    {
        "bookingid": 12883
    },
    {
        "bookingid": 12878
    },
    {
        "bookingid": 7179
    },
    {
        "bookingid": 1571
    },
    {
        "bookingid": 8912
    },
    {
        "bookingid": 5426
    },
    {
        "bookingid": 13885
    },
    {
        "bookingid": 7766
    },
    {
        "bookingid": 9123
    },
    {
        "bookingid": 1937
    },
    {
        "bookingid": 8709
    },
    {
        "bookingid": 1100
    },
    {
        "bookingid": 4949
    },
    {
        "bookingid": 3993
    },
    {
        "bookingid": 11338
    },
    {
        "bookingid": 8965
    },
    {
        "bookingid": 13383
    },
    {
        "bookingid": 4159
    },
    {
        "bookingid": 10172
    },
    {
        "bookingid": 13691
    },
    {
        "bookingid": 8285
    },
    {
        "bookingid": 5527
    },
    {
        "bookingid": 88
    },
    {
        "bookingid": 3481
    },
    {
        "bookingid": 5172
    },
    {
        "bookingid": 3973
    },
    {
        "bookingid": 3274
    },
    {
        "bookingid": 10873
    },
    {
        "bookingid": 10382
    },
    {
        "bookingid": 1418
    },
    {
        "bookingid": 2009
    },
    {
        "bookingid": 71
    },
    {
        "bookingid": 13992
    },
    {
        "bookingid": 7244
    },
    {
        "bookingid": 7591
    },
    {
        "bookingid": 618
    },
    {
        "bookingid": 5790
    },
    {
        "bookingid": 2778
    },
    {
        "bookingid": 1047
    },
    {
        "bookingid": 14149
    },
    {
        "bookingid": 5889
    },
    {
        "bookingid": 11908
    },
    {
        "bookingid": 2194
    },
    {
        "bookingid": 10898
    },
    {
        "bookingid": 1393
    },
    {
        "bookingid": 2862
    },
    {
        "bookingid": 2039
    },
    {
        "bookingid": 1401
    },
    {
        "bookingid": 11311
    },
    {
        "bookingid": 13283
    },
    {
        "bookingid": 1544
    },
    {
        "bookingid": 238
    },
    {
        "bookingid": 5676
    },
    {
        "bookingid": 13255
    },
    {
        "bookingid": 3538
    },
    {
        "bookingid": 12956
    },
    {
        "bookingid": 5942
    },
    {
        "bookingid": 12059
    },
    {
        "bookingid": 14221
    },
    {
        "bookingid": 7870
    },
    {
        "bookingid": 5825
    },
    {
        "bookingid": 6454
    },
    {
        "bookingid": 8802
    },
    {
        "bookingid": 9857
    },
    {
        "bookingid": 11295
    },
    {
        "bookingid": 10947
    },
    {
        "bookingid": 14422
    },
    {
        "bookingid": 7001
    },
    {
        "bookingid": 10033
    },
    {
        "bookingid": 11912
    },
    {
        "bookingid": 12888
    },
    {
        "bookingid": 11136
    },
    {
        "bookingid": 7022
    },
    {
        "bookingid": 11863
    },
    {
        "bookingid": 797
    },
    {
        "bookingid": 5725
    },
    {
        "bookingid": 9504
    },
    {
        "bookingid": 10263
    },
    {
        "bookingid": 8317
    },
    {
        "bookingid": 13876
    },
    {
        "bookingid": 7758
    },
    {
        "bookingid": 7254
    },
    {
        "bookingid": 919
    },
    {
        "bookingid": 3889
    },
    {
        "bookingid": 13470
    },
    {
        "bookingid": 9814
    },
    {
        "bookingid": 9490
    },
    {
        "bookingid": 8803
    },
    {
        "bookingid": 5996
    },
    {
        "bookingid": 3246
    },
    {
        "bookingid": 1112
    },
    {
        "bookingid": 1823
    },
    {
        "bookingid": 6045
    },
    {
        "bookingid": 5352
    },
    {
        "bookingid": 8576
    },
    {
        "bookingid": 9060
    },
    {
        "bookingid": 7424
    },
    {
        "bookingid": 12476
    },
    {
        "bookingid": 14871
    },
    {
        "bookingid": 10693
    },
    {
        "bookingid": 3271
    },
    {
        "bookingid": 13982
    },
    {
        "bookingid": 381
    },
    {
        "bookingid": 3037
    },
    {
        "bookingid": 7232
    },
    {
        "bookingid": 13023
    },
    {
        "bookingid": 5959
    },
    {
        "bookingid": 11042
    },
    {
        "bookingid": 1257
    },
    {
        "bookingid": 2225
    },
    {
        "bookingid": 3173
    },
    {
        "bookingid": 884
    },
    {
        "bookingid": 13332
    },
    {
        "bookingid": 14139
    },
    {
        "bookingid": 10219
    },
    {
        "bookingid": 12578
    },
    {
        "bookingid": 8180
    },
    {
        "bookingid": 8854
    },
    {
        "bookingid": 10500
    },
    {
        "bookingid": 12220
    },
    {
        "bookingid": 2323
    },
    {
        "bookingid": 5685
    },
    {
        "bookingid": 2028
    },
    {
        "bookingid": 10303
    },
    {
        "bookingid": 10415
    },
    {
        "bookingid": 12923
    },
    {
        "bookingid": 14032
    },
    {
        "bookingid": 4278
    },
    {
        "bookingid": 11401
    },
    {
        "bookingid": 1475
    },
    {
        "bookingid": 13244
    },
    {
        "bookingid": 2720
    },
    {
        "bookingid": 7862
    },
    {
        "bookingid": 8832
    },
    {
        "bookingid": 625
    },
    {
        "bookingid": 14846
    },
    {
        "bookingid": 2157
    },
    {
        "bookingid": 3664
    },
    {
        "bookingid": 6839
    },
    {
        "bookingid": 9142
    },
    {
        "bookingid": 6968
    },
    {
        "bookingid": 3388
    },
    {
        "bookingid": 7062
    },
    {
        "bookingid": 2129
    },
    {
        "bookingid": 4015
    },
    {
        "bookingid": 10986
    },
    {
        "bookingid": 818
    },
    {
        "bookingid": 10103
    },
    {
        "bookingid": 8550
    },
    {
        "bookingid": 3254
    },
    {
        "bookingid": 10598
    },
    {
        "bookingid": 7983
    },
    {
        "bookingid": 187
    },
    {
        "bookingid": 961
    },
    {
        "bookingid": 14090
    },
    {
        "bookingid": 3416
    },
    {
        "bookingid": 3900
    },
    {
        "bookingid": 6671
    },
    {
        "bookingid": 4721
    },
    {
        "bookingid": 14173
    },
    {
        "bookingid": 12829
    },
    {
        "bookingid": 2827
    },
    {
        "bookingid": 14763
    },
    {
        "bookingid": 424
    },
    {
        "bookingid": 12015
    },
    {
        "bookingid": 7035
    },
    {
        "bookingid": 13568
    },
    {
        "bookingid": 8756
    },
    {
        "bookingid": 2074
    },
    {
        "bookingid": 13349
    },
    {
        "bookingid": 5305
    },
    {
        "bookingid": 14820
    },
    {
        "bookingid": 7553
    },
    {
        "bookingid": 9760
    },
    {
        "bookingid": 10984
    },
    {
        "bookingid": 12652
    },
    {
        "bookingid": 8279
    },
    {
        "bookingid": 14071
    },
    {
        "bookingid": 2145
    },
    {
        "bookingid": 9046
    },
    {
        "bookingid": 2467
    },
    {
        "bookingid": 9475
    },
    {
        "bookingid": 10235
    },
    {
        "bookingid": 11758
    },
    {
        "bookingid": 7682
    },
    {
        "bookingid": 9061
    },
    {
        "bookingid": 6339
    },
    {
        "bookingid": 8861
    },
    {
        "bookingid": 5086
    },
    {
        "bookingid": 10735
    },
    {
        "bookingid": 10827
    },
    {
        "bookingid": 9597
    },
    {
        "bookingid": 9942
    },
    {
        "bookingid": 13740
    },
    {
        "bookingid": 3673
    },
    {
        "bookingid": 4520
    },
    {
        "bookingid": 13572
    },
    {
        "bookingid": 11479
    },
    {
        "bookingid": 5423
    },
    {
        "bookingid": 14796
    },
    {
        "bookingid": 10032
    },
    {
        "bookingid": 13809
    },
    {
        "bookingid": 2802
    },
    {
        "bookingid": 6325
    },
    {
        "bookingid": 4617
    },
    {
        "bookingid": 7017
    },
    {
        "bookingid": 14266
    },
    {
        "bookingid": 14172
    },
    {
        "bookingid": 9963
    },
    {
        "bookingid": 7110
    },
    {
        "bookingid": 943
    },
    {
        "bookingid": 5153
    },
    {
        "bookingid": 5886
    },
    {
        "bookingid": 3059
    },
    {
        "bookingid": 14378
    },
    {
        "bookingid": 12976
    },
    {
        "bookingid": 6145
    },
    {
        "bookingid": 5638
    },
    {
        "bookingid": 3489
    },
    {
        "bookingid": 5301
    },
    {
        "bookingid": 48
    },
    {
        "bookingid": 1752
    },
    {
        "bookingid": 10988
    },
    {
        "bookingid": 8211
    },
    {
        "bookingid": 7889
    },
    {
        "bookingid": 10992
    },
    {
        "bookingid": 13736
    },
    {
        "bookingid": 2844
    },
    {
        "bookingid": 1555
    },
    {
        "bookingid": 3877
    },
    {
        "bookingid": 12388
    },
    {
        "bookingid": 10854
    },
    {
        "bookingid": 11105
    },
    {
        "bookingid": 7207
    },
    {
        "bookingid": 5460
    },
    {
        "bookingid": 6611
    },
    {
        "bookingid": 11797
    },
    {
        "bookingid": 9115
    },
    {
        "bookingid": 7893
    },
    {
        "bookingid": 1860
    },
    {
        "bookingid": 1448
    },
    {
        "bookingid": 9344
    },
    {
        "bookingid": 7298
    },
    {
        "bookingid": 11991
    },
    {
        "bookingid": 12049
    },
    {
        "bookingid": 11886
    },
    {
        "bookingid": 11261
    },
    {
        "bookingid": 870
    },
    {
        "bookingid": 12539
    },
    {
        "bookingid": 11005
    },
    {
        "bookingid": 13158
    },
    {
        "bookingid": 3967
    },
    {
        "bookingid": 9749
    },
    {
        "bookingid": 12783
    },
    {
        "bookingid": 14002
    },
    {
        "bookingid": 5021
    },
    {
        "bookingid": 1992
    },
    {
        "bookingid": 2388
    },
    {
        "bookingid": 2111
    },
    {
        "bookingid": 510
    },
    {
        "bookingid": 4459
    },
    {
        "bookingid": 5237
    },
    {
        "bookingid": 5588
    },
    {
        "bookingid": 9185
    },
    {
        "bookingid": 11731
    },
    {
        "bookingid": 12555
    },
    {
        "bookingid": 12851
    },
    {
        "bookingid": 9446
    },
    {
        "bookingid": 7208
    },
    {
        "bookingid": 4267
    },
    {
        "bookingid": 8378
    },
    {
        "bookingid": 2228
    },
    {
        "bookingid": 4050
    },
    {
        "bookingid": 5104
    },
    {
        "bookingid": 12305
    },
    {
        "bookingid": 13076
    },
    {
        "bookingid": 3083
    },
    {
        "bookingid": 6927
    },
    {
        "bookingid": 13764
    },
    {
        "bookingid": 605
    },
    {
        "bookingid": 14477
    },
    {
        "bookingid": 12943
    },
    {
        "bookingid": 8398
    },
    {
        "bookingid": 7009
    },
    {
        "bookingid": 10311
    },
    {
        "bookingid": 11469
    },
    {
        "bookingid": 636
    },
    {
        "bookingid": 2619
    },
    {
        "bookingid": 12506
    },
    {
        "bookingid": 9129
    },
    {
        "bookingid": 8234
    },
    {
        "bookingid": 1979
    },
    {
        "bookingid": 9663
    },
    {
        "bookingid": 11547
    },
    {
        "bookingid": 7873
    },
    {
        "bookingid": 1224
    },
    {
        "bookingid": 3301
    },
    {
        "bookingid": 6335
    },
    {
        "bookingid": 11284
    },
    {
        "bookingid": 3066
    },
    {
        "bookingid": 7037
    },
    {
        "bookingid": 1137
    },
    {
        "bookingid": 1549
    },
    {
        "bookingid": 10184
    },
    {
        "bookingid": 2568
    },
    {
        "bookingid": 12416
    },
    {
        "bookingid": 5405
    },
    {
        "bookingid": 396
    },
    {
        "bookingid": 6116
    },
    {
        "bookingid": 8306
    },
    {
        "bookingid": 9037
    },
    {
        "bookingid": 11197
    },
    {
        "bookingid": 14783
    },
    {
        "bookingid": 5903
    },
    {
        "bookingid": 1000
    },
    {
        "bookingid": 9761
    },
    {
        "bookingid": 11389
    },
    {
        "bookingid": 5961
    },
    {
        "bookingid": 8151
    },
    {
        "bookingid": 2847
    },
    {
        "bookingid": 4957
    },
    {
        "bookingid": 12906
    },
    {
        "bookingid": 12609
    },
    {
        "bookingid": 11125
    },
    {
        "bookingid": 5350
    },
    {
        "bookingid": 12932
    },
    {
        "bookingid": 4859
    },
    {
        "bookingid": 12580
    },
    {
        "bookingid": 6845
    },
    {
        "bookingid": 9589
    },
    {
        "bookingid": 4578
    },
    {
        "bookingid": 2396
    },
    {
        "bookingid": 5252
    },
    {
        "bookingid": 11867
    },
    {
        "bookingid": 9368
    },
    {
        "bookingid": 9850
    },
    {
        "bookingid": 11784
    },
    {
        "bookingid": 3291
    },
    {
        "bookingid": 6389
    },
    {
        "bookingid": 12648
    },
    {
        "bookingid": 8131
    },
    {
        "bookingid": 9003
    },
    {
        "bookingid": 12230
    },
    {
        "bookingid": 13398
    },
    {
        "bookingid": 289
    },
    {
        "bookingid": 5386
    },
    {
        "bookingid": 1392
    },
    {
        "bookingid": 4131
    },
    {
        "bookingid": 2783
    },
    {
        "bookingid": 5918
    },
    {
        "bookingid": 10874
    },
    {
        "bookingid": 5681
    },
    {
        "bookingid": 6675
    },
    {
        "bookingid": 13508
    },
    {
        "bookingid": 13465
    },
    {
        "bookingid": 7450
    },
    {
        "bookingid": 8783
    },
    {
        "bookingid": 10292
    },
    {
        "bookingid": 3474
    },
    {
        "bookingid": 6038
    },
    {
        "bookingid": 2822
    },
    {
        "bookingid": 5062
    },
    {
        "bookingid": 3692
    },
    {
        "bookingid": 10819
    },
    {
        "bookingid": 782
    },
    {
        "bookingid": 10374
    },
    {
        "bookingid": 458
    },
    {
        "bookingid": 6834
    },
    {
        "bookingid": 3644
    },
    {
        "bookingid": 14482
    },
    {
        "bookingid": 1964
    },
    {
        "bookingid": 14789
    },
    {
        "bookingid": 8673
    },
    {
        "bookingid": 6521
    },
    {
        "bookingid": 8330
    },
    {
        "bookingid": 11092
    },
    {
        "bookingid": 12222
    },
    {
        "bookingid": 4782
    },
    {
        "bookingid": 4074
    },
    {
        "bookingid": 2587
    },
    {
        "bookingid": 13421
    },
    {
        "bookingid": 10371
    },
    {
        "bookingid": 14434
    },
    {
        "bookingid": 12300
    },
    {
        "bookingid": 3256
    },
    {
        "bookingid": 12004
    },
    {
        "bookingid": 2986
    },
    {
        "bookingid": 7550
    },
    {
        "bookingid": 14419
    },
    {
        "bookingid": 7380
    },
    {
        "bookingid": 12372
    },
    {
        "bookingid": 7613
    },
    {
        "bookingid": 863
    },
    {
        "bookingid": 6523
    },
    {
        "bookingid": 3233
    },
    {
        "bookingid": 446
    },
    {
        "bookingid": 5757
    },
    {
        "bookingid": 3172
    },
    {
        "bookingid": 13796
    },
    {
        "bookingid": 12024
    },
    {
        "bookingid": 6682
    },
    {
        "bookingid": 9234
    },
    {
        "bookingid": 14227
    },
    {
        "bookingid": 9503
    },
    {
        "bookingid": 11411
    },
    {
        "bookingid": 6041
    },
    {
        "bookingid": 4944
    },
    {
        "bookingid": 3685
    },
    {
        "bookingid": 4756
    },
    {
        "bookingid": 8844
    },
    {
        "bookingid": 286
    },
    {
        "bookingid": 2529
    },
    {
        "bookingid": 10512
    },
    {
        "bookingid": 13193
    },
    {
        "bookingid": 4609
    },
    {
        "bookingid": 3347
    },
    {
        "bookingid": 11552
    },
    {
        "bookingid": 9251
    },
    {
        "bookingid": 6479
    },
    {
        "bookingid": 3931
    },
    {
        "bookingid": 5599
    },
    {
        "bookingid": 1134
    },
    {
        "bookingid": 14262
    },
    {
        "bookingid": 3466
    },
    {
        "bookingid": 11424
    },
    {
        "bookingid": 7560
    },
    {
        "bookingid": 10256
    },
    {
        "bookingid": 14734
    },
    {
        "bookingid": 1114
    },
    {
        "bookingid": 5846
    },
    {
        "bookingid": 11959
    },
    {
        "bookingid": 8301
    },
    {
        "bookingid": 10330
    },
    {
        "bookingid": 7946
    },
    {
        "bookingid": 6632
    },
    {
        "bookingid": 2411
    },
    {
        "bookingid": 3857
    },
    {
        "bookingid": 8911
    },
    {
        "bookingid": 10387
    },
    {
        "bookingid": 9261
    },
    {
        "bookingid": 9463
    },
    {
        "bookingid": 11623
    },
    {
        "bookingid": 6109
    },
    {
        "bookingid": 3986
    },
    {
        "bookingid": 1634
    },
    {
        "bookingid": 8588
    },
    {
        "bookingid": 649
    },
    {
        "bookingid": 225
    },
    {
        "bookingid": 3149
    },
    {
        "bookingid": 8688
    },
    {
        "bookingid": 1381
    },
    {
        "bookingid": 8328
    },
    {
        "bookingid": 5560
    },
    {
        "bookingid": 55
    },
    {
        "bookingid": 12289
    },
    {
        "bookingid": 13543
    },
    {
        "bookingid": 13765
    },
    {
        "bookingid": 3014
    },
    {
        "bookingid": 9943
    },
    {
        "bookingid": 3949
    },
    {
        "bookingid": 687
    },
    {
        "bookingid": 2
    },
    {
        "bookingid": 1164
    },
    {
        "bookingid": 9626
    },
    {
        "bookingid": 11898
    },
    {
        "bookingid": 6085
    },
    {
        "bookingid": 999
    },
    {
        "bookingid": 6525
    },
    {
        "bookingid": 13397
    },
    {
        "bookingid": 8481
    },
    {
        "bookingid": 14255
    },
    {
        "bookingid": 5201
    },
    {
        "bookingid": 13670
    },
    {
        "bookingid": 2148
    },
    {
        "bookingid": 12269
    },
    {
        "bookingid": 3569
    },
    {
        "bookingid": 8451
    },
    {
        "bookingid": 104
    },
    {
        "bookingid": 11564
    },
    {
        "bookingid": 9697
    },
    {
        "bookingid": 925
    },
    {
        "bookingid": 10317
    },
    {
        "bookingid": 9374
    },
    {
        "bookingid": 10494
    },
    {
        "bookingid": 3589
    },
    {
        "bookingid": 3050
    },
    {
        "bookingid": 1308
    },
    {
        "bookingid": 9423
    },
    {
        "bookingid": 9485
    },
    {
        "bookingid": 7326
    },
    {
        "bookingid": 9610
    },
    {
        "bookingid": 7742
    },
    {
        "bookingid": 8337
    },
    {
        "bookingid": 4261
    },
    {
        "bookingid": 7636
    },
    {
        "bookingid": 13240
    },
    {
        "bookingid": 2950
    },
    {
        "bookingid": 6466
    },
    {
        "bookingid": 13299
    },
    {
        "bookingid": 12448
    },
    {
        "bookingid": 13323
    },
    {
        "bookingid": 291
    },
    {
        "bookingid": 7908
    },
    {
        "bookingid": 13199
    },
    {
        "bookingid": 7225
    },
    {
        "bookingid": 4000
    },
    {
        "bookingid": 5273
    },
    {
        "bookingid": 12262
    },
    {
        "bookingid": 526
    },
    {
        "bookingid": 2646
    },
    {
        "bookingid": 1239
    },
    {
        "bookingid": 3795
    },
    {
        "bookingid": 6472
    },
    {
        "bookingid": 12821
    },
    {
        "bookingid": 2605
    },
    {
        "bookingid": 10450
    },
    {
        "bookingid": 3842
    },
    {
        "bookingid": 4573
    },
    {
        "bookingid": 13565
    },
    {
        "bookingid": 3583
    },
    {
        "bookingid": 11480
    },
    {
        "bookingid": 10466
    },
    {
        "bookingid": 12817
    },
    {
        "bookingid": 2233
    },
    {
        "bookingid": 1452
    },
    {
        "bookingid": 12006
    },
    {
        "bookingid": 2984
    },
    {
        "bookingid": 4203
    },
    {
        "bookingid": 1095
    },
    {
        "bookingid": 51
    },
    {
        "bookingid": 11053
    },
    {
        "bookingid": 12740
    },
    {
        "bookingid": 13210
    },
    {
        "bookingid": 8972
    },
    {
        "bookingid": 3238
    },
    {
        "bookingid": 1101
    },
    {
        "bookingid": 2906
    },
    {
        "bookingid": 14867
    },
    {
        "bookingid": 7744
    },
    {
        "bookingid": 3756
    },
    {
        "bookingid": 1612
    },
    {
        "bookingid": 3479
    },
    {
        "bookingid": 1171
    },
    {
        "bookingid": 9329
    },
    {
        "bookingid": 4190
    },
    {
        "bookingid": 12241
    },
    {
        "bookingid": 5293
    },
    {
        "bookingid": 9737
    },
    {
        "bookingid": 13052
    },
    {
        "bookingid": 4950
    },
    {
        "bookingid": 5453
    },
    {
        "bookingid": 12293
    },
    {
        "bookingid": 6341
    },
    {
        "bookingid": 9494
    },
    {
        "bookingid": 1476
    },
    {
        "bookingid": 12240
    },
    {
        "bookingid": 12743
    },
    {
        "bookingid": 10835
    },
    {
        "bookingid": 11196
    },
    {
        "bookingid": 7584
    },
    {
        "bookingid": 10559
    },
    {
        "bookingid": 14724
    },
    {
        "bookingid": 2369
    },
    {
        "bookingid": 3487
    },
    {
        "bookingid": 8469
    },
    {
        "bookingid": 8226
    },
    {
        "bookingid": 4540
    },
    {
        "bookingid": 9793
    },
    {
        "bookingid": 3290
    },
    {
        "bookingid": 11000
    },
    {
        "bookingid": 13016
    },
    {
        "bookingid": 8812
    },
    {
        "bookingid": 12698
    },
    {
        "bookingid": 5472
    },
    {
        "bookingid": 7805
    },
    {
        "bookingid": 12127
    },
    {
        "bookingid": 7762
    },
    {
        "bookingid": 5674
    },
    {
        "bookingid": 13807
    },
    {
        "bookingid": 2395
    },
    {
        "bookingid": 2938
    },
    {
        "bookingid": 12048
    },
    {
        "bookingid": 1583
    },
    {
        "bookingid": 8581
    },
    {
        "bookingid": 5859
    },
    {
        "bookingid": 14747
    },
    {
        "bookingid": 8018
    },
    {
        "bookingid": 3300
    },
    {
        "bookingid": 4728
    },
    {
        "bookingid": 8589
    },
    {
        "bookingid": 10870
    },
    {
        "bookingid": 1733
    },
    {
        "bookingid": 9775
    },
    {
        "bookingid": 3633
    },
    {
        "bookingid": 3526
    },
    {
        "bookingid": 5370
    },
    {
        "bookingid": 10931
    },
    {
        "bookingid": 11248
    },
    {
        "bookingid": 1560
    },
    {
        "bookingid": 9
    },
    {
        "bookingid": 1205
    },
    {
        "bookingid": 3921
    },
    {
        "bookingid": 13165
    },
    {
        "bookingid": 4492
    },
    {
        "bookingid": 5555
    },
    {
        "bookingid": 2095
    },
    {
        "bookingid": 6649
    },
    {
        "bookingid": 963
    },
    {
        "bookingid": 3859
    },
    {
        "bookingid": 12944
    },
    {
        "bookingid": 2900
    },
    {
        "bookingid": 8599
    },
    {
        "bookingid": 8097
    },
    {
        "bookingid": 7161
    },
    {
        "bookingid": 224
    },
    {
        "bookingid": 7221
    },
    {
        "bookingid": 13634
    },
    {
        "bookingid": 3160
    },
    {
        "bookingid": 10476
    },
    {
        "bookingid": 794
    },
    {
        "bookingid": 7151
    },
    {
        "bookingid": 7512
    },
    {
        "bookingid": 14662
    },
    {
        "bookingid": 10700
    },
    {
        "bookingid": 983
    },
    {
        "bookingid": 4389
    },
    {
        "bookingid": 2779
    },
    {
        "bookingid": 1464
    },
    {
        "bookingid": 8135
    },
    {
        "bookingid": 6593
    },
    {
        "bookingid": 5165
    },
    {
        "bookingid": 5923
    },
    {
        "bookingid": 2565
    },
    {
        "bookingid": 4219
    },
    {
        "bookingid": 7101
    },
    {
        "bookingid": 14024
    },
    {
        "bookingid": 2268
    },
    {
        "bookingid": 10995
    },
    {
        "bookingid": 8082
    },
    {
        "bookingid": 11615
    },
    {
        "bookingid": 6979
    },
    {
        "bookingid": 5055
    },
    {
        "bookingid": 7610
    },
    {
        "bookingid": 9264
    },
    {
        "bookingid": 2183
    },
    {
        "bookingid": 8168
    },
    {
        "bookingid": 1097
    },
    {
        "bookingid": 4176
    },
    {
        "bookingid": 62
    },
    {
        "bookingid": 2796
    },
    {
        "bookingid": 14257
    },
    {
        "bookingid": 3776
    },
    {
        "bookingid": 166
    },
    {
        "bookingid": 1977
    },
    {
        "bookingid": 14122
    },
    {
        "bookingid": 4355
    },
    {
        "bookingid": 9529
    },
    {
        "bookingid": 13479
    },
    {
        "bookingid": 10129
    },
    {
        "bookingid": 2463
    },
    {
        "bookingid": 2094
    },
    {
        "bookingid": 9860
    },
    {
        "bookingid": 5892
    },
    {
        "bookingid": 14430
    },
    {
        "bookingid": 2898
    },
    {
        "bookingid": 11304
    },
    {
        "bookingid": 7652
    },
    {
        "bookingid": 5450
    },
    {
        "bookingid": 3862
    },
    {
        "bookingid": 12549
    },
    {
        "bookingid": 5739
    },
    {
        "bookingid": 9026
    },
    {
        "bookingid": 6031
    },
    {
        "bookingid": 10210
    },
    {
        "bookingid": 14137
    },
    {
        "bookingid": 10941
    },
    {
        "bookingid": 4276
    },
    {
        "bookingid": 6282
    },
    {
        "bookingid": 12600
    },
    {
        "bookingid": 7679
    },
    {
        "bookingid": 8414
    },
    {
        "bookingid": 901
    },
    {
        "bookingid": 2866
    },
    {
        "bookingid": 1338
    },
    {
        "bookingid": 5650
    },
    {
        "bookingid": 4840
    },
    {
        "bookingid": 8319
    },
    {
        "bookingid": 2296
    },
    {
        "bookingid": 11081
    },
    {
        "bookingid": 9157
    },
    {
        "bookingid": 1204
    },
    {
        "bookingid": 4095
    },
    {
        "bookingid": 9370
    },
    {
        "bookingid": 7828
    },
    {
        "bookingid": 12631
    },
    {
        "bookingid": 12697
    },
    {
        "bookingid": 12870
    },
    {
        "bookingid": 8793
    },
    {
        "bookingid": 8922
    },
    {
        "bookingid": 6163
    },
    {
        "bookingid": 4595
    },
    {
        "bookingid": 11562
    },
    {
        "bookingid": 1031
    },
    {
        "bookingid": 11290
    },
    {
        "bookingid": 1161
    },
    {
        "bookingid": 7109
    },
    {
        "bookingid": 5065
    },
    {
        "bookingid": 14755
    },
    {
        "bookingid": 10316
    },
    {
        "bookingid": 2885
    },
    {
        "bookingid": 1498
    },
    {
        "bookingid": 8087
    },
    {
        "bookingid": 5385
    },
    {
        "bookingid": 12154
    },
    {
        "bookingid": 9585
    },
    {
        "bookingid": 11719
    },
    {
        "bookingid": 14259
    },
    {
        "bookingid": 13176
    },
    {
        "bookingid": 1963
    },
    {
        "bookingid": 12816
    },
    {
        "bookingid": 12113
    },
    {
        "bookingid": 9532
    },
    {
        "bookingid": 5244
    },
    {
        "bookingid": 2173
    },
    {
        "bookingid": 1627
    },
    {
        "bookingid": 9887
    },
    {
        "bookingid": 7442
    },
    {
        "bookingid": 8492
    },
    {
        "bookingid": 3748
    },
    {
        "bookingid": 9065
    },
    {
        "bookingid": 13623
    },
    {
        "bookingid": 2958
    },
    {
        "bookingid": 7568
    },
    {
        "bookingid": 1565
    },
    {
        "bookingid": 7342
    },
    {
        "bookingid": 14573
    },
    {
        "bookingid": 5822
    },
    {
        "bookingid": 9966
    },
    {
        "bookingid": 5116
    },
    {
        "bookingid": 3259
    },
    {
        "bookingid": 8932
    },
    {
        "bookingid": 1180
    },
    {
        "bookingid": 9928
    },
    {
        "bookingid": 11679
    },
    {
        "bookingid": 12800
    },
    {
        "bookingid": 11441
    },
    {
        "bookingid": 4036
    },
    {
        "bookingid": 12428
    },
    {
        "bookingid": 6532
    },
    {
        "bookingid": 11992
    },
    {
        "bookingid": 10869
    },
    {
        "bookingid": 14167
    },
    {
        "bookingid": 13534
    },
    {
        "bookingid": 11743
    },
    {
        "bookingid": 2484
    },
    {
        "bookingid": 8841
    },
    {
        "bookingid": 3543
    },
    {
        "bookingid": 5182
    },
    {
        "bookingid": 5193
    },
    {
        "bookingid": 7476
    },
    {
        "bookingid": 8120
    },
    {
        "bookingid": 271
    },
    {
        "bookingid": 11563
    },
    {
        "bookingid": 12287
    },
    {
        "bookingid": 7387
    },
    {
        "bookingid": 44
    },
    {
        "bookingid": 6997
    },
    {
        "bookingid": 4683
    },
    {
        "bookingid": 6852
    },
    {
        "bookingid": 3255
    },
    {
        "bookingid": 906
    },
    {
        "bookingid": 1462
    },
    {
        "bookingid": 1718
    },
    {
        "bookingid": 4038
    },
    {
        "bookingid": 6228
    },
    {
        "bookingid": 12733
    },
    {
        "bookingid": 8088
    },
    {
        "bookingid": 2120
    },
    {
        "bookingid": 3632
    },
    {
        "bookingid": 14801
    },
    {
        "bookingid": 5742
    },
    {
        "bookingid": 7175
    },
    {
        "bookingid": 1303
    },
    {
        "bookingid": 6668
    },
    {
        "bookingid": 3310
    },
    {
        "bookingid": 10390
    },
    {
        "bookingid": 14671
    },
    {
        "bookingid": 628
    },
    {
        "bookingid": 697
    },
    {
        "bookingid": 14017
    },
    {
        "bookingid": 2007
    },
    {
        "bookingid": 12461
    },
    {
        "bookingid": 1935
    },
    {
        "bookingid": 627
    },
    {
        "bookingid": 3937
    },
    {
        "bookingid": 2181
    },
    {
        "bookingid": 5988
    },
    {
        "bookingid": 9482
    },
    {
        "bookingid": 4431
    },
    {
        "bookingid": 2269
    },
    {
        "bookingid": 7186
    },
    {
        "bookingid": 14254
    },
    {
        "bookingid": 4800
    },
    {
        "bookingid": 14465
    },
    {
        "bookingid": 4737
    },
    {
        "bookingid": 867
    },
    {
        "bookingid": 4335
    },
    {
        "bookingid": 1941
    },
    {
        "bookingid": 2764
    },
    {
        "bookingid": 2072
    },
    {
        "bookingid": 9586
    },
    {
        "bookingid": 6566
    },
    {
        "bookingid": 6976
    },
    {
        "bookingid": 7630
    },
    {
        "bookingid": 12533
    },
    {
        "bookingid": 1270
    },
    {
        "bookingid": 2264
    },
    {
        "bookingid": 1833
    },
    {
        "bookingid": 7178
    },
    {
        "bookingid": 11326
    },
    {
        "bookingid": 12084
    },
    {
        "bookingid": 9038
    },
    {
        "bookingid": 2245
    },
    {
        "bookingid": 11596
    },
    {
        "bookingid": 6201
    },
    {
        "bookingid": 2662
    },
    {
        "bookingid": 4710
    },
    {
        "bookingid": 14141
    },
    {
        "bookingid": 14824
    },
    {
        "bookingid": 6447
    },
    {
        "bookingid": 14822
    },
    {
        "bookingid": 4067
    },
    {
        "bookingid": 11410
    },
    {
        "bookingid": 13189
    },
    {
        "bookingid": 7926
    },
    {
        "bookingid": 4001
    },
    {
        "bookingid": 5680
    },
    {
        "bookingid": 7455
    },
    {
        "bookingid": 4749
    },
    {
        "bookingid": 11224
    },
    {
        "bookingid": 6822
    },
    {
        "bookingid": 9916
    },
    {
        "bookingid": 2064
    },
    {
        "bookingid": 14304
    },
    {
        "bookingid": 2753
    },
    {
        "bookingid": 13232
    },
    {
        "bookingid": 12453
    },
    {
        "bookingid": 11175
    },
    {
        "bookingid": 3306
    },
    {
        "bookingid": 9799
    },
    {
        "bookingid": 6105
    },
    {
        "bookingid": 14317
    },
    {
        "bookingid": 8006
    },
    {
        "bookingid": 12266
    },
    {
        "bookingid": 2523
    },
    {
        "bookingid": 11244
    },
    {
        "bookingid": 7422
    },
    {
        "bookingid": 6326
    },
    {
        "bookingid": 12358
    },
    {
        "bookingid": 6091
    },
    {
        "bookingid": 7737
    },
    {
        "bookingid": 3879
    },
    {
        "bookingid": 7881
    },
    {
        "bookingid": 13204
    },
    {
        "bookingid": 12212
    },
    {
        "bookingid": 6068
    },
    {
        "bookingid": 6919
    },
    {
        "bookingid": 5500
    },
    {
        "bookingid": 12369
    },
    {
        "bookingid": 2079
    },
    {
        "bookingid": 14056
    },
    {
        "bookingid": 3212
    },
    {
        "bookingid": 1005
    },
    {
        "bookingid": 781
    },
    {
        "bookingid": 13755
    },
    {
        "bookingid": 2277
    },
    {
        "bookingid": 3822
    },
    {
        "bookingid": 2632
    },
    {
        "bookingid": 6560
    },
    {
        "bookingid": 8118
    },
    {
        "bookingid": 7962
    },
    {
        "bookingid": 2552
    },
    {
        "bookingid": 2575
    },
    {
        "bookingid": 9902
    },
    {
        "bookingid": 9646
    },
    {
        "bookingid": 14803
    },
    {
        "bookingid": 9314
    },
    {
        "bookingid": 7289
    },
    {
        "bookingid": 2573
    },
    {
        "bookingid": 8942
    },
    {
        "bookingid": 3245
    },
    {
        "bookingid": 14055
    },
    {
        "bookingid": 3121
    },
    {
        "bookingid": 12067
    },
    {
        "bookingid": 9407
    },
    {
        "bookingid": 10024
    },
    {
        "bookingid": 3785
    },
    {
        "bookingid": 9682
    },
    {
        "bookingid": 3006
    },
    {
        "bookingid": 8700
    },
    {
        "bookingid": 98
    },
    {
        "bookingid": 10645
    },
    {
        "bookingid": 10329
    },
    {
        "bookingid": 1725
    },
    {
        "bookingid": 13932
    },
    {
        "bookingid": 8206
    },
    {
        "bookingid": 1678
    },
    {
        "bookingid": 3636
    },
    {
        "bookingid": 10862
    },
    {
        "bookingid": 3389
    },
    {
        "bookingid": 8746
    },
    {
        "bookingid": 6718
    },
    {
        "bookingid": 1676
    },
    {
        "bookingid": 5960
    },
    {
        "bookingid": 9249
    },
    {
        "bookingid": 11757
    },
    {
        "bookingid": 12215
    },
    {
        "bookingid": 13660
    },
    {
        "bookingid": 5297
    },
    {
        "bookingid": 10535
    },
    {
        "bookingid": 4374
    },
    {
        "bookingid": 13449
    },
    {
        "bookingid": 13929
    },
    {
        "bookingid": 7008
    },
    {
        "bookingid": 8674
    },
    {
        "bookingid": 7776
    },
    {
        "bookingid": 6022
    },
    {
        "bookingid": 2798
    },
    {
        "bookingid": 9095
    },
    {
        "bookingid": 4249
    },
    {
        "bookingid": 8778
    },
    {
        "bookingid": 864
    },
    {
        "bookingid": 11063
    },
    {
        "bookingid": 11852
    },
    {
        "bookingid": 2912
    },
    {
        "bookingid": 4526
    },
    {
        "bookingid": 13840
    },
    {
        "bookingid": 13601
    },
    {
        "bookingid": 7399
    },
    {
        "bookingid": 2255
    },
    {
        "bookingid": 12597
    },
    {
        "bookingid": 7290
    },
    {
        "bookingid": 10280
    },
    {
        "bookingid": 12801
    },
    {
        "bookingid": 12653
    },
    {
        "bookingid": 7281
    },
    {
        "bookingid": 1888
    },
    {
        "bookingid": 5333
    },
    {
        "bookingid": 5101
    },
    {
        "bookingid": 11384
    },
    {
        "bookingid": 1702
    },
    {
        "bookingid": 78
    },
    {
        "bookingid": 10118
    },
    {
        "bookingid": 2872
    },
    {
        "bookingid": 2737
    },
    {
        "bookingid": 3448
    },
    {
        "bookingid": 11409
    },
    {
        "bookingid": 4797
    },
    {
        "bookingid": 14644
    },
    {
        "bookingid": 2920
    },
    {
        "bookingid": 6217
    },
    {
        "bookingid": 4923
    },
    {
        "bookingid": 4810
    },
    {
        "bookingid": 1671
    },
    {
        "bookingid": 7582
    },
    {
        "bookingid": 3501
    },
    {
        "bookingid": 4648
    },
    {
        "bookingid": 892
    },
    {
        "bookingid": 8890
    },
    {
        "bookingid": 3818
    },
    {
        "bookingid": 12116
    },
    {
        "bookingid": 5613
    },
    {
        "bookingid": 11277
    },
    {
        "bookingid": 1121
    },
    {
        "bookingid": 1253
    },
    {
        "bookingid": 12919
    },
    {
        "bookingid": 5152
    },
    {
        "bookingid": 489
    },
    {
        "bookingid": 11555
    },
    {
        "bookingid": 5220
    },
    {
        "bookingid": 12760
    },
    {
        "bookingid": 9449
    },
    {
        "bookingid": 13510
    },
    {
        "bookingid": 12968
    },
    {
        "bookingid": 5427
    },
    {
        "bookingid": 1174
    },
    {
        "bookingid": 12319
    },
    {
        "bookingid": 13636
    },
    {
        "bookingid": 9355
    },
    {
        "bookingid": 7921
    },
    {
        "bookingid": 11972
    },
    {
        "bookingid": 11273
    },
    {
        "bookingid": 11109
    },
    {
        "bookingid": 11103
    },
    {
        "bookingid": 14841
    },
    {
        "bookingid": 13138
    },
    {
        "bookingid": 8311
    },
    {
        "bookingid": 2435
    },
    {
        "bookingid": 10081
    },
    {
        "bookingid": 1891
    },
    {
        "bookingid": 12644
    },
    {
        "bookingid": 5844
    },
    {
        "bookingid": 4252
    },
    {
        "bookingid": 11706
    },
    {
        "bookingid": 1446
    },
    {
        "bookingid": 6796
    },
    {
        "bookingid": 2559
    },
    {
        "bookingid": 14235
    },
    {
        "bookingid": 2926
    },
    {
        "bookingid": 10624
    },
    {
        "bookingid": 3166
    },
    {
        "bookingid": 14142
    },
    {
        "bookingid": 12381
    },
    {
        "bookingid": 14566
    },
    {
        "bookingid": 10455
    },
    {
        "bookingid": 1688
    },
    {
        "bookingid": 12660
    },
    {
        "bookingid": 1294
    },
    {
        "bookingid": 8779
    },
    {
        "bookingid": 7936
    },
    {
        "bookingid": 9955
    },
    {
        "bookingid": 13369
    },
    {
        "bookingid": 3174
    },
    {
        "bookingid": 1299
    },
    {
        "bookingid": 112
    },
    {
        "bookingid": 2871
    },
    {
        "bookingid": 10674
    },
    {
        "bookingid": 9198
    },
    {
        "bookingid": 12833
    },
    {
        "bookingid": 10725
    },
    {
        "bookingid": 10084
    },
    {
        "bookingid": 5573
    },
    {
        "bookingid": 13178
    },
    {
        "bookingid": 594
    },
    {
        "bookingid": 10808
    },
    {
        "bookingid": 9319
    },
    {
        "bookingid": 11561
    },
    {
        "bookingid": 10824
    },
    {
        "bookingid": 10437
    },
    {
        "bookingid": 8293
    },
    {
        "bookingid": 11907
    },
    {
        "bookingid": 8039
    },
    {
        "bookingid": 13289
    },
    {
        "bookingid": 9305
    },
    {
        "bookingid": 731
    },
    {
        "bookingid": 8521
    },
    {
        "bookingid": 3385
    },
    {
        "bookingid": 12847
    },
    {
        "bookingid": 10528
    },
    {
        "bookingid": 7905
    },
    {
        "bookingid": 12492
    },
    {
        "bookingid": 8040
    },
    {
        "bookingid": 11941
    },
    {
        "bookingid": 4359
    },
    {
        "bookingid": 6770
    },
    {
        "bookingid": 4937
    },
    {
        "bookingid": 11370
    },
    {
        "bookingid": 12727
    },
    {
        "bookingid": 6581
    },
    {
        "bookingid": 6342
    },
    {
        "bookingid": 13185
    },
    {
        "bookingid": 1579
    },
    {
        "bookingid": 10156
    },
    {
        "bookingid": 7167
    },
    {
        "bookingid": 8957
    },
    {
        "bookingid": 2385
    },
    {
        "bookingid": 12661
    },
    {
        "bookingid": 6284
    },
    {
        "bookingid": 8503
    },
    {
        "bookingid": 10283
    },
    {
        "bookingid": 10319
    },
    {
        "bookingid": 6410
    },
    {
        "bookingid": 14260
    },
    {
        "bookingid": 11329
    },
    {
        "bookingid": 3441
    },
    {
        "bookingid": 12482
    },
    {
        "bookingid": 746
    },
    {
        "bookingid": 6709
    },
    {
        "bookingid": 3429
    },
    {
        "bookingid": 5008
    },
    {
        "bookingid": 12072
    },
    {
        "bookingid": 9479
    },
    {
        "bookingid": 3272
    },
    {
        "bookingid": 7430
    },
    {
        "bookingid": 11962
    },
    {
        "bookingid": 9130
    },
    {
        "bookingid": 750
    },
    {
        "bookingid": 2545
    },
    {
        "bookingid": 5397
    },
    {
        "bookingid": 14058
    },
    {
        "bookingid": 9842
    },
    {
        "bookingid": 300
    },
    {
        "bookingid": 3073
    },
    {
        "bookingid": 4309
    },
    {
        "bookingid": 9517
    },
    {
        "bookingid": 5004
    },
    {
        "bookingid": 1004
    },
    {
        "bookingid": 4052
    },
    {
        "bookingid": 11848
    },
    {
        "bookingid": 11083
    },
    {
        "bookingid": 13054
    },
    {
        "bookingid": 1644
    },
    {
        "bookingid": 640
    },
    {
        "bookingid": 8482
    },
    {
        "bookingid": 5696
    },
    {
        "bookingid": 13761
    },
    {
        "bookingid": 3201
    },
    {
        "bookingid": 11126
    },
    {
        "bookingid": 11458
    },
    {
        "bookingid": 14213
    },
    {
        "bookingid": 4903
    },
    {
        "bookingid": 12877
    },
    {
        "bookingid": 12734
    },
    {
        "bookingid": 9723
    },
    {
        "bookingid": 1802
    },
    {
        "bookingid": 14412
    },
    {
        "bookingid": 5585
    },
    {
        "bookingid": 14559
    },
    {
        "bookingid": 8640
    },
    {
        "bookingid": 5390
    },
    {
        "bookingid": 6882
    },
    {
        "bookingid": 13106
    },
    {
        "bookingid": 7228
    },
    {
        "bookingid": 1751
    },
    {
        "bookingid": 959
    },
    {
        "bookingid": 12937
    },
    {
        "bookingid": 330
    },
    {
        "bookingid": 1708
    },
    {
        "bookingid": 1494
    },
    {
        "bookingid": 14461
    },
    {
        "bookingid": 9754
    },
    {
        "bookingid": 6220
    },
    {
        "bookingid": 3594
    },
    {
        "bookingid": 13853
    },
    {
        "bookingid": 8062
    },
    {
        "bookingid": 7134
    },
    {
        "bookingid": 6281
    },
    {
        "bookingid": 13516
    },
    {
        "bookingid": 1639
    },
    {
        "bookingid": 5487
    },
    {
        "bookingid": 10083
    },
    {
        "bookingid": 3184
    },
    {
        "bookingid": 4102
    },
    {
        "bookingid": 13727
    },
    {
        "bookingid": 1863
    },
    {
        "bookingid": 3996
    },
    {
        "bookingid": 3623
    },
    {
        "bookingid": 9580
    },
    {
        "bookingid": 12268
    },
    {
        "bookingid": 10029
    },
    {
        "bookingid": 14283
    },
    {
        "bookingid": 4286
    },
    {
        "bookingid": 1432
    },
    {
        "bookingid": 14578
    },
    {
        "bookingid": 10096
    },
    {
        "bookingid": 10912
    },
    {
        "bookingid": 10699
    },
    {
        "bookingid": 1148
    },
    {
        "bookingid": 13179
    },
    {
        "bookingid": 9796
    },
    {
        "bookingid": 12088
    },
    {
        "bookingid": 6899
    },
    {
        "bookingid": 5829
    },
    {
        "bookingid": 8777
    },
    {
        "bookingid": 3154
    },
    {
        "bookingid": 9535
    },
    {
        "bookingid": 1658
    },
    {
        "bookingid": 2503
    },
    {
        "bookingid": 9714
    },
    {
        "bookingid": 3995
    },
    {
        "bookingid": 9257
    },
    {
        "bookingid": 5451
    },
    {
        "bookingid": 11820
    },
    {
        "bookingid": 13934
    },
    {
        "bookingid": 13525
    },
    {
        "bookingid": 13594
    },
    {
        "bookingid": 14104
    },
    {
        "bookingid": 10344
    },
    {
        "bookingid": 9243
    },
    {
        "bookingid": 270
    },
    {
        "bookingid": 14329
    },
    {
        "bookingid": 12101
    },
    {
        "bookingid": 1406
    },
    {
        "bookingid": 8282
    },
    {
        "bookingid": 6036
    },
    {
        "bookingid": 8061
    },
    {
        "bookingid": 5454
    },
    {
        "bookingid": 8742
    },
    {
        "bookingid": 12729
    },
    {
        "bookingid": 5408
    },
    {
        "bookingid": 10
    },
    {
        "bookingid": 14084
    },
    {
        "bookingid": 12991
    },
    {
        "bookingid": 9948
    },
    {
        "bookingid": 9233
    },
    {
        "bookingid": 5053
    },
    {
        "bookingid": 5445
    },
    {
        "bookingid": 12355
    },
    {
        "bookingid": 7077
    },
    {
        "bookingid": 4500
    },
    {
        "bookingid": 5697
    },
    {
        "bookingid": 9918
    },
    {
        "bookingid": 12901
    },
    {
        "bookingid": 12704
    },
    {
        "bookingid": 476
    },
    {
        "bookingid": 11892
    },
    {
        "bookingid": 9654
    },
    {
        "bookingid": 9947
    },
    {
        "bookingid": 8117
    },
    {
        "bookingid": 8842
    },
    {
        "bookingid": 9689
    },
    {
        "bookingid": 8939
    },
    {
        "bookingid": 13936
    },
    {
        "bookingid": 6758
    },
    {
        "bookingid": 2515
    },
    {
        "bookingid": 5147
    },
    {
        "bookingid": 812
    },
    {
        "bookingid": 4926
    },
    {
        "bookingid": 7748
    },
    {
        "bookingid": 8513
    },
    {
        "bookingid": 13571
    },
    {
        "bookingid": 10993
    },
    {
        "bookingid": 10237
    },
    {
        "bookingid": 7895
    },
    {
        "bookingid": 9882
    },
    {
        "bookingid": 4967
    },
    {
        "bookingid": 4675
    },
    {
        "bookingid": 6948
    },
    {
        "bookingid": 6060
    },
    {
        "bookingid": 14722
    },
    {
        "bookingid": 4480
    },
    {
        "bookingid": 3755
    },
    {
        "bookingid": 6489
    },
    {
        "bookingid": 10243
    },
    {
        "bookingid": 11573
    },
    {
        "bookingid": 7275
    },
    {
        "bookingid": 13048
    },
    {
        "bookingid": 14414
    },
    {
        "bookingid": 10509
    },
    {
        "bookingid": 13454
    },
    {
        "bookingid": 10647
    },
    {
        "bookingid": 14110
    },
    {
        "bookingid": 1319
    },
    {
        "bookingid": 8876
    },
    {
        "bookingid": 1359
    },
    {
        "bookingid": 7216
    },
    {
        "bookingid": 12316
    },
    {
        "bookingid": 11147
    },
    {
        "bookingid": 11048
    },
    {
        "bookingid": 12866
    },
    {
        "bookingid": 3667
    },
    {
        "bookingid": 2935
    },
    {
        "bookingid": 3599
    },
    {
        "bookingid": 8376
    },
    {
        "bookingid": 3273
    },
    {
        "bookingid": 4898
    },
    {
        "bookingid": 3095
    },
    {
        "bookingid": 13531
    },
    {
        "bookingid": 12971
    },
    {
        "bookingid": 13156
    },
    {
        "bookingid": 10671
    },
    {
        "bookingid": 14521
    },
    {
        "bookingid": 5163
    },
    {
        "bookingid": 3929
    },
    {
        "bookingid": 11127
    },
    {
        "bookingid": 9113
    },
    {
        "bookingid": 10110
    },
    {
        "bookingid": 7965
    },
    {
        "bookingid": 12442
    },
    {
        "bookingid": 6517
    },
    {
        "bookingid": 13391
    },
    {
        "bookingid": 1946
    },
    {
        "bookingid": 4660
    },
    {
        "bookingid": 914
    },
    {
        "bookingid": 10781
    },
    {
        "bookingid": 14042
    },
    {
        "bookingid": 9279
    },
    {
        "bookingid": 1172
    },
    {
        "bookingid": 674
    },
    {
        "bookingid": 642
    },
    {
        "bookingid": 7418
    },
    {
        "bookingid": 6644
    },
    {
        "bookingid": 1020
    },
    {
        "bookingid": 13320
    },
    {
        "bookingid": 2201
    },
    {
        "bookingid": 6584
    },
    {
        "bookingid": 533
    },
    {
        "bookingid": 6986
    },
    {
        "bookingid": 10074
    },
    {
        "bookingid": 2044
    },
    {
        "bookingid": 14505
    },
    {
        "bookingid": 14132
    },
    {
        "bookingid": 9844
    },
    {
        "bookingid": 3221
    },
    {
        "bookingid": 2736
    },
    {
        "bookingid": 6280
    },
    {
        "bookingid": 4519
    },
    {
        "bookingid": 7559
    },
    {
        "bookingid": 10961
    },
    {
        "bookingid": 5317
    },
    {
        "bookingid": 7489
    },
    {
        "bookingid": 9145
    },
    {
        "bookingid": 11550
    },
    {
        "bookingid": 1384
    },
    {
        "bookingid": 165
    },
    {
        "bookingid": 10745
    },
    {
        "bookingid": 10594
    },
    {
        "bookingid": 5489
    },
    {
        "bookingid": 5326
    },
    {
        "bookingid": 3122
    },
    {
        "bookingid": 5037
    },
    {
        "bookingid": 11059
    },
    {
        "bookingid": 3115
    },
    {
        "bookingid": 7592
    },
    {
        "bookingid": 9158
    },
    {
        "bookingid": 3574
    },
    {
        "bookingid": 13386
    },
    {
        "bookingid": 9435
    },
    {
        "bookingid": 1649
    },
    {
        "bookingid": 11551
    },
    {
        "bookingid": 1640
    },
    {
        "bookingid": 9250
    },
    {
        "bookingid": 14551
    },
    {
        "bookingid": 1378
    },
    {
        "bookingid": 3739
    },
    {
        "bookingid": 11275
    },
    {
        "bookingid": 12203
    },
    {
        "bookingid": 6124
    },
    {
        "bookingid": 2528
    },
    {
        "bookingid": 11772
    },
    {
        "bookingid": 6490
    },
    {
        "bookingid": 9590
    },
    {
        "bookingid": 281
    },
    {
        "bookingid": 5248
    },
    {
        "bookingid": 5808
    },
    {
        "bookingid": 1454
    },
    {
        "bookingid": 1824
    },
    {
        "bookingid": 12053
    },
    {
        "bookingid": 2114
    },
    {
        "bookingid": 9312
    },
    {
        "bookingid": 11223
    },
    {
        "bookingid": 9577
    },
    {
        "bookingid": 14211
    },
    {
        "bookingid": 699
    },
    {
        "bookingid": 7480
    },
    {
        "bookingid": 4071
    },
    {
        "bookingid": 6872
    },
    {
        "bookingid": 10544
    },
    {
        "bookingid": 7706
    },
    {
        "bookingid": 1298
    },
    {
        "bookingid": 7510
    },
    {
        "bookingid": 11646
    },
    {
        "bookingid": 11014
    },
    {
        "bookingid": 13046
    },
    {
        "bookingid": 12144
    },
    {
        "bookingid": 4197
    },
    {
        "bookingid": 13521
    },
    {
        "bookingid": 5600
    },
    {
        "bookingid": 8603
    },
    {
        "bookingid": 12625
    },
    {
        "bookingid": 7241
    },
    {
        "bookingid": 13126
    },
    {
        "bookingid": 5626
    },
    {
        "bookingid": 3676
    },
    {
        "bookingid": 11566
    },
    {
        "bookingid": 13089
    },
    {
        "bookingid": 7971
    },
    {
        "bookingid": 6896
    },
    {
        "bookingid": 1273
    },
    {
        "bookingid": 13844
    },
    {
        "bookingid": 8248
    },
    {
        "bookingid": 4004
    },
    {
        "bookingid": 14109
    },
    {
        "bookingid": 5481
    },
    {
        "bookingid": 3437
    },
    {
        "bookingid": 1259
    },
    {
        "bookingid": 7092
    },
    {
        "bookingid": 4403
    },
    {
        "bookingid": 8052
    },
    {
        "bookingid": 539
    },
    {
        "bookingid": 8768
    },
    {
        "bookingid": 2359
    },
    {
        "bookingid": 752
    },
    {
        "bookingid": 4046
    },
    {
        "bookingid": 10889
    },
    {
        "bookingid": 5372
    },
    {
        "bookingid": 4016
    },
    {
        "bookingid": 4773
    },
    {
        "bookingid": 5290
    },
    {
        "bookingid": 10771
    },
    {
        "bookingid": 5759
    },
    {
        "bookingid": 13428
    },
    {
        "bookingid": 7643
    },
    {
        "bookingid": 9211
    },
    {
        "bookingid": 9308
    },
    {
        "bookingid": 2068
    },
    {
        "bookingid": 3989
    },
    {
        "bookingid": 1691
    },
    {
        "bookingid": 13875
    },
    {
        "bookingid": 3171
    },
    {
        "bookingid": 3706
    },
    {
        "bookingid": 9908
    },
    {
        "bookingid": 10324
    },
    {
        "bookingid": 4628
    },
    {
        "bookingid": 2232
    },
    {
        "bookingid": 14123
    },
    {
        "bookingid": 10112
    },
    {
        "bookingid": 4606
    },
    {
        "bookingid": 7642
    },
    {
        "bookingid": 14792
    },
    {
        "bookingid": 633
    },
    {
        "bookingid": 8005
    },
    {
        "bookingid": 7411
    },
    {
        "bookingid": 3248
    },
    {
        "bookingid": 2888
    },
    {
        "bookingid": 12547
    },
    {
        "bookingid": 8501
    },
    {
        "bookingid": 14309
    },
    {
        "bookingid": 8287
    },
    {
        "bookingid": 421
    },
    {
        "bookingid": 1895
    },
    {
        "bookingid": 12318
    },
    {
        "bookingid": 13746
    },
    {
        "bookingid": 1695
    },
    {
        "bookingid": 5195
    },
    {
        "bookingid": 7950
    },
    {
        "bookingid": 13326
    },
    {
        "bookingid": 1997
    },
    {
        "bookingid": 8712
    },
    {
        "bookingid": 5737
    },
    {
        "bookingid": 13091
    },
    {
        "bookingid": 3597
    },
    {
        "bookingid": 3096
    },
    {
        "bookingid": 10832
    },
    {
        "bookingid": 13802
    },
    {
        "bookingid": 14454
    },
    {
        "bookingid": 2390
    },
    {
        "bookingid": 6202
    },
    {
        "bookingid": 4980
    },
    {
        "bookingid": 1428
    },
    {
        "bookingid": 2092
    },
    {
        "bookingid": 14759
    },
    {
        "bookingid": 12872
    },
    {
        "bookingid": 11303
    },
    {
        "bookingid": 14716
    },
    {
        "bookingid": 1197
    },
    {
        "bookingid": 6707
    },
    {
        "bookingid": 5872
    },
    {
        "bookingid": 3325
    },
    {
        "bookingid": 12887
    },
    {
        "bookingid": 6126
    },
    {
        "bookingid": 6377
    },
    {
        "bookingid": 14894
    },
    {
        "bookingid": 3803
    },
    {
        "bookingid": 2189
    },
    {
        "bookingid": 3573
    },
    {
        "bookingid": 3919
    },
    {
        "bookingid": 4977
    },
    {
        "bookingid": 4774
    },
    {
        "bookingid": 709
    },
    {
        "bookingid": 7103
    },
    {
        "bookingid": 9688
    },
    {
        "bookingid": 3393
    },
    {
        "bookingid": 8129
    },
    {
        "bookingid": 9920
    },
    {
        "bookingid": 8879
    },
    {
        "bookingid": 6161
    },
    {
        "bookingid": 13517
    },
    {
        "bookingid": 4969
    },
    {
        "bookingid": 1852
    },
    {
        "bookingid": 4089
    },
    {
        "bookingid": 11717
    },
    {
        "bookingid": 6419
    },
    {
        "bookingid": 593
    },
    {
        "bookingid": 3819
    },
    {
        "bookingid": 338
    },
    {
        "bookingid": 6222
    },
    {
        "bookingid": 8584
    },
    {
        "bookingid": 13394
    },
    {
        "bookingid": 12999
    },
    {
        "bookingid": 8868
    },
    {
        "bookingid": 11919
    },
    {
        "bookingid": 1776
    },
    {
        "bookingid": 714
    },
    {
        "bookingid": 4537
    },
    {
        "bookingid": 3994
    },
    {
        "bookingid": 14318
    },
    {
        "bookingid": 6567
    },
    {
        "bookingid": 4227
    },
    {
        "bookingid": 390
    },
    {
        "bookingid": 9052
    },
    {
        "bookingid": 670
    },
    {
        "bookingid": 9821
    },
    {
        "bookingid": 1135
    },
    {
        "bookingid": 2259
    },
    {
        "bookingid": 12163
    },
    {
        "bookingid": 3277
    },
    {
        "bookingid": 429
    },
    {
        "bookingid": 3085
    },
    {
        "bookingid": 12803
    },
    {
        "bookingid": 2281
    },
    {
        "bookingid": 4302
    },
    {
        "bookingid": 8273
    },
    {
        "bookingid": 6442
    },
    {
        "bookingid": 6880
    },
    {
        "bookingid": 2970
    },
    {
        "bookingid": 8627
    },
    {
        "bookingid": 1831
    },
    {
        "bookingid": 14590
    },
    {
        "bookingid": 4284
    },
    {
        "bookingid": 7497
    },
    {
        "bookingid": 2014
    },
    {
        "bookingid": 2514
    },
    {
        "bookingid": 9387
    },
    {
        "bookingid": 11199
    },
    {
        "bookingid": 5764
    },
    {
        "bookingid": 931
    },
    {
        "bookingid": 10890
    },
    {
        "bookingid": 2393
    },
    {
        "bookingid": 2160
    },
    {
        "bookingid": 11565
    },
    {
        "bookingid": 6992
    },
    {
        "bookingid": 5321
    },
    {
        "bookingid": 1400
    },
    {
        "bookingid": 11296
    },
    {
        "bookingid": 11887
    },
    {
        "bookingid": 10475
    },
    {
        "bookingid": 5660
    },
    {
        "bookingid": 10419
    },
    {
        "bookingid": 8554
    },
    {
        "bookingid": 6516
    },
    {
        "bookingid": 2729
    },
    {
        "bookingid": 10079
    },
    {
        "bookingid": 11101
    },
    {
        "bookingid": 5027
    },
    {
        "bookingid": 2770
    },
    {
        "bookingid": 7789
    },
    {
        "bookingid": 6099
    },
    {
        "bookingid": 7857
    },
    {
        "bookingid": 8830
    },
    {
        "bookingid": 14568
    },
    {
        "bookingid": 3500
    },
    {
        "bookingid": 14504
    },
    {
        "bookingid": 12385
    },
    {
        "bookingid": 301
    },
    {
        "bookingid": 6676
    },
    {
        "bookingid": 11711
    },
    {
        "bookingid": 1925
    },
    {
        "bookingid": 3980
    },
    {
        "bookingid": 7966
    },
    {
        "bookingid": 10884
    },
    {
        "bookingid": 7516
    },
    {
        "bookingid": 12721
    },
    {
        "bookingid": 3551
    },
    {
        "bookingid": 3576
    },
    {
        "bookingid": 11473
    },
    {
        "bookingid": 747
    },
    {
        "bookingid": 6904
    },
    {
        "bookingid": 13002
    },
    {
        "bookingid": 9478
    },
    {
        "bookingid": 3527
    },
    {
        "bookingid": 3202
    },
    {
        "bookingid": 12806
    },
    {
        "bookingid": 10752
    },
    {
        "bookingid": 4247
    },
    {
        "bookingid": 803
    },
    {
        "bookingid": 5382
    },
    {
        "bookingid": 5721
    },
    {
        "bookingid": 14479
    },
    {
        "bookingid": 13385
    },
    {
        "bookingid": 5441
    },
    {
        "bookingid": 4321
    },
    {
        "bookingid": 4425
    },
    {
        "bookingid": 10684
    },
    {
        "bookingid": 4483
    },
    {
        "bookingid": 3548
    },
    {
        "bookingid": 1376
    },
    {
        "bookingid": 14439
    },
    {
        "bookingid": 13713
    },
    {
        "bookingid": 4515
    },
    {
        "bookingid": 13442
    },
    {
        "bookingid": 3089
    },
    {
        "bookingid": 1285
    },
    {
        "bookingid": 12980
    },
    {
        "bookingid": 14574
    },
    {
        "bookingid": 565
    },
    {
        "bookingid": 9693
    },
    {
        "bookingid": 13626
    },
    {
        "bookingid": 9476
    },
    {
        "bookingid": 11865
    },
    {
        "bookingid": 13533
    },
    {
        "bookingid": 2880
    },
    {
        "bookingid": 9698
    },
    {
        "bookingid": 12151
    },
    {
        "bookingid": 2106
    },
    {
        "bookingid": 1286
    },
    {
        "bookingid": 3674
    },
    {
        "bookingid": 11055
    },
    {
        "bookingid": 14459
    },
    {
        "bookingid": 855
    },
    {
        "bookingid": 8873
    },
    {
        "bookingid": 5113
    },
    {
        "bookingid": 7470
    },
    {
        "bookingid": 14271
    },
    {
        "bookingid": 12341
    },
    {
        "bookingid": 3162
    },
    {
        "bookingid": 12471
    },
    {
        "bookingid": 11374
    },
    {
        "bookingid": 3998
    },
    {
        "bookingid": 8595
    },
    {
        "bookingid": 11748
    },
    {
        "bookingid": 11454
    },
    {
        "bookingid": 10563
    },
    {
        "bookingid": 11569
    },
    {
        "bookingid": 12404
    },
    {
        "bookingid": 7286
    },
    {
        "bookingid": 3260
    },
    {
        "bookingid": 10399
    },
    {
        "bookingid": 10023
    },
    {
        "bookingid": 8200
    },
    {
        "bookingid": 5603
    },
    {
        "bookingid": 5763
    },
    {
        "bookingid": 8235
    },
    {
        "bookingid": 1156
    },
    {
        "bookingid": 9432
    },
    {
        "bookingid": 9227
    },
    {
        "bookingid": 5131
    },
    {
        "bookingid": 8250
    },
    {
        "bookingid": 12614
    },
    {
        "bookingid": 14044
    },
    {
        "bookingid": 9730
    },
    {
        "bookingid": 1302
    },
    {
        "bookingid": 12868
    },
    {
        "bookingid": 4132
    },
    {
        "bookingid": 6620
    },
    {
        "bookingid": 11620
    },
    {
        "bookingid": 3478
    },
    {
        "bookingid": 3210
    },
    {
        "bookingid": 7233
    },
    {
        "bookingid": 7790
    },
    {
        "bookingid": 7547
    },
    {
        "bookingid": 824
    },
    {
        "bookingid": 7739
    },
    {
        "bookingid": 3359
    },
    {
        "bookingid": 1501
    },
    {
        "bookingid": 4204
    },
    {
        "bookingid": 10224
    },
    {
        "bookingid": 6395
    },
    {
        "bookingid": 5388
    },
    {
        "bookingid": 1222
    },
    {
        "bookingid": 7260
    },
    {
        "bookingid": 14353
    },
    {
        "bookingid": 11584
    },
    {
        "bookingid": 1296
    },
    {
        "bookingid": 1009
    },
    {
        "bookingid": 10879
    },
    {
        "bookingid": 6879
    },
    {
        "bookingid": 12909
    },
    {
        "bookingid": 10005
    },
    {
        "bookingid": 3080
    },
    {
        "bookingid": 9272
    },
    {
        "bookingid": 890
    },
    {
        "bookingid": 3943
    },
    {
        "bookingid": 13379
    },
    {
        "bookingid": 2713
    },
    {
        "bookingid": 6443
    },
    {
        "bookingid": 11816
    },
    {
        "bookingid": 13586
    },
    {
        "bookingid": 3662
    },
    {
        "bookingid": 1885
    },
    {
        "bookingid": 13602
    },
    {
        "bookingid": 10421
    },
    {
        "bookingid": 13209
    },
    {
        "bookingid": 12810
    },
    {
        "bookingid": 8016
    },
    {
        "bookingid": 3968
    },
    {
        "bookingid": 3976
    },
    {
        "bookingid": 14750
    },
    {
        "bookingid": 5222
    },
    {
        "bookingid": 10860
    },
    {
        "bookingid": 14577
    },
    {
        "bookingid": 3220
    },
    {
        "bookingid": 13989
    },
    {
        "bookingid": 3157
    },
    {
        "bookingid": 13250
    },
    {
        "bookingid": 9488
    },
    {
        "bookingid": 13373
    },
    {
        "bookingid": 9984
    },
    {
        "bookingid": 2440
    },
    {
        "bookingid": 14622
    },
    {
        "bookingid": 5581
    },
    {
        "bookingid": 5610
    },
    {
        "bookingid": 8905
    },
    {
        "bookingid": 9995
    },
    {
        "bookingid": 3119
    },
    {
        "bookingid": 9833
    },
    {
        "bookingid": 7192
    },
    {
        "bookingid": 302
    },
    {
        "bookingid": 14563
    },
    {
        "bookingid": 4902
    },
    {
        "bookingid": 10462
    },
    {
        "bookingid": 14807
    },
    {
        "bookingid": 13653
    },
    {
        "bookingid": 657
    },
    {
        "bookingid": 379
    },
    {
        "bookingid": 3752
    },
    {
        "bookingid": 13188
    },
    {
        "bookingid": 10617
    },
    {
        "bookingid": 6842
    },
    {
        "bookingid": 11560
    },
    {
        "bookingid": 185
    },
    {
        "bookingid": 5448
    },
    {
        "bookingid": 14509
    },
    {
        "bookingid": 2637
    },
    {
        "bookingid": 12433
    },
    {
        "bookingid": 523
    },
    {
        "bookingid": 7606
    },
    {
        "bookingid": 5137
    },
    {
        "bookingid": 12902
    },
    {
        "bookingid": 4959
    },
    {
        "bookingid": 11255
    },
    {
        "bookingid": 4849
    },
    {
        "bookingid": 9008
    },
    {
        "bookingid": 5782
    },
    {
        "bookingid": 4243
    },
    {
        "bookingid": 12615
    },
    {
        "bookingid": 7090
    },
    {
        "bookingid": 13951
    },
    {
        "bookingid": 12121
    },
    {
        "bookingid": 7102
    },
    {
        "bookingid": 14693
    },
    {
        "bookingid": 6425
    },
    {
        "bookingid": 7604
    },
    {
        "bookingid": 5108
    },
    {
        "bookingid": 9832
    },
    {
        "bookingid": 8411
    },
    {
        "bookingid": 12638
    },
    {
        "bookingid": 29
    },
    {
        "bookingid": 6225
    },
    {
        "bookingid": 6982
    },
    {
        "bookingid": 7293
    },
    {
        "bookingid": 11777
    },
    {
        "bookingid": 11460
    },
    {
        "bookingid": 7462
    },
    {
        "bookingid": 4970
    },
    {
        "bookingid": 12108
    },
    {
        "bookingid": 11723
    },
    {
        "bookingid": 158
    },
    {
        "bookingid": 3229
    },
    {
        "bookingid": 12712
    },
    {
        "bookingid": 4536
    },
    {
        "bookingid": 8988
    },
    {
        "bookingid": 10920
    },
    {
        "bookingid": 3185
    },
    {
        "bookingid": 6771
    },
    {
        "bookingid": 2454
    },
    {
        "bookingid": 14704
    },
    {
        "bookingid": 7291
    },
    {
        "bookingid": 11178
    },
    {
        "bookingid": 1297
    },
    {
        "bookingid": 3392
    },
    {
        "bookingid": 12591
    },
    {
        "bookingid": 673
    },
    {
        "bookingid": 1792
    },
    {
        "bookingid": 577
    },
    {
        "bookingid": 13561
    },
    {
        "bookingid": 5812
    },
    {
        "bookingid": 6482
    },
    {
        "bookingid": 53
    },
    {
        "bookingid": 11257
    },
    {
        "bookingid": 8913
    },
    {
        "bookingid": 980
    },
    {
        "bookingid": 11744
    },
    {
        "bookingid": 1343
    },
    {
        "bookingid": 7603
    },
    {
        "bookingid": 2794
    },
    {
        "bookingid": 12410
    },
    {
        "bookingid": 11180
    },
    {
        "bookingid": 7508
    },
    {
        "bookingid": 635
    },
    {
        "bookingid": 9365
    },
    {
        "bookingid": 4011
    },
    {
        "bookingid": 8552
    },
    {
        "bookingid": 3571
    },
    {
        "bookingid": 11438
    },
    {
        "bookingid": 13503
    },
    {
        "bookingid": 893
    },
    {
        "bookingid": 12574
    },
    {
        "bookingid": 4272
    },
    {
        "bookingid": 10619
    },
    {
        "bookingid": 3540
    },
    {
        "bookingid": 11917
    },
    {
        "bookingid": 12134
    },
    {
        "bookingid": 14690
    },
    {
        "bookingid": 13246
    },
    {
        "bookingid": 6889
    },
    {
        "bookingid": 2617
    },
    {
        "bookingid": 4661
    },
    {
        "bookingid": 221
    },
    {
        "bookingid": 6121
    },
    {
        "bookingid": 8497
    },
    {
        "bookingid": 6421
    },
    {
        "bookingid": 9762
    },
    {
        "bookingid": 7000
    },
    {
        "bookingid": 1075
    },
    {
        "bookingid": 12780
    },
    {
        "bookingid": 153
    },
    {
        "bookingid": 4241
    },
    {
        "bookingid": 3088
    },
    {
        "bookingid": 951
    },
    {
        "bookingid": 2495
    },
    {
        "bookingid": 9430
    },
    {
        "bookingid": 1025
    },
    {
        "bookingid": 10002
    },
    {
        "bookingid": 7384
    },
    {
        "bookingid": 13153
    },
    {
        "bookingid": 4966
    },
    {
        "bookingid": 14855
    },
    {
        "bookingid": 14065
    },
    {
        "bookingid": 3284
    },
    {
        "bookingid": 10629
    },
    {
        "bookingid": 7054
    },
    {
        "bookingid": 9442
    },
    {
        "bookingid": 7784
    },
    {
        "bookingid": 3360
    },
    {
        "bookingid": 9137
    },
    {
        "bookingid": 8785
    },
    {
        "bookingid": 6261
    },
    {
        "bookingid": 13029
    },
    {
        "bookingid": 7459
    },
    {
        "bookingid": 5257
    },
    {
        "bookingid": 9822
    },
    {
        "bookingid": 14631
    },
    {
        "bookingid": 13290
    },
    {
        "bookingid": 5542
    },
    {
        "bookingid": 3323
    },
    {
        "bookingid": 260
    },
    {
        "bookingid": 11195
    },
    {
        "bookingid": 174
    },
    {
        "bookingid": 357
    },
    {
        "bookingid": 2916
    },
    {
        "bookingid": 10400
    },
    {
        "bookingid": 724
    },
    {
        "bookingid": 561
    },
    {
        "bookingid": 1750
    },
    {
        "bookingid": 9927
    },
    {
        "bookingid": 13140
    },
    {
        "bookingid": 1070
    },
    {
        "bookingid": 7985
    },
    {
        "bookingid": 8506
    },
    {
        "bookingid": 9773
    },
    {
        "bookingid": 2624
    },
    {
        "bookingid": 13161
    },
    {
        "bookingid": 13972
    },
    {
        "bookingid": 10595
    },
    {
        "bookingid": 12831
    },
    {
        "bookingid": 10251
    },
    {
        "bookingid": 11095
    },
    {
        "bookingid": 14204
    },
    {
        "bookingid": 5134
    },
    {
        "bookingid": 481
    },
    {
        "bookingid": 120
    },
    {
        "bookingid": 6579
    },
    {
        "bookingid": 14823
    },
    {
        "bookingid": 8010
    },
    {
        "bookingid": 4956
    },
    {
        "bookingid": 10127
    },
    {
        "bookingid": 9367
    },
    {
        "bookingid": 14106
    },
    {
        "bookingid": 11910
    },
    {
        "bookingid": 10221
    },
    {
        "bookingid": 7807
    },
    {
        "bookingid": 6733
    },
    {
        "bookingid": 7414
    },
    {
        "bookingid": 11796
    },
    {
        "bookingid": 810
    },
    {
        "bookingid": 8693
    },
    {
        "bookingid": 3141
    },
    {
        "bookingid": 11934
    },
    {
        "bookingid": 1810
    },
    {
        "bookingid": 1848
    },
    {
        "bookingid": 4142
    },
    {
        "bookingid": 7146
    },
    {
        "bookingid": 11498
    },
    {
        "bookingid": 3704
    },
    {
        "bookingid": 13922
    },
    {
        "bookingid": 2050
    },
    {
        "bookingid": 8677
    },
    {
        "bookingid": 3003
    },
    {
        "bookingid": 13948
    },
    {
        "bookingid": 6157
    },
    {
        "bookingid": 471
    },
    {
        "bookingid": 14518
    },
    {
        "bookingid": 8455
    },
    {
        "bookingid": 8277
    },
    {
        "bookingid": 13125
    },
    {
        "bookingid": 5874
    },
    {
        "bookingid": 9728
    },
    {
        "bookingid": 13218
    },
    {
        "bookingid": 11675
    },
    {
        "bookingid": 6500
    },
    {
        "bookingid": 14034
    },
    {
        "bookingid": 14354
    },
    {
        "bookingid": 9315
    },
    {
        "bookingid": 12977
    },
    {
        "bookingid": 2541
    },
    {
        "bookingid": 13741
    },
    {
        "bookingid": 10039
    },
    {
        "bookingid": 12595
    },
    {
        "bookingid": 4755
    },
    {
        "bookingid": 7435
    },
    {
        "bookingid": 10722
    },
    {
        "bookingid": 12324
    },
    {
        "bookingid": 13554
    },
    {
        "bookingid": 8448
    },
    {
        "bookingid": 7367
    },
    {
        "bookingid": 5036
    },
    {
        "bookingid": 7055
    },
    {
        "bookingid": 4128
    },
    {
        "bookingid": 3533
    },
    {
        "bookingid": 11746
    },
    {
        "bookingid": 4285
    },
    {
        "bookingid": 12285
    },
    {
        "bookingid": 4542
    },
    {
        "bookingid": 553
    },
    {
        "bookingid": 14220
    },
    {
        "bookingid": 2308
    },
    {
        "bookingid": 13482
    },
    {
        "bookingid": 5422
    },
    {
        "bookingid": 13816
    },
    {
        "bookingid": 7775
    },
    {
        "bookingid": 4413
    },
    {
        "bookingid": 5495
    },
    {
        "bookingid": 10126
    },
    {
        "bookingid": 2566
    },
    {
        "bookingid": 13574
    },
    {
        "bookingid": 822
    },
    {
        "bookingid": 10592
    },
    {
        "bookingid": 14486
    },
    {
        "bookingid": 12658
    },
    {
        "bookingid": 6015
    },
    {
        "bookingid": 1922
    },
    {
        "bookingid": 13498
    },
    {
        "bookingid": 138
    },
    {
        "bookingid": 7786
    },
    {
        "bookingid": 1532
    },
    {
        "bookingid": 14306
    },
    {
        "bookingid": 13388
    },
    {
        "bookingid": 6513
    },
    {
        "bookingid": 7284
    },
    {
        "bookingid": 13685
    },
    {
        "bookingid": 2803
    },
    {
        "bookingid": 7899
    },
    {
        "bookingid": 917
    },
    {
        "bookingid": 11964
    },
    {
        "bookingid": 2697
    },
    {
        "bookingid": 8977
    },
    {
        "bookingid": 6853
    },
    {
        "bookingid": 3391
    },
    {
        "bookingid": 5344
    },
    {
        "bookingid": 8664
    },
    {
        "bookingid": 4873
    },
    {
        "bookingid": 8446
    },
    {
        "bookingid": 4024
    },
    {
        "bookingid": 14086
    },
    {
        "bookingid": 8945
    },
    {
        "bookingid": 9166
    },
    {
        "bookingid": 5997
    },
    {
        "bookingid": 14045
    },
    {
        "bookingid": 1602
    },
    {
        "bookingid": 7412
    },
    {
        "bookingid": 13641
    },
    {
        "bookingid": 12162
    },
    {
        "bookingid": 9855
    },
    {
        "bookingid": 12624
    },
    {
        "bookingid": 3773
    },
    {
        "bookingid": 11812
    },
    {
        "bookingid": 12406
    },
    {
        "bookingid": 8343
    },
    {
        "bookingid": 10666
    },
    {
        "bookingid": 7745
    },
    {
        "bookingid": 6327
    },
    {
        "bookingid": 12682
    },
    {
        "bookingid": 3614
    },
    {
        "bookingid": 4513
    },
    {
        "bookingid": 5256
    },
    {
        "bookingid": 10914
    },
    {
        "bookingid": 920
    },
    {
        "bookingid": 11422
    },
    {
        "bookingid": 11242
    },
    {
        "bookingid": 12356
    },
    {
        "bookingid": 10663
    },
    {
        "bookingid": 14602
    },
    {
        "bookingid": 7410
    },
    {
        "bookingid": 5605
    },
    {
        "bookingid": 1827
    },
    {
        "bookingid": 12036
    },
    {
        "bookingid": 13490
    },
    {
        "bookingid": 6122
    },
    {
        "bookingid": 5034
    },
    {
        "bookingid": 14015
    },
    {
        "bookingid": 13182
    },
    {
        "bookingid": 12568
    },
    {
        "bookingid": 11031
    },
    {
        "bookingid": 4638
    },
    {
        "bookingid": 12005
    },
    {
        "bookingid": 11889
    },
    {
        "bookingid": 8962
    },
    {
        "bookingid": 11970
    },
    {
        "bookingid": 1143
    },
    {
        "bookingid": 11807
    },
    {
        "bookingid": 475
    },
    {
        "bookingid": 3000
    },
    {
        "bookingid": 6595
    },
    {
        "bookingid": 2781
    },
    {
        "bookingid": 10689
    },
    {
        "bookingid": 5166
    },
    {
        "bookingid": 6469
    },
    {
        "bookingid": 412
    },
    {
        "bookingid": 8181
    },
    {
        "bookingid": 6355
    },
    {
        "bookingid": 4524
    },
    {
        "bookingid": 100
    },
    {
        "bookingid": 2907
    },
    {
        "bookingid": 11730
    },
    {
        "bookingid": 10759
    },
    {
        "bookingid": 12947
    },
    {
        "bookingid": 1749
    },
    {
        "bookingid": 9653
    },
    {
        "bookingid": 8258
    },
    {
        "bookingid": 2579
    },
    {
        "bookingid": 11799
    },
    {
        "bookingid": 11625
    },
    {
        "bookingid": 8439
    },
    {
        "bookingid": 4485
    },
    {
        "bookingid": 8933
    },
    {
        "bookingid": 11729
    },
    {
        "bookingid": 3945
    },
    {
        "bookingid": 13836
    },
    {
        "bookingid": 13958
    },
    {
        "bookingid": 4596
    },
    {
        "bookingid": 152
    },
    {
        "bookingid": 12429
    },
    {
        "bookingid": 11423
    },
    {
        "bookingid": 6190
    },
    {
        "bookingid": 4342
    },
    {
        "bookingid": 11372
    },
    {
        "bookingid": 12748
    },
    {
        "bookingid": 9910
    },
    {
        "bookingid": 6959
    },
    {
        "bookingid": 11167
    },
    {
        "bookingid": 366
    },
    {
        "bookingid": 5720
    },
    {
        "bookingid": 292
    },
    {
        "bookingid": 7472
    },
    {
        "bookingid": 4514
    },
    {
        "bookingid": 14112
    },
    {
        "bookingid": 4163
    },
    {
        "bookingid": 14064
    },
    {
        "bookingid": 12487
    },
    {
        "bookingid": 11021
    },
    {
        "bookingid": 1490
    },
    {
        "bookingid": 2423
    },
    {
        "bookingid": 7754
    },
    {
        "bookingid": 9798
    },
    {
        "bookingid": 11476
    },
    {
        "bookingid": 14339
    },
    {
        "bookingid": 14371
    },
    {
        "bookingid": 12281
    },
    {
        "bookingid": 4475
    },
    {
        "bookingid": 2987
    },
    {
        "bookingid": 7160
    },
    {
        "bookingid": 7556
    },
    {
        "bookingid": 8555
    },
    {
        "bookingid": 13606
    },
    {
        "bookingid": 2242
    },
    {
        "bookingid": 723
    },
    {
        "bookingid": 736
    },
    {
        "bookingid": 5958
    },
    {
        "bookingid": 7928
    },
    {
        "bookingid": 5943
    },
    {
        "bookingid": 1078
    },
    {
        "bookingid": 5078
    },
    {
        "bookingid": 6737
    },
    {
        "bookingid": 6921
    },
    {
        "bookingid": 6167
    },
    {
        "bookingid": 2317
    },
    {
        "bookingid": 9439
    },
    {
        "bookingid": 8662
    },
    {
        "bookingid": 7670
    },
    {
        "bookingid": 12146
    },
    {
        "bookingid": 465
    },
    {
        "bookingid": 13366
    },
    {
        "bookingid": 6939
    },
    {
        "bookingid": 9827
    },
    {
        "bookingid": 12559
    },
    {
        "bookingid": 10406
    },
    {
        "bookingid": 4789
    },
    {
        "bookingid": 4125
    },
    {
        "bookingid": 13890
    },
    {
        "bookingid": 13012
    },
    {
        "bookingid": 9144
    },
    {
        "bookingid": 3734
    },
    {
        "bookingid": 985
    },
    {
        "bookingid": 2301
    },
    {
        "bookingid": 8586
    },
    {
        "bookingid": 9934
    },
    {
        "bookingid": 7929
    },
    {
        "bookingid": 4850
    },
    {
        "bookingid": 12417
    },
    {
        "bookingid": 13927
    },
    {
        "bookingid": 11966
    },
    {
        "bookingid": 2909
    },
    {
        "bookingid": 3084
    },
    {
        "bookingid": 12548
    },
    {
        "bookingid": 2077
    },
    {
        "bookingid": 6111
    },
    {
        "bookingid": 3812
    },
    {
        "bookingid": 2823
    },
    {
        "bookingid": 1173
    },
    {
        "bookingid": 13770
    },
    {
        "bookingid": 9640
    },
    {
        "bookingid": 3285
    },
    {
        "bookingid": 8769
    },
    {
        "bookingid": 10099
    },
    {
        "bookingid": 4835
    },
    {
        "bookingid": 9405
    },
    {
        "bookingid": 1441
    },
    {
        "bookingid": 14594
    },
    {
        "bookingid": 1631
    },
    {
        "bookingid": 6244
    },
    {
        "bookingid": 6642
    },
    {
        "bookingid": 10556
    },
    {
        "bookingid": 13842
    },
    {
        "bookingid": 9968
    },
    {
        "bookingid": 4471
    },
    {
        "bookingid": 11436
    },
    {
        "bookingid": 4329
    },
    {
        "bookingid": 10013
    },
    {
        "bookingid": 1269
    },
    {
        "bookingid": 12681
    },
    {
        "bookingid": 12131
    },
    {
        "bookingid": 5873
    },
    {
        "bookingid": 13468
    },
    {
        "bookingid": 4123
    },
    {
        "bookingid": 12788
    },
    {
        "bookingid": 7938
    },
    {
        "bookingid": 10996
    },
    {
        "bookingid": 457
    },
    {
        "bookingid": 9273
    },
    {
        "bookingid": 9054
    },
    {
        "bookingid": 13577
    },
    {
        "bookingid": 13099
    },
    {
        "bookingid": 2616
    },
    {
        "bookingid": 3318
    },
    {
        "bookingid": 4098
    },
    {
        "bookingid": 11506
    },
    {
        "bookingid": 13233
    },
    {
        "bookingid": 1607
    },
    {
        "bookingid": 14322
    },
    {
        "bookingid": 2679
    },
    {
        "bookingid": 4665
    },
    {
        "bookingid": 9591
    },
    {
        "bookingid": 13278
    },
    {
        "bookingid": 1439
    },
    {
        "bookingid": 5120
    },
    {
        "bookingid": 2431
    },
    {
        "bookingid": 2262
    },
    {
        "bookingid": 6916
    },
    {
        "bookingid": 2286
    },
    {
        "bookingid": 4073
    },
    {
        "bookingid": 9520
    },
    {
        "bookingid": 4847
    },
    {
        "bookingid": 7253
    },
    {
        "bookingid": 13642
    },
    {
        "bookingid": 14379
    },
    {
        "bookingid": 8165
    },
    {
        "bookingid": 1531
    },
    {
        "bookingid": 10858
    },
    {
        "bookingid": 10744
    },
    {
        "bookingid": 3496
    },
    {
        "bookingid": 9391
    },
    {
        "bookingid": 12876
    },
    {
        "bookingid": 11682
    },
    {
        "bookingid": 8665
    },
    {
        "bookingid": 6186
    },
    {
        "bookingid": 10917
    },
    {
        "bookingid": 14003
    },
    {
        "bookingid": 3625
    },
    {
        "bookingid": 6674
    },
    {
        "bookingid": 540
    },
    {
        "bookingid": 2806
    },
    {
        "bookingid": 8210
    },
    {
        "bookingid": 4745
    },
    {
        "bookingid": 1586
    },
    {
        "bookingid": 11939
    },
    {
        "bookingid": 3408
    },
    {
        "bookingid": 2414
    },
    {
        "bookingid": 4824
    },
    {
        "bookingid": 14202
    },
    {
        "bookingid": 3384
    },
    {
        "bookingid": 9300
    },
    {
        "bookingid": 5932
    },
    {
        "bookingid": 13143
    },
    {
        "bookingid": 251
    },
    {
        "bookingid": 11523
    },
    {
        "bookingid": 1330
    },
    {
        "bookingid": 13535
    },
    {
        "bookingid": 8360
    },
    {
        "bookingid": 1906
    },
    {
        "bookingid": 11720
    },
    {
        "bookingid": 6295
    },
    {
        "bookingid": 12331
    },
    {
        "bookingid": 1856
    },
    {
        "bookingid": 2954
    },
    {
        "bookingid": 7346
    },
    {
        "bookingid": 12958
    },
    {
        "bookingid": 4269
    },
    {
        "bookingid": 12828
    },
    {
        "bookingid": 6812
    },
    {
        "bookingid": 8726
    },
    {
        "bookingid": 6616
    },
    {
        "bookingid": 5867
    },
    {
        "bookingid": 11206
    },
    {
        "bookingid": 13472
    },
    {
        "bookingid": 13682
    },
    {
        "bookingid": 5475
    },
    {
        "bookingid": 13413
    },
    {
        "bookingid": 2306
    },
    {
        "bookingid": 9541
    },
    {
        "bookingid": 12192
    },
    {
        "bookingid": 6661
    },
    {
        "bookingid": 1162
    },
    {
        "bookingid": 4703
    },
    {
        "bookingid": 7837
    },
    {
        "bookingid": 8274
    },
    {
        "bookingid": 4287
    },
    {
        "bookingid": 9880
    },
    {
        "bookingid": 13345
    },
    {
        "bookingid": 14650
    },
    {
        "bookingid": 11942
    },
    {
        "bookingid": 14006
    },
    {
        "bookingid": 4430
    },
    {
        "bookingid": 1693
    },
    {
        "bookingid": 7310
    },
    {
        "bookingid": 7954
    },
    {
        "bookingid": 3512
    },
    {
        "bookingid": 10193
    },
    {
        "bookingid": 14738
    },
    {
        "bookingid": 13372
    },
    {
        "bookingid": 5311
    },
    {
        "bookingid": 9069
    },
    {
        "bookingid": 3825
    },
    {
        "bookingid": 908
    },
    {
        "bookingid": 7496
    },
    {
        "bookingid": 9175
    },
    {
        "bookingid": 12855
    },
    {
        "bookingid": 13629
    },
    {
        "bookingid": 6599
    },
    {
        "bookingid": 14157
    },
    {
        "bookingid": 239
    },
    {
        "bookingid": 7781
    },
    {
        "bookingid": 3733
    },
    {
        "bookingid": 132
    },
    {
        "bookingid": 14136
    },
    {
        "bookingid": 14499
    },
    {
        "bookingid": 11276
    },
    {
        "bookingid": 13302
    },
    {
        "bookingid": 8909
    },
    {
        "bookingid": 7794
    },
    {
        "bookingid": 13341
    },
    {
        "bookingid": 7066
    },
    {
        "bookingid": 7883
    },
    {
        "bookingid": 6221
    },
    {
        "bookingid": 14627
    },
    {
        "bookingid": 11810
    },
    {
        "bookingid": 2719
    },
    {
        "bookingid": 696
    },
    {
        "bookingid": 7238
    },
    {
        "bookingid": 14060
    },
    {
        "bookingid": 363
    },
    {
        "bookingid": 6633
    },
    {
        "bookingid": 13969
    },
    {
        "bookingid": 4868
    },
    {
        "bookingid": 8381
    },
    {
        "bookingid": 372
    },
    {
        "bookingid": 826
    },
    {
        "bookingid": 5269
    },
    {
        "bookingid": 7044
    },
    {
        "bookingid": 9341
    },
    {
        "bookingid": 669
    },
    {
        "bookingid": 11651
    },
    {
        "bookingid": 7398
    },
    {
        "bookingid": 7836
    },
    {
        "bookingid": 11415
    },
    {
        "bookingid": 8147
    },
    {
        "bookingid": 14595
    },
    {
        "bookingid": 9568
    },
    {
        "bookingid": 2665
    },
    {
        "bookingid": 7526
    },
    {
        "bookingid": 14209
    },
    {
        "bookingid": 14481
    },
    {
        "bookingid": 4591
    },
    {
        "bookingid": 1934
    },
    {
        "bookingid": 6831
    },
    {
        "bookingid": 934
    },
    {
        "bookingid": 14859
    },
    {
        "bookingid": 12563
    },
    {
        "bookingid": 12975
    },
    {
        "bookingid": 978
    },
    {
        "bookingid": 6411
    },
    {
        "bookingid": 4166
    },
    {
        "bookingid": 13186
    },
    {
        "bookingid": 3224
    },
    {
        "bookingid": 10061
    },
    {
        "bookingid": 1317
    },
    {
        "bookingid": 9414
    },
    {
        "bookingid": 10335
    },
    {
        "bookingid": 11403
    },
    {
        "bookingid": 13416
    },
    {
        "bookingid": 14533
    },
    {
        "bookingid": 10643
    },
    {
        "bookingid": 8249
    },
    {
        "bookingid": 2280
    },
    {
        "bookingid": 3727
    },
    {
        "bookingid": 8484
    },
    {
        "bookingid": 6154
    },
    {
        "bookingid": 2153
    },
    {
        "bookingid": 10487
    },
    {
        "bookingid": 12693
    },
    {
        "bookingid": 8153
    },
    {
        "bookingid": 2335
    },
    {
        "bookingid": 12519
    },
    {
        "bookingid": 937
    },
    {
        "bookingid": 8094
    },
    {
        "bookingid": 1981
    },
    {
        "bookingid": 4246
    },
    {
        "bookingid": 1591
    },
    {
        "bookingid": 13252
    },
    {
        "bookingid": 1931
    },
    {
        "bookingid": 5953
    },
    {
        "bookingid": 6390
    },
    {
        "bookingid": 14293
    },
    {
        "bookingid": 4583
    },
    {
        "bookingid": 6508
    },
    {
        "bookingid": 5578
    },
    {
        "bookingid": 8786
    },
    {
        "bookingid": 3349
    },
    {
        "bookingid": 14370
    },
    {
        "bookingid": 4722
    },
    {
        "bookingid": 5
    },
    {
        "bookingid": 5383
    },
    {
        "bookingid": 3052
    },
    {
        "bookingid": 1507
    },
    {
        "bookingid": 8198
    },
    {
        "bookingid": 4557
    },
    {
        "bookingid": 12304
    },
    {
        "bookingid": 11530
    },
    {
        "bookingid": 5637
    },
    {
        "bookingid": 1146
    },
    {
        "bookingid": 12761
    },
    {
        "bookingid": 11846
    },
    {
        "bookingid": 1772
    },
    {
        "bookingid": 14368
    },
    {
        "bookingid": 6057
    },
    {
        "bookingid": 6231
    },
    {
        "bookingid": 11353
    },
    {
        "bookingid": 4600
    },
    {
        "bookingid": 6343
    },
    {
        "bookingid": 9077
    },
    {
        "bookingid": 13678
    },
    {
        "bookingid": 10782
    },
    {
        "bookingid": 11315
    },
    {
        "bookingid": 6781
    },
    {
        "bookingid": 13096
    },
    {
        "bookingid": 8023
    },
    {
        "bookingid": 717
    },
    {
        "bookingid": 10293
    },
    {
        "bookingid": 5080
    },
    {
        "bookingid": 8425
    },
    {
        "bookingid": 5974
    },
    {
        "bookingid": 10776
    },
    {
        "bookingid": 3307
    },
    {
        "bookingid": 11621
    },
    {
        "bookingid": 9602
    },
    {
        "bookingid": 4502
    },
    {
        "bookingid": 1865
    },
    {
        "bookingid": 7145
    },
    {
        "bookingid": 13399
    },
    {
        "bookingid": 14541
    },
    {
        "bookingid": 7951
    },
    {
        "bookingid": 5593
    },
    {
        "bookingid": 7841
    },
    {
        "bookingid": 11666
    },
    {
        "bookingid": 202
    },
    {
        "bookingid": 14548
    },
    {
        "bookingid": 10470
    },
    {
        "bookingid": 5202
    },
    {
        "bookingid": 11761
    },
    {
        "bookingid": 4905
    },
    {
        "bookingid": 11641
    },
    {
        "bookingid": 5576
    },
    {
        "bookingid": 3373
    },
    {
        "bookingid": 3940
    },
    {
        "bookingid": 7521
    },
    {
        "bookingid": 145
    },
    {
        "bookingid": 7990
    },
    {
        "bookingid": 13009
    },
    {
        "bookingid": 9110
    },
    {
        "bookingid": 7166
    },
    {
        "bookingid": 8880
    },
    {
        "bookingid": 10983
    },
    {
        "bookingid": 5083
    },
    {
        "bookingid": 574
    },
    {
        "bookingid": 6158
    },
    {
        "bookingid": 7198
    },
    {
        "bookingid": 1724
    },
    {
        "bookingid": 12247
    },
    {
        "bookingid": 13231
    },
    {
        "bookingid": 11117
    },
    {
        "bookingid": 7439
    },
    {
        "bookingid": 7804
    },
    {
        "bookingid": 5863
    },
    {
        "bookingid": 10872
    },
    {
        "bookingid": 10792
    },
    {
        "bookingid": 1552
    },
    {
        "bookingid": 13211
    },
    {
        "bookingid": 12228
    },
    {
        "bookingid": 10779
    },
    {
        "bookingid": 11503
    },
    {
        "bookingid": 13039
    },
    {
        "bookingid": 14391
    },
    {
        "bookingid": 3535
    },
    {
        "bookingid": 6364
    },
    {
        "bookingid": 8415
    },
    {
        "bookingid": 1598
    },
    {
        "bookingid": 322
    },
    {
        "bookingid": 13338
    },
    {
        "bookingid": 13570
    },
    {
        "bookingid": 9290
    },
    {
        "bookingid": 3972
    },
    {
        "bookingid": 11695
    },
    {
        "bookingid": 8570
    },
    {
        "bookingid": 3918
    },
    {
        "bookingid": 5289
    },
    {
        "bookingid": 1126
    },
    {
        "bookingid": 4938
    },
    {
        "bookingid": 6226
    },
    {
        "bookingid": 14100
    },
    {
        "bookingid": 13292
    },
    {
        "bookingid": 4631
    },
    {
        "bookingid": 328
    },
    {
        "bookingid": 2923
    },
    {
        "bookingid": 13748
    },
    {
        "bookingid": 11825
    },
    {
        "bookingid": 11657
    },
    {
        "bookingid": 12114
    },
    {
        "bookingid": 13743
    },
    {
        "bookingid": 8239
    },
    {
        "bookingid": 2991
    },
    {
        "bookingid": 5184
    },
    {
        "bookingid": 629
    },
    {
        "bookingid": 12531
    },
    {
        "bookingid": 9228
    },
    {
        "bookingid": 211
    },
    {
        "bookingid": 12628
    },
    {
        "bookingid": 1255
    },
    {
        "bookingid": 7113
    },
    {
        "bookingid": 3694
    },
    {
        "bookingid": 11203
    },
    {
        "bookingid": 13157
    },
    {
        "bookingid": 13305
    },
    {
        "bookingid": 9889
    },
    {
        "bookingid": 9082
    },
    {
        "bookingid": 7574
    },
    {
        "bookingid": 14604
    },
    {
        "bookingid": 1066
    },
    {
        "bookingid": 11235
    },
    {
        "bookingid": 3902
    },
    {
        "bookingid": 13425
    },
    {
        "bookingid": 4613
    },
    {
        "bookingid": 288
    },
    {
        "bookingid": 10465
    },
    {
        "bookingid": 12225
    },
    {
        "bookingid": 6631
    },
    {
        "bookingid": 1530
    },
    {
        "bookingid": 14383
    },
    {
        "bookingid": 7123
    },
    {
        "bookingid": 1215
    },
    {
        "bookingid": 11986
    },
    {
        "bookingid": 9895
    },
    {
        "bookingid": 3835
    },
    {
        "bookingid": 6711
    },
    {
        "bookingid": 5957
    },
    {
        "bookingid": 65
    },
    {
        "bookingid": 10153
    },
    {
        "bookingid": 7505
    },
    {
        "bookingid": 4528
    },
    {
        "bookingid": 14413
    },
    {
        "bookingid": 7301
    },
    {
        "bookingid": 6470
    },
    {
        "bookingid": 6159
    },
    {
        "bookingid": 12784
    },
    {
        "bookingid": 9411
    },
    {
        "bookingid": 6018
    },
    {
        "bookingid": 1233
    },
    {
        "bookingid": 10069
    },
    {
        "bookingid": 1902
    },
    {
        "bookingid": 5861
    },
    {
        "bookingid": 4611
    },
    {
        "bookingid": 5618
    },
    {
        "bookingid": 878
    },
    {
        "bookingid": 5224
    },
    {
        "bookingid": 6542
    },
    {
        "bookingid": 117
    },
    {
        "bookingid": 1809
    },
    {
        "bookingid": 8810
    },
    {
        "bookingid": 1546
    },
    {
        "bookingid": 5563
    },
    {
        "bookingid": 13237
    },
    {
        "bookingid": 653
    },
    {
        "bookingid": 5854
    },
    {
        "bookingid": 11736
    },
    {
        "bookingid": 5718
    },
    {
        "bookingid": 2603
    },
    {
        "bookingid": 9683
    },
    {
        "bookingid": 8918
    },
    {
        "bookingid": 4493
    },
    {
        "bookingid": 7890
    },
    {
        "bookingid": 6866
    },
    {
        "bookingid": 7801
    },
    {
        "bookingid": 12950
    },
    {
        "bookingid": 4763
    },
    {
        "bookingid": 743
    },
    {
        "bookingid": 3076
    },
    {
        "bookingid": 371
    },
    {
        "bookingid": 3809
    },
    {
        "bookingid": 9170
    },
    {
        "bookingid": 1578
    },
    {
        "bookingid": 6958
    },
    {
        "bookingid": 8449
    },
    {
        "bookingid": 12961
    },
    {
        "bookingid": 702
    },
    {
        "bookingid": 3455
    },
    {
        "bookingid": 2477
    },
    {
        "bookingid": 3560
    },
    {
        "bookingid": 11168
    },
    {
        "bookingid": 9513
    },
    {
        "bookingid": 7024
    },
    {
        "bookingid": 11029
    },
    {
        "bookingid": 10937
    },
    {
        "bookingid": 11267
    },
    {
        "bookingid": 2206
    },
    {
        "bookingid": 984
    },
    {
        "bookingid": 13010
    },
    {
        "bookingid": 7458
    },
    {
        "bookingid": 8814
    },
    {
        "bookingid": 11027
    },
    {
        "bookingid": 3412
    },
    {
        "bookingid": 182
    },
    {
        "bookingid": 712
    },
    {
        "bookingid": 5991
    },
    {
        "bookingid": 13235
    },
    {
        "bookingid": 6710
    },
    {
        "bookingid": 11873
    },
    {
        "bookingid": 10815
    },
    {
        "bookingid": 1514
    },
    {
        "bookingid": 7050
    },
    {
        "bookingid": 6874
    },
    {
        "bookingid": 10315
    },
    {
        "bookingid": 11128
    },
    {
        "bookingid": 14223
    },
    {
        "bookingid": 7710
    },
    {
        "bookingid": 14687
    },
    {
        "bookingid": 7996
    },
    {
        "bookingid": 9642
    },
    {
        "bookingid": 9944
    },
    {
        "bookingid": 4437
    },
    {
        "bookingid": 8955
    },
    {
        "bookingid": 367
    },
    {
        "bookingid": 7522
    },
    {
        "bookingid": 11420
    },
    {
        "bookingid": 1374
    },
    {
        "bookingid": 12484
    },
    {
        "bookingid": 10878
    },
    {
        "bookingid": 3660
    },
    {
        "bookingid": 7599
    },
    {
        "bookingid": 4979
    },
    {
        "bookingid": 6554
    },
    {
        "bookingid": 13478
    },
    {
        "bookingid": 14101
    },
    {
        "bookingid": 10650
    },
    {
        "bookingid": 9972
    },
    {
        "bookingid": 14348
    },
    {
        "bookingid": 3078
    },
    {
        "bookingid": 3495
    },
    {
        "bookingid": 5824
    },
    {
        "bookingid": 8161
    },
    {
        "bookingid": 1276
    },
    {
        "bookingid": 10102
    },
    {
        "bookingid": 9560
    },
    {
        "bookingid": 7558
    },
    {
        "bookingid": 2362
    },
    {
        "bookingid": 12202
    },
    {
        "bookingid": 5513
    },
    {
        "bookingid": 4702
    },
    {
        "bookingid": 4650
    },
    {
        "bookingid": 6360
    },
    {
        "bookingid": 2199
    },
    {
        "bookingid": 11072
    },
    {
        "bookingid": 8731
    },
    {
        "bookingid": 5025
    },
    {
        "bookingid": 2212
    },
    {
        "bookingid": 1504
    },
    {
        "bookingid": 9331
    },
    {
        "bookingid": 11909
    },
    {
        "bookingid": 7664
    },
    {
        "bookingid": 14236
    },
    {
        "bookingid": 5596
    },
    {
        "bookingid": 9002
    },
    {
        "bookingid": 3303
    },
    {
        "bookingid": 7825
    },
    {
        "bookingid": 4676
    },
    {
        "bookingid": 14758
    },
    {
        "bookingid": 11313
    },
    {
        "bookingid": 9425
    },
    {
        "bookingid": 10328
    },
    {
        "bookingid": 3853
    },
    {
        "bookingid": 10423
    },
    {
        "bookingid": 6137
    },
    {
        "bookingid": 1652
    },
    {
        "bookingid": 4974
    },
    {
        "bookingid": 10502
    },
    {
        "bookingid": 6315
    },
    {
        "bookingid": 5587
    },
    {
        "bookingid": 1388
    },
    {
        "bookingid": 7443
    },
    {
        "bookingid": 6306
    },
    {
        "bookingid": 786
    },
    {
        "bookingid": 14834
    },
    {
        "bookingid": 14889
    },
    {
        "bookingid": 467
    },
    {
        "bookingid": 2941
    },
    {
        "bookingid": 14491
    },
    {
        "bookingid": 10122
    },
    {
        "bookingid": 6218
    },
    {
        "bookingid": 1231
    },
    {
        "bookingid": 11333
    },
    {
        "bookingid": 13965
    },
    {
        "bookingid": 12160
    },
    {
        "bookingid": 2831
    },
    {
        "bookingid": 3523
    },
    {
        "bookingid": 13412
    },
    {
        "bookingid": 5353
    },
    {
        "bookingid": 9534
    },
    {
        "bookingid": 13647
    },
    {
        "bookingid": 9150
    },
    {
        "bookingid": 5366
    },
    {
        "bookingid": 13509
    },
    {
        "bookingid": 9455
    },
    {
        "bookingid": 2648
    },
    {
        "bookingid": 2825
    },
    {
        "bookingid": 1828
    },
    {
        "bookingid": 3196
    },
    {
        "bookingid": 13403
    },
    {
        "bookingid": 4165
    },
    {
        "bookingid": 3092
    },
    {
        "bookingid": 14468
    },
    {
        "bookingid": 5226
    },
    {
        "bookingid": 13407
    },
    {
        "bookingid": 5339
    },
    {
        "bookingid": 4237
    },
    {
        "bookingid": 6547
    },
    {
        "bookingid": 5272
    },
    {
        "bookingid": 2166
    },
    {
        "bookingid": 4961
    },
    {
        "bookingid": 11324
    },
    {
        "bookingid": 6024
    },
    {
        "bookingid": 14402
    },
    {
        "bookingid": 9119
    },
    {
        "bookingid": 7343
    },
    {
        "bookingid": 1955
    },
    {
        "bookingid": 7469
    },
    {
        "bookingid": 13759
    },
    {
        "bookingid": 299
    },
    {
        "bookingid": 8401
    },
    {
        "bookingid": 12934
    },
    {
        "bookingid": 4454
    },
    {
        "bookingid": 14292
    },
    {
        "bookingid": 10811
    },
    {
        "bookingid": 6578
    },
    {
        "bookingid": 6688
    },
    {
        "bookingid": 11688
    },
    {
        "bookingid": 9415
    },
    {
        "bookingid": 2075
    },
    {
        "bookingid": 1669
    },
    {
        "bookingid": 8169
    },
    {
        "bookingid": 4312
    },
    {
        "bookingid": 12935
    },
    {
        "bookingid": 2324
    },
    {
        "bookingid": 11582
    },
    {
        "bookingid": 1541
    },
    {
        "bookingid": 7388
    },
    {
        "bookingid": 8312
    },
    {
        "bookingid": 11949
    },
    {
        "bookingid": 10152
    },
    {
        "bookingid": 8887
    },
    {
        "bookingid": 13346
    },
    {
        "bookingid": 915
    },
    {
        "bookingid": 9643
    },
    {
        "bookingid": 4769
    },
    {
        "bookingid": 10691
    },
    {
        "bookingid": 9976
    },
    {
        "bookingid": 1537
    },
    {
        "bookingid": 5888
    },
    {
        "bookingid": 8138
    },
    {
        "bookingid": 11289
    },
    {
        "bookingid": 11330
    },
    {
        "bookingid": 11781
    },
    {
        "bookingid": 1623
    },
    {
        "bookingid": 3960
    },
    {
        "bookingid": 11760
    },
    {
        "bookingid": 8691
    },
    {
        "bookingid": 2793
    },
    {
        "bookingid": 4417
    },
    {
        "bookingid": 280
    },
    {
        "bookingid": 12353
    },
    {
        "bookingid": 7858
    },
    {
        "bookingid": 2788
    },
    {
        "bookingid": 5647
    },
    {
        "bookingid": 7715
    },
    {
        "bookingid": 4160
    },
    {
        "bookingid": 8356
    },
    {
        "bookingid": 8908
    },
    {
        "bookingid": 5609
    },
    {
        "bookingid": 10703
    },
    {
        "bookingid": 13684
    },
    {
        "bookingid": 14269
    },
    {
        "bookingid": 8049
    },
    {
        "bookingid": 8207
    },
    {
        "bookingid": 11709
    },
    {
        "bookingid": 1271
    },
    {
        "bookingid": 4061
    },
    {
        "bookingid": 8134
    },
    {
        "bookingid": 9997
    },
    {
        "bookingid": 8917
    },
    {
        "bookingid": 8429
    },
    {
        "bookingid": 6689
    },
    {
        "bookingid": 5726
    },
    {
        "bookingid": 7986
    },
    {
        "bookingid": 4369
    },
    {
        "bookingid": 2868
    },
    {
        "bookingid": 10786
    },
    {
        "bookingid": 1136
    },
    {
        "bookingid": 12175
    },
    {
        "bookingid": 7345
    },
    {
        "bookingid": 326
    },
    {
        "bookingid": 3698
    },
    {
        "bookingid": 6079
    },
    {
        "bookingid": 8566
    },
    {
        "bookingid": 6183
    },
    {
        "bookingid": 4987
    },
    {
        "bookingid": 6065
    },
    {
        "bookingid": 13266
    },
    {
        "bookingid": 13625
    },
    {
        "bookingid": 4187
    },
    {
        "bookingid": 2315
    },
    {
        "bookingid": 13662
    },
    {
        "bookingid": 8294
    },
    {
        "bookingid": 12342
    },
    {
        "bookingid": 6646
    },
    {
        "bookingid": 2293
    },
    {
        "bookingid": 11036
    },
    {
        "bookingid": 14233
    },
    {
        "bookingid": 13371
    },
    {
        "bookingid": 3195
    },
    {
        "bookingid": 4195
    },
    {
        "bookingid": 10016
    },
    {
        "bookingid": 1155
    },
    {
        "bookingid": 12389
    },
    {
        "bookingid": 3912
    },
    {
        "bookingid": 2234
    },
    {
        "bookingid": 4214
    },
    {
        "bookingid": 6507
    },
    {
        "bookingid": 6224
    },
    {
        "bookingid": 12673
    },
    {
        "bookingid": 3161
    },
    {
        "bookingid": 13781
    },
    {
        "bookingid": 14713
    },
    {
        "bookingid": 2207
    },
    {
        "bookingid": 8146
    },
    {
        "bookingid": 1263
    },
    {
        "bookingid": 14532
    },
    {
        "bookingid": 9815
    },
    {
        "bookingid": 9458
    },
    {
        "bookingid": 2305
    },
    {
        "bookingid": 4712
    },
    {
        "bookingid": 13192
    },
    {
        "bookingid": 6930
    },
    {
        "bookingid": 9878
    },
    {
        "bookingid": 6379
    },
    {
        "bookingid": 7668
    },
    {
        "bookingid": 9985
    },
    {
        "bookingid": 13825
    },
    {
        "bookingid": 8126
    },
    {
        "bookingid": 7520
    },
    {
        "bookingid": 2663
    },
    {
        "bookingid": 7452
    },
    {
        "bookingid": 11554
    },
    {
        "bookingid": 8488
    },
    {
        "bookingid": 6196
    },
    {
        "bookingid": 13675
    },
    {
        "bookingid": 4752
    },
    {
        "bookingid": 9111
    },
    {
        "bookingid": 14395
    },
    {
        "bookingid": 7537
    },
    {
        "bookingid": 7329
    },
    {
        "bookingid": 12246
    },
    {
        "bookingid": 1212
    },
    {
        "bookingid": 6239
    },
    {
        "bookingid": 10841
    },
    {
        "bookingid": 3568
    },
    {
        "bookingid": 4848
    },
    {
        "bookingid": 6376
    },
    {
        "bookingid": 6047
    },
    {
        "bookingid": 14695
    },
    {
        "bookingid": 1882
    },
    {
        "bookingid": 14153
    },
    {
        "bookingid": 2170
    },
    {
        "bookingid": 9726
    },
    {
        "bookingid": 6901
    },
    {
        "bookingid": 12057
    },
    {
        "bookingid": 14081
    },
    {
        "bookingid": 4094
    },
    {
        "bookingid": 234
    },
    {
        "bookingid": 13526
    },
    {
        "bookingid": 5280
    },
    {
        "bookingid": 10918
    },
    {
        "bookingid": 8124
    },
    {
        "bookingid": 10954
    },
    {
        "bookingid": 9898
    },
    {
        "bookingid": 11570
    },
    {
        "bookingid": 2008
    },
    {
        "bookingid": 10891
    },
    {
        "bookingid": 4920
    },
    {
        "bookingid": 1481
    },
    {
        "bookingid": 10272
    },
    {
        "bookingid": 4322
    },
    {
        "bookingid": 8947
    },
    {
        "bookingid": 13347
    },
    {
        "bookingid": 1653
    },
    {
        "bookingid": 9005
    },
    {
        "bookingid": 12818
    },
    {
        "bookingid": 6704
    },
    {
        "bookingid": 4581
    },
    {
        "bookingid": 9674
    },
    {
        "bookingid": 9684
    },
    {
        "bookingid": 2257
    },
    {
        "bookingid": 5554
    },
    {
        "bookingid": 2864
    },
    {
        "bookingid": 2974
    },
    {
        "bookingid": 13797
    },
    {
        "bookingid": 7687
    },
    {
        "bookingid": 13590
    },
    {
        "bookingid": 6140
    },
    {
        "bookingid": 13100
    },
    {
        "bookingid": 5343
    },
    {
        "bookingid": 11710
    },
    {
        "bookingid": 10289
    },
    {
        "bookingid": 8639
    },
    {
        "bookingid": 4209
    },
    {
        "bookingid": 1796
    },
    {
        "bookingid": 12094
    },
    {
        "bookingid": 4199
    },
    {
        "bookingid": 11739
    },
    {
        "bookingid": 2327
    },
    {
        "bookingid": 3955
    },
    {
        "bookingid": 4149
    },
    {
        "bookingid": 753
    },
    {
        "bookingid": 11973
    },
    {
        "bookingid": 12679
    },
    {
        "bookingid": 13810
    },
    {
        "bookingid": 12542
    },
    {
        "bookingid": 2538
    },
    {
        "bookingid": 2774
    },
    {
        "bookingid": 3926
    },
    {
        "bookingid": 1405
    },
    {
        "bookingid": 4777
    },
    {
        "bookingid": 1311
    },
    {
        "bookingid": 5694
    },
    {
        "bookingid": 13977
    },
    {
        "bookingid": 11354
    },
    {
        "bookingid": 6998
    },
    {
        "bookingid": 5381
    },
    {
        "bookingid": 12608
    },
    {
        "bookingid": 4630
    },
    {
        "bookingid": 90
    },
    {
        "bookingid": 13883
    },
    {
        "bookingid": 9930
    },
    {
        "bookingid": 1163
    },
    {
        "bookingid": 2441
    },
    {
        "bookingid": 1734
    },
    {
        "bookingid": 6680
    },
    {
        "bookingid": 9404
    },
    {
        "bookingid": 6504
    },
    {
        "bookingid": 1793
    },
    {
        "bookingid": 6765
    },
    {
        "bookingid": 12209
    },
    {
        "bookingid": 2551
    },
    {
        "bookingid": 12196
    },
    {
        "bookingid": 2629
    },
    {
        "bookingid": 10706
    },
    {
        "bookingid": 13708
    },
    {
        "bookingid": 2140
    },
    {
        "bookingid": 12052
    },
    {
        "bookingid": 7413
    },
    {
        "bookingid": 775
    },
    {
        "bookingid": 2191
    },
    {
        "bookingid": 5758
    },
    {
        "bookingid": 578
    },
    {
        "bookingid": 7802
    },
    {
        "bookingid": 7969
    },
    {
        "bookingid": 6926
    },
    {
        "bookingid": 14591
    },
    {
        "bookingid": 6023
    },
    {
        "bookingid": 5157
    },
    {
        "bookingid": 136
    },
    {
        "bookingid": 4305
    },
    {
        "bookingid": 4530
    },
    {
        "bookingid": 11012
    },
    {
        "bookingid": 14837
    },
    {
        "bookingid": 2928
    },
    {
        "bookingid": 10589
    },
    {
        "bookingid": 8259
    },
    {
        "bookingid": 11205
    },
    {
        "bookingid": 7517
    },
    {
        "bookingid": 4200
    },
    {
        "bookingid": 1951
    },
    {
        "bookingid": 4228
    },
    {
        "bookingid": 5802
    },
    {
        "bookingid": 13262
    },
    {
        "bookingid": 14411
    },
    {
        "bookingid": 12861
    },
    {
        "bookingid": 5724
    },
    {
        "bookingid": 6558
    },
    {
        "bookingid": 5232
    },
    {
        "bookingid": 10178
    },
    {
        "bookingid": 14338
    },
    {
        "bookingid": 4021
    },
    {
        "bookingid": 6337
    },
    {
        "bookingid": 2378
    },
    {
        "bookingid": 10726
    },
    {
        "bookingid": 5322
    },
    {
        "bookingid": 1306
    },
    {
        "bookingid": 10128
    },
    {
        "bookingid": 4106
    },
    {
        "bookingid": 1957
    },
    {
        "bookingid": 11265
    },
    {
        "bookingid": 9581
    },
    {
        "bookingid": 8635
    },
    {
        "bookingid": 262
    },
    {
        "bookingid": 5250
    },
    {
        "bookingid": 5896
    },
    {
        "bookingid": 1704
    },
    {
        "bookingid": 406
    },
    {
        "bookingid": 11359
    },
    {
        "bookingid": 13851
    },
    {
        "bookingid": 7977
    },
    {
        "bookingid": 12320
    },
    {
        "bookingid": 14364
    },
    {
        "bookingid": 1088
    },
    {
        "bookingid": 9584
    },
    {
        "bookingid": 10015
    },
    {
        "bookingid": 13930
    },
    {
        "bookingid": 13593
    },
    {
        "bookingid": 13008
    },
    {
        "bookingid": 14528
    },
    {
        "bookingid": 14357
    },
    {
        "bookingid": 13587
    },
    {
        "bookingid": 10818
    },
    {
        "bookingid": 3112
    },
    {
        "bookingid": 11364
    },
    {
        "bookingid": 10336
    },
    {
        "bookingid": 14840
    },
    {
        "bookingid": 8923
    },
    {
        "bookingid": 7699
    },
    {
        "bookingid": 805
    },
    {
        "bookingid": 14768
    },
    {
        "bookingid": 7564
    },
    {
        "bookingid": 12970
    },
    {
        "bookingid": 3611
    },
    {
        "bookingid": 14620
    },
    {
        "bookingid": 5740
    },
    {
        "bookingid": 7552
    },
    {
        "bookingid": 2428
    },
    {
        "bookingid": 9122
    },
    {
        "bookingid": 5856
    },
    {
        "bookingid": 447
    },
    {
        "bookingid": 3209
    },
    {
        "bookingid": 12208
    },
    {
        "bookingid": 3515
    },
    {
        "bookingid": 14375
    },
    {
        "bookingid": 4997
    },
    {
        "bookingid": 6434
    },
    {
        "bookingid": 8784
    },
    {
        "bookingid": 7438
    },
    {
        "bookingid": 2703
    },
    {
        "bookingid": 12598
    },
    {
        "bookingid": 9913
    },
    {
        "bookingid": 8299
    },
    {
        "bookingid": 6971
    },
    {
        "bookingid": 2205
    },
    {
        "bookingid": 9266
    },
    {
        "bookingid": 760
    },
    {
        "bookingid": 2834
    },
    {
        "bookingid": 4838
    },
    {
        "bookingid": 11343
    },
    {
        "bookingid": 3545
    },
    {
        "bookingid": 8436
    },
    {
        "bookingid": 13164
    },
    {
        "bookingid": 13243
    },
    {
        "bookingid": 10523
    },
    {
        "bookingid": 6608
    },
    {
        "bookingid": 13207
    },
    {
        "bookingid": 976
    },
    {
        "bookingid": 7403
    },
    {
        "bookingid": 13615
    },
    {
        "bookingid": 5746
    },
    {
        "bookingid": 13635
    },
    {
        "bookingid": 1379
    },
    {
        "bookingid": 2405
    },
    {
        "bookingid": 8281
    },
    {
        "bookingid": 7608
    },
    {
        "bookingid": 4575
    },
    {
        "bookingid": 11754
    },
    {
        "bookingid": 1230
    },
    {
        "bookingid": 269
    },
    {
        "bookingid": 6019
    },
    {
        "bookingid": 1450
    },
    {
        "bookingid": 12894
    },
    {
        "bookingid": 3645
    },
    {
        "bookingid": 13870
    },
    {
        "bookingid": 3414
    },
    {
        "bookingid": 8569
    },
    {
        "bookingid": 8098
    },
    {
        "bookingid": 6918
    },
    {
        "bookingid": 1672
    },
    {
        "bookingid": 2972
    },
    {
        "bookingid": 12585
    },
    {
        "bookingid": 8943
    },
    {
        "bookingid": 2903
    },
    {
        "bookingid": 11074
    },
    {
        "bookingid": 4311
    },
    {
        "bookingid": 12161
    },
    {
        "bookingid": 4418
    },
    {
        "bookingid": 5787
    },
    {
        "bookingid": 87
    },
    {
        "bookingid": 13838
    },
    {
        "bookingid": 4092
    },
    {
        "bookingid": 12179
    },
    {
        "bookingid": 10357
    },
    {
        "bookingid": 3153
    },
    {
        "bookingid": 11737
    },
    {
        "bookingid": 7956
    },
    {
        "bookingid": 1196
    },
    {
        "bookingid": 2845
    },
    {
        "bookingid": 7848
    },
    {
        "bookingid": 14365
    },
    {
        "bookingid": 1624
    },
    {
        "bookingid": 12275
    },
    {
        "bookingid": 4226
    },
    {
        "bookingid": 10847
    },
    {
        "bookingid": 11512
    },
    {
        "bookingid": 5107
    },
    {
        "bookingid": 3470
    },
    {
        "bookingid": 3982
    },
    {
        "bookingid": 9741
    },
    {
        "bookingid": 7135
    },
    {
        "bookingid": 8808
    },
    {
        "bookingid": 6697
    },
    {
        "bookingid": 9623
    },
    {
        "bookingid": 11080
    },
    {
        "bookingid": 13198
    },
    {
        "bookingid": 4118
    },
    {
        "bookingid": 4532
    },
    {
        "bookingid": 4344
    },
    {
        "bookingid": 6374
    },
    {
        "bookingid": 4400
    },
    {
        "bookingid": 3624
    },
    {
        "bookingid": 3333
    },
    {
        "bookingid": 4753
    },
    {
        "bookingid": 4449
    },
    {
        "bookingid": 8515
    },
    {
        "bookingid": 8314
    },
    {
        "bookingid": 2691
    },
    {
        "bookingid": 3177
    },
    {
        "bookingid": 8355
    },
    {
        "bookingid": 4075
    },
    {
        "bookingid": 12399
    },
    {
        "bookingid": 10386
    },
    {
        "bookingid": 13756
    },
    {
        "bookingid": 8757
    },
    {
        "bookingid": 8100
    },
    {
        "bookingid": 1829
    },
    {
        "bookingid": 5803
    },
    {
        "bookingid": 6285
    },
    {
        "bookingid": 7383
    },
    {
        "bookingid": 7543
    },
    {
        "bookingid": 14247
    },
    {
        "bookingid": 9293
    },
    {
        "bookingid": 3881
    },
    {
        "bookingid": 3600
    },
    {
        "bookingid": 14651
    },
    {
        "bookingid": 8884
    },
    {
        "bookingid": 5733
    },
    {
        "bookingid": 13247
    },
    {
        "bookingid": 9867
    },
    {
        "bookingid": 6009
    },
    {
        "bookingid": 7323
    },
    {
        "bookingid": 11362
    },
    {
        "bookingid": 8289
    },
    {
        "bookingid": 6318
    },
    {
        "bookingid": 195
    },
    {
        "bookingid": 7757
    },
    {
        "bookingid": 6794
    },
    {
        "bookingid": 1013
    },
    {
        "bookingid": 13603
    },
    {
        "bookingid": 7567
    },
    {
        "bookingid": 14168
    },
    {
        "bookingid": 7309
    },
    {
        "bookingid": 6129
    },
    {
        "bookingid": 9901
    },
    {
        "bookingid": 8255
    },
    {
        "bookingid": 1290
    },
    {
        "bookingid": 619
    },
    {
        "bookingid": 2758
    },
    {
        "bookingid": 8189
    },
    {
        "bookingid": 7886
    },
    {
        "bookingid": 13610
    },
    {
        "bookingid": 623
    },
    {
        "bookingid": 6966
    },
    {
        "bookingid": 9514
    },
    {
        "bookingid": 14435
    },
    {
        "bookingid": 14809
    },
    {
        "bookingid": 522
    },
    {
        "bookingid": 6778
    },
    {
        "bookingid": 214
    },
    {
        "bookingid": 1615
    },
    {
        "bookingid": 4172
    },
    {
        "bookingid": 5557
    },
    {
        "bookingid": 14776
    },
    {
        "bookingid": 2908
    },
    {
        "bookingid": 9961
    },
    {
        "bookingid": 7649
    },
    {
        "bookingid": 14127
    },
    {
        "bookingid": 7377
    },
    {
        "bookingid": 928
    },
    {
        "bookingid": 14636
    },
    {
        "bookingid": 8217
    },
    {
        "bookingid": 14524
    },
    {
        "bookingid": 13847
    },
    {
        "bookingid": 807
    },
    {
        "bookingid": 1334
    },
    {
        "bookingid": 5103
    },
    {
        "bookingid": 4488
    },
    {
        "bookingid": 12185
    },
    {
        "bookingid": 8379
    },
    {
        "bookingid": 3950
    },
    {
        "bookingid": 5561
    },
    {
        "bookingid": 6388
    },
    {
        "bookingid": 8794
    },
    {
        "bookingid": 13351
    },
    {
        "bookingid": 9275
    },
    {
        "bookingid": 10698
    },
    {
        "bookingid": 11160
    },
    {
        "bookingid": 1815
    },
    {
        "bookingid": 13464
    },
    {
        "bookingid": 13511
    },
    {
        "bookingid": 1641
    },
    {
        "bookingid": 12957
    },
    {
        "bookingid": 5778
    },
    {
        "bookingid": 6448
    },
    {
        "bookingid": 11913
    },
    {
        "bookingid": 7531
    },
    {
        "bookingid": 2625
    },
    {
        "bookingid": 7375
    },
    {
        "bookingid": 14349
    },
    {
        "bookingid": 11854
    },
    {
        "bookingid": 11534
    },
    {
        "bookingid": 13264
    },
    {
        "bookingid": 9652
    },
    {
        "bookingid": 8636
    },
    {
        "bookingid": 208
    },
    {
        "bookingid": 9379
    },
    {
        "bookingid": 11696
    },
    {
        "bookingid": 12201
    },
    {
        "bookingid": 12912
    },
    {
        "bookingid": 14626
    },
    {
        "bookingid": 14126
    },
    {
        "bookingid": 13679
    },
    {
        "bookingid": 3965
    },
    {
        "bookingid": 1456
    },
    {
        "bookingid": 9716
    },
    {
        "bookingid": 2083
    },
    {
        "bookingid": 4550
    },
    {
        "bookingid": 3035
    },
    {
        "bookingid": 6767
    },
    {
        "bookingid": 8464
    },
    {
        "bookingid": 4435
    },
    {
        "bookingid": 6657
    },
    {
        "bookingid": 10321
    },
    {
        "bookingid": 592
    },
    {
        "bookingid": 9116
    },
    {
        "bookingid": 654
    },
    {
        "bookingid": 14800
    },
    {
        "bookingid": 6557
    },
    {
        "bookingid": 7083
    },
    {
        "bookingid": 2208
    },
    {
        "bookingid": 5204
    },
    {
        "bookingid": 3327
    },
    {
        "bookingid": 1513
    },
    {
        "bookingid": 9301
    },
    {
        "bookingid": 8888
    },
    {
        "bookingid": 7884
    },
    {
        "bookingid": 14425
    },
    {
        "bookingid": 1794
    },
    {
        "bookingid": 4376
    },
    {
        "bookingid": 6817
    },
    {
        "bookingid": 5456
    },
    {
        "bookingid": 11115
    },
    {
        "bookingid": 2901
    },
    {
        "bookingid": 7364
    },
    {
        "bookingid": 981
    },
    {
        "bookingid": 3198
    },
    {
        "bookingid": 662
    },
    {
        "bookingid": 1959
    },
    {
        "bookingid": 14760
    },
    {
        "bookingid": 9285
    },
    {
        "bookingid": 10222
    },
    {
        "bookingid": 4817
    },
    {
        "bookingid": 10373
    },
    {
        "bookingid": 14016
    },
    {
        "bookingid": 1854
    },
    {
        "bookingid": 12910
    },
    {
        "bookingid": 12952
    },
    {
        "bookingid": 13950
    },
    {
        "bookingid": 14300
    },
    {
        "bookingid": 3316
    },
    {
        "bookingid": 14063
    },
    {
        "bookingid": 6211
    },
    {
        "bookingid": 7663
    },
    {
        "bookingid": 4805
    },
    {
        "bookingid": 1767
    },
    {
        "bookingid": 10409
    },
    {
        "bookingid": 1152
    },
    {
        "bookingid": 1525
    },
    {
        "bookingid": 6450
    },
    {
        "bookingid": 7266
    },
    {
        "bookingid": 5356
    },
    {
        "bookingid": 3243
    },
    {
        "bookingid": 10948
    },
    {
        "bookingid": 6756
    },
    {
        "bookingid": 12988
    },
    {
        "bookingid": 9900
    },
    {
        "bookingid": 10368
    },
    {
        "bookingid": 12669
    },
    {
        "bookingid": 7657
    },
    {
        "bookingid": 12469
    },
    {
        "bookingid": 4973
    },
    {
        "bookingid": 9241
    },
    {
        "bookingid": 4239
    },
    {
        "bookingid": 1983
    },
    {
        "bookingid": 2284
    },
    {
        "bookingid": 14072
    },
    {
        "bookingid": 5736
    },
    {
        "bookingid": 13205
    },
    {
        "bookingid": 12567
    },
    {
        "bookingid": 6115
    },
    {
        "bookingid": 4845
    },
    {
        "bookingid": 11077
    },
    {
        "bookingid": 9620
    },
    {
        "bookingid": 5926
    },
    {
        "bookingid": 2098
    },
    {
        "bookingid": 84
    },
    {
        "bookingid": 7408
    },
    {
        "bookingid": 14511
    },
    {
        "bookingid": 2981
    },
    {
        "bookingid": 14665
    },
    {
        "bookingid": 6262
    },
    {
        "bookingid": 6437
    },
    {
        "bookingid": 1042
    },
    {
        "bookingid": 14249
    },
    {
        "bookingid": 6906
    },
    {
        "bookingid": 5797
    },
    {
        "bookingid": 13539
    },
    {
        "bookingid": 13317
    },
    {
        "bookingid": 6265
    },
    {
        "bookingid": 11918
    },
    {
        "bookingid": 9715
    },
    {
        "bookingid": 3350
    },
    {
        "bookingid": 10554
    },
    {
        "bookingid": 4349
    },
    {
        "bookingid": 9112
    },
    {
        "bookingid": 3745
    },
    {
        "bookingid": 8543
    },
    {
        "bookingid": 5646
    },
    {
        "bookingid": 99
    },
    {
        "bookingid": 1438
    },
    {
        "bookingid": 5051
    },
    {
        "bookingid": 6757
    },
    {
        "bookingid": 10071
    },
    {
        "bookingid": 948
    },
    {
        "bookingid": 146
    },
    {
        "bookingid": 4924
    },
    {
        "bookingid": 13952
    },
    {
        "bookingid": 14334
    },
    {
        "bookingid": 14703
    },
    {
        "bookingid": 6351
    },
    {
        "bookingid": 8839
    },
    {
        "bookingid": 13166
    },
    {
        "bookingid": 2382
    },
    {
        "bookingid": 4373
    },
    {
        "bookingid": 2415
    },
    {
        "bookingid": 8747
    },
    {
        "bookingid": 7108
    },
    {
        "bookingid": 3335
    },
    {
        "bookingid": 14480
    },
    {
        "bookingid": 5860
    },
    {
        "bookingid": 10189
    },
    {
        "bookingid": 11291
    },
    {
        "bookingid": 10176
    },
    {
        "bookingid": 10790
    },
    {
        "bookingid": 7251
    },
    {
        "bookingid": 13633
    },
    {
        "bookingid": 9685
    },
    {
        "bookingid": 502
    },
    {
        "bookingid": 13032
    },
    {
        "bookingid": 1037
    },
    {
        "bookingid": 10044
    },
    {
        "bookingid": 4497
    },
    {
        "bookingid": 9381
    },
    {
        "bookingid": 6135
    },
    {
        "bookingid": 7397
    },
    {
        "bookingid": 8534
    },
    {
        "bookingid": 14648
    },
    {
        "bookingid": 2547
    },
    {
        "bookingid": 5502
    },
    {
        "bookingid": 12238
    },
    {
        "bookingid": 2350
    },
    {
        "bookingid": 14108
    },
    {
        "bookingid": 6267
    },
    {
        "bookingid": 713
    },
    {
        "bookingid": 11385
    },
    {
        "bookingid": 2263
    },
    {
        "bookingid": 5645
    },
    {
        "bookingid": 737
    },
    {
        "bookingid": 12435
    },
    {
        "bookingid": 1006
    },
    {
        "bookingid": 3735
    },
    {
        "bookingid": 9695
    },
    {
        "bookingid": 6658
    },
    {
        "bookingid": 5409
    },
    {
        "bookingid": 8680
    },
    {
        "bookingid": 14645
    },
    {
        "bookingid": 1522
    },
    {
        "bookingid": 8869
    },
    {
        "bookingid": 12297
    },
    {
        "bookingid": 1181
    },
    {
        "bookingid": 1019
    },
    {
        "bookingid": 8761
    },
    {
        "bookingid": 672
    },
    {
        "bookingid": 4811
    },
    {
        "bookingid": 14777
    },
    {
        "bookingid": 7199
    },
    {
        "bookingid": 3759
    },
    {
        "bookingid": 14305
    },
    {
        "bookingid": 10758
    },
    {
        "bookingid": 1783
    },
    {
        "bookingid": 14727
    },
    {
        "bookingid": 2150
    },
    {
        "bookingid": 4509
    },
    {
        "bookingid": 5550
    },
    {
        "bookingid": 5788
    },
    {
        "bookingid": 12490
    },
    {
        "bookingid": 3961
    },
    {
        "bookingid": 3716
    },
    {
        "bookingid": 6702
    },
    {
        "bookingid": 3659
    },
    {
        "bookingid": 9892
    },
    {
        "bookingid": 10539
    },
    {
        "bookingid": 10140
    },
    {
        "bookingid": 12026
    },
    {
        "bookingid": 5533
    },
    {
        "bookingid": 10885
    },
    {
        "bookingid": 2155
    },
    {
        "bookingid": 14165
    },
    {
        "bookingid": 6907
    },
    {
        "bookingid": 10690
    },
    {
        "bookingid": 13696
    },
    {
        "bookingid": 12081
    },
    {
        "bookingid": 14442
    },
    {
        "bookingid": 2121
    },
    {
        "bookingid": 9609
    },
    {
        "bookingid": 7446
    },
    {
        "bookingid": 2852
    },
    {
        "bookingid": 14706
    },
    {
        "bookingid": 8495
    },
    {
        "bookingid": 14495
    },
    {
        "bookingid": 14585
    },
    {
        "bookingid": 11586
    },
    {
        "bookingid": 12942
    },
    {
        "bookingid": 14005
    },
    {
        "bookingid": 11935
    },
    {
        "bookingid": 4727
    },
    {
        "bookingid": 7723
    },
    {
        "bookingid": 11463
    },
    {
        "bookingid": 14702
    },
    {
        "bookingid": 13805
    },
    {
        "bookingid": 584
    },
    {
        "bookingid": 6463
    },
    {
        "bookingid": 1956
    },
    {
        "bookingid": 1503
    },
    {
        "bookingid": 4864
    },
    {
        "bookingid": 3124
    },
    {
        "bookingid": 12620
    },
    {
        "bookingid": 2499
    },
    {
        "bookingid": 14788
    },
    {
        "bookingid": 8953
    },
    {
        "bookingid": 9306
    },
    {
        "bookingid": 2789
    },
    {
        "bookingid": 590
    },
    {
        "bookingid": 10248
    },
    {
        "bookingid": 10905
    },
    {
        "bookingid": 1415
    },
    {
        "bookingid": 11478
    },
    {
        "bookingid": 6511
    },
    {
        "bookingid": 4730
    },
    {
        "bookingid": 4313
    },
    {
        "bookingid": 1861
    },
    {
        "bookingid": 507
    },
    {
        "bookingid": 13921
    },
    {
        "bookingid": 13874
    },
    {
        "bookingid": 1238
    },
    {
        "bookingid": 4014
    },
    {
        "bookingid": 8858
    },
    {
        "bookingid": 5572
    },
    {
        "bookingid": 12245
    },
    {
        "bookingid": 14896
    },
    {
        "bookingid": 6323
    },
    {
        "bookingid": 865
    },
    {
        "bookingid": 1242
    },
    {
        "bookingid": 8029
    },
    {
        "bookingid": 7162
    },
    {
        "bookingid": 11977
    },
    {
        "bookingid": 13068
    },
    {
        "bookingid": 14316
    },
    {
        "bookingid": 6956
    },
    {
        "bookingid": 3518
    },
    {
        "bookingid": 1094
    },
    {
        "bookingid": 2734
    },
    {
        "bookingid": 12841
    },
    {
        "bookingid": 8428
    },
    {
        "bookingid": 5300
    },
    {
        "bookingid": 776
    },
    {
        "bookingid": 11220
    },
    {
        "bookingid": 9081
    },
    {
        "bookingid": 10793
    },
    {
        "bookingid": 2179
    },
    {
        "bookingid": 7529
    },
    {
        "bookingid": 1244
    },
    {
        "bookingid": 7454
    },
    {
        "bookingid": 2270
    },
    {
        "bookingid": 13120
    },
    {
        "bookingid": 12357
    },
    {
        "bookingid": 9890
    },
    {
        "bookingid": 692
    },
    {
        "bookingid": 1871
    },
    {
        "bookingid": 3423
    },
    {
        "bookingid": 9870
    },
    {
        "bookingid": 13637
    },
    {
        "bookingid": 14780
    },
    {
        "bookingid": 6696
    },
    {
        "bookingid": 7575
    },
    {
        "bookingid": 6476
    },
    {
        "bookingid": 13307
    },
    {
        "bookingid": 8852
    },
    {
        "bookingid": 1310
    },
    {
        "bookingid": 5169
    },
    {
        "bookingid": 11993
    },
    {
        "bookingid": 1655
    },
    {
        "bookingid": 11350
    },
    {
        "bookingid": 9957
    },
    {
        "bookingid": 10150
    },
    {
        "bookingid": 7169
    },
    {
        "bookingid": 12132
    },
    {
        "bookingid": 10670
    },
    {
        "bookingid": 5251
    },
    {
        "bookingid": 4457
    },
    {
        "bookingid": 4080
    },
    {
        "bookingid": 1786
    },
    {
        "bookingid": 2553
    },
    {
        "bookingid": 8431
    },
    {
        "bookingid": 6996
    },
    {
        "bookingid": 9711
    },
    {
        "bookingid": 10520
    },
    {
        "bookingid": 8283
    },
    {
        "bookingid": 5743
    },
    {
        "bookingid": 8366
    },
    {
        "bookingid": 4365
    },
    {
        "bookingid": 8163
    },
    {
        "bookingid": 14240
    },
    {
        "bookingid": 11721
    },
    {
        "bookingid": 11435
    },
    {
        "bookingid": 1933
    },
    {
        "bookingid": 10705
    },
    {
        "bookingid": 12684
    },
    {
        "bookingid": 13745
    },
    {
        "bookingid": 8012
    },
    {
        "bookingid": 11834
    },
    {
        "bookingid": 5791
    },
    {
        "bookingid": 12148
    },
    {
        "bookingid": 3158
    },
    {
        "bookingid": 8738
    },
    {
        "bookingid": 6356
    },
    {
        "bookingid": 7106
    },
    {
        "bookingid": 6429
    },
    {
        "bookingid": 7032
    },
    {
        "bookingid": 6666
    },
    {
        "bookingid": 14683
    },
    {
        "bookingid": 12649
    },
    {
        "bookingid": 8730
    },
    {
        "bookingid": 2732
    },
    {
        "bookingid": 965
    },
    {
        "bookingid": 1120
    },
    {
        "bookingid": 35
    },
    {
        "bookingid": 6042
    },
    {
        "bookingid": 1028
    },
    {
        "bookingid": 11377
    },
    {
        "bookingid": 8453
    },
    {
        "bookingid": 13
    },
    {
        "bookingid": 821
    },
    {
        "bookingid": 3009
    },
    {
        "bookingid": 11790
    },
    {
        "bookingid": 3204
    },
    {
        "bookingid": 14166
    },
    {
        "bookingid": 1858
    },
    {
        "bookingid": 9866
    },
    {
        "bookingid": 14782
    },
    {
        "bookingid": 10877
    },
    {
        "bookingid": 5217
    },
    {
        "bookingid": 13085
    },
    {
        "bookingid": 5151
    },
    {
        "bookingid": 7502
    },
    {
        "bookingid": 4598
    },
    {
        "bookingid": 5702
    },
    {
        "bookingid": 1597
    },
    {
        "bookingid": 1896
    },
    {
        "bookingid": 5979
    },
    {
        "bookingid": 9106
    },
    {
        "bookingid": 14466
    },
    {
        "bookingid": 954
    },
    {
        "bookingid": 13406
    },
    {
        "bookingid": 5183
    },
    {
        "bookingid": 13097
    },
    {
        "bookingid": 12377
    },
    {
        "bookingid": 2994
    },
    {
        "bookingid": 4078
    },
    {
        "bookingid": 6937
    },
    {
        "bookingid": 5819
    },
    {
        "bookingid": 1407
    },
    {
        "bookingid": 1355
    },
    {
        "bookingid": 1145
    },
    {
        "bookingid": 11936
    },
    {
        "bookingid": 13668
    },
    {
        "bookingid": 9268
    },
    {
        "bookingid": 9843
    },
    {
        "bookingid": 11611
    },
    {
        "bookingid": 3811
    },
    {
        "bookingid": 4255
    },
    {
        "bookingid": 9068
    },
    {
        "bookingid": 5606
    },
    {
        "bookingid": 2576
    },
    {
        "bookingid": 12965
    },
    {
        "bookingid": 11830
    },
    {
        "bookingid": 9313
    },
    {
        "bookingid": 13941
    },
    {
        "bookingid": 3454
    },
    {
        "bookingid": 7415
    },
    {
        "bookingid": 8493
    },
    {
        "bookingid": 5662
    },
    {
        "bookingid": 14035
    },
    {
        "bookingid": 2670
    },
    {
        "bookingid": 5748
    },
    {
        "bookingid": 14336
    },
    {
        "bookingid": 3125
    },
    {
        "bookingid": 4567
    },
    {
        "bookingid": 8919
    },
    {
        "bookingid": 125
    },
    {
        "bookingid": 7052
    },
    {
        "bookingid": 6393
    },
    {
        "bookingid": 5230
    },
    {
        "bookingid": 12133
    },
    {
        "bookingid": 1844
    },
    {
        "bookingid": 9787
    },
    {
        "bookingid": 2429
    },
    {
        "bookingid": 9451
    },
    {
        "bookingid": 3261
    },
    {
        "bookingid": 3946
    },
    {
        "bookingid": 8076
    },
    {
        "bookingid": 9863
    },
    {
        "bookingid": 10041
    },
    {
        "bookingid": 6170
    },
    {
        "bookingid": 3266
    },
    {
        "bookingid": 4248
    },
    {
        "bookingid": 13769
    },
    {
        "bookingid": 950
    },
    {
        "bookingid": 5187
    },
    {
        "bookingid": 13353
    },
    {
        "bookingid": 3838
    },
    {
        "bookingid": 10799
    },
    {
        "bookingid": 6136
    },
    {
        "bookingid": 14376
    },
    {
        "bookingid": 7423
    },
    {
        "bookingid": 3042
    },
    {
        "bookingid": 3751
    },
    {
        "bookingid": 5303
    },
    {
        "bookingid": 5167
    },
    {
        "bookingid": 11345
    },
    {
        "bookingid": 8
    },
    {
        "bookingid": 10285
    },
    {
        "bookingid": 14473
    },
    {
        "bookingid": 7247
    },
    {
        "bookingid": 10331
    },
    {
        "bookingid": 11
    },
    {
        "bookingid": 13025
    },
    {
        "bookingid": 6720
    },
    {
        "bookingid": 5607
    },
    {
        "bookingid": 4401
    },
    {
        "bookingid": 8400
    },
    {
        "bookingid": 7546
    },
    {
        "bookingid": 10287
    },
    {
        "bookingid": 11188
    },
    {
        "bookingid": 7243
    },
    {
        "bookingid": 12089
    },
    {
        "bookingid": 13693
    },
    {
        "bookingid": 14134
    },
    {
        "bookingid": 14443
    },
    {
        "bookingid": 3844
    },
    {
        "bookingid": 7717
    },
    {
        "bookingid": 13492
    },
    {
        "bookingid": 13060
    },
    {
        "bookingid": 12915
    },
    {
        "bookingid": 14519
    },
    {
        "bookingid": 5215
    },
    {
        "bookingid": 7551
    },
    {
        "bookingid": 14517
    },
    {
        "bookingid": 11006
    },
    {
        "bookingid": 11818
    },
    {
        "bookingid": 10384
    },
    {
        "bookingid": 6063
    },
    {
        "bookingid": 10094
    },
    {
        "bookingid": 14203
    },
    {
        "bookingid": 5566
    },
    {
        "bookingid": 3295
    },
    {
        "bookingid": 12742
    },
    {
        "bookingid": 7821
    },
    {
        "bookingid": 11394
    },
    {
        "bookingid": 13337
    },
    {
        "bookingid": 7989
    },
    {
        "bookingid": 9717
    },
    {
        "bookingid": 13094
    },
    {
        "bookingid": 5490
    },
    {
        "bookingid": 11635
    },
    {
        "bookingid": 7116
    },
    {
        "bookingid": 14676
    },
    {
        "bookingid": 10001
    },
    {
        "bookingid": 2599
    },
    {
        "bookingid": 9164
    },
    {
        "bookingid": 11131
    },
    {
        "bookingid": 4765
    },
    {
        "bookingid": 14140
    },
    {
        "bookingid": 236
    },
    {
        "bookingid": 14374
    },
    {
        "bookingid": 10945
    },
    {
        "bookingid": 12594
    },
    {
        "bookingid": 10817
    },
    {
        "bookingid": 9149
    },
    {
        "bookingid": 11583
    },
    {
        "bookingid": 455
    },
    {
        "bookingid": 7573
    },
    {
        "bookingid": 1079
    },
    {
        "bookingid": 5085
    },
    {
        "bookingid": 14117
    },
    {
        "bookingid": 12272
    },
    {
        "bookingid": 4733
    },
    {
        "bookingid": 2755
    },
    {
        "bookingid": 1535
    },
    {
        "bookingid": 6230
    },
    {
        "bookingid": 13291
    },
    {
        "bookingid": 13180
    },
    {
        "bookingid": 5682
    },
    {
        "bookingid": 2391
    },
    {
        "bookingid": 12329
    },
    {
        "bookingid": 6803
    },
    {
        "bookingid": 13387
    },
    {
        "bookingid": 9176
    },
    {
        "bookingid": 2835
    },
    {
        "bookingid": 2126
    },
    {
        "bookingid": 11649
    },
    {
        "bookingid": 7817
    },
    {
        "bookingid": 13537
    },
    {
        "bookingid": 11624
    },
    {
        "bookingid": 4466
    },
    {
        "bookingid": 10491
    },
    {
        "bookingid": 12136
    },
    {
        "bookingid": 2519
    },
    {
        "bookingid": 10038
    },
    {
        "bookingid": 13689
    },
    {
        "bookingid": 2638
    },
    {
        "bookingid": 4446
    },
    {
        "bookingid": 10747
    },
    {
        "bookingid": 11310
    },
    {
        "bookingid": 8122
    },
    {
        "bookingid": 5073
    },
    {
        "bookingid": 1323
    },
    {
        "bookingid": 1226
    },
    {
        "bookingid": 12029
    },
    {
        "bookingid": 1978
    },
    {
        "bookingid": 13504
    },
    {
        "bookingid": 8617
    },
    {
        "bookingid": 2980
    },
    {
        "bookingid": 3757
    },
    {
        "bookingid": 4699
    },
    {
        "bookingid": 6786
    },
    {
        "bookingid": 10200
    },
    {
        "bookingid": 10842
    },
    {
        "bookingid": 11896
    },
    {
        "bookingid": 3552
    },
    {
        "bookingid": 994
    },
    {
        "bookingid": 5929
    },
    {
        "bookingid": 970
    },
    {
        "bookingid": 1807
    },
    {
        "bookingid": 3276
    },
    {
        "bookingid": 11307
    },
    {
        "bookingid": 3718
    },
    {
        "bookingid": 8496
    },
    {
        "bookingid": 3
    },
    {
        "bookingid": 3341
    },
    {
        "bookingid": 2035
    },
    {
        "bookingid": 9779
    },
    {
        "bookingid": 4996
    },
    {
        "bookingid": 4533
    },
    {
        "bookingid": 6970
    },
    {
        "bookingid": 2761
    },
    {
        "bookingid": 1264
    },
    {
        "bookingid": 13787
    },
    {
        "bookingid": 12696
    },
    {
        "bookingid": 6241
    },
    {
        "bookingid": 6477
    },
    {
        "bookingid": 7340
    },
    {
        "bookingid": 8834
    },
    {
        "bookingid": 5945
    },
    {
        "bookingid": 3176
    },
    {
        "bookingid": 14012
    },
    {
        "bookingid": 13771
    },
    {
        "bookingid": 7831
    },
    {
        "bookingid": 14261
    },
    {
        "bookingid": 13849
    },
    {
        "bookingid": 4886
    },
    {
        "bookingid": 2138
    },
    {
        "bookingid": 1646
    },
    {
        "bookingid": 12058
    },
    {
        "bookingid": 453
    },
    {
        "bookingid": 11038
    },
    {
        "bookingid": 12311
    },
    {
        "bookingid": 5744
    },
    {
        "bookingid": 4775
    },
    {
        "bookingid": 9080
    },
    {
        "bookingid": 5090
    },
    {
        "bookingid": 13359
    },
    {
        "bookingid": 5170
    },
    {
        "bookingid": 12023
    },
    {
        "bookingid": 9128
    },
    {
        "bookingid": 7774
    },
    {
        "bookingid": 13652
    },
    {
        "bookingid": 4679
    },
    {
        "bookingid": 4432
    },
    {
        "bookingid": 5284
    },
    {
        "bookingid": 3093
    },
    {
        "bookingid": 11698
    },
    {
        "bookingid": 9464
    },
    {
        "bookingid": 2446
    },
    {
        "bookingid": 1026
    },
    {
        "bookingid": 8498
    },
    {
        "bookingid": 9148
    },
    {
        "bookingid": 13976
    },
    {
        "bookingid": 7904
    },
    {
        "bookingid": 2258
    },
    {
        "bookingid": 6973
    },
    {
        "bookingid": 7039
    },
    {
        "bookingid": 11522
    },
    {
        "bookingid": 7765
    },
    {
        "bookingid": 7793
    },
    {
        "bookingid": 9346
    },
    {
        "bookingid": 10397
    },
    {
        "bookingid": 4448
    },
    {
        "bookingid": 5154
    },
    {
        "bookingid": 3008
    },
    {
        "bookingid": 13071
    },
    {
        "bookingid": 5828
    },
    {
        "bookingid": 1469
    },
    {
        "bookingid": 12098
    },
    {
        "bookingid": 8565
    },
    {
        "bookingid": 12807
    },
    {
        "bookingid": 10967
    },
    {
        "bookingid": 1673
    },
    {
        "bookingid": 4474
    },
    {
        "bookingid": 14674
    },
    {
        "bookingid": 10804
    },
    {
        "bookingid": 14281
    },
    {
        "bookingid": 12413
    },
    {
        "bookingid": 11398
    },
    {
        "bookingid": 7763
    },
    {
        "bookingid": 6468
    },
    {
        "bookingid": 6104
    },
    {
        "bookingid": 2597
    },
    {
        "bookingid": 11247
    },
    {
        "bookingid": 8556
    },
    {
        "bookingid": 1521
    },
    {
        "bookingid": 11821
    },
    {
        "bookingid": 10125
    },
    {
        "bookingid": 2818
    },
    {
        "bookingid": 1151
    },
    {
        "bookingid": 67
    },
    {
        "bookingid": 13110
    },
    {
        "bookingid": 5955
    },
    {
        "bookingid": 4107
    },
    {
        "bookingid": 13500
    },
    {
        "bookingid": 10928
    },
    {
        "bookingid": 14831
    },
    {
        "bookingid": 9897
    },
    {
        "bookingid": 9062
    },
    {
        "bookingid": 2124
    },
    {
        "bookingid": 5266
    },
    {
        "bookingid": 7779
    },
    {
        "bookingid": 7681
    },
    {
        "bookingid": 6673
    },
    {
        "bookingid": 9636
    },
    {
        "bookingid": 10402
    },
    {
        "bookingid": 11193
    },
    {
        "bookingid": 2022
    },
    {
        "bookingid": 14367
    },
    {
        "bookingid": 2360
    },
    {
        "bookingid": 6723
    },
    {
        "bookingid": 10395
    },
    {
        "bookingid": 12462
    },
    {
        "bookingid": 1687
    },
    {
        "bookingid": 14779
    },
    {
        "bookingid": 1380
    },
    {
        "bookingid": 7665
    },
    {
        "bookingid": 5410
    },
    {
        "bookingid": 2957
    },
    {
        "bookingid": 13187
    },
    {
        "bookingid": 7261
    },
    {
        "bookingid": 5295
    },
    {
        "bookingid": 1924
    },
    {
        "bookingid": 10022
    },
    {
        "bookingid": 7488
    },
    {
        "bookingid": 7271
    },
    {
        "bookingid": 6621
    },
    {
        "bookingid": 8859
    },
    {
        "bookingid": 8544
    },
    {
        "bookingid": 1811
    },
    {
        "bookingid": 2586
    },
    {
        "bookingid": 8733
    },
    {
        "bookingid": 7689
    },
    {
        "bookingid": 5598
    },
    {
        "bookingid": 5111
    },
    {
        "bookingid": 6883
    },
    {
        "bookingid": 9486
    },
    {
        "bookingid": 13415
    },
    {
        "bookingid": 1760
    },
    {
        "bookingid": 11298
    },
    {
        "bookingid": 6972
    },
    {
        "bookingid": 12736
    },
    {
        "bookingid": 13146
    },
    {
        "bookingid": 9294
    },
    {
        "bookingid": 12286
    },
    {
        "bookingid": 1056
    },
    {
        "bookingid": 8179
    },
    {
        "bookingid": 9879
    },
    {
        "bookingid": 3228
    },
    {
        "bookingid": 6585
    },
    {
        "bookingid": 1008
    },
    {
        "bookingid": 1045
    },
    {
        "bookingid": 3159
    },
    {
        "bookingid": 10978
    },
    {
        "bookingid": 7727
    },
    {
        "bookingid": 14207
    },
    {
        "bookingid": 4378
    },
    {
        "bookingid": 11445
    },
    {
        "bookingid": 12325
    },
    {
        "bookingid": 2437
    },
    {
        "bookingid": 3688
    },
    {
        "bookingid": 3978
    },
    {
        "bookingid": 3865
    },
    {
        "bookingid": 957
    },
    {
        "bookingid": 1069
    },
    {
        "bookingid": 3107
    },
    {
        "bookingid": 12020
    },
    {
        "bookingid": 846
    },
    {
        "bookingid": 5468
    },
    {
        "bookingid": 3032
    },
    {
        "bookingid": 1927
    },
    {
        "bookingid": 837
    },
    {
        "bookingid": 14359
    },
    {
        "bookingid": 4097
    },
    {
        "bookingid": 6660
    },
    {
        "bookingid": 7618
    },
    {
        "bookingid": 9089
    },
    {
        "bookingid": 9978
    },
    {
        "bookingid": 4397
    },
    {
        "bookingid": 13273
    },
    {
        "bookingid": 14634
    },
    {
        "bookingid": 9402
    },
    {
        "bookingid": 6187
    },
    {
        "bookingid": 4639
    },
    {
        "bookingid": 894
    },
    {
        "bookingid": 8316
    },
    {
        "bookingid": 3590
    },
    {
        "bookingid": 14397
    },
    {
        "bookingid": 6594
    },
    {
        "bookingid": 2338
    },
    {
        "bookingid": 6408
    },
    {
        "bookingid": 939
    },
    {
        "bookingid": 5480
    },
    {
        "bookingid": 7863
    },
    {
        "bookingid": 7049
    },
    {
        "bookingid": 2924
    },
    {
        "bookingid": 5985
    },
    {
        "bookingid": 9914
    },
    {
        "bookingid": 10168
    },
    {
        "bookingid": 3917
    },
    {
        "bookingid": 8344
    },
    {
        "bookingid": 14170
    },
    {
        "bookingid": 8066
    },
    {
        "bookingid": 12079
    },
    {
        "bookingid": 14686
    },
    {
        "bookingid": 2682
    },
    {
        "bookingid": 12569
    },
    {
        "bookingid": 11535
    },
    {
        "bookingid": 8551
    },
    {
        "bookingid": 4892
    },
    {
        "bookingid": 2209
    },
    {
        "bookingid": 12276
    },
    {
        "bookingid": 5552
    },
    {
        "bookingid": 12703
    },
    {
        "bookingid": 710
    },
    {
        "bookingid": 14256
    },
    {
        "bookingid": 10615
    },
    {
        "bookingid": 7406
    },
    {
        "bookingid": 7571
    },
    {
        "bookingid": 3707
    },
    {
        "bookingid": 10713
    },
    {
        "bookingid": 3170
    },
    {
        "bookingid": 14485
    },
    {
        "bookingid": 9523
    },
    {
        "bookingid": 3800
    },
    {
        "bookingid": 7313
    },
    {
        "bookingid": 12986
    },
    {
        "bookingid": 1731
    },
    {
        "bookingid": 10404
    },
    {
        "bookingid": 2801
    },
    {
        "bookingid": 1139
    },
    {
        "bookingid": 5749
    },
    {
        "bookingid": 12194
    },
    {
        "bookingid": 7563
    },
    {
        "bookingid": 6449
    },
    {
        "bookingid": 8714
    },
    {
        "bookingid": 3760
    },
    {
        "bookingid": 9803
    },
    {
        "bookingid": 14607
    },
    {
        "bookingid": 2756
    },
    {
        "bookingid": 13348
    },
    {
        "bookingid": 4039
    },
    {
        "bookingid": 9557
    },
    {
        "bookingid": 8022
    },
    {
        "bookingid": 7046
    },
    {
        "bookingid": 11166
    },
    {
        "bookingid": 3939
    },
    {
        "bookingid": 7975
    },
    {
        "bookingid": 10622
    },
    {
        "bookingid": 3690
    },
    {
        "bookingid": 1594
    },
    {
        "bookingid": 4664
    },
    {
        "bookingid": 8979
    },
    {
        "bookingid": 10388
    },
    {
        "bookingid": 5595
    },
    {
        "bookingid": 701
    },
    {
        "bookingid": 4701
    },
    {
        "bookingid": 13581
    },
    {
        "bookingid": 7155
    },
    {
        "bookingid": 14245
    },
    {
        "bookingid": 11953
    },
    {
        "bookingid": 5540
    },
    {
        "bookingid": 2366
    },
    {
        "bookingid": 7165
    },
    {
        "bookingid": 10135
    },
    {
        "bookingid": 10104
    },
    {
        "bookingid": 11346
    },
    {
        "bookingid": 11684
    },
    {
        "bookingid": 7752
    },
    {
        "bookingid": 2288
    },
    {
        "bookingid": 12011
    },
    {
        "bookingid": 8208
    },
    {
        "bookingid": 3205
    },
    {
        "bookingid": 9690
    },
    {
        "bookingid": 10570
    },
    {
        "bookingid": 3713
    },
    {
        "bookingid": 12018
    },
    {
        "bookingid": 3232
    },
    {
        "bookingid": 384
    },
    {
        "bookingid": 5229
    },
    {
        "bookingid": 9599
    },
    {
        "bookingid": 1147
    },
    {
        "bookingid": 13569
    },
    {
        "bookingid": 10623
    },
    {
        "bookingid": 12655
    },
    {
        "bookingid": 6165
    },
    {
        "bookingid": 2026
    },
    {
        "bookingid": 2297
    },
    {
        "bookingid": 8557
    },
    {
        "bookingid": 7940
    },
    {
        "bookingid": 11789
    },
    {
        "bookingid": 597
    },
    {
        "bookingid": 10863
    },
    {
        "bookingid": 3899
    },
    {
        "bookingid": 10968
    },
    {
        "bookingid": 5553
    },
    {
        "bookingid": 8626
    },
    {
        "bookingid": 10202
    },
    {
        "bookingid": 14520
    },
    {
        "bookingid": 10733
    },
    {
        "bookingid": 1132
    },
    {
        "bookingid": 9246
    },
    {
        "bookingid": 13230
    },
    {
        "bookingid": 5987
    },
    {
        "bookingid": 2043
    },
    {
        "bookingid": 14308
    },
    {
        "bookingid": 12645
    },
    {
        "bookingid": 13665
    },
    {
        "bookingid": 3415
    },
    {
        "bookingid": 7677
    },
    {
        "bookingid": 7382
    },
    {
        "bookingid": 3383
    },
    {
        "bookingid": 3419
    },
    {
        "bookingid": 4406
    },
    {
        "bookingid": 9839
    },
    {
        "bookingid": 7735
    },
    {
        "bookingid": 8007
    },
    {
        "bookingid": 12789
    },
    {
        "bookingid": 10270
    },
    {
        "bookingid": 4463
    },
    {
        "bookingid": 4731
    },
    {
        "bookingid": 3783
    },
    {
        "bookingid": 904
    },
    {
        "bookingid": 3587
    },
    {
        "bookingid": 12301
    },
    {
        "bookingid": 13589
    },
    {
        "bookingid": 11593
    },
    {
        "bookingid": 10727
    },
    {
        "bookingid": 5121
    },
    {
        "bookingid": 11114
    },
    {
        "bookingid": 6391
    },
    {
        "bookingid": 2726
    },
    {
        "bookingid": 1908
    },
    {
        "bookingid": 5001
    },
    {
        "bookingid": 12086
    },
    {
        "bookingid": 8837
    },
    {
        "bookingid": 7263
    },
    {
        "bookingid": 11477
    },
    {
        "bookingid": 1633
    },
    {
        "bookingid": 6626
    },
    {
        "bookingid": 13114
    },
    {
        "bookingid": 13269
    },
    {
        "bookingid": 11240
    },
    {
        "bookingid": 4281
    },
    {
        "bookingid": 13928
    },
    {
        "bookingid": 10425
    },
    {
        "bookingid": 13988
    },
    {
        "bookingid": 9229
    },
    {
        "bookingid": 11472
    },
    {
        "bookingid": 1675
    },
    {
        "bookingid": 11798
    },
    {
        "bookingid": 8444
    },
    {
        "bookingid": 1765
    },
    {
        "bookingid": 3639
    },
    {
        "bookingid": 6647
    },
    {
        "bookingid": 14804
    },
    {
        "bookingid": 11514
    },
    {
        "bookingid": 11528
    },
    {
        "bookingid": 2180
    },
    {
        "bookingid": 7119
    },
    {
        "bookingid": 6002
    },
    {
        "bookingid": 382
    },
    {
        "bookingid": 13557
    },
    {
        "bookingid": 10408
    },
    {
        "bookingid": 3969
    },
    {
        "bookingid": 7704
    },
    {
        "bookingid": 5268
    },
    {
        "bookingid": 420
    },
    {
        "bookingid": 7819
    },
    {
        "bookingid": 10893
    },
    {
        "bookingid": 4486
    },
    {
        "bookingid": 8417
    },
    {
        "bookingid": 13365
    },
    {
        "bookingid": 13377
    },
    {
        "bookingid": 13241
    },
    {
        "bookingid": 11272
    },
    {
        "bookingid": 601
    },
    {
        "bookingid": 8872
    },
    {
        "bookingid": 97
    },
    {
        "bookingid": 10739
    },
    {
        "bookingid": 2104
    },
    {
        "bookingid": 28
    },
    {
        "bookingid": 8365
    },
    {
        "bookingid": 6168
    },
    {
        "bookingid": 7091
    },
    {
        "bookingid": 12518
    },
    {
        "bookingid": 6859
    },
    {
        "bookingid": 2668
    },
    {
        "bookingid": 4634
    },
    {
        "bookingid": 4148
    },
    {
        "bookingid": 1183
    },
    {
        "bookingid": 14688
    },
    {
        "bookingid": 9035
    },
    {
        "bookingid": 10043
    },
    {
        "bookingid": 5288
    },
    {
        "bookingid": 9009
    },
    {
        "bookingid": 6597
    },
    {
        "bookingid": 3689
    },
    {
        "bookingid": 142
    },
    {
        "bookingid": 755
    },
    {
        "bookingid": 11163
    },
    {
        "bookingid": 6915
    },
    {
        "bookingid": 9756
    },
    {
        "bookingid": 5378
    },
    {
        "bookingid": 5270
    },
    {
        "bookingid": 1370
    },
    {
        "bookingid": 3483
    },
    {
        "bookingid": 8853
    },
    {
        "bookingid": 11539
    },
    {
        "bookingid": 13527
    },
    {
        "bookingid": 10011
    },
    {
        "bookingid": 14851
    },
    {
        "bookingid": 3672
    },
    {
        "bookingid": 4541
    },
    {
        "bookingid": 4704
    },
    {
        "bookingid": 10488
    },
    {
        "bookingid": 4282
    },
    {
        "bookingid": 8671
    },
    {
        "bookingid": 14129
    },
    {
        "bookingid": 12728
    },
    {
        "bookingid": 10157
    },
    {
        "bookingid": 9776
    },
    {
        "bookingid": 8473
    },
    {
        "bookingid": 10907
    },
    {
        "bookingid": 2187
    },
    {
        "bookingid": 14669
    },
    {
        "bookingid": 1119
    },
    {
        "bookingid": 6591
    },
    {
        "bookingid": 14694
    },
    {
        "bookingid": 3546
    },
    {
        "bookingid": 4673
    },
    {
        "bookingid": 4759
    },
    {
        "bookingid": 1714
    },
    {
        "bookingid": 1011
    },
    {
        "bookingid": 11232
    },
    {
        "bookingid": 9070
    },
    {
        "bookingid": 6635
    },
    {
        "bookingid": 10180
    },
    {
        "bookingid": 8567
    },
    {
        "bookingid": 6735
    },
    {
        "bookingid": 6133
    },
    {
        "bookingid": 3572
    },
    {
        "bookingid": 12498
    },
    {
        "bookingid": 8080
    },
    {
        "bookingid": 13035
    },
    {
        "bookingid": 9382
    },
    {
        "bookingid": 13942
    },
    {
        "bookingid": 12856
    },
    {
        "bookingid": 4906
    },
    {
        "bookingid": 7222
    },
    {
        "bookingid": 11090
    },
    {
        "bookingid": 10245
    },
    {
        "bookingid": 14409
    },
    {
        "bookingid": 39
    },
    {
        "bookingid": 6535
    },
    {
        "bookingid": 10985
    },
    {
        "bookingid": 14641
    },
    {
        "bookingid": 2236
    },
    {
        "bookingid": 2540
    },
    {
        "bookingid": 2824
    },
    {
        "bookingid": 7150
    },
    {
        "bookingid": 7021
    },
    {
        "bookingid": 3242
    },
    {
        "bookingid": 6941
    },
    {
        "bookingid": 8315
    },
    {
        "bookingid": 14628
    },
    {
        "bookingid": 14680
    },
    {
        "bookingid": 14691
    },
    {
        "bookingid": 4496
    },
    {
        "bookingid": 13286
    },
    {
        "bookingid": 10564
    },
    {
        "bookingid": 6263
    },
    {
        "bookingid": 10318
    },
    {
        "bookingid": 9694
    },
    {
        "bookingid": 2644
    },
    {
        "bookingid": 3724
    },
    {
        "bookingid": 9772
    },
    {
        "bookingid": 7800
    },
    {
        "bookingid": 3440
    },
    {
        "bookingid": 7316
    },
    {
        "bookingid": 3007
    },
    {
        "bookingid": 6180
    },
    {
        "bookingid": 11182
    },
    {
        "bookingid": 2727
    },
    {
        "bookingid": 7601
    },
    {
        "bookingid": 13263
    },
    {
        "bookingid": 11763
    },
    {
        "bookingid": 14448
    },
    {
        "bookingid": 814
    },
    {
        "bookingid": 3237
    },
    {
        "bookingid": 2162
    },
    {
        "bookingid": 11634
    },
    {
        "bookingid": 8125
    },
    {
        "bookingid": 14534
    },
    {
        "bookingid": 11183
    },
    {
        "bookingid": 5711
    },
    {
        "bookingid": 12647
    },
    {
        "bookingid": 12419
    },
    {
        "bookingid": 12791
    },
    {
        "bookingid": 6747
    },
    {
        "bookingid": 12749
    },
    {
        "bookingid": 3913
    },
    {
        "bookingid": 4833
    },
    {
        "bookingid": 9288
    },
    {
        "bookingid": 13808
    },
    {
        "bookingid": 2731
    },
    {
        "bookingid": 4666
    },
    {
        "bookingid": 5242
    },
    {
        "bookingid": 14097
    },
    {
        "bookingid": 6713
    },
    {
        "bookingid": 9692
    },
    {
        "bookingid": 7214
    },
    {
        "bookingid": 1723
    },
    {
        "bookingid": 14635
    },
    {
        "bookingid": 1926
    },
    {
        "bookingid": 2457
    },
    {
        "bookingid": 14611
    },
    {
        "bookingid": 12522
    },
    {
        "bookingid": 11850
    },
    {
        "bookingid": 7614
    },
    {
        "bookingid": 2119
    },
    {
        "bookingid": 1398
    },
    {
        "bookingid": 12730
    },
    {
        "bookingid": 10669
    },
    {
        "bookingid": 3561
    },
    {
        "bookingid": 6533
    },
    {
        "bookingid": 5583
    },
    {
        "bookingid": 11862
    },
    {
        "bookingid": 5940
    },
    {
        "bookingid": 10247
    },
    {
        "bookingid": 10274
    },
    {
        "bookingid": 13956
    },
    {
        "bookingid": 7158
    },
    {
        "bookingid": 3218
    },
    {
        "bookingid": 10855
    },
    {
        "bookingid": 1694
    },
    {
        "bookingid": 13909
    },
    {
        "bookingid": 5377
    },
    {
        "bookingid": 5814
    },
    {
        "bookingid": 9163
    },
    {
        "bookingid": 3145
    },
    {
        "bookingid": 13466
    },
    {
        "bookingid": 3308
    },
    {
        "bookingid": 989
    },
    {
        "bookingid": 1728
    },
    {
        "bookingid": 11654
    },
    {
        "bookingid": 3910
    },
    {
        "bookingid": 1839
    },
    {
        "bookingid": 4445
    },
    {
        "bookingid": 2707
    },
    {
        "bookingid": 5544
    },
    {
        "bookingid": 5313
    },
    {
        "bookingid": 4044
    },
    {
        "bookingid": 10953
    },
    {
        "bookingid": 769
    },
    {
        "bookingid": 14399
    },
    {
        "bookingid": 3071
    },
    {
        "bookingid": 14666
    },
    {
        "bookingid": 14299
    },
    {
        "bookingid": 5917
    },
    {
        "bookingid": 3312
    },
    {
        "bookingid": 13047
    },
    {
        "bookingid": 12557
    },
    {
        "bookingid": 9171
    },
    {
        "bookingid": 5895
    },
    {
        "bookingid": 8657
    },
    {
        "bookingid": 8034
    },
    {
        "bookingid": 3505
    },
    {
        "bookingid": 14597
    },
    {
        "bookingid": 2797
    },
    {
        "bookingid": 9099
    },
    {
        "bookingid": 4837
    },
    {
        "bookingid": 8893
    },
    {
        "bookingid": 7297
    },
    {
        "bookingid": 4253
    },
    {
        "bookingid": 7696
    },
    {
        "bookingid": 13987
    },
    {
        "bookingid": 3192
    },
    {
        "bookingid": 12882
    },
    {
        "bookingid": 12233
    },
    {
        "bookingid": 1625
    },
    {
        "bookingid": 3680
    },
    {
        "bookingid": 10648
    },
    {
        "bookingid": 2386
    },
    {
        "bookingid": 8764
    },
    {
        "bookingid": 10688
    },
    {
        "bookingid": 13059
    },
    {
        "bookingid": 14160
    },
    {
        "bookingid": 3100
    },
    {
        "bookingid": 131
    },
    {
        "bookingid": 10553
    },
    {
        "bookingid": 6184
    },
    {
        "bookingid": 5652
    },
    {
        "bookingid": 10613
    },
    {
        "bookingid": 6118
    },
    {
        "bookingid": 12552
    },
    {
        "bookingid": 5124
    },
    {
        "bookingid": 12302
    },
    {
        "bookingid": 2922
    },
    {
        "bookingid": 7554
    },
    {
        "bookingid": 8305
    },
    {
        "bookingid": 4336
    },
    {
        "bookingid": 127
    },
    {
        "bookingid": 3544
    },
    {
        "bookingid": 7392
    },
    {
        "bookingid": 7555
    },
    {
        "bookingid": 6150
    },
    {
        "bookingid": 1502
    },
    {
        "bookingid": 14744
    },
    {
        "bookingid": 12452
    },
    {
        "bookingid": 4196
    },
    {
        "bookingid": 9665
    },
    {
        "bookingid": 10734
    },
    {
        "bookingid": 5850
    },
    {
        "bookingid": 1140
    },
    {
        "bookingid": 606
    },
    {
        "bookingid": 9929
    },
    {
        "bookingid": 7767
    },
    {
        "bookingid": 5009
    },
    {
        "bookingid": 3370
    },
    {
        "bookingid": 4293
    },
    {
        "bookingid": 12139
    },
    {
        "bookingid": 2543
    },
    {
        "bookingid": 3055
    },
    {
        "bookingid": 14387
    },
    {
        "bookingid": 5905
    },
    {
        "bookingid": 5575
    },
    {
        "bookingid": 8111
    },
    {
        "bookingid": 13417
    },
    {
        "bookingid": 9987
    },
    {
        "bookingid": 6166
    },
    {
        "bookingid": 11897
    },
    {
        "bookingid": 5040
    },
    {
        "bookingid": 10472
    },
    {
        "bookingid": 11847
    },
    {
        "bookingid": 5992
    },
    {
        "bookingid": 6203
    },
    {
        "bookingid": 12924
    },
    {
        "bookingid": 8715
    },
    {
        "bookingid": 9558
    },
    {
        "bookingid": 11222
    },
    {
        "bookingid": 4618
    },
    {
        "bookingid": 9161
    },
    {
        "bookingid": 12692
    },
    {
        "bookingid": 2464
    },
    {
        "bookingid": 6056
    },
    {
        "bookingid": 5707
    },
    {
        "bookingid": 10164
    },
    {
        "bookingid": 9588
    },
    {
        "bookingid": 5253
    },
    {
        "bookingid": 2167
    },
    {
        "bookingid": 661
    },
    {
        "bookingid": 12798
    },
    {
        "bookingid": 860
    },
    {
        "bookingid": 7445
    },
    {
        "bookingid": 10755
    },
    {
        "bookingid": 2321
    },
    {
        "bookingid": 14743
    },
    {
        "bookingid": 4724
    },
    {
        "bookingid": 12570
    },
    {
        "bookingid": 11143
    },
    {
        "bookingid": 5608
    },
    {
        "bookingid": 6862
    },
    {
        "bookingid": 2660
    },
    {
        "bookingid": 480
    },
    {
        "bookingid": 4084
    },
    {
        "bookingid": 6266
    },
    {
        "bookingid": 10229
    },
    {
        "bookingid": 10567
    },
    {
        "bookingid": 11920
    },
    {
        "bookingid": 3744
    },
    {
        "bookingid": 5732
    },
    {
        "bookingid": 8004
    },
    {
        "bookingid": 9316
    },
    {
        "bookingid": 10718
    },
    {
        "bookingid": 9333
    },
    {
        "bookingid": 8225
    },
    {
        "bookingid": 13596
    },
    {
        "bookingid": 13861
    },
    {
        "bookingid": 11325
    },
    {
        "bookingid": 2936
    },
    {
        "bookingid": 7814
    },
    {
        "bookingid": 2848
    },
    {
        "bookingid": 5306
    },
    {
        "bookingid": 2584
    },
    {
        "bookingid": 12438
    },
    {
        "bookingid": 4761
    },
    {
        "bookingid": 6000
    },
    {
        "bookingid": 8418
    },
    {
        "bookingid": 12172
    },
    {
        "bookingid": 10537
    },
    {
        "bookingid": 9831
    },
    {
        "bookingid": 3428
    },
    {
        "bookingid": 2800
    },
    {
        "bookingid": 6160
    },
    {
        "bookingid": 7640
    },
    {
        "bookingid": 12768
    },
    {
        "bookingid": 8490
    },
    {
        "bookingid": 6495
    },
    {
        "bookingid": 3792
    },
    {
        "bookingid": 11589
    },
    {
        "bookingid": 4574
    },
    {
        "bookingid": 12273
    },
    {
        "bookingid": 1943
    },
    {
        "bookingid": 3894
    },
    {
        "bookingid": 13959
    },
    {
        "bookingid": 13082
    },
    {
        "bookingid": 2525
    },
    {
        "bookingid": 779
    },
    {
        "bookingid": 9888
    },
    {
        "bookingid": 11118
    },
    {
        "bookingid": 5679
    },
    {
        "bookingid": 3828
    },
    {
        "bookingid": 4205
    },
    {
        "bookingid": 10309
    },
    {
        "bookingid": 2643
    },
    {
        "bookingid": 11838
    },
    {
        "bookingid": 362
    },
    {
        "bookingid": 6233
    },
    {
        "bookingid": 9594
    },
    {
        "bookingid": 820
    },
    {
        "bookingid": 10486
    },
    {
        "bookingid": 9468
    },
    {
        "bookingid": 10708
    },
    {
        "bookingid": 6928
    },
    {
        "bookingid": 204
    },
    {
        "bookingid": 13242
    },
    {
        "bookingid": 4766
    },
    {
        "bookingid": 59
    },
    {
        "bookingid": 1362
    },
    {
        "bookingid": 1747
    },
    {
        "bookingid": 4113
    },
    {
        "bookingid": 4470
    },
    {
        "bookingid": 13473
    },
    {
        "bookingid": 4458
    },
    {
        "bookingid": 6791
    },
    {
        "bookingid": 5806
    },
    {
        "bookingid": 6600
    },
    {
        "bookingid": 3111
    },
    {
        "bookingid": 7562
    },
    {
        "bookingid": 9502
    },
    {
        "bookingid": 12573
    },
    {
        "bookingid": 11861
    },
    {
        "bookingid": 7168
    },
    {
        "bookingid": 14825
    },
    {
        "bookingid": 13622
    },
    {
        "bookingid": 6130
    },
    {
        "bookingid": 10507
    },
    {
        "bookingid": 5804
    },
    {
        "bookingid": 4843
    },
    {
        "bookingid": 1289
    },
    {
        "bookingid": 9988
    },
    {
        "bookingid": 6179
    },
    {
        "bookingid": 14890
    },
    {
        "bookingid": 14342
    },
    {
        "bookingid": 8831
    },
    {
        "bookingid": 1399
    },
    {
        "bookingid": 11870
    },
    {
        "bookingid": 13957
    },
    {
        "bookingid": 7827
    },
    {
        "bookingid": 6087
    },
    {
        "bookingid": 3778
    },
    {
        "bookingid": 14462
    },
    {
        "bookingid": 4058
    },
    {
        "bookingid": 13170
    },
    {
        "bookingid": 14315
    },
    {
        "bookingid": 11057
    },
    {
        "bookingid": 14469
    },
    {
        "bookingid": 12604
    },
    {
        "bookingid": 10365
    },
    {
        "bookingid": 693
    },
    {
        "bookingid": 2695
    },
    {
        "bookingid": 2560
    },
    {
        "bookingid": 1986
    },
    {
        "bookingid": 7449
    },
    {
        "bookingid": 7096
    },
    {
        "bookingid": 6143
    },
    {
        "bookingid": 6638
    },
    {
        "bookingid": 13631
    },
    {
        "bookingid": 14330
    },
    {
        "bookingid": 13007
    },
    {
        "bookingid": 11208
    },
    {
        "bookingid": 7409
    },
    {
        "bookingid": 655
    },
    {
        "bookingid": 11455
    },
    {
        "bookingid": 938
    },
    {
        "bookingid": 181
    },
    {
        "bookingid": 12820
    },
    {
        "bookingid": 6538
    },
    {
        "bookingid": 8996
    },
    {
        "bookingid": 1795
    },
    {
        "bookingid": 11449
    },
    {
        "bookingid": 7115
    },
    {
        "bookingid": 851
    },
    {
        "bookingid": 13611
    },
    {
        "bookingid": 10377
    },
    {
        "bookingid": 3026
    },
    {
        "bookingid": 5530
    },
    {
        "bookingid": 2999
    },
    {
        "bookingid": 3737
    },
    {
        "bookingid": 14805
    },
    {
        "bookingid": 4296
    },
    {
        "bookingid": 1063
    },
    {
        "bookingid": 14423
    },
    {
        "bookingid": 12690
    },
    {
        "bookingid": 10522
    },
    {
        "bookingid": 3511
    },
    {
        "bookingid": 11943
    },
    {
        "bookingid": 4040
    },
    {
        "bookingid": 7237
    },
    {
        "bookingid": 9380
    },
    {
        "bookingid": 6125
    },
    {
        "bookingid": 4155
    },
    {
        "bookingid": 9390
    },
    {
        "bookingid": 11740
    },
    {
        "bookingid": 8162
    },
    {
        "bookingid": 12420
    },
    {
        "bookingid": 6465
    },
    {
        "bookingid": 4719
    },
    {
        "bookingid": 11018
    },
    {
        "bookingid": 7372
    },
    {
        "bookingid": 5360
    },
    {
        "bookingid": 1584
    },
    {
        "bookingid": 5340
    },
    {
        "bookingid": 4871
    },
    {
        "bookingid": 3410
    },
    {
        "bookingid": 4698
    },
    {
        "bookingid": 6546
    },
    {
        "bookingid": 2610
    },
    {
        "bookingid": 1390
    },
    {
        "bookingid": 2645
    },
    {
        "bookingid": 8329
    },
    {
        "bookingid": 9628
    },
    {
        "bookingid": 6860
    },
    {
        "bookingid": 9271
    },
    {
        "bookingid": 7280
    },
    {
        "bookingid": 13891
    },
    {
        "bookingid": 2590
    },
    {
        "bookingid": 11968
    },
    {
        "bookingid": 12508
    },
    {
        "bookingid": 4198
    },
    {
        "bookingid": 14156
    },
    {
        "bookingid": 12886
    },
    {
        "bookingid": 11900
    },
    {
        "bookingid": 888
    },
    {
        "bookingid": 11601
    },
    {
        "bookingid": 3677
    },
    {
        "bookingid": 14862
    },
    {
        "bookingid": 1961
    },
    {
        "bookingid": 4635
    },
    {
        "bookingid": 3567
    },
    {
        "bookingid": 971
    },
    {
        "bookingid": 14138
    },
    {
        "bookingid": 4975
    },
    {
        "bookingid": 11659
    },
    {
        "bookingid": 1596
    },
    {
        "bookingid": 1023
    },
    {
        "bookingid": 5199
    },
    {
        "bookingid": 5590
    },
    {
        "bookingid": 5294
    },
    {
        "bookingid": 10723
    },
    {
        "bookingid": 5471
    },
    {
        "bookingid": 4681
    },
    {
        "bookingid": 5712
    },
    {
        "bookingid": 8667
    },
    {
        "bookingid": 2555
    },
    {
        "bookingid": 10217
    },
    {
        "bookingid": 8752
    },
    {
        "bookingid": 14455
    },
    {
        "bookingid": 13506
    },
    {
        "bookingid": 811
    },
    {
        "bookingid": 12481
    },
    {
        "bookingid": 6715
    },
    {
        "bookingid": 6484
    },
    {
        "bookingid": 4192
    },
    {
        "bookingid": 10446
    },
    {
        "bookingid": 4572
    },
    {
        "bookingid": 3613
    },
    {
        "bookingid": 6797
    },
    {
        "bookingid": 347
    },
    {
        "bookingid": 1982
    },
    {
        "bookingid": 5501
    },
    {
        "bookingid": 5661
    },
    {
        "bookingid": 4099
    },
    {
        "bookingid": 12804
    },
    {
        "bookingid": 849
    },
    {
        "bookingid": 3708
    },
    {
        "bookingid": 4394
    },
    {
        "bookingid": 4985
    },
    {
        "bookingid": 14850
    },
    {
        "bookingid": 9203
    },
    {
        "bookingid": 14874
    },
    {
        "bookingid": 12756
    },
    {
        "bookingid": 13432
    },
    {
        "bookingid": 7098
    },
    {
        "bookingid": 1291
    },
    {
        "bookingid": 10583
    },
    {
        "bookingid": 651
    },
    {
        "bookingid": 9456
    },
    {
        "bookingid": 10922
    },
    {
        "bookingid": 11655
    },
    {
        "bookingid": 8608
    },
    {
        "bookingid": 8341
    },
    {
        "bookingid": 10211
    },
    {
        "bookingid": 12793
    },
    {
        "bookingid": 13567
    },
    {
        "bookingid": 14659
    },
    {
        "bookingid": 9325
    },
    {
        "bookingid": 5990
    },
    {
        "bookingid": 2101
    },
    {
        "bookingid": 6524
    },
    {
        "bookingid": 12769
    },
    {
        "bookingid": 495
    },
    {
        "bookingid": 8240
    },
    {
        "bookingid": 6191
    },
    {
        "bookingid": 6238
    },
    {
        "bookingid": 14114
    },
    {
        "bookingid": 14717
    },
    {
        "bookingid": 6900
    },
    {
        "bookingid": 14373
    },
    {
        "bookingid": 6825
    },
    {
        "bookingid": 4020
    },
    {
        "bookingid": 4829
    },
    {
        "bookingid": 9614
    },
    {
        "bookingid": 335
    },
    {
        "bookingid": 13129
    },
    {
        "bookingid": 3907
    },
    {
        "bookingid": 253
    },
    {
        "bookingid": 8321
    },
    {
        "bookingid": 14069
    },
    {
        "bookingid": 2276
    },
    {
        "bookingid": 10660
    },
    {
        "bookingid": 3671
    },
    {
        "bookingid": 6269
    },
    {
        "bookingid": 2049
    },
    {
        "bookingid": 13935
    },
    {
        "bookingid": 802
    },
    {
        "bookingid": 6876
    },
    {
        "bookingid": 10785
    },
    {
        "bookingid": 3390
    },
    {
        "bookingid": 14372
    },
    {
        "bookingid": 2057
    },
    {
        "bookingid": 9286
    },
    {
        "bookingid": 188
    },
    {
        "bookingid": 10658
    },
    {
        "bookingid": 2344
    },
    {
        "bookingid": 8916
    },
    {
        "bookingid": 2152
    },
    {
        "bookingid": 14764
    },
    {
        "bookingid": 8659
    },
    {
        "bookingid": 2110
    },
    {
        "bookingid": 9774
    },
    {
        "bookingid": 2639
    },
    {
        "bookingid": 14195
    },
    {
        "bookingid": 4815
    },
    {
        "bookingid": 8499
    },
    {
        "bookingid": 7913
    },
    {
        "bookingid": 2882
    },
    {
        "bookingid": 923
    },
    {
        "bookingid": 8063
    },
    {
        "bookingid": 7820
    },
    {
        "bookingid": 10888
    },
    {
        "bookingid": 389
    },
    {
        "bookingid": 11122
    },
    {
        "bookingid": 3503
    },
    {
        "bookingid": 5881
    },
    {
        "bookingid": 6358
    },
    {
        "bookingid": 3449
    },
    {
        "bookingid": 11598
    },
    {
        "bookingid": 9428
    },
    {
        "bookingid": 7545
    },
    {
        "bookingid": 1899
    },
    {
        "bookingid": 6934
    },
    {
        "bookingid": 3189
    },
    {
        "bookingid": 3031
    },
    {
        "bookingid": 8818
    },
    {
        "bookingid": 13375
    },
    {
        "bookingid": 57
    },
    {
        "bookingid": 1071
    },
    {
        "bookingid": 3934
    },
    {
        "bookingid": 13363
    },
    {
        "bookingid": 8064
    },
    {
        "bookingid": 10998
    },
    {
        "bookingid": 9587
    },
    {
        "bookingid": 2065
    },
    {
        "bookingid": 5877
    },
    {
        "bookingid": 7164
    },
    {
        "bookingid": 10679
    },
    {
        "bookingid": 13056
    },
    {
        "bookingid": 9991
    },
    {
        "bookingid": 2549
    },
    {
        "bookingid": 9570
    },
    {
        "bookingid": 12401
    },
    {
        "bookingid": 12173
    },
    {
        "bookingid": 9849
    },
    {
        "bookingid": 11308
    },
    {
        "bookingid": 12998
    },
    {
        "bookingid": 2027
    },
    {
        "bookingid": 5216
    },
    {
        "bookingid": 11256
    },
    {
        "bookingid": 12038
    },
    {
        "bookingid": 2886
    },
    {
        "bookingid": 419
    },
    {
        "bookingid": 6653
    },
    {
        "bookingid": 8262
    },
    {
        "bookingid": 7900
    },
    {
        "bookingid": 690
    },
    {
        "bookingid": 12050
    },
    {
        "bookingid": 11363
    },
    {
        "bookingid": 2978
    },
    {
        "bookingid": 3793
    },
    {
        "bookingid": 6690
    },
    {
        "bookingid": 5878
    },
    {
        "bookingid": 1149
    },
    {
        "bookingid": 3933
    },
    {
        "bookingid": 4121
    },
    {
        "bookingid": 7947
    },
    {
        "bookingid": 14401
    },
    {
        "bookingid": 14542
    },
    {
        "bookingid": 6171
    },
    {
        "bookingid": 7826
    },
    {
        "bookingid": 12248
    },
    {
        "bookingid": 14558
    },
    {
        "bookingid": 7428
    },
    {
        "bookingid": 5975
    },
    {
        "bookingid": 12260
    },
    {
        "bookingid": 2614
    },
    {
        "bookingid": 6977
    },
    {
        "bookingid": 2762
    },
    {
        "bookingid": 7203
    },
    {
        "bookingid": 13027
    },
    {
        "bookingid": 10576
    },
    {
        "bookingid": 5904
    },
    {
        "bookingid": 3758
    },
    {
        "bookingid": 11471
    },
    {
        "bookingid": 1457
    },
    {
        "bookingid": 11714
    },
    {
        "bookingid": 3578
    },
    {
        "bookingid": 7361
    },
    {
        "bookingid": 8678
    },
    {
        "bookingid": 272
    },
    {
        "bookingid": 11827
    },
    {
        "bookingid": 3168
    },
    {
        "bookingid": 11603
    },
    {
        "bookingid": 12881
    },
    {
        "bookingid": 2486
    },
    {
        "bookingid": 11969
    },
    {
        "bookingid": 5870
    },
    {
        "bookingid": 700
    },
    {
        "bookingid": 6097
    },
    {
        "bookingid": 6985
    },
    {
        "bookingid": 5020
    },
    {
        "bookingid": 37
    },
    {
        "bookingid": 9001
    },
    {
        "bookingid": 1613
    },
    {
        "bookingid": 8486
    },
    {
        "bookingid": 14615
    },
    {
        "bookingid": 1195
    },
    {
        "bookingid": 14311
    },
    {
        "bookingid": 5624
    },
    {
        "bookingid": 12043
    },
    {
        "bookingid": 10326
    },
    {
        "bookingid": 12543
    },
    {
        "bookingid": 10000
    },
    {
        "bookingid": 12587
    },
    {
        "bookingid": 12556
    },
    {
        "bookingid": 14077
    },
    {
        "bookingid": 968
    },
    {
        "bookingid": 3549
    },
    {
        "bookingid": 11957
    },
    {
        "bookingid": 2630
    },
    {
        "bookingid": 13900
    },
    {
        "bookingid": 1347
    },
    {
        "bookingid": 14191
    },
    {
        "bookingid": 14232
    },
    {
        "bookingid": 6400
    },
    {
        "bookingid": 12767
    },
    {
        "bookingid": 7287
    },
    {
        "bookingid": 1127
    },
    {
        "bookingid": 4516
    },
    {
        "bookingid": 3364
    },
    {
        "bookingid": 1351
    },
    {
        "bookingid": 11849
    },
    {
        "bookingid": 2438
    },
    {
        "bookingid": 14700
    },
    {
        "bookingid": 6216
    },
    {
        "bookingid": 4414
    },
    {
        "bookingid": 11904
    },
    {
        "bookingid": 4460
    },
    {
        "bookingid": 9600
    },
    {
        "bookingid": 1358
    },
    {
        "bookingid": 675
    },
    {
        "bookingid": 6908
    },
    {
        "bookingid": 8959
    },
    {
        "bookingid": 3990
    },
    {
        "bookingid": 12989
    },
    {
        "bookingid": 1787
    },
    {
        "bookingid": 7197
    },
    {
        "bookingid": 7182
    },
    {
        "bookingid": 395
    },
    {
        "bookingid": 10435
    },
    {
        "bookingid": 5584
    },
    {
        "bookingid": 7577
    },
    {
        "bookingid": 9104
    },
    {
        "bookingid": 3681
    },
    {
        "bookingid": 14175
    },
    {
        "bookingid": 7844
    },
    {
        "bookingid": 7536
    },
    {
        "bookingid": 3847
    },
    {
        "bookingid": 6210
    },
    {
        "bookingid": 8422
    },
    {
        "bookingid": 14208
    },
    {
        "bookingid": 910
    },
    {
        "bookingid": 6117
    },
    {
        "bookingid": 6382
    },
    {
        "bookingid": 9939
    },
    {
        "bookingid": 11703
    },
    {
        "bookingid": 4170
    },
    {
        "bookingid": 2933
    },
    {
        "bookingid": 7973
    },
    {
        "bookingid": 6587
    },
    {
        "bookingid": 6501
    },
    {
        "bookingid": 8885
    },
    {
        "bookingid": 9452
    },
    {
        "bookingid": 8199
    },
    {
        "bookingid": 1154
    },
    {
        "bookingid": 14075
    },
    {
        "bookingid": 8160
    },
    {
        "bookingid": 5364
    },
    {
        "bookingid": 13542
    },
    {
        "bookingid": 3864
    },
    {
        "bookingid": 5564
    },
    {
        "bookingid": 3244
    },
    {
        "bookingid": 5342
    },
    {
        "bookingid": 8079
    },
    {
        "bookingid": 1699
    },
    {
        "bookingid": 2349
    },
    {
        "bookingid": 1496
    },
    {
        "bookingid": 13481
    },
    {
        "bookingid": 8027
    },
    {
        "bookingid": 12065
    },
    {
        "bookingid": 5320
    },
    {
        "bookingid": 7426
    },
    {
        "bookingid": 7607
    },
    {
        "bookingid": 263
    },
    {
        "bookingid": 5704
    },
    {
        "bookingid": 9289
    },
    {
        "bookingid": 10533
    },
    {
        "bookingid": 7939
    },
    {
        "bookingid": 9124
    },
    {
        "bookingid": 4343
    },
    {
        "bookingid": 6806
    },
    {
        "bookingid": 11405
    },
    {
        "bookingid": 4156
    },
    {
        "bookingid": 9363
    },
    {
        "bookingid": 588
    },
    {
        "bookingid": 5316
    },
    {
        "bookingid": 10020
    },
    {
        "bookingid": 14319
    },
    {
        "bookingid": 6811
    },
    {
        "bookingid": 14572
    },
    {
        "bookingid": 13845
    },
    {
        "bookingid": 10994
    },
    {
        "bookingid": 13423
    },
    {
        "bookingid": 6818
    },
    {
        "bookingid": 10943
    },
    {
        "bookingid": 2887
    },
    {
        "bookingid": 3606
    },
    {
        "bookingid": 1138
    },
    {
        "bookingid": 13612
    },
    {
        "bookingid": 2989
    },
    {
        "bookingid": 12747
    },
    {
        "bookingid": 10763
    },
    {
        "bookingid": 683
    },
    {
        "bookingid": 8480
    },
    {
        "bookingid": 9962
    },
    {
        "bookingid": 4013
    },
    {
        "bookingid": 10299
    },
    {
        "bookingid": 844
    },
    {
        "bookingid": 5507
    },
    {
        "bookingid": 8765
    },
    {
        "bookingid": 14068
    },
    {
        "bookingid": 8270
    },
    {
        "bookingid": 8089
    },
    {
        "bookingid": 13404
    },
    {
        "bookingid": 8882
    },
    {
        "bookingid": 3345
    },
    {
        "bookingid": 8416
    },
    {
        "bookingid": 12530
    },
    {
        "bookingid": 4981
    },
    {
        "bookingid": 7013
    },
    {
        "bookingid": 8254
    },
    {
        "bookingid": 5986
    },
    {
        "bookingid": 11485
    },
    {
        "bookingid": 4768
    },
    {
        "bookingid": 1493
    },
    {
        "bookingid": 8154
    },
    {
        "bookingid": 24
    },
    {
        "bookingid": 6177
    },
    {
        "bookingid": 9133
    },
    {
        "bookingid": 1630
    },
    {
        "bookingid": 4680
    },
    {
        "bookingid": 1130
    },
    {
        "bookingid": 7915
    },
    {
        "bookingid": 8145
    },
    {
        "bookingid": 9933
    },
    {
        "bookingid": 12509
    },
    {
        "bookingid": 7019
    },
    {
        "bookingid": 13433
    },
    {
        "bookingid": 11301
    },
    {
        "bookingid": 8390
    },
    {
        "bookingid": 6483
    },
    {
        "bookingid": 8970
    },
    {
        "bookingid": 9617
    },
    {
        "bookingid": 4379
    },
    {
        "bookingid": 2506
    },
    {
        "bookingid": 7136
    },
    {
        "bookingid": 1798
    },
    {
        "bookingid": 7074
    },
    {
        "bookingid": 14778
    },
    {
        "bookingid": 2144
    },
    {
        "bookingid": 10678
    },
    {
        "bookingid": 13001
    },
    {
        "bookingid": 13117
    },
    {
        "bookingid": 8091
    },
    {
        "bookingid": 7127
    },
    {
        "bookingid": 13356
    },
    {
        "bookingid": 11417
    },
    {
        "bookingid": 11387
    },
    {
        "bookingid": 10054
    },
    {
        "bookingid": 9311
    },
    {
        "bookingid": 12040
    },
    {
        "bookingid": 12451
    },
    {
        "bookingid": 7724
    },
    {
        "bookingid": 777
    },
    {
        "bookingid": 1300
    },
    {
        "bookingid": 12466
    },
    {
        "bookingid": 14815
    },
    {
        "bookingid": 10405
    },
    {
        "bookingid": 10621
    },
    {
        "bookingid": 11826
    },
    {
        "bookingid": 1582
    },
    {
        "bookingid": 3901
    },
    {
        "bookingid": 7047
    },
    {
        "bookingid": 9813
    },
    {
        "bookingid": 3730
    },
    {
        "bookingid": 222
    },
    {
        "bookingid": 13793
    },
    {
        "bookingid": 10196
    },
    {
        "bookingid": 14599
    },
    {
        "bookingid": 874
    },
    {
        "bookingid": 10600
    },
    {
        "bookingid": 11937
    },
    {
        "bookingid": 1849
    },
    {
        "bookingid": 3867
    },
    {
        "bookingid": 9409
    },
    {
        "bookingid": 11822
    },
    {
        "bookingid": 14833
    },
    {
        "bookingid": 9936
    },
    {
        "bookingid": 1585
    },
    {
        "bookingid": 1758
    },
    {
        "bookingid": 10762
    },
    {
        "bookingid": 1122
    },
    {
        "bookingid": 13354
    },
    {
        "bookingid": 6329
    },
    {
        "bookingid": 5407
    },
    {
        "bookingid": 11446
    },
    {
        "bookingid": 10925
    },
    {
        "bookingid": 4559
    },
    {
        "bookingid": 353
    },
    {
        "bookingid": 2492
    },
    {
        "bookingid": 9542
    },
    {
        "bookingid": 4116
    },
    {
        "bookingid": 14253
    },
    {
        "bookingid": 7673
    },
    {
        "bookingid": 9448
    },
    {
        "bookingid": 1638
    },
    {
        "bookingid": 11075
    },
    {
        "bookingid": 2979
    },
    {
        "bookingid": 10955
    },
    {
        "bookingid": 9672
    },
    {
        "bookingid": 13275
    },
    {
        "bookingid": 11602
    },
    {
        "bookingid": 1124
    },
    {
        "bookingid": 6148
    },
    {
        "bookingid": 11989
    },
    {
        "bookingid": 10188
    },
    {
        "bookingid": 7170
    },
    {
        "bookingid": 14023
    },
    {
        "bookingid": 11704
    },
    {
        "bookingid": 3431
    },
    {
        "bookingid": 13360
    },
    {
        "bookingid": 13123
    },
    {
        "bookingid": 13721
    },
    {
        "bookingid": 5415
    },
    {
        "bookingid": 7701
    },
    {
        "bookingid": 5898
    },
    {
        "bookingid": 2768
    },
    {
        "bookingid": 8470
    },
    {
        "bookingid": 6229
    },
    {
        "bookingid": 10114
    },
    {
        "bookingid": 11579
    },
    {
        "bookingid": 2069
    },
    {
        "bookingid": 13661
    },
    {
        "bookingid": 2117
    },
    {
        "bookingid": 3890
    },
    {
        "bookingid": 3239
    },
    {
        "bookingid": 2870
    },
    {
        "bookingid": 8394
    },
    {
        "bookingid": 8609
    },
    {
        "bookingid": 6322
    },
    {
        "bookingid": 833
    },
    {
        "bookingid": 2238
    },
    {
        "bookingid": 13924
    },
    {
        "bookingid": 2325
    },
    {
        "bookingid": 12485
    },
    {
        "bookingid": 14418
    },
    {
        "bookingid": 680
    },
    {
        "bookingid": 6830
    },
    {
        "bookingid": 4891
    },
    {
        "bookingid": 3180
    },
    {
        "bookingid": 5880
    },
    {
        "bookingid": 12596
    },
    {
        "bookingid": 2005
    },
    {
        "bookingid": 13044
    },
    {
        "bookingid": 13402
    },
    {
        "bookingid": 14530
    },
    {
        "bookingid": 8266
    },
    {
        "bookingid": 1722
    },
    {
        "bookingid": 7320
    },
    {
        "bookingid": 2389
    },
    {
        "bookingid": 4461
    },
    {
        "bookingid": 9216
    },
    {
        "bookingid": 10952
    },
    {
        "bookingid": 10492
    },
    {
        "bookingid": 12544
    },
    {
        "bookingid": 6232
    },
    {
        "bookingid": 4477
    },
    {
        "bookingid": 5952
    },
    {
        "bookingid": 3916
    },
    {
        "bookingid": 3181
    },
    {
        "bookingid": 3114
    },
    {
        "bookingid": 9783
    },
    {
        "bookingid": 31
    },
    {
        "bookingid": 12232
    },
    {
        "bookingid": 8820
    },
    {
        "bookingid": 14169
    },
    {
        "bookingid": 11026
    },
    {
        "bookingid": 2273
    },
    {
        "bookingid": 10147
    },
    {
        "bookingid": 14393
    },
    {
        "bookingid": 12090
    },
    {
        "bookingid": 14812
    },
    {
        "bookingid": 11241
    },
    {
        "bookingid": 13214
    },
    {
        "bookingid": 2029
    },
    {
        "bookingid": 12592
    },
    {
        "bookingid": 13382
    },
    {
        "bookingid": 9213
    },
    {
        "bookingid": 12787
    },
    {
        "bookingid": 3663
    },
    {
        "bookingid": 10154
    },
    {
        "bookingid": 10413
    },
    {
        "bookingid": 9982
    },
    {
        "bookingid": 3133
    },
    {
        "bookingid": 339
    },
    {
        "bookingid": 8874
    },
    {
        "bookingid": 7333
    },
    {
        "bookingid": 14087
    },
    {
        "bookingid": 10697
    },
    {
        "bookingid": 2925
    },
    {
        "bookingid": 4511
    },
    {
        "bookingid": 1645
    },
    {
        "bookingid": 6590
    },
    {
        "bookingid": 5556
    },
    {
        "bookingid": 5541
    },
    {
        "bookingid": 7104
    },
    {
        "bookingid": 6397
    },
    {
        "bookingid": 4858
    },
    {
        "bookingid": 5727
    },
    {
        "bookingid": 12455
    },
    {
        "bookingid": 3935
    },
    {
        "bookingid": 9101
    },
    {
        "bookingid": 11293
    },
    {
        "bookingid": 2857
    },
    {
        "bookingid": 3699
    },
    {
        "bookingid": 13102
    },
    {
        "bookingid": 9066
    },
    {
        "bookingid": 9817
    },
    {
        "bookingid": 6040
    },
    {
        "bookingid": 2675
    },
    {
        "bookingid": 11829
    },
    {
        "bookingid": 10973
    },
    {
        "bookingid": 4324
    },
    {
        "bookingid": 1111
    },
    {
        "bookingid": 9230
    },
    {
        "bookingid": 7716
    },
    {
        "bookingid": 2524
    },
    {
        "bookingid": 14302
    },
    {
        "bookingid": 5792
    },
    {
        "bookingid": 7270
    },
    {
        "bookingid": 13897
    },
    {
        "bookingid": 12022
    },
    {
        "bookingid": 8986
    },
    {
        "bookingid": 7206
    },
    {
        "bookingid": 4819
    },
    {
        "bookingid": 739
    },
    {
        "bookingid": 4347
    },
    {
        "bookingid": 12606
    },
    {
        "bookingid": 8303
    },
    {
        "bookingid": 130
    },
    {
        "bookingid": 11929
    },
    {
        "bookingid": 8351
    },
    {
        "bookingid": 9327
    },
    {
        "bookingid": 5189
    },
    {
        "bookingid": 7812
    },
    {
        "bookingid": 4479
    },
    {
        "bookingid": 266
    },
    {
        "bookingid": 3556
    },
    {
        "bookingid": 11922
    },
    {
        "bookingid": 5922
    },
    {
        "bookingid": 11380
    },
    {
        "bookingid": 2214
    },
    {
        "bookingid": 6301
    },
    {
        "bookingid": 5371
    },
    {
        "bookingid": 2914
    },
    {
        "bookingid": 6951
    },
    {
        "bookingid": 13915
    },
    {
        "bookingid": 7507
    },
    {
        "bookingid": 6452
    },
    {
        "bookingid": 11254
    },
    {
        "bookingid": 1453
    },
    {
        "bookingid": 12495
    },
    {
        "bookingid": 13268
    },
    {
        "bookingid": 2458
    },
    {
        "bookingid": 9801
    },
    {
        "bookingid": 9371
    },
    {
        "bookingid": 5729
    },
    {
        "bookingid": 3134
    },
    {
        "bookingid": 12922
    },
    {
        "bookingid": 11933
    },
    {
        "bookingid": 7719
    },
    {
        "bookingid": 7783
    },
    {
        "bookingid": 2125
    },
    {
        "bookingid": 6076
    },
    {
        "bookingid": 12087
    },
    {
        "bookingid": 804
    },
    {
        "bookingid": 8412
    },
    {
        "bookingid": 8583
    },
    {
        "bookingid": 8053
    },
    {
        "bookingid": 8158
    },
    {
        "bookingid": 1575
    },
    {
        "bookingid": 4268
    },
    {
        "bookingid": 5005
    },
    {
        "bookingid": 5067
    },
    {
        "bookingid": 3103
    },
    {
        "bookingid": 14773
    },
    {
        "bookingid": 5933
    },
    {
        "bookingid": 2649
    },
    {
        "bookingid": 12396
    },
    {
        "bookingid": 6734
    },
    {
        "bookingid": 2669
    },
    {
        "bookingid": 7818
    },
    {
        "bookingid": 4424
    },
    {
        "bookingid": 4055
    },
    {
        "bookingid": 2895
    },
    {
        "bookingid": 6204
    },
    {
        "bookingid": 14103
    },
    {
        "bookingid": 14115
    },
    {
        "bookingid": 14394
    },
    {
        "bookingid": 7648
    },
    {
        "bookingid": 14876
    },
    {
        "bookingid": 2738
    },
    {
        "bookingid": 11587
    },
    {
        "bookingid": 12650
    },
    {
        "bookingid": 14331
    },
    {
        "bookingid": 11177
    },
    {
        "bookingid": 4643
    },
    {
        "bookingid": 77
    },
    {
        "bookingid": 13855
    },
    {
        "bookingid": 12042
    },
    {
        "bookingid": 877
    },
    {
        "bookingid": 5449
    },
    {
        "bookingid": 1482
    },
    {
        "bookingid": 2410
    },
    {
        "bookingid": 7937
    },
    {
        "bookingid": 6432
    },
    {
        "bookingid": 2403
    },
    {
        "bookingid": 10477
    },
    {
        "bookingid": 4874
    },
    {
        "bookingid": 9729
    },
    {
        "bookingid": 4641
    },
    {
        "bookingid": 14432
    },
    {
        "bookingid": 8648
    },
    {
        "bookingid": 591
    },
    {
        "bookingid": 7979
    },
    {
        "bookingid": 2053
    },
    {
        "bookingid": 12844
    },
    {
        "bookingid": 9579
    },
    {
        "bookingid": 562
    },
    {
        "bookingid": 10784
    },
    {
        "bookingid": 9156
    },
    {
        "bookingid": 7201
    },
    {
        "bookingid": 13499
    },
    {
        "bookingid": 425
    },
    {
        "bookingid": 7530
    },
    {
        "bookingid": 12236
    },
    {
        "bookingid": 8230
    },
    {
        "bookingid": 3227
    },
    {
        "bookingid": 12218
    },
    {
        "bookingid": 11735
    },
    {
        "bookingid": 5964
    },
    {
        "bookingid": 10252
    },
    {
        "bookingid": 8060
    },
    {
        "bookingid": 12997
    },
    {
        "bookingid": 1727
    },
    {
        "bookingid": 880
    },
    {
        "bookingid": 5079
    },
    {
        "bookingid": 5029
    },
    {
        "bookingid": 4846
    },
    {
        "bookingid": 7909
    },
    {
        "bookingid": 686
    },
    {
        "bookingid": 4332
    },
    {
        "bookingid": 1246
    },
    {
        "bookingid": 2659
    },
    {
        "bookingid": 9406
    },
    {
        "bookingid": 10332
    },
    {
        "bookingid": 2452
    },
    {
        "bookingid": 13380
    },
    {
        "bookingid": 14284
    },
    {
        "bookingid": 9625
    },
    {
        "bookingid": 3445
    },
    {
        "bookingid": 8926
    },
    {
        "bookingid": 7360
    },
    {
        "bookingid": 4391
    },
    {
        "bookingid": 9656
    },
    {
        "bookingid": 3019
    },
    {
        "bookingid": 14219
    },
    {
        "bookingid": 7011
    },
    {
        "bookingid": 2588
    },
    {
        "bookingid": 14343
    },
    {
        "bookingid": 3725
    },
    {
        "bookingid": 7548
    },
    {
        "bookingid": 2379
    },
    {
        "bookingid": 7494
    },
    {
        "bookingid": 9806
    },
    {
        "bookingid": 1965
    },
    {
        "bookingid": 10398
    },
    {
        "bookingid": 8297
    },
    {
        "bookingid": 5245
    },
    {
        "bookingid": 2380
    },
    {
        "bookingid": 11915
    },
    {
        "bookingid": 14244
    },
    {
        "bookingid": 8140
    },
    {
        "bookingid": 518
    },
    {
        "bookingid": 10605
    },
    {
        "bookingid": 230
    },
    {
        "bookingid": 3101
    },
    {
        "bookingid": 13993
    },
    {
        "bookingid": 3493
    },
    {
        "bookingid": 14647
    },
    {
        "bookingid": 5622
    },
    {
        "bookingid": 13133
    },
    {
        "bookingid": 3747
    },
    {
        "bookingid": 11229
    },
    {
        "bookingid": 9975
    },
    {
        "bookingid": 3319
    },
    {
        "bookingid": 10314
    },
    {
        "bookingid": 9303
    },
    {
        "bookingid": 4836
    },
    {
        "bookingid": 9578
    },
    {
        "bookingid": 5355
    },
    {
        "bookingid": 10146
    },
    {
        "bookingid": 9162
    },
    {
        "bookingid": 13566
    },
    {
        "bookingid": 5827
    },
    {
        "bookingid": 12558
    },
    {
        "bookingid": 7654
    },
    {
        "bookingid": 14726
    },
    {
        "bookingid": 14556
    },
    {
        "bookingid": 8631
    },
    {
        "bookingid": 7319
    },
    {
        "bookingid": 2877
    },
    {
        "bookingid": 8717
    },
    {
        "bookingid": 1103
    },
    {
        "bookingid": 13618
    },
    {
        "bookingid": 14151
    },
    {
        "bookingid": 3342
    },
    {
        "bookingid": 12584
    },
    {
        "bookingid": 13155
    },
    {
        "bookingid": 7351
    },
    {
        "bookingid": 4543
    },
    {
        "bookingid": 12671
    },
    {
        "bookingid": 12785
    },
    {
        "bookingid": 1543
    },
    {
        "bookingid": 780
    },
    {
        "bookingid": 1746
    },
    {
        "bookingid": 5938
    },
    {
        "bookingid": 2673
    },
    {
        "bookingid": 8019
    },
    {
        "bookingid": 9611
    },
    {
        "bookingid": 4130
    },
    {
        "bookingid": 2407
    },
    {
        "bookingid": 10060
    },
    {
        "bookingid": 12046
    },
    {
        "bookingid": 6062
    },
    {
        "bookingid": 8936
    },
    {
        "bookingid": 9006
    },
    {
        "bookingid": 9139
    },
    {
        "bookingid": 1188
    },
    {
        "bookingid": 4422
    },
    {
        "bookingid": 11832
    },
    {
        "bookingid": 14124
    },
    {
        "bookingid": 4096
    },
    {
        "bookingid": 12824
    },
    {
        "bookingid": 5617
    },
    {
        "bookingid": 6302
    },
    {
        "bookingid": 5673
    },
    {
        "bookingid": 12130
    },
    {
        "bookingid": 8889
    },
    {
        "bookingid": 4331
    },
    {
        "bookingid": 3063
    },
    {
        "bookingid": 873
    },
    {
        "bookingid": 13175
    },
    {
        "bookingid": 554
    },
    {
        "bookingid": 12061
    },
    {
        "bookingid": 7402
    },
    {
        "bookingid": 10833
    },
    {
        "bookingid": 13475
    },
    {
        "bookingid": 8050
    },
    {
        "bookingid": 5399
    },
    {
        "bookingid": 4716
    },
    {
        "bookingid": 14881
    },
    {
        "bookingid": 5179
    },
    {
        "bookingid": 14898
    },
    {
        "bookingid": 11880
    },
    {
        "bookingid": 13945
    },
    {
        "bookingid": 2439
    },
    {
        "bookingid": 6370
    },
    {
        "bookingid": 13550
    },
    {
        "bookingid": 4678
    },
    {
        "bookingid": 6095
    },
    {
        "bookingid": 14200
    },
    {
        "bookingid": 8057
    },
    {
        "bookingid": 11084
    },
    {
        "bookingid": 6940
    },
    {
        "bookingid": 7190
    },
    {
        "bookingid": 12169
    },
    {
        "bookingid": 11098
    },
    {
        "bookingid": 14082
    },
    {
        "bookingid": 7740
    },
    {
        "bookingid": 12911
    },
    {
        "bookingid": 13439
    },
    {
        "bookingid": 1561
    },
    {
        "bookingid": 11690
    },
    {
        "bookingid": 9378
    },
    {
        "bookingid": 13174
    },
    {
        "bookingid": 12815
    },
    {
        "bookingid": 11264
    },
    {
        "bookingid": 7491
    },
    {
        "bookingid": 3287
    },
    {
        "bookingid": 14183
    },
    {
        "bookingid": 11456
    },
    {
        "bookingid": 932
    },
    {
        "bookingid": 3263
    },
    {
        "bookingid": 10561
    },
    {
        "bookingid": 10547
    },
    {
        "bookingid": 4419
    },
    {
        "bookingid": 11948
    },
    {
        "bookingid": 677
    },
    {
        "bookingid": 13072
    },
    {
        "bookingid": 583
    },
    {
        "bookingid": 9255
    },
    {
        "bookingid": 7570
    },
    {
        "bookingid": 11543
    },
    {
        "bookingid": 12805
    },
    {
        "bookingid": 7835
    },
    {
        "bookingid": 2615
    },
    {
        "bookingid": 14196
    },
    {
        "bookingid": 3957
    },
    {
        "bookingid": 13704
    },
    {
        "bookingid": 3147
    },
    {
        "bookingid": 2718
    },
    {
        "bookingid": 535
    },
    {
        "bookingid": 5059
    },
    {
        "bookingid": 6856
    },
    {
        "bookingid": 10358
    },
    {
        "bookingid": 4579
    },
    {
        "bookingid": 10881
    },
    {
        "bookingid": 14328
    },
    {
        "bookingid": 13444
    },
    {
        "bookingid": 4225
    },
    {
        "bookingid": 10416
    },
    {
        "bookingid": 2425
    },
    {
        "bookingid": 10710
    },
    {
        "bookingid": 217
    },
    {
        "bookingid": 9575
    },
    {
        "bookingid": 13582
    },
    {
        "bookingid": 4275
    },
    {
        "bookingid": 5869
    },
    {
        "bookingid": 10692
    },
    {
        "bookingid": 4914
    },
    {
        "bookingid": 8038
    },
    {
        "bookingid": 8115
    },
    {
        "bookingid": 1178
    },
    {
        "bookingid": 11785
    },
    {
        "bookingid": 4577
    },
    {
        "bookingid": 11844
    },
    {
        "bookingid": 12135
    },
    {
        "bookingid": 13911
    },
    {
        "bookingid": 12306
    },
    {
        "bookingid": 13258
    },
    {
        "bookingid": 10427
    },
    {
        "bookingid": 8215
    },
    {
        "bookingid": 11141
    },
    {
        "bookingid": 13254
    },
    {
        "bookingid": 12503
    },
    {
        "bookingid": 2024
    },
    {
        "bookingid": 3714
    },
    {
        "bookingid": 12456
    },
    {
        "bookingid": 3555
    },
    {
        "bookingid": 14073
    },
    {
        "bookingid": 3165
    },
    {
        "bookingid": 4586
    },
    {
        "bookingid": 10754
    },
    {
        "bookingid": 11831
    },
    {
        "bookingid": 11742
    },
    {
        "bookingid": 10463
    },
    {
        "bookingid": 5000
    },
    {
        "bookingid": 1729
    },
    {
        "bookingid": 13093
    },
    {
        "bookingid": 3376
    },
    {
        "bookingid": 2116
    },
    {
        "bookingid": 12843
    },
    {
        "bookingid": 6589
    },
    {
        "bookingid": 595
    },
    {
        "bookingid": 4688
    },
    {
        "bookingid": 11891
    },
    {
        "bookingid": 11486
    },
    {
        "bookingid": 13592
    },
    {
        "bookingid": 5376
    },
    {
        "bookingid": 13532
    },
    {
        "bookingid": 7447
    },
    {
        "bookingid": 10148
    },
    {
        "bookingid": 3492
    },
    {
        "bookingid": 6861
    },
    {
        "bookingid": 8927
    },
    {
        "bookingid": 5900
    },
    {
        "bookingid": 3302
    },
    {
        "bookingid": 5492
    },
    {
        "bookingid": 9552
    },
    {
        "bookingid": 10515
    },
    {
        "bookingid": 9791
    },
    {
        "bookingid": 6243
    },
    {
        "bookingid": 5832
    },
    {
        "bookingid": 1779
    },
    {
        "bookingid": 14155
    },
    {
        "bookingid": 12371
    },
    {
        "bookingid": 9559
    },
    {
        "bookingid": 13776
    },
    {
        "bookingid": 258
    },
    {
        "bookingid": 491
    },
    {
        "bookingid": 6084
    },
    {
        "bookingid": 12077
    },
    {
        "bookingid": 2165
    },
    {
        "bookingid": 7339
    },
    {
        "bookingid": 2780
    },
    {
        "bookingid": 12167
    },
    {
        "bookingid": 2491
    },
    {
        "bookingid": 10930
    },
    {
        "bookingid": 13288
    },
    {
        "bookingid": 975
    },
    {
        "bookingid": 1260
    },
    {
        "bookingid": 14083
    },
    {
        "bookingid": 8643
    },
    {
        "bookingid": 10904
    },
    {
        "bookingid": 4629
    },
    {
        "bookingid": 5747
    },
    {
        "bookingid": 7141
    },
    {
        "bookingid": 14467
    },
    {
        "bookingid": 6960
    },
    {
        "bookingid": 1570
    },
    {
        "bookingid": 11475
    },
    {
        "bookingid": 758
    },
    {
        "bookingid": 12618
    },
    {
        "bookingid": 9667
    },
    {
        "bookingid": 14415
    },
    {
        "bookingid": 1210
    },
    {
        "bookingid": 14310
    },
    {
        "bookingid": 1480
    },
    {
        "bookingid": 12676
    },
    {
        "bookingid": 4008
    },
    {
        "bookingid": 8251
    },
    {
        "bookingid": 4946
    },
    {
        "bookingid": 7407
    },
    {
        "bookingid": 11492
    },
    {
        "bookingid": 9778
    },
    {
        "bookingid": 7842
    },
    {
        "bookingid": 13544
    },
    {
        "bookingid": 5993
    },
    {
        "bookingid": 6650
    },
    {
        "bookingid": 4621
    },
    {
        "bookingid": 6855
    },
    {
        "bookingid": 10143
    },
    {
        "bookingid": 1326
    },
    {
        "bookingid": 8687
    },
    {
        "bookingid": 13548
    },
    {
        "bookingid": 21
    },
    {
        "bookingid": 8976
    },
    {
        "bookingid": 10053
    },
    {
        "bookingid": 1689
    },
    {
        "bookingid": 9049
    },
    {
        "bookingid": 12463
    },
    {
        "bookingid": 4174
    },
    {
        "bookingid": 2037
    },
    {
        "bookingid": 14146
    },
    {
        "bookingid": 4695
    },
    {
        "bookingid": 14102
    },
    {
        "bookingid": 7569
    },
    {
        "bookingid": 8867
    },
    {
        "bookingid": 10302
    },
    {
        "bookingid": 4007
    },
    {
        "bookingid": 8026
    },
    {
        "bookingid": 9280
    },
    {
        "bookingid": 6827
    },
    {
        "bookingid": 11391
    },
    {
        "bookingid": 12514
    },
    {
        "bookingid": 7750
    },
    {
        "bookingid": 9399
    },
    {
        "bookingid": 4657
    },
    {
        "bookingid": 6714
    },
    {
        "bookingid": 8471
    },
    {
        "bookingid": 11768
    },
    {
        "bookingid": 2295
    },
    {
        "bookingid": 5466
    },
    {
        "bookingid": 4346
    },
    {
        "bookingid": 6887
    },
    {
        "bookingid": 8864
    },
    {
        "bookingid": 1327
    },
    {
        "bookingid": 966
    },
    {
        "bookingid": 14
    },
    {
        "bookingid": 3329
    },
    {
        "bookingid": 14593
    },
    {
        "bookingid": 4482
    },
    {
        "bookingid": 13747
    },
    {
        "bookingid": 987
    },
    {
        "bookingid": 13730
    },
    {
        "bookingid": 6556
    },
    {
        "bookingid": 4399
    },
    {
        "bookingid": 14887
    },
    {
        "bookingid": 4590
    },
    {
        "bookingid": 5066
    },
    {
        "bookingid": 555
    },
    {
        "bookingid": 5292
    },
    {
        "bookingid": 12475
    },
    {
        "bookingid": 12838
    },
    {
        "bookingid": 5420
    },
    {
        "bookingid": 8421
    },
    {
        "bookingid": 8596
    },
    {
        "bookingid": 871
    },
    {
        "bookingid": 12126
    },
    {
        "bookingid": 10165
    },
    {
        "bookingid": 946
    },
    {
        "bookingid": 13791
    },
    {
        "bookingid": 5845
    },
    {
        "bookingid": 3217
    },
    {
        "bookingid": 2939
    },
    {
        "bookingid": 10123
    },
    {
        "bookingid": 10244
    },
    {
        "bookingid": 10977
    },
    {
        "bookingid": 12903
    },
    {
        "bookingid": 8651
    },
    {
        "bookingid": 4079
    },
    {
        "bookingid": 12188
    },
    {
        "bookingid": 47
    },
    {
        "bookingid": 4656
    },
    {
        "bookingid": 13294
    },
    {
        "bookingid": 12613
    },
    {
        "bookingid": 1046
    },
    {
        "bookingid": 3651
    },
    {
        "bookingid": 316
    },
    {
        "bookingid": 1061
    },
    {
        "bookingid": 10778
    },
    {
        "bookingid": 12992
    },
    {
        "bookingid": 9722
    },
    {
        "bookingid": 13303
    },
    {
        "bookingid": 4667
    },
    {
        "bookingid": 6639
    },
    {
        "bookingid": 8537
    },
    {
        "bookingid": 12041
    },
    {
        "bookingid": 11791
    },
    {
        "bookingid": 344
    },
    {
        "bookingid": 10638
    },
    {
        "bookingid": 10820
    },
    {
        "bookingid": 5666
    },
    {
        "bookingid": 11775
    },
    {
        "bookingid": 2518
    },
    {
        "bookingid": 8229
    },
    {
        "bookingid": 10573
    },
    {
        "bookingid": 13758
    },
    {
        "bookingid": 5924
    },
    {
        "bookingid": 1265
    },
    {
        "bookingid": 12226
    },
    {
        "bookingid": 12973
    },
    {
        "bookingid": 9024
    },
    {
        "bookingid": 4750
    },
    {
        "bookingid": 2602
    },
    {
        "bookingid": 3402
    },
    {
        "bookingid": 7856
    },
    {
        "bookingid": 13181
    },
    {
        "bookingid": 5516
    },
    {
        "bookingid": 3427
    },
    {
        "bookingid": 6300
    },
    {
        "bookingid": 13331
    },
    {
        "bookingid": 7460
    },
    {
        "bookingid": 13996
    },
    {
        "bookingid": 2105
    },
    {
        "bookingid": 4169
    },
    {
        "bookingid": 1889
    },
    {
        "bookingid": 1566
    },
    {
        "bookingid": 6851
    },
    {
        "bookingid": 4883
    },
    {
        "bookingid": 11843
    },
    {
        "bookingid": 9209
    },
    {
        "bookingid": 9512
    },
    {
        "bookingid": 7031
    },
    {
        "bookingid": 10569
    },
    {
        "bookingid": 1903
    },
    {
        "bookingid": 6725
    },
    {
        "bookingid": 13706
    },
    {
        "bookingid": 6640
    },
    {
        "bookingid": 12312
    },
    {
        "bookingid": 8434
    },
    {
        "bookingid": 9184
    },
    {
        "bookingid": 7218
    },
    {
        "bookingid": 12654
    },
    {
        "bookingid": 2461
    },
    {
        "bookingid": 113
    },
    {
        "bookingid": 6375
    },
    {
        "bookingid": 8998
    },
    {
        "bookingid": 10485
    },
    {
        "bookingid": 14039
    },
    {
        "bookingid": 7465
    },
    {
        "bookingid": 14186
    },
    {
        "bookingid": 250
    },
    {
        "bookingid": 7072
    },
    {
        "bookingid": 858
    },
    {
        "bookingid": 4780
    },
    {
        "bookingid": 10385
    },
    {
        "bookingid": 6810
    },
    {
        "bookingid": 8280
    },
    {
        "bookingid": 765
    },
    {
        "bookingid": 1971
    },
    {
        "bookingid": 3799
    },
    {
        "bookingid": 5017
    },
    {
        "bookingid": 2915
    },
    {
        "bookingid": 14639
    },
    {
        "bookingid": 834
    },
    {
        "bookingid": 12670
    },
    {
        "bookingid": 12031
    },
    {
        "bookingid": 209
    },
    {
        "bookingid": 2398
    },
    {
        "bookingid": 5966
    },
    {
        "bookingid": 5535
    },
    {
        "bookingid": 6251
    },
    {
        "bookingid": 5621
    },
    {
        "bookingid": 7891
    },
    {
        "bookingid": 12709
    },
    {
        "bookingid": 6789
    },
    {
        "bookingid": 4584
    },
    {
        "bookingid": 1324
    },
    {
        "bookingid": 5117
    },
    {
        "bookingid": 1089
    },
    {
        "bookingid": 12359
    },
    {
        "bookingid": 10376
    },
    {
        "bookingid": 5543
    },
    {
        "bookingid": 988
    },
    {
        "bookingid": 1836
    },
    {
        "bookingid": 9075
    },
    {
        "bookingid": 7953
    },
    {
        "bookingid": 7615
    },
    {
        "bookingid": 9343
    },
    {
        "bookingid": 5254
    },
    {
        "bookingid": 1990
    },
    {
        "bookingid": 9649
    },
    {
        "bookingid": 2307
    },
    {
        "bookingid": 7067
    },
    {
        "bookingid": 10642
    },
    {
        "bookingid": 10426
    },
    {
        "bookingid": 6004
    },
    {
        "bookingid": 730
    },
    {
        "bookingid": 9566
    },
    {
        "bookingid": 12867
    },
    {
        "bookingid": 13277
    },
    {
        "bookingid": 2767
    },
    {
        "bookingid": 7063
    },
    {
        "bookingid": 11750
    },
    {
        "bookingid": 11924
    },
    {
        "bookingid": 9342
    },
    {
        "bookingid": 4927
    },
    {
        "bookingid": 8983
    },
    {
        "bookingid": 8946
    },
    {
        "bookingid": 4627
    },
    {
        "bookingid": 6264
    },
    {
        "bookingid": 177
    },
    {
        "bookingid": 10048
    },
    {
        "bookingid": 13116
    },
    {
        "bookingid": 12705
    },
    {
        "bookingid": 2988
    },
    {
        "bookingid": 10163
    },
    {
        "bookingid": 6740
    },
    {
        "bookingid": 11658
    },
    {
        "bookingid": 4965
    },
    {
        "bookingid": 12100
    },
    {
        "bookingid": 611
    },
    {
        "bookingid": 3278
    },
    {
        "bookingid": 2267
    },
    {
        "bookingid": 2674
    },
    {
        "bookingid": 10944
    },
    {
        "bookingid": 3077
    },
    {
        "bookingid": 5149
    },
    {
        "bookingid": 508
    },
    {
        "bookingid": 3810
    },
    {
        "bookingid": 5039
    },
    {
        "bookingid": 11670
    },
    {
        "bookingid": 11976
    },
    {
        "bookingid": 1568
    },
    {
        "bookingid": 11414
    },
    {
        "bookingid": 5816
    },
    {
        "bookingid": 6963
    },
    {
        "bookingid": 6320
    },
    {
        "bookingid": 12422
    },
    {
        "bookingid": 9206
    },
    {
        "bookingid": 1487
    },
    {
        "bookingid": 10709
    },
    {
        "bookingid": 11495
    },
    {
        "bookingid": 12395
    },
    {
        "bookingid": 1054
    },
    {
        "bookingid": 345
    },
    {
        "bookingid": 4295
    },
    {
        "bookingid": 13276
    },
    {
        "bookingid": 3609
    },
    {
        "bookingid": 7702
    },
    {
        "bookingid": 11853
    },
    {
        "bookingid": 8547
    },
    {
        "bookingid": 1700
    },
    {
        "bookingid": 3152
    },
    {
        "bookingid": 1690
    },
    {
        "bookingid": 4589
    },
    {
        "bookingid": 11184
    },
    {
        "bookingid": 1901
    },
    {
        "bookingid": 9738
    },
    {
        "bookingid": 1745
    },
    {
        "bookingid": 4254
    },
    {
        "bookingid": 1211
    },
    {
        "bookingid": 1947
    },
    {
        "bookingid": 6809
    },
    {
        "bookingid": 8021
    },
    {
        "bookingid": 9618
    },
    {
        "bookingid": 13624
    },
    {
        "bookingid": 14451
    },
    {
        "bookingid": 11058
    },
    {
        "bookingid": 9237
    },
    {
        "bookingid": 8171
    },
    {
        "bookingid": 6942
    },
    {
        "bookingid": 4398
    },
    {
        "bookingid": 12418
    },
    {
        "bookingid": 1821
    },
    {
        "bookingid": 705
    },
    {
        "bookingid": 14497
    },
    {
        "bookingid": 4757
    },
    {
        "bookingid": 10956
    },
    {
        "bookingid": 2343
    },
    {
        "bookingid": 12700
    },
    {
        "bookingid": 13194
    },
    {
        "bookingid": 9661
    },
    {
        "bookingid": 5713
    },
    {
        "bookingid": 3794
    },
    {
        "bookingid": 6716
    },
    {
        "bookingid": 5296
    },
    {
        "bookingid": 14125
    },
    {
        "bookingid": 12675
    },
    {
        "bookingid": 14094
    },
    {
        "bookingid": 9396
    },
    {
        "bookingid": 1936
    },
    {
        "bookingid": 9195
    },
    {
        "bookingid": 12017
    },
    {
        "bookingid": 8290
    },
    {
        "bookingid": 13981
    },
    {
        "bookingid": 68
    },
    {
        "bookingid": 9174
    },
    {
        "bookingid": 600
    },
    {
        "bookingid": 3971
    },
    {
        "bookingid": 8479
    },
    {
        "bookingid": 4758
    },
    {
        "bookingid": 14053
    },
    {
        "bookingid": 2016
    },
    {
        "bookingid": 12002
    },
    {
        "bookingid": 2604
    },
    {
        "bookingid": 4442
    },
    {
        "bookingid": 13578
    },
    {
        "bookingid": 5208
    },
    {
        "bookingid": 13865
    },
    {
        "bookingid": 6006
    },
    {
        "bookingid": 11207
    },
    {
        "bookingid": 1349
    },
    {
        "bookingid": 5403
    },
    {
        "bookingid": 3678
    },
    {
        "bookingid": 6961
    },
    {
        "bookingid": 2890
    },
    {
        "bookingid": 2589
    },
    {
        "bookingid": 7053
    },
    {
        "bookingid": 10028
    },
    {
        "bookingid": 11980
    },
    {
        "bookingid": 13368
    },
    {
        "bookingid": 5571
    },
    {
        "bookingid": 2776
    },
    {
        "bookingid": 691
    },
    {
        "bookingid": 3789
    },
    {
        "bookingid": 5623
    },
    {
        "bookingid": 9032
    },
    {
        "bookingid": 3041
    },
    {
        "bookingid": 4764
    },
    {
        "bookingid": 10346
    },
    {
        "bookingid": 9350
    },
    {
        "bookingid": 10095
    },
    {
        "bookingid": 4881
    },
    {
        "bookingid": 10250
    },
    {
        "bookingid": 7755
    },
    {
        "bookingid": 1975
    },
    {
        "bookingid": 5400
    },
    {
        "bookingid": 12045
    },
    {
        "bookingid": 2331
    },
    {
        "bookingid": 4356
    },
    {
        "bookingid": 11462
    },
    {
        "bookingid": 14740
    },
    {
        "bookingid": 1606
    },
    {
        "bookingid": 6078
    },
    {
        "bookingid": 8116
    },
    {
        "bookingid": 5275
    },
    {
        "bookingid": 5374
    },
    {
        "bookingid": 1506
    },
    {
        "bookingid": 12258
    },
    {
        "bookingid": 5937
    },
    {
        "bookingid": 5050
    },
    {
        "bookingid": 7478
    },
    {
        "bookingid": 12933
    },
    {
        "bookingid": 10935
    },
    {
        "bookingid": 13328
    },
    {
        "bookingid": 6588
    },
    {
        "bookingid": 10719
    },
    {
        "bookingid": 5148
    },
    {
        "bookingid": 13408
    },
    {
        "bookingid": 2897
    },
    {
        "bookingid": 5327
    },
    {
        "bookingid": 6993
    },
    {
        "bookingid": 11108
    },
    {
        "bookingid": 8300
    },
    {
        "bookingid": 2468
    },
    {
        "bookingid": 8106
    },
    {
        "bookingid": 14025
    },
    {
        "bookingid": 398
    },
    {
        "bookingid": 4668
    },
    {
        "bookingid": 11725
    },
    {
        "bookingid": 11533
    },
    {
        "bookingid": 5984
    },
    {
        "bookingid": 12897
    },
    {
        "bookingid": 10137
    },
    {
        "bookingid": 10906
    },
    {
        "bookingid": 13833
    },
    {
        "bookingid": 11383
    },
    {
        "bookingid": 14502
    },
    {
        "bookingid": 8563
    },
    {
        "bookingid": 9214
    },
    {
        "bookingid": 1213
    },
    {
        "bookingid": 10343
    },
    {
        "bookingid": 992
    },
    {
        "bookingid": 10091
    },
    {
        "bookingid": 11793
    },
    {
        "bookingid": 9872
    },
    {
        "bookingid": 7404
    },
    {
        "bookingid": 7461
    },
    {
        "bookingid": 13744
    },
    {
        "bookingid": 13309
    },
    {
        "bookingid": 8591
    },
    {
        "bookingid": 4416
    },
    {
        "bookingid": 6603
    },
    {
        "bookingid": 12770
    },
    {
        "bookingid": 516
    },
    {
        "bookingid": 4003
    },
    {
        "bookingid": 7948
    },
    {
        "bookingid": 11604
    },
    {
        "bookingid": 11794
    },
    {
        "bookingid": 899
    },
    {
        "bookingid": 6139
    },
    {
        "bookingid": 13986
    },
    {
        "bookingid": 848
    },
    {
        "bookingid": 11773
    },
    {
        "bookingid": 1605
    },
    {
        "bookingid": 426
    },
    {
        "bookingid": 11572
    },
    {
        "bookingid": 13042
    },
    {
        "bookingid": 14711
    },
    {
        "bookingid": 8075
    },
    {
        "bookingid": 14523
    },
    {
        "bookingid": 3975
    },
    {
        "bookingid": 7622
    },
    {
        "bookingid": 12790
    },
    {
        "bookingid": 6386
    },
    {
        "bookingid": 7830
    },
    {
        "bookingid": 1129
    },
    {
        "bookingid": 5309
    },
    {
        "bookingid": 13236
    },
    {
        "bookingid": 4127
    },
    {
        "bookingid": 12016
    },
    {
        "bookingid": 6144
    },
    {
        "bookingid": 2855
    },
    {
        "bookingid": 14456
    },
    {
        "bookingid": 6629
    },
    {
        "bookingid": 13304
    },
    {
        "bookingid": 3226
    },
    {
        "bookingid": 10162
    },
    {
        "bookingid": 10949
    },
    {
        "bookingid": 11129
    },
    {
        "bookingid": 615
    },
    {
        "bookingid": 8440
    },
    {
        "bookingid": 898
    },
    {
        "bookingid": 13471
    },
    {
        "bookingid": 268
    },
    {
        "bookingid": 14400
    },
    {
        "bookingid": 13260
    },
    {
        "bookingid": 1201
    },
    {
        "bookingid": 916
    },
    {
        "bookingid": 1806
    },
    {
        "bookingid": 8805
    },
    {
        "bookingid": 12765
    },
    {
        "bookingid": 3315
    },
    {
        "bookingid": 8622
    },
    {
        "bookingid": 6692
    },
    {
        "bookingid": 3407
    },
    {
        "bookingid": 5532
    },
    {
        "bookingid": 3090
    },
    {
        "bookingid": 2760
    },
    {
        "bookingid": 11817
    },
    {
        "bookingid": 13142
    },
    {
        "bookingid": 6949
    },
    {
        "bookingid": 13645
    },
    {
        "bookingid": 4793
    },
    {
        "bookingid": 6497
    },
    {
        "bookingid": 10134
    },
    {
        "bookingid": 13450
    },
    {
        "bookingid": 9668
    },
    {
        "bookingid": 7394
    },
    {
        "bookingid": 7869
    },
    {
        "bookingid": 13208
    },
    {
        "bookingid": 10307
    },
    {
        "bookingid": 7866
    },
    {
        "bookingid": 5286
    },
    {
        "bookingid": 8969
    },
    {
        "bookingid": 14527
    },
    {
        "bookingid": 8174
    },
    {
        "bookingid": 942
    },
    {
        "bookingid": 14080
    },
    {
        "bookingid": 11279
    },
    {
        "bookingid": 11938
    },
    {
        "bookingid": 10396
    },
    {
        "bookingid": 10950
    },
    {
        "bookingid": 2706
    },
    {
        "bookingid": 9465
    },
    {
        "bookingid": 3022
    },
    {
        "bookingid": 6505
    },
    {
        "bookingid": 1557
    },
    {
        "bookingid": 789
    },
    {
        "bookingid": 10908
    },
    {
        "bookingid": 12634
    },
    {
        "bookingid": 12941
    },
    {
        "bookingid": 4936
    },
    {
        "bookingid": 401
    },
    {
        "bookingid": 9466
    },
    {
        "bookingid": 14531
    },
    {
        "bookingid": 5498
    },
    {
        "bookingid": 10538
    },
    {
        "bookingid": 2169
    },
    {
        "bookingid": 13078
    },
    {
        "bookingid": 13361
    },
    {
        "bookingid": 14420
    },
    {
        "bookingid": 10340
    },
    {
        "bookingid": 2996
    },
    {
        "bookingid": 2192
    },
    {
        "bookingid": 3827
    },
    {
        "bookingid": 7349
    },
    {
        "bookingid": 8997
    },
    {
        "bookingid": 14181
    },
    {
        "bookingid": 10360
    },
    {
        "bookingid": 1258
    },
    {
        "bookingid": 1218
    },
    {
        "bookingid": 5534
    },
    {
        "bookingid": 13483
    },
    {
        "bookingid": 4715
    },
    {
        "bookingid": 12298
    },
    {
        "bookingid": 3142
    },
    {
        "bookingid": 8702
    },
    {
        "bookingid": 2450
    },
    {
        "bookingid": 3043
    },
    {
        "bookingid": 2275
    },
    {
        "bookingid": 8216
    },
    {
        "bookingid": 8201
    },
    {
        "bookingid": 8886
    },
    {
        "bookingid": 11950
    },
    {
        "bookingid": 4880
    },
    {
        "bookingid": 14575
    },
    {
        "bookingid": 4904
    },
    {
        "bookingid": 6984
    },
    {
        "bookingid": 12425
    },
    {
        "bookingid": 4076
    },
    {
        "bookingid": 6645
    },
    {
        "bookingid": 6857
    },
    {
        "bookingid": 576
    },
    {
        "bookingid": 8509
    },
    {
        "bookingid": 8347
    },
    {
        "bookingid": 10585
    },
    {
        "bookingid": 9571
    },
    {
        "bookingid": 513
    },
    {
        "bookingid": 11513
    },
    {
        "bookingid": 2740
    },
    {
        "bookingid": 14895
    },
    {
        "bookingid": 7898
    },
    {
        "bookingid": 5659
    },
    {
        "bookingid": 2073
    },
    {
        "bookingid": 10562
    },
    {
        "bookingid": 6182
    },
    {
        "bookingid": 1905
    },
    {
        "bookingid": 2807
    },
    {
        "bookingid": 12561
    },
    {
        "bookingid": 8157
    },
    {
        "bookingid": 8002
    },
    {
        "bookingid": 3509
    },
    {
        "bookingid": 784
    },
    {
        "bookingid": 5836
    },
    {
        "bookingid": 5267
    },
    {
        "bookingid": 3884
    },
    {
        "bookingid": 13367
    },
    {
        "bookingid": 4139
    },
    {
        "bookingid": 3849
    },
    {
        "bookingid": 9937
    },
    {
        "bookingid": 2704
    },
    {
        "bookingid": 11906
    },
    {
        "bookingid": 8396
    },
    {
        "bookingid": 2641
    },
    {
        "bookingid": 5072
    },
    {
        "bookingid": 6277
    },
    {
        "bookingid": 7420
    },
    {
        "bookingid": 5058
    },
    {
        "bookingid": 12190
    },
    {
        "bookingid": 50
    },
    {
        "bookingid": 2285
    },
    {
        "bookingid": 9323
    },
    {
        "bookingid": 14765
    },
    {
        "bookingid": 6988
    },
    {
        "bookingid": 13357
    },
    {
        "bookingid": 10714
    },
    {
        "bookingid": 9758
    },
    {
        "bookingid": 2115
    },
    {
        "bookingid": 11154
    },
    {
        "bookingid": 2240
    },
    {
        "bookingid": 350
    },
    {
        "bookingid": 953
    },
    {
        "bookingid": 1804
    },
    {
        "bookingid": 2392
    },
    {
        "bookingid": 10429
    },
    {
        "bookingid": 5753
    },
    {
        "bookingid": 1697
    },
    {
        "bookingid": 11965
    },
    {
        "bookingid": 205
    },
    {
        "bookingid": 14431
    },
    {
        "bookingid": 11316
    },
    {
        "bookingid": 4925
    },
    {
        "bookingid": 3763
    },
    {
        "bookingid": 3235
    },
    {
        "bookingid": 3068
    },
    {
        "bookingid": 10636
    },
    {
        "bookingid": 6294
    },
    {
        "bookingid": 3558
    },
    {
        "bookingid": 2078
    },
    {
        "bookingid": 11137
    },
    {
        "bookingid": 6833
    },
    {
        "bookingid": 5723
    },
    {
        "bookingid": 4206
    },
    {
        "bookingid": 1953
    },
    {
        "bookingid": 5419
    },
    {
        "bookingid": 10868
    },
    {
        "bookingid": 3920
    },
    {
        "bookingid": 9812
    },
    {
        "bookingid": 14296
    },
    {
        "bookingid": 14410
    },
    {
        "bookingid": 12550
    },
    {
        "bookingid": 841
    },
    {
        "bookingid": 5994
    },
    {
        "bookingid": 13970
    },
    {
        "bookingid": 4570
    },
    {
        "bookingid": 5308
    },
    {
        "bookingid": 5197
    },
    {
        "bookingid": 6402
    },
    {
        "bookingid": 1518
    },
    {
        "bookingid": 8646
    },
    {
        "bookingid": 10876
    },
    {
        "bookingid": 1341
    },
    {
        "bookingid": 7099
    },
    {
        "bookingid": 907
    },
    {
        "bookingid": 3897
    },
    {
        "bookingid": 9470
    },
    {
        "bookingid": 14144
    },
    {
        "bookingid": 4504
    },
    {
        "bookingid": 6669
    },
    {
        "bookingid": 2311
    },
    {
        "bookingid": 3635
    },
    {
        "bookingid": 13616
    },
    {
        "bookingid": 14864
    },
    {
        "bookingid": 6069
    },
    {
        "bookingid": 12627
    },
    {
        "bookingid": 3443
    },
    {
        "bookingid": 10787
    },
    {
        "bookingid": 2282
    },
    {
        "bookingid": 12494
    },
    {
        "bookingid": 6033
    },
    {
        "bookingid": 7616
    },
    {
        "bookingid": 315
    },
    {
        "bookingid": 9751
    },
    {
        "bookingid": 3292
    },
    {
        "bookingid": 14028
    },
    {
        "bookingid": 8144
    },
    {
        "bookingid": 2243
    },
    {
        "bookingid": 6188
    },
    {
        "bookingid": 8982
    },
    {
        "bookingid": 12825
    },
    {
        "bookingid": 6194
    },
    {
        "bookingid": 4316
    },
    {
        "bookingid": 1325
    },
    {
        "bookingid": 2316
    },
    {
        "bookingid": 4213
    },
    {
        "bookingid": 12839
    },
    {
        "bookingid": 6528
    },
    {
        "bookingid": 12890
    },
    {
        "bookingid": 10812
    },
    {
        "bookingid": 7278
    },
    {
        "bookingid": 9376
    },
    {
        "bookingid": 9537
    },
    {
        "bookingid": 4017
    },
    {
        "bookingid": 5082
    },
    {
        "bookingid": 2141
    },
    {
        "bookingid": 359
    },
    {
        "bookingid": 7796
    },
    {
        "bookingid": 14550
    },
    {
        "bookingid": 10077
    },
    {
        "bookingid": 1629
    },
    {
        "bookingid": 9472
    },
    {
        "bookingid": 11857
    },
    {
        "bookingid": 1350
    },
    {
        "bookingid": 6426
    },
    {
        "bookingid": 9549
    },
    {
        "bookingid": 7925
    },
    {
        "bookingid": 2728
    },
    {
        "bookingid": 192
    },
    {
        "bookingid": 6800
    },
    {
        "bookingid": 4693
    },
    {
        "bookingid": 839
    },
    {
        "bookingid": 7586
    },
    {
        "bookingid": 387
    },
    {
        "bookingid": 11899
    },
    {
        "bookingid": 695
    },
    {
        "bookingid": 6947
    },
    {
        "bookingid": 11841
    },
    {
        "bookingid": 528
    },
    {
        "bookingid": 8031
    },
    {
        "bookingid": 10593
    },
    {
        "bookingid": 14601
    },
    {
        "bookingid": 645
    },
    {
        "bookingid": 12572
    },
    {
        "bookingid": 1394
    },
    {
        "bookingid": 638
    },
    {
        "bookingid": 2348
    },
    {
        "bookingid": 5698
    },
    {
        "bookingid": 2498
    },
    {
        "bookingid": 14346
    },
    {
        "bookingid": 12710
    },
    {
        "bookingid": 3030
    },
    {
        "bookingid": 3475
    },
    {
        "bookingid": 12889
    },
    {
        "bookingid": 3194
    },
    {
        "bookingid": 8508
    },
    {
        "bookingid": 4150
    },
    {
        "bookingid": 10866
    },
    {
        "bookingid": 10849
    },
    {
        "bookingid": 3595
    },
    {
        "bookingid": 11974
    },
    {
        "bookingid": 13215
    },
    {
        "bookingid": 1365
    },
    {
        "bookingid": 14493
    },
    {
        "bookingid": 1773
    },
    {
        "bookingid": 3948
    },
    {
        "bookingid": 9891
    },
    {
        "bookingid": 1118
    },
    {
        "bookingid": 9400
    },
    {
        "bookingid": 3132
    },
    {
        "bookingid": 8389
    },
    {
        "bookingid": 2402
    },
    {
        "bookingid": 6250
    },
    {
        "bookingid": 7999
    },
    {
        "bookingid": 5506
    },
    {
        "bookingid": 11286
    },
    {
        "bookingid": 5906
    },
    {
        "bookingid": 12080
    },
    {
        "bookingid": 8990
    },
    {
        "bookingid": 4250
    },
    {
        "bookingid": 10089
    },
    {
        "bookingid": 8755
    },
    {
        "bookingid": 13118
    },
    {
        "bookingid": 4717
    },
    {
        "bookingid": 4191
    },
    {
        "bookingid": 589
    },
    {
        "bookingid": 13903
    },
    {
        "bookingid": 5198
    },
    {
        "bookingid": 4224
    },
    {
        "bookingid": 10199
    },
    {
        "bookingid": 5336
    },
    {
        "bookingid": 10757
    },
    {
        "bookingid": 11759
    },
    {
        "bookingid": 6368
    },
    {
        "bookingid": 1511
    },
    {
        "bookingid": 13201
    },
    {
        "bookingid": 14619
    },
    {
        "bookingid": 2581
    },
    {
        "bookingid": 4521
    },
    {
        "bookingid": 5361
    },
    {
        "bookingid": 9074
    },
    {
        "bookingid": 12610
    },
    {
        "bookingid": 5565
    },
    {
        "bookingid": 6212
    },
    {
        "bookingid": 14498
    },
    {
        "bookingid": 5477
    },
    {
        "bookingid": 5750
    },
    {
        "bookingid": 11998
    },
    {
        "bookingid": 1840
    },
    {
        "bookingid": 11320
    },
    {
        "bookingid": 8670
    },
    {
        "bookingid": 2455
    },
    {
        "bookingid": 9612
    },
    {
        "bookingid": 5879
    },
    {
        "bookingid": 369
    },
    {
        "bookingid": 9014
    },
    {
        "bookingid": 9621
    },
    {
        "bookingid": 6527
    },
    {
        "bookingid": 6678
    },
    {
        "bookingid": 9531
    },
    {
        "bookingid": 7068
    },
    {
        "bookingid": 1664
    },
    {
        "bookingid": 11580
    },
    {
        "bookingid": 4350
    },
    {
        "bookingid": 10531
    },
    {
        "bookingid": 7958
    },
    {
        "bookingid": 4453
    },
    {
        "bookingid": 7482
    },
    {
        "bookingid": 1049
    },
    {
        "bookingid": 11054
    },
    {
        "bookingid": 9417
    },
    {
        "bookingid": 6868
    },
    {
        "bookingid": 6596
    },
    {
        "bookingid": 8408
    },
    {
        "bookingid": 10204
    },
    {
        "bookingid": 10036
    },
    {
        "bookingid": 279
    },
    {
        "bookingid": 8377
    },
    {
        "bookingid": 10852
    },
    {
        "bookingid": 2828
    },
    {
        "bookingid": 6820
    },
    {
        "bookingid": 3806
    },
    {
        "bookingid": 6570
    },
    {
        "bookingid": 5558
    },
    {
        "bookingid": 7871
    },
    {
        "bookingid": 8342
    },
    {
        "bookingid": 14362
    },
    {
        "bookingid": 1281
    },
    {
        "bookingid": 8380
    },
    {
        "bookingid": 12195
    },
    {
        "bookingid": 11400
    },
    {
        "bookingid": 10789
    },
    {
        "bookingid": 159
    },
    {
        "bookingid": 9220
    },
    {
        "bookingid": 14501
    },
    {
        "bookingid": 14732
    },
    {
        "bookingid": 11483
    },
    {
        "bookingid": 13334
    },
    {
        "bookingid": 8104
    },
    {
        "bookingid": 9686
    },
    {
        "bookingid": 7252
    },
    {
        "bookingid": 11465
    },
    {
        "bookingid": 11702
    },
    {
        "bookingid": 12060
    },
    {
        "bookingid": 14729
    },
    {
        "bookingid": 2881
    },
    {
        "bookingid": 2701
    },
    {
        "bookingid": 11102
    },
    {
        "bookingid": 12984
    },
    {
        "bookingid": 2260
    },
    {
        "bookingid": 11549
    },
    {
        "bookingid": 5329
    },
    {
        "bookingid": 12199
    },
    {
        "bookingid": 1336
    },
    {
        "bookingid": 10440
    },
    {
        "bookingid": 12159
    },
    {
        "bookingid": 9540
    },
    {
        "bookingid": 10448
    },
    {
        "bookingid": 7671
    },
    {
        "bookingid": 12852
    },
    {
        "bookingid": 5665
    },
    {
        "bookingid": 9030
    },
    {
        "bookingid": 10468
    },
    {
        "bookingid": 6208
    },
    {
        "bookingid": 3983
    },
    {
        "bookingid": 5401
    },
    {
        "bookingid": 10459
    },
    {
        "bookingid": 4972
    },
    {
        "bookingid": 7880
    },
    {
        "bookingid": 1573
    },
    {
        "bookingid": 452
    },
    {
        "bookingid": 10428
    },
    {
        "bookingid": 5876
    },
    {
        "bookingid": 7473
    },
    {
        "bookingid": 13575
    },
    {
        "bookingid": 3804
    },
    {
        "bookingid": 13300
    },
    {
        "bookingid": 3927
    },
    {
        "bookingid": 3108
    },
    {
        "bookingid": 6571
    },
    {
        "bookingid": 13484
    },
    {
        "bookingid": 6793
    },
    {
        "bookingid": 14754
    },
    {
        "bookingid": 1115
    },
    {
        "bookingid": 3081
    },
    {
        "bookingid": 432
    },
    {
        "bookingid": 1332
    },
    {
        "bookingid": 10529
    },
    {
        "bookingid": 8068
    },
    {
        "bookingid": 11243
    },
    {
        "bookingid": 1710
    },
    {
        "bookingid": 10530
    },
    {
        "bookingid": 12012
    },
    {
        "bookingid": 3400
    },
    {
        "bookingid": 10724
    },
    {
        "bookingid": 3208
    },
    {
        "bookingid": 6331
    },
    {
        "bookingid": 6304
    },
    {
        "bookingid": 7756
    },
    {
        "bookingid": 3262
    },
    {
        "bookingid": 6672
    },
    {
        "bookingid": 14427
    },
    {
        "bookingid": 5478
    },
    {
        "bookingid": 8937
    },
    {
        "bookingid": 7262
    },
    {
        "bookingid": 11034
    },
    {
        "bookingid": 5897
    },
    {
        "bookingid": 2763
    },
    {
        "bookingid": 10101
    },
    {
        "bookingid": 977
    },
    {
        "bookingid": 4283
    },
    {
        "bookingid": 14320
    },
    {
        "bookingid": 10145
    },
    {
        "bookingid": 8187
    },
    {
        "bookingid": 13202
    },
    {
        "bookingid": 11133
    },
    {
        "bookingid": 2544
    },
    {
        "bookingid": 11028
    },
    {
        "bookingid": 5899
    },
    {
        "bookingid": 664
    },
    {
        "bookingid": 4105
    },
    {
        "bookingid": 5476
    },
    {
        "bookingid": 5190
    },
    {
        "bookingid": 3206
    },
    {
        "bookingid": 9073
    },
    {
        "bookingid": 3268
    },
    {
        "bookingid": 9027
    },
    {
        "bookingid": 13390
    },
    {
        "bookingid": 8083
    },
    {
        "bookingid": 9039
    },
    {
        "bookingid": 5486
    },
    {
        "bookingid": 12667
    },
    {
        "bookingid": 4314
    },
    {
        "bookingid": 6663
    },
    {
        "bookingid": 12978
    },
    {
        "bookingid": 14182
    },
    {
        "bookingid": 9252
    },
    {
        "bookingid": 11756
    },
    {
        "bookingid": 8620
    },
    {
        "bookingid": 12715
    },
    {
        "bookingid": 13980
    },
    {
        "bookingid": 9481
    },
    {
        "bookingid": 6214
    },
    {
        "bookingid": 9424
    },
    {
        "bookingid": 11226
    },
    {
        "bookingid": 10958
    },
    {
        "bookingid": 5431
    },
    {
        "bookingid": 6980
    },
    {
        "bookingid": 12651
    },
    {
        "bookingid": 13316
    },
    {
        "bookingid": 5249
    },
    {
        "bookingid": 14900
    },
    {
        "bookingid": 9660
    },
    {
        "bookingid": 2708
    },
    {
        "bookingid": 12565
    },
    {
        "bookingid": 14111
    },
    {
        "bookingid": 668
    },
    {
        "bookingid": 10461
    },
    {
        "bookingid": 394
    },
    {
        "bookingid": 12033
    },
    {
        "bookingid": 13528
    },
    {
        "bookingid": 1785
    },
    {
        "bookingid": 6662
    },
    {
        "bookingid": 1227
    },
    {
        "bookingid": 1547
    },
    {
        "bookingid": 11202
    },
    {
        "bookingid": 11060
    },
    {
        "bookingid": 8242
    },
    {
        "bookingid": 7859
    },
    {
        "bookingid": 3477
    },
    {
        "bookingid": 9567
    },
    {
        "bookingid": 11787
    },
    {
        "bookingid": 11628
    },
    {
        "bookingid": 3947
    },
    {
        "bookingid": 10630
    },
    {
        "bookingid": 8751
    },
    {
        "bookingid": 9800
    },
    {
        "bookingid": 12750
    },
    {
        "bookingid": 9403
    },
    {
        "bookingid": 4720
    },
    {
        "bookingid": 6894
    },
    {
        "bookingid": 13168
    },
    {
        "bookingid": 10960
    },
    {
        "bookingid": 10121
    },
    {
        "bookingid": 8686
    },
    {
        "bookingid": 3144
    },
    {
        "bookingid": 3709
    },
    {
        "bookingid": 6175
    },
    {
        "bookingid": 12985
    },
    {
        "bookingid": 2631
    },
    {
        "bookingid": 602
    },
    {
        "bookingid": 7429
    },
    {
        "bookingid": 5777
    },
    {
        "bookingid": 4592
    },
    {
        "bookingid": 8309
    },
    {
        "bookingid": 7557
    },
    {
        "bookingid": 2292
    },
    {
        "bookingid": 10375
    },
    {
        "bookingid": 1628
    },
    {
        "bookingid": 2203
    },
    {
        "bookingid": 12142
    },
    {
        "bookingid": 5684
    },
    {
        "bookingid": 4053
    },
    {
        "bookingid": 3585
    },
    {
        "bookingid": 8070
    },
    {
        "bookingid": 3348
    },
    {
        "bookingid": 3586
    },
    {
        "bookingid": 7
    },
    {
        "bookingid": 13737
    },
    {
        "bookingid": 5304
    },
    {
        "bookingid": 10231
    },
    {
        "bookingid": 9181
    },
    {
        "bookingid": 12054
    },
    {
        "bookingid": 10300
    },
    {
        "bookingid": 3179
    },
    {
        "bookingid": 10840
    },
    {
        "bookingid": 5010
    },
    {
        "bookingid": 7515
    },
    {
        "bookingid": 8788
    },
    {
        "bookingid": 7421
    },
    {
        "bookingid": 11023
    },
    {
        "bookingid": 11901
    },
    {
        "bookingid": 12480
    },
    {
        "bookingid": 3936
    },
    {
        "bookingid": 14198
    },
    {
        "bookingid": 3264
    },
    {
        "bookingid": 10749
    },
    {
        "bookingid": 4348
    },
    {
        "bookingid": 2248
    },
    {
        "bookingid": 3504
    },
    {
        "bookingid": 5026
    },
    {
        "bookingid": 14264
    },
    {
        "bookingid": 4993
    },
    {
        "bookingid": 12158
    },
    {
        "bookingid": 4133
    },
    {
        "bookingid": 6173
    },
    {
        "bookingid": 8838
    },
    {
        "bookingid": 800
    },
    {
        "bookingid": 14366
    },
    {
        "bookingid": 5773
    },
    {
        "bookingid": 12347
    },
    {
        "bookingid": 8045
    },
    {
        "bookingid": 10232
    },
    {
        "bookingid": 7007
    },
    {
        "bookingid": 8736
    },
    {
        "bookingid": 4031
    },
    {
        "bookingid": 13352
    },
    {
        "bookingid": 5424
    },
    {
        "bookingid": 13692
    },
    {
        "bookingid": 1190
    },
    {
        "bookingid": 9097
    },
    {
        "bookingid": 9917
    },
    {
        "bookingid": 2401
    },
    {
        "bookingid": 7177
    },
    {
        "bookingid": 10132
    },
    {
        "bookingid": 14544
    },
    {
        "bookingid": 12437
    },
    {
        "bookingid": 11823
    },
    {
        "bookingid": 10540
    },
    {
        "bookingid": 2942
    },
    {
        "bookingid": 2889
    },
    {
        "bookingid": 12633
    },
    {
        "bookingid": 6242
    },
    {
        "bookingid": 13228
    },
    {
        "bookingid": 7795
    },
    {
        "bookingid": 7255
    },
    {
        "bookingid": 2716
    },
    {
        "bookingid": 9734
    },
    {
        "bookingid": 8186
    },
    {
        "bookingid": 14699
    },
    {
        "bookingid": 3190
    },
    {
        "bookingid": 11433
    },
    {
        "bookingid": 11123
    },
    {
        "bookingid": 2156
    },
    {
        "bookingid": 6417
    },
    {
        "bookingid": 2934
    },
    {
        "bookingid": 1419
    },
    {
        "bookingid": 9310
    },
    {
        "bookingid": 4857
    },
    {
        "bookingid": 10962
    },
    {
        "bookingid": 14882
    },
    {
        "bookingid": 5663
    },
    {
        "bookingid": 3288
    },
    {
        "bookingid": 5171
    },
    {
        "bookingid": 3775
    },
    {
        "bookingid": 13991
    },
    {
        "bookingid": 6843
    },
    {
        "bookingid": 13306
    },
    {
        "bookingid": 9259
    },
    {
        "bookingid": 3768
    },
    {
        "bookingid": 3469
    },
    {
        "bookingid": 8048
    },
    {
        "bookingid": 7248
    },
    {
        "bookingid": 13702
    },
    {
        "bookingid": 4554
    },
    {
        "bookingid": 6094
    },
    {
        "bookingid": 7256
    },
    {
        "bookingid": 3216
    },
    {
        "bookingid": 7860
    },
    {
        "bookingid": 13033
    },
    {
        "bookingid": 2636
    },
    {
        "bookingid": 10975
    },
    {
        "bookingid": 5762
    },
    {
        "bookingid": 6086
    },
    {
        "bookingid": 771
    },
    {
        "bookingid": 4358
    },
    {
        "bookingid": 622
    },
    {
        "bookingid": 4916
    },
    {
        "bookingid": 9254
    },
    {
        "bookingid": 10183
    },
    {
        "bookingid": 10334
    },
    {
        "bookingid": 3736
    },
    {
        "bookingid": 10471
    },
    {
        "bookingid": 11546
    },
    {
        "bookingid": 4809
    },
    {
        "bookingid": 8368
    },
    {
        "bookingid": 1301
    },
    {
        "bookingid": 6131
    },
    {
        "bookingid": 10551
    },
    {
        "bookingid": 7538
    },
    {
        "bookingid": 5875
    },
    {
        "bookingid": 2874
    },
    {
        "bookingid": 2742
    },
    {
        "bookingid": 14337
    },
    {
        "bookingid": 13640
    },
    {
        "bookingid": 11258
    },
    {
        "bookingid": 7524
    },
    {
        "bookingid": 11594
    },
    {
        "bookingid": 5735
    },
    {
        "bookingid": 2623
    },
    {
        "bookingid": 7042
    },
    {
        "bookingid": 12393
    },
    {
        "bookingid": 13784
    },
    {
        "bookingid": 7803
    },
    {
        "bookingid": 7746
    },
    {
        "bookingid": 10513
    },
    {
        "bookingid": 14718
    },
    {
        "bookingid": 10565
    },
    {
        "bookingid": 9536
    },
    {
        "bookingid": 13111
    },
    {
        "bookingid": 7656
    },
    {
        "bookingid": 9276
    },
    {
        "bookingid": 12745
    },
    {
        "bookingid": 2002
    },
    {
        "bookingid": 11842
    },
    {
        "bookingid": 1064
    },
    {
        "bookingid": 5430
    },
    {
        "bookingid": 9669
    },
    {
        "bookingid": 6464
    },
    {
        "bookingid": 12809
    },
    {
        "bookingid": 624
    },
    {
        "bookingid": 12096
    },
    {
        "bookingid": 9954
    },
    {
        "bookingid": 22
    },
    {
        "bookingid": 744
    },
    {
        "bookingid": 9680
    },
    {
        "bookingid": 8940
    },
    {
        "bookingid": 1229
    },
    {
        "bookingid": 6828
    },
    {
        "bookingid": 6399
    },
    {
        "bookingid": 7085
    },
    {
        "bookingid": 13688
    },
    {
        "bookingid": 3033
    },
    {
        "bookingid": 9088
    },
    {
        "bookingid": 10831
    },
    {
        "bookingid": 2387
    },
    {
        "bookingid": 9152
    },
    {
        "bookingid": 7172
    },
    {
        "bookingid": 13925
    },
    {
        "bookingid": 1443
    },
    {
        "bookingid": 8993
    },
    {
        "bookingid": 4002
    },
    {
        "bookingid": 7457
    },
    {
        "bookingid": 3743
    },
    {
        "bookingid": 8948
    },
    {
        "bookingid": 7095
    },
    {
        "bookingid": 10933
    },
    {
        "bookingid": 8333
    },
    {
        "bookingid": 9956
    },
    {
        "bookingid": 6698
    },
    {
        "bookingid": 7596
    },
    {
        "bookingid": 4928
    },
    {
        "bookingid": 8796
    },
    {
        "bookingid": 4771
    },
    {
        "bookingid": 8718
    },
    {
        "bookingid": 3054
    },
    {
        "bookingid": 4748
    },
    {
        "bookingid": 2969
    },
    {
        "bookingid": 8232
    },
    {
        "bookingid": 4909
    },
    {
        "bookingid": 14767
    },
    {
        "bookingid": 3336
    },
    {
        "bookingid": 1184
    },
    {
        "bookingid": 4056
    },
    {
        "bookingid": 10715
    },
    {
        "bookingid": 3214
    },
    {
        "bookingid": 10865
    },
    {
        "bookingid": 10895
    },
    {
        "bookingid": 7785
    },
    {
        "bookingid": 637
    },
    {
        "bookingid": 6371
    },
    {
        "bookingid": 3710
    },
    {
        "bookingid": 2096
    },
    {
        "bookingid": 3072
    },
    {
        "bookingid": 11099
    },
    {
        "bookingid": 11995
    },
    {
        "bookingid": 3508
    },
    {
        "bookingid": 4438
    },
    {
        "bookingid": 660
    },
    {
        "bookingid": 1904
    },
    {
        "bookingid": 10999
    },
    {
        "bookingid": 7292
    },
    {
        "bookingid": 9848
    },
    {
        "bookingid": 13313
    },
    {
        "bookingid": 5531
    },
    {
        "bookingid": 7693
    },
    {
        "bookingid": 14766
    },
    {
        "bookingid": 13766
    },
    {
        "bookingid": 1619
    },
    {
        "bookingid": 6246
    },
    {
        "bookingid": 512
    },
    {
        "bookingid": 1662
    },
    {
        "bookingid": 1033
    },
    {
        "bookingid": 1651
    },
    {
        "bookingid": 9474
    },
    {
        "bookingid": 3460
    },
    {
        "bookingid": 11065
    },
    {
        "bookingid": 9225
    },
    {
        "bookingid": 11412
    },
    {
        "bookingid": 9810
    },
    {
        "bookingid": 5521
    },
    {
        "bookingid": 3497
    },
    {
        "bookingid": 12082
    },
    {
        "bookingid": 3102
    },
    {
        "bookingid": 6090
    },
    {
        "bookingid": 2097
    },
    {
        "bookingid": 10548
    },
    {
        "bookingid": 8725
    },
    {
        "bookingid": 10702
    },
    {
        "bookingid": 8350
    },
    {
        "bookingid": 9258
    },
    {
        "bookingid": 3807
    },
    {
        "bookingid": 5651
    },
    {
        "bookingid": 1411
    },
    {
        "bookingid": 2230
    },
    {
        "bookingid": 11932
    },
    {
        "bookingid": 3138
    },
    {
        "bookingid": 8961
    },
    {
        "bookingid": 12336
    },
    {
        "bookingid": 12165
    },
    {
        "bookingid": 763
    },
    {
        "bookingid": 3796
    },
    {
        "bookingid": 12309
    },
    {
        "bookingid": 12138
    },
    {
        "bookingid": 13799
    },
    {
        "bookingid": 14185
    },
    {
        "bookingid": 3123
    },
    {
        "bookingid": 10369
    },
    {
        "bookingid": 14775
    },
    {
        "bookingid": 2945
    },
    {
        "bookingid": 1642
    },
    {
        "bookingid": 9324
    },
    {
        "bookingid": 7010
    },
    {
        "bookingid": 436
    },
    {
        "bookingid": 4646
    },
    {
        "bookingid": 688
    },
    {
        "bookingid": 2416
    },
    {
        "bookingid": 5911
    },
    {
        "bookingid": 11726
    },
    {
        "bookingid": 2851
    },
    {
        "bookingid": 7153
    },
    {
        "bookingid": 1391
    },
    {
        "bookingid": 13190
    },
    {
        "bookingid": 1907
    },
    {
        "bookingid": 5620
    },
    {
        "bookingid": 9126
    },
    {
        "bookingid": 6518
    },
    {
        "bookingid": 1466
    },
    {
        "bookingid": 14739
    },
    {
        "bookingid": 14638
    },
    {
        "bookingid": 7355
    },
    {
        "bookingid": 11218
    },
    {
        "bookingid": 585
    },
    {
        "bookingid": 3222
    },
    {
        "bookingid": 14021
    },
    {
        "bookingid": 14845
    },
    {
        "bookingid": 1974
    },
    {
        "bookingid": 6750
    },
    {
        "bookingid": 2730
    },
    {
        "bookingid": 14536
    },
    {
        "bookingid": 8995
    },
    {
        "bookingid": 12383
    },
    {
        "bookingid": 11071
    },
    {
        "bookingid": 8520
    },
    {
        "bookingid": 544
    },
    {
        "bookingid": 1275
    },
    {
        "bookingid": 3643
    },
    {
        "bookingid": 1853
    },
    {
        "bookingid": 2090
    },
    {
        "bookingid": 3482
    },
    {
        "bookingid": 7180
    },
    {
        "bookingid": 5393
    },
    {
        "bookingid": 9043
    },
    {
        "bookingid": 1295
    },
    {
        "bookingid": 13014
    },
    {
        "bookingid": 12378
    },
    {
        "bookingid": 10780
    },
    {
        "bookingid": 11292
    },
    {
        "bookingid": 14829
    },
    {
        "bookingid": 9018
    },
    {
        "bookingid": 13657
    },
    {
        "bookingid": 14879
    },
    {
        "bookingid": 8275
    },
    {
        "bookingid": 5795
    },
    {
        "bookingid": 3457
    },
    {
        "bookingid": 8950
    },
    {
        "bookingid": 5977
    },
    {
        "bookingid": 12330
    },
    {
        "bookingid": 10286
    },
    {
        "bookingid": 11982
    },
    {
        "bookingid": 3925
    },
    {
        "bookingid": 10443
    },
    {
        "bookingid": 10451
    },
    {
        "bookingid": 3761
    },
    {
        "bookingid": 3340
    },
    {
        "bookingid": 13752
    },
    {
        "bookingid": 12493
    },
    {
        "bookingid": 4194
    },
    {
        "bookingid": 11447
    },
    {
        "bookingid": 7189
    },
    {
        "bookingid": 1451
    },
    {
        "bookingid": 13519
    },
    {
        "bookingid": 13095
    },
    {
        "bookingid": 7350
    },
    {
        "bookingid": 3542
    },
    {
        "bookingid": 9055
    },
    {
        "bookingid": 9193
    },
    {
        "bookingid": 329
    },
    {
        "bookingid": 12251
    },
    {
        "bookingid": 1892
    },
    {
        "bookingid": 9015
    },
    {
        "bookingid": 4875
    },
    {
        "bookingid": 1052
    },
    {
        "bookingid": 1313
    },
    {
        "bookingid": 4220
    },
    {
        "bookingid": 231
    },
    {
        "bookingid": 10216
    },
    {
        "bookingid": 4601
    },
    {
        "bookingid": 6891
    },
    {
        "bookingid": 796
    },
    {
        "bookingid": 13553
    },
    {
        "bookingid": 11885
    },
    {
        "bookingid": 5714
    },
    {
        "bookingid": 14746
    },
    {
        "bookingid": 14404
    },
    {
        "bookingid": 8819
    },
    {
        "bookingid": 2504
    },
    {
        "bookingid": 11505
    },
    {
        "bookingid": 8632
    },
    {
        "bookingid": 9924
    },
    {
        "bookingid": 3294
    },
    {
        "bookingid": 6474
    },
    {
        "bookingid": 7390
    },
    {
        "bookingid": 885
    },
    {
        "bookingid": 14513
    },
    {
        "bookingid": 9048
    },
    {
        "bookingid": 10310
    },
    {
        "bookingid": 7078
    },
    {
        "bookingid": 13011
    },
    {
        "bookingid": 8615
    },
    {
        "bookingid": 3411
    },
    {
        "bookingid": 1509
    },
    {
        "bookingid": 14295
    },
    {
        "bookingid": 12290
    },
    {
        "bookingid": 3924
    },
    {
        "bookingid": 13974
    },
    {
        "bookingid": 11613
    },
    {
        "bookingid": 7911
    },
    {
        "bookingid": 4549
    },
    {
        "bookingid": 6732
    },
    {
        "bookingid": 5265
    },
    {
        "bookingid": 4134
    },
    {
        "bookingid": 3531
    },
    {
        "bookingid": 133
    },
    {
        "bookingid": 2017
    },
    {
        "bookingid": 12499
    },
    {
        "bookingid": 4658
    },
    {
        "bookingid": 7698
    },
    {
        "bookingid": 14438
    },
    {
        "bookingid": 2787
    },
    {
        "bookingid": 9996
    },
    {
        "bookingid": 3472
    },
    {
        "bookingid": 10269
    },
    {
        "bookingid": 12982
    },
    {
        "bookingid": 4523
    },
    {
        "bookingid": 7847
    },
    {
        "bookingid": 13879
    },
    {
        "bookingid": 8489
    },
    {
        "bookingid": 7363
    },
    {
        "bookingid": 8121
    },
    {
        "bookingid": 6349
    },
    {
        "bookingid": 10582
    },
    {
        "bookingid": 13990
    },
    {
        "bookingid": 9853
    },
    {
        "bookingid": 650
    },
    {
        "bookingid": 2151
    },
    {
        "bookingid": 1386
    },
    {
        "bookingid": 2601
    },
    {
        "bookingid": 7312
    },
    {
        "bookingid": 14506
    },
    {
        "bookingid": 4555
    },
    {
        "bookingid": 12616
    },
    {
        "bookingid": 10798
    },
    {
        "bookingid": 2918
    },
    {
        "bookingid": 1321
    },
    {
        "bookingid": 11426
    },
    {
        "bookingid": 2412
    },
    {
        "bookingid": 2618
    },
    {
        "bookingid": 6705
    },
    {
        "bookingid": 9016
    },
    {
        "bookingid": 3530
    },
    {
        "bookingid": 7792
    },
    {
        "bookingid": 14836
    },
    {
        "bookingid": 6207
    },
    {
        "bookingid": 10807
    },
    {
        "bookingid": 1556
    },
    {
        "bookingid": 13735
    },
    {
        "bookingid": 8090
    },
    {
        "bookingid": 12946
    },
    {
        "bookingid": 14324
    },
    {
        "bookingid": 5235
    },
    {
        "bookingid": 12918
    },
    {
        "bookingid": 8108
    },
    {
        "bookingid": 14019
    },
    {
        "bookingid": 5944
    },
    {
        "bookingid": 13830
    },
    {
        "bookingid": 14382
    },
    {
        "bookingid": 4888
    },
    {
        "bookingid": 11691
    },
    {
        "bookingid": 1459
    },
    {
        "bookingid": 3265
    },
    {
        "bookingid": 4323
    },
    {
        "bookingid": 7433
    },
    {
        "bookingid": 7365
    },
    {
        "bookingid": 8141
    },
    {
        "bookingid": 6407
    },
    {
        "bookingid": 7627
    },
    {
        "bookingid": 2220
    },
    {
        "bookingid": 7809
    },
    {
        "bookingid": 12865
    },
    {
        "bookingid": 14515
    },
    {
        "bookingid": 7738
    },
    {
        "bookingid": 12265
    },
    {
        "bookingid": 1966
    },
    {
        "bookingid": 11752
    },
    {
        "bookingid": 6081
    },
    {
        "bookingid": 3922
    },
    {
        "bookingid": 11801
    },
    {
        "bookingid": 3559
    },
    {
        "bookingid": 722
    },
    {
        "bookingid": 6378
    },
    {
        "bookingid": 1799
    },
    {
        "bookingid": 5657
    },
    {
        "bookingid": 2712
    },
    {
        "bookingid": 9525
    },
    {
        "bookingid": 8951
    },
    {
        "bookingid": 12346
    },
    {
        "bookingid": 14525
    },
    {
        "bookingid": 12759
    },
    {
        "bookingid": 886
    },
    {
        "bookingid": 10921
    },
    {
        "bookingid": 10768
    },
    {
        "bookingid": 7639
    },
    {
        "bookingid": 5602
    },
    {
        "bookingid": 13013
    },
    {
        "bookingid": 13792
    },
    {
        "bookingid": 1539
    },
    {
        "bookingid": 1770
    },
    {
        "bookingid": 9805
    },
    {
        "bookingid": 741
    },
    {
        "bookingid": 8203
    },
    {
        "bookingid": 12955
    },
    {
        "bookingid": 1369
    },
    {
        "bookingid": 13599
    },
    {
        "bookingid": 13654
    },
    {
        "bookingid": 7183
    },
    {
        "bookingid": 9731
    },
    {
        "bookingid": 3139
    },
    {
        "bookingid": 1837
    },
    {
        "bookingid": 8278
    },
    {
        "bookingid": 3046
    },
    {
        "bookingid": 9629
    },
    {
        "bookingid": 10797
    },
    {
        "bookingid": 9021
    },
    {
        "bookingid": 14178
    },
    {
        "bookingid": 11268
    },
    {
        "bookingid": 1559
    },
    {
        "bookingid": 409
    },
    {
        "bookingid": 10743
    },
    {
        "bookingid": 6481
    },
    {
        "bookingid": 6480
    },
    {
        "bookingid": 5925
    },
    {
        "bookingid": 14046
    },
    {
        "bookingid": 4561
    },
    {
        "bookingid": 5655
    },
    {
        "bookingid": 6119
    },
    {
        "bookingid": 7378
    },
    {
        "bookingid": 7589
    },
    {
        "bookingid": 8809
    },
    {
        "bookingid": 11130
    },
    {
        "bookingid": 10290
    },
    {
        "bookingid": 13999
    },
    {
        "bookingid": 857
    },
    {
        "bookingid": 3908
    },
    {
        "bookingid": 1910
    },
    {
        "bookingid": 685
    },
    {
        "bookingid": 4436
    },
    {
        "bookingid": 12122
    },
    {
        "bookingid": 8750
    },
    {
        "bookingid": 14616
    },
    {
        "bookingid": 12893
    },
    {
        "bookingid": 14802
    },
    {
        "bookingid": 14251
    },
    {
        "bookingid": 7930
    },
    {
        "bookingid": 4900
    },
    {
        "bookingid": 8196
    },
    {
        "bookingid": 11541
    },
    {
        "bookingid": 5439
    },
    {
        "bookingid": 8156
    },
    {
        "bookingid": 2952
    },
    {
        "bookingid": 9885
    },
    {
        "bookingid": 4762
    },
    {
        "bookingid": 8826
    },
    {
        "bookingid": 13287
    },
    {
        "bookingid": 14277
    },
    {
        "bookingid": 11585
    },
    {
        "bookingid": 11413
    },
    {
        "bookingid": 5604
    },
    {
        "bookingid": 11727
    },
    {
        "bookingid": 4088
    },
    {
        "bookingid": 7336
    },
    {
        "bookingid": 4808
    },
    {
        "bookingid": 14040
    },
    {
        "bookingid": 10350
    },
    {
        "bookingid": 10482
    },
    {
        "bookingid": 312
    },
    {
        "bookingid": 8607
    },
    {
        "bookingid": 1879
    },
    {
        "bookingid": 2469
    },
    {
        "bookingid": 4982
    },
    {
        "bookingid": 1460
    },
    {
        "bookingid": 1141
    },
    {
        "bookingid": 12964
    },
    {
        "bookingid": 12711
    },
    {
        "bookingid": 14290
    },
    {
        "bookingid": 7362
    },
    {
        "bookingid": 7242
    },
    {
        "bookingid": 2620
    },
    {
        "bookingid": 3524
    },
    {
        "bookingid": 4582
    },
    {
        "bookingid": 8457
    },
    {
        "bookingid": 10179
    },
    {
        "bookingid": 2527
    },
    {
        "bookingid": 8487
    },
    {
        "bookingid": 9205
    },
    {
        "bookingid": 12537
    },
    {
        "bookingid": 6303
    },
    {
        "bookingid": 6459
    },
    {
        "bookingid": 14217
    },
    {
        "bookingid": 1958
    },
    {
        "bookingid": 9238
    },
    {
        "bookingid": 7611
    },
    {
        "bookingid": 2294
    },
    {
        "bookingid": 4760
    },
    {
        "bookingid": 1225
    },
    {
        "bookingid": 6049
    },
    {
        "bookingid": 6780
    },
    {
        "bookingid": 14761
    },
    {
        "bookingid": 7004
    },
    {
        "bookingid": 14091
    },
    {
        "bookingid": 14276
    },
    {
        "bookingid": 11451
    },
    {
        "bookingid": 543
    },
    {
        "bookingid": 7441
    },
    {
        "bookingid": 11062
    },
    {
        "bookingid": 7154
    },
    {
        "bookingid": 5457
    },
    {
        "bookingid": 11017
    },
    {
        "bookingid": 12083
    },
    {
        "bookingid": 14660
    },
    {
        "bookingid": 5348
    },
    {
        "bookingid": 4735
    },
    {
        "bookingid": 6017
    },
    {
        "bookingid": 13003
    },
    {
        "bookingid": 5577
    },
    {
        "bookingid": 1404
    },
    {
        "bookingid": 10716
    },
    {
        "bookingid": 11173
    },
    {
        "bookingid": 11588
    },
    {
        "bookingid": 2339
    },
    {
        "bookingid": 11069
    },
    {
        "bookingid": 14708
    },
    {
        "bookingid": 12008
    },
    {
        "bookingid": 8511
    },
    {
        "bookingid": 14543
    },
    {
        "bookingid": 10843
    },
    {
        "bookingid": 12143
    },
    {
        "bookingid": 4041
    },
    {
        "bookingid": 14657
    },
    {
        "bookingid": 10457
    },
    {
        "bookingid": 14630
    },
    {
        "bookingid": 8624
    },
    {
        "bookingid": 13710
    },
    {
        "bookingid": 14856
    },
    {
        "bookingid": 6021
    },
    {
        "bookingid": 11259
    },
    {
        "bookingid": 11158
    },
    {
        "bookingid": 12632
    },
    {
        "bookingid": 14625
    },
    {
        "bookingid": 14441
    },
    {
        "bookingid": 2172
    },
    {
        "bookingid": 5864
    },
    {
        "bookingid": 12619
    },
    {
        "bookingid": 3814
    },
    {
        "bookingid": 10609
    },
    {
        "bookingid": 10453
    },
    {
        "bookingid": 4387
    },
    {
        "bookingid": 8013
    },
    {
        "bookingid": 8737
    },
    {
        "bookingid": 2721
    },
    {
        "bookingid": 2059
    },
    {
        "bookingid": 336
    },
    {
        "bookingid": 13549
    },
    {
        "bookingid": 6606
    },
    {
        "bookingid": 6677
    },
    {
        "bookingid": 8399
    },
    {
        "bookingid": 8562
    },
    {
        "bookingid": 835
    },
    {
        "bookingid": 12400
    },
    {
        "bookingid": 3868
    },
    {
        "bookingid": 14821
    },
    {
        "bookingid": 11627
    },
    {
        "bookingid": 13384
    },
    {
        "bookingid": 4816
    },
    {
        "bookingid": 11288
    },
    {
        "bookingid": 10042
    },
    {
        "bookingid": 3891
    },
    {
        "bookingid": 7695
    },
    {
        "bookingid": 3861
    },
    {
        "bookingid": 4103
    },
    {
        "bookingid": 1637
    },
    {
        "bookingid": 12085
    },
    {
        "bookingid": 5503
    },
    {
        "bookingid": 6394
    },
    {
        "bookingid": 8522
    },
    {
        "bookingid": 7887
    },
    {
        "bookingid": 11066
    },
    {
        "bookingid": 7374
    },
    {
        "bookingid": 317
    },
    {
        "bookingid": 13725
    },
    {
        "bookingid": 12641
    },
    {
        "bookingid": 2650
    },
    {
        "bookingid": 3988
    },
    {
        "bookingid": 9364
    },
    {
        "bookingid": 9691
    },
    {
        "bookingid": 4444
    },
    {
        "bookingid": 3767
    },
    {
        "bookingid": 7456
    },
    {
        "bookingid": 8391
    },
    {
        "bookingid": 7307
    },
    {
        "bookingid": 14285
    },
    {
        "bookingid": 3488
    },
    {
        "bookingid": 1150
    },
    {
        "bookingid": 2216
    },
    {
        "bookingid": 1784
    },
    {
        "bookingid": 1447
    },
    {
        "bookingid": 4742
    },
    {
        "bookingid": 13080
    },
    {
        "bookingid": 3824
    },
    {
        "bookingid": 1158
    },
    {
        "bookingid": 7772
    },
    {
        "bookingid": 8971
    },
    {
        "bookingid": 12775
    },
    {
        "bookingid": 14562
    },
    {
        "bookingid": 11016
    },
    {
        "bookingid": 10572
    },
    {
        "bookingid": 10510
    },
    {
        "bookingid": 14030
    },
    {
        "bookingid": 12032
    },
    {
        "bookingid": 4051
    },
    {
        "bookingid": 1791
    },
    {
        "bookingid": 154
    },
    {
        "bookingid": 157
    },
    {
        "bookingid": 903
    },
    {
        "bookingid": 8474
    },
    {
        "bookingid": 2520
    },
    {
        "bookingid": 4653
    },
    {
        "bookingid": 58
    },
    {
        "bookingid": 10027
    },
    {
        "bookingid": 9274
    },
    {
        "bookingid": 2377
    },
    {
        "bookingid": 3199
    },
    {
        "bookingid": 7658
    },
    {
        "bookingid": 2019
    },
    {
        "bookingid": 10407
    },
    {
        "bookingid": 9064
    },
    {
        "bookingid": 5635
    },
    {
        "bookingid": 9940
    },
    {
        "bookingid": 7788
    },
    {
        "bookingid": 1412
    },
    {
        "bookingid": 6565
    },
    {
        "bookingid": 11545
    },
    {
        "bookingid": 2654
    },
    {
        "bookingid": 13772
    },
    {
        "bookingid": 1360
    },
    {
        "bookingid": 8791
    },
    {
        "bookingid": 5362
    },
    {
        "bookingid": 10383
    },
    {
        "bookingid": 5687
    },
    {
        "bookingid": 5030
    },
    {
        "bookingid": 11096
    },
    {
        "bookingid": 485
    },
    {
        "bookingid": 10989
    },
    {
        "bookingid": 3728
    },
    {
        "bookingid": 8143
    },
    {
        "bookingid": 428
    },
    {
        "bookingid": 9071
    },
    {
        "bookingid": 5504
    },
    {
        "bookingid": 6025
    },
    {
        "bookingid": 542
    },
    {
        "bookingid": 4484
    },
    {
        "bookingid": 4420
    },
    {
        "bookingid": 14133
    },
    {
        "bookingid": 12364
    },
    {
        "bookingid": 759
    },
    {
        "bookingid": 3430
    },
    {
        "bookingid": 408
    },
    {
        "bookingid": 11176
    },
    {
        "bookingid": 13530
    },
    {
        "bookingid": 418
    },
    {
        "bookingid": 9361
    },
    {
        "bookingid": 6981
    },
    {
        "bookingid": 12408
    },
    {
        "bookingid": 3802
    },
    {
        "bookingid": 7714
    },
    {
        "bookingid": 5444
    },
    {
        "bookingid": 5591
    },
    {
        "bookingid": 7661
    },
    {
        "bookingid": 5088
    },
    {
        "bookingid": 6451
    },
    {
        "bookingid": 6917
    },
    {
        "bookingid": 7376
    },
    {
        "bookingid": 8545
    },
    {
        "bookingid": 4593
    },
    {
        "bookingid": 8176
    },
    {
        "bookingid": 973
    },
    {
        "bookingid": 6978
    },
    {
        "bookingid": 9375
    },
    {
        "bookingid": 8655
    },
    {
        "bookingid": 5641
    },
    {
        "bookingid": 2968
    },
    {
        "bookingid": 1788
    },
    {
        "bookingid": 14583
    },
    {
        "bookingid": 7834
    },
    {
        "bookingid": 2134
    },
    {
        "bookingid": 4141
    },
    {
        "bookingid": 11052
    },
    {
        "bookingid": 3798
    },
    {
        "bookingid": 11404
    },
    {
        "bookingid": 8828
    },
    {
        "bookingid": 520
    },
    {
        "bookingid": 13441
    },
    {
        "bookingid": 785
    },
    {
        "bookingid": 7637
    },
    {
        "bookingid": 6308
    },
    {
        "bookingid": 1057
    },
    {
        "bookingid": 6562
    },
    {
        "bookingid": 2571
    },
    {
        "bookingid": 4426
    },
    {
        "bookingid": 531
    },
    {
        "bookingid": 12716
    },
    {
        "bookingid": 3683
    },
    {
        "bookingid": 13212
    },
    {
        "bookingid": 12282
    },
    {
        "bookingid": 3002
    },
    {
        "bookingid": 9270
    },
    {
        "bookingid": 5225
    },
    {
        "bookingid": 1485
    },
    {
        "bookingid": 1790
    },
    {
        "bookingid": 12214
    },
    {
        "bookingid": 8529
    },
    {
        "bookingid": 8532
    },
    {
        "bookingid": 1104
    },
    {
        "bookingid": 13856
    },
    {
        "bookingid": 1055
    },
    {
        "bookingid": 14483
    },
    {
        "bookingid": 12993
    },
    {
        "bookingid": 4069
    },
    {
        "bookingid": 6832
    },
    {
        "bookingid": 13613
    },
    {
        "bookingid": 10577
    },
    {
        "bookingid": 13536
    },
    {
        "bookingid": 9926
    },
    {
        "bookingid": 10281
    },
    {
        "bookingid": 10353
    },
    {
        "bookingid": 1527
    },
    {
        "bookingid": 3547
    },
    {
        "bookingid": 5612
    },
    {
        "bookingid": 13435
    },
    {
        "bookingid": 194
    },
    {
        "bookingid": 11860
    },
    {
        "bookingid": 5948
    },
    {
        "bookingid": 4263
    },
    {
        "bookingid": 14408
    },
    {
        "bookingid": 1314
    },
    {
        "bookingid": 4867
    },
    {
        "bookingid": 4091
    },
    {
        "bookingid": 854
    },
    {
        "bookingid": 13279
    },
    {
        "bookingid": 4825
    },
    {
        "bookingid": 7314
    },
    {
        "bookingid": 11211
    },
    {
        "bookingid": 1883
    },
    {
        "bookingid": 4602
    },
    {
        "bookingid": 5760
    },
    {
        "bookingid": 7597
    },
    {
        "bookingid": 1519
    },
    {
        "bookingid": 8219
    },
    {
        "bookingid": 10260
    },
    {
        "bookingid": 11689
    },
    {
        "bookingid": 13055
    },
    {
        "bookingid": 6413
    },
    {
        "bookingid": 6112
    },
    {
        "bookingid": 4962
    },
    {
        "bookingid": 13843
    },
    {
        "bookingid": 4421
    },
    {
        "bookingid": 6181
    },
    {
        "bookingid": 11089
    },
    {
        "bookingid": 2372
    },
    {
        "bookingid": 7997
    },
    {
        "bookingid": 7815
    },
    {
        "bookingid": 8340
    },
    {
        "bookingid": 3942
    },
    {
        "bookingid": 4264
    },
    {
        "bookingid": 10532
    },
    {
        "bookingid": 5853
    },
    {
        "bookingid": 2462
    },
    {
        "bookingid": 11408
    },
    {
        "bookingid": 4754
    },
    {
        "bookingid": 12513
    },
    {
        "bookingid": 13604
    },
    {
        "bookingid": 12579
    },
    {
        "bookingid": 10187
    },
    {
        "bookingid": 568
    },
    {
        "bookingid": 10434
    },
    {
        "bookingid": 10825
    },
    {
        "bookingid": 762
    },
    {
        "bookingid": 14238
    },
    {
        "bookingid": 12931
    },
    {
        "bookingid": 13672
    },
    {
        "bookingid": 13448
    },
    {
        "bookingid": 12575
    },
    {
        "bookingid": 9733
    },
    {
        "bookingid": 10212
    },
    {
        "bookingid": 9881
    },
    {
        "bookingid": 14806
    },
    {
        "bookingid": 6850
    },
    {
        "bookingid": 8711
    },
    {
        "bookingid": 11540
    },
    {
        "bookingid": 12198
    },
    {
        "bookingid": 1659
    },
    {
        "bookingid": 9447
    },
    {
        "bookingid": 7181
    },
    {
        "bookingid": 4146
    },
    {
        "bookingid": 4068
    },
    {
        "bookingid": 13705
    },
    {
        "bookingid": 14843
    },
    {
        "bookingid": 3366
    },
    {
        "bookingid": 4921
    },
    {
        "bookingid": 10742
    },
    {
        "bookingid": 1911
    },
    {
        "bookingid": 1068
    },
    {
        "bookingid": 7816
    },
    {
        "bookingid": 4565
    },
    {
        "bookingid": 5084
    },
    {
        "bookingid": 12898
    },
    {
        "bookingid": 11792
    },
    {
        "bookingid": 4303
    },
    {
        "bookingid": 6775
    },
    {
        "bookingid": 9639
    },
    {
        "bookingid": 13912
    },
    {
        "bookingid": 12726
    },
    {
        "bookingid": 11355
    },
    {
        "bookingid": 9179
    },
    {
        "bookingid": 5452
    },
    {
        "bookingid": 11221
    },
    {
        "bookingid": 11618
    },
    {
        "bookingid": 6871
    },
    {
        "bookingid": 4726
    },
    {
        "bookingid": 2218
    },
    {
        "bookingid": 2177
    },
    {
        "bookingid": 6274
    },
    {
        "bookingid": 13112
    },
    {
        "bookingid": 176
    },
    {
        "bookingid": 470
    },
    {
        "bookingid": 5470
    },
    {
        "bookingid": 11951
    },
    {
        "bookingid": 11104
    },
    {
        "bookingid": 11282
    },
    {
        "bookingid": 13540
    },
    {
        "bookingid": 128
    },
    {
        "bookingid": 8613
    },
    {
        "bookingid": 6848
    },
    {
        "bookingid": 990
    },
    {
        "bookingid": 14026
    },
    {
        "bookingid": 3413
    },
    {
        "bookingid": 5738
    },
    {
        "bookingid": 12295
    },
    {
        "bookingid": 10652
    },
    {
        "bookingid": 171
    },
    {
        "bookingid": 7230
    },
    {
        "bookingid": 2406
    },
    {
        "bookingid": 10966
    },
    {
        "bookingid": 10839
    },
    {
        "bookingid": 1168
    },
    {
        "bookingid": 1846
    },
    {
        "bookingid": 8775
    },
    {
        "bookingid": 12523
    },
    {
        "bookingid": 8268
    },
    {
        "bookingid": 5176
    },
    {
        "bookingid": 10682
    },
    {
        "bookingid": 5061
    },
    {
        "bookingid": 8974
    },
    {
        "bookingid": 11771
    },
    {
        "bookingid": 4604
    },
    {
        "bookingid": 3870
    },
    {
        "bookingid": 3498
    },
    {
        "bookingid": 9298
    },
    {
        "bookingid": 4260
    },
    {
        "bookingid": 4136
    },
    {
        "bookingid": 2723
    },
    {
        "bookingid": 13474
    },
    {
        "bookingid": 10228
    },
    {
        "bookingid": 7212
    },
    {
        "bookingid": 1187
    },
    {
        "bookingid": 4794
    },
    {
        "bookingid": 8310
    },
    {
        "bookingid": 10117
    },
    {
        "bookingid": 6461
    },
    {
        "bookingid": 7405
    },
    {
        "bookingid": 14781
    },
    {
        "bookingid": 4860
    },
    {
        "bookingid": 9397
    },
    {
        "bookingid": 9964
    },
    {
        "bookingid": 2185
    },
    {
        "bookingid": 10910
    },
    {
        "bookingid": 13717
    },
    {
        "bookingid": 9544
    },
    {
        "bookingid": 7209
    },
    {
        "bookingid": 8743
    },
    {
        "bookingid": 8724
    },
    {
        "bookingid": 5999
    },
    {
        "bookingid": 5330
    },
    {
        "bookingid": 2081
    },
    {
        "bookingid": 3553
    },
    {
        "bookingid": 6724
    },
    {
        "bookingid": 1878
    },
    {
        "bookingid": 6529
    },
    {
        "bookingid": 1194
    },
    {
        "bookingid": 12340
    },
    {
        "bookingid": 10822
    },
    {
        "bookingid": 1987
    },
    {
        "bookingid": 4168
    },
    {
        "bookingid": 2786
    },
    {
        "bookingid": 3183
    },
    {
        "bookingid": 11509
    },
    {
        "bookingid": 8930
    },
    {
        "bookingid": 12219
    },
    {
        "bookingid": 8857
    },
    {
        "bookingid": 2741
    },
    {
        "bookingid": 4082
    },
    {
        "bookingid": 9742
    },
    {
        "bookingid": 13005
    },
    {
        "bookingid": 11349
    },
    {
        "bookingid": 12458
    },
    {
        "bookingid": 12680
    },
    {
        "bookingid": 3579
    },
    {
        "bookingid": 10880
    },
    {
        "bookingid": 5831
    },
    {
        "bookingid": 643
    },
    {
        "bookingid": 463
    },
    {
        "bookingid": 3627
    },
    {
        "bookingid": 2062
    },
    {
        "bookingid": 3832
    },
    {
        "bookingid": 3425
    },
    {
        "bookingid": 6048
    },
    {
        "bookingid": 6748
    },
    {
        "bookingid": 1944
    },
    {
        "bookingid": 7467
    },
    {
        "bookingid": 8705
    },
    {
        "bookingid": 9958
    },
    {
        "bookingid": 12899
    },
    {
        "bookingid": 1835
    },
    {
        "bookingid": 9103
    },
    {
        "bookingid": 1328
    },
    {
        "bookingid": 2215
    },
    {
        "bookingid": 5379
    },
    {
        "bookingid": 6627
    },
    {
        "bookingid": 9047
    },
    {
        "bookingid": 4386
    },
    {
        "bookingid": 8727
    },
    {
        "bookingid": 12445
    },
    {
        "bookingid": 5260
    },
    {
        "bookingid": 4616
    },
    {
        "bookingid": 6075
    },
    {
        "bookingid": 3712
    },
    {
        "bookingid": 2748
    },
    {
        "bookingid": 13318
    },
    {
        "bookingid": 14377
    },
    {
        "bookingid": 4371
    },
    {
        "bookingid": 5693
    },
    {
        "bookingid": 11805
    },
    {
        "bookingid": 1182
    },
    {
        "bookingid": 14490
    },
    {
        "bookingid": 4610
    },
    {
        "bookingid": 12695
    },
    {
        "bookingid": 2865
    },
    {
        "bookingid": 13686
    },
    {
        "bookingid": 2667
    },
    {
        "bookingid": 4505
    },
    {
        "bookingid": 6366
    },
    {
        "bookingid": 929
    },
    {
        "bookingid": 3956
    },
    {
        "bookingid": 3883
    },
    {
        "bookingid": 13069
    },
    {
        "bookingid": 11883
    },
    {
        "bookingid": 8056
    },
    {
        "bookingid": 5473
    },
    {
        "bookingid": 12707
    },
    {
        "bookingid": 7728
    },
    {
        "bookingid": 14723
    },
    {
        "bookingid": 9595
    },
    {
        "bookingid": 6414
    },
    {
        "bookingid": 8304
    },
    {
        "bookingid": 4992
    },
    {
        "bookingid": 7213
    },
    {
        "bookingid": 11780
    },
    {
        "bookingid": 12386
    },
    {
        "bookingid": 10626
    },
    {
        "bookingid": 930
    },
    {
        "bookingid": 4832
    },
    {
        "bookingid": 10220
    },
    {
        "bookingid": 2127
    },
    {
        "bookingid": 11139
    },
    {
        "bookingid": 866
    },
    {
        "bookingid": 74
    },
    {
        "bookingid": 12076
    },
    {
        "bookingid": 5433
    },
    {
        "bookingid": 1093
    },
    {
        "bookingid": 1232
    },
    {
        "bookingid": 3361
    },
    {
        "bookingid": 2658
    },
    {
        "bookingid": 729
    },
    {
        "bookingid": 5416
    },
    {
        "bookingid": 3064
    },
    {
        "bookingid": 14794
    },
    {
        "bookingid": 13030
    },
    {
        "bookingid": 5947
    },
    {
        "bookingid": 3061
    },
    {
        "bookingid": 2365
    },
    {
        "bookingid": 12010
    },
    {
        "bookingid": 14539
    },
    {
        "bookingid": 10574
    },
    {
        "bookingid": 14007
    },
    {
        "bookingid": 3603
    },
    {
        "bookingid": 5520
    },
    {
        "bookingid": 4527
    },
    {
        "bookingid": 11342
    },
    {
        "bookingid": 9127
    },
    {
        "bookingid": 12814
    },
    {
        "bookingid": 13136
    },
    {
        "bookingid": 7769
    },
    {
        "bookingid": 11076
    },
    {
        "bookingid": 5934
    },
    {
        "bookingid": 8362
    },
    {
        "bookingid": 13658
    },
    {
        "bookingid": 8458
    },
    {
        "bookingid": 11228
    },
    {
        "bookingid": 7514
    },
    {
        "bookingid": 13628
    },
    {
        "bookingid": 13600
    },
    {
        "bookingid": 5019
    },
    {
        "bookingid": 10783
    },
    {
        "bookingid": 14066
    },
    {
        "bookingid": 8571
    },
    {
        "bookingid": 14022
    },
    {
        "bookingid": 12744
    },
    {
        "bookingid": 3764
    },
    {
        "bookingid": 10088
    },
    {
        "bookingid": 5093
    },
    {
        "bookingid": 10151
    },
    {
        "bookingid": 6089
    },
    {
        "bookingid": 12479
    },
    {
        "bookingid": 6983
    },
    {
        "bookingid": 6347
    },
    {
        "bookingid": 7431
    },
    {
        "bookingid": 4674
    },
    {
        "bookingid": 5334
    },
    {
        "bookingid": 9231
    },
    {
        "bookingid": 4100
    },
    {
        "bookingid": 2061
    },
    {
        "bookingid": 6534
    },
    {
        "bookingid": 1608
    },
    {
        "bookingid": 10987
    },
    {
        "bookingid": 4910
    },
    {
        "bookingid": 505
    },
    {
        "bookingid": 5164
    },
    {
        "bookingid": 10694
    },
    {
        "bookingid": 2136
    },
    {
        "bookingid": 1726
    },
    {
        "bookingid": 7026
    },
    {
        "bookingid": 10201
    },
    {
        "bookingid": 7002
    },
    {
        "bookingid": 8403
    },
    {
        "bookingid": 895
    },
    {
        "bookingid": 3486
    },
    {
        "bookingid": 9508
    },
    {
        "bookingid": 7868
    },
    {
        "bookingid": 2399
    },
    {
        "bookingid": 12129
    },
    {
        "bookingid": 11928
    },
    {
        "bookingid": 9788
    },
    {
        "bookingid": 12576
    },
    {
        "bookingid": 7279
    },
    {
        "bookingid": 3985
    },
    {
        "bookingid": 2445
    },
    {
        "bookingid": 12166
    },
    {
        "bookingid": 5770
    },
    {
        "bookingid": 3534
    },
    {
        "bookingid": 9724
    },
    {
        "bookingid": 3650
    },
    {
        "bookingid": 14561
    },
    {
        "bookingid": 2750
    },
    {
        "bookingid": 4642
    },
    {
        "bookingid": 735
    },
    {
        "bookingid": 9912
    },
    {
        "bookingid": 8821
    },
    {
        "bookingid": 6526
    },
    {
        "bookingid": 2478
    },
    {
        "bookingid": 11577
    },
    {
        "bookingid": 13109
    },
    {
        "bookingid": 3575
    },
    {
        "bookingid": 2687
    },
    {
        "bookingid": 14231
    },
    {
        "bookingid": 3473
    },
    {
        "bookingid": 2421
    },
    {
        "bookingid": 8540
    },
    {
        "bookingid": 12205
    },
    {
        "bookingid": 10558
    },
    {
        "bookingid": 7483
    },
    {
        "bookingid": 12763
    },
    {
        "bookingid": 2190
    },
    {
        "bookingid": 10611
    },
    {
        "bookingid": 9993
    },
    {
        "bookingid": 14830
    },
    {
        "bookingid": 10130
    },
    {
        "bookingid": 4143
    },
    {
        "bookingid": 1993
    },
    {
        "bookingid": 9565
    },
    {
        "bookingid": 2143
    },
    {
        "bookingid": 6273
    },
    {
        "bookingid": 8675
    },
    {
        "bookingid": 12994
    },
    {
        "bookingid": 6592
    },
    {
        "bookingid": 4124
    },
    {
        "bookingid": 9946
    },
    {
        "bookingid": 5178
    },
    {
        "bookingid": 3564
    },
    {
        "bookingid": 12757
    },
    {
        "bookingid": 5916
    },
    {
        "bookingid": 6142
    },
    {
        "bookingid": 13222
    },
    {
        "bookingid": 9199
    },
    {
        "bookingid": 1463
    },
    {
        "bookingid": 2054
    },
    {
        "bookingid": 8037
    },
    {
        "bookingid": 6655
    },
    {
        "bookingid": 1250
    },
    {
        "bookingid": 698
    },
    {
        "bookingid": 9020
    },
    {
        "bookingid": 9743
    },
    {
        "bookingid": 1479
    },
    {
        "bookingid": 12182
    },
    {
        "bookingid": 2628
    },
    {
        "bookingid": 6773
    },
    {
        "bookingid": 13256
    },
    {
        "bookingid": 11650
    },
    {
        "bookingid": 2963
    },
    {
        "bookingid": 6293
    },
    {
        "bookingid": 6235
    },
    {
        "bookingid": 558
    },
    {
        "bookingid": 402
    },
    {
        "bookingid": 1775
    },
    {
        "bookingid": 9959
    },
    {
        "bookingid": 7147
    },
    {
        "bookingid": 4361
    },
    {
        "bookingid": 8575
    },
    {
        "bookingid": 3554
    },
    {
        "bookingid": 1363
    },
    {
        "bookingid": 13584
    },
    {
        "bookingid": 7595
    },
    {
        "bookingid": 2725
    },
    {
        "bookingid": 11868
    },
    {
        "bookingid": 7061
    },
    {
        "bookingid": 12334
    },
    {
        "bookingid": 12720
    },
    {
        "bookingid": 5100
    },
    {
        "bookingid": 13343
    },
    {
        "bookingid": 3324
    },
    {
        "bookingid": 4804
    },
    {
        "bookingid": 8256
    },
    {
        "bookingid": 991
    },
    {
        "bookingid": 5692
    },
    {
        "bookingid": 8720
    },
    {
        "bookingid": 995
    },
    {
        "bookingid": 1780
    },
    {
        "bookingid": 13724
    },
    {
        "bookingid": 3618
    },
    {
        "bookingid": 13502
    },
    {
        "bookingid": 10348
    },
    {
        "bookingid": 10545
    },
    {
        "bookingid": 5283
    },
    {
        "bookingid": 8078
    },
    {
        "bookingid": 1850
    },
    {
        "bookingid": 7725
    },
    {
        "bookingid": 2715
    },
    {
        "bookingid": 9664
    },
    {
        "bookingid": 11954
    },
    {
        "bookingid": 8960
    },
    {
        "bookingid": 12797
    },
    {
        "bookingid": 8549
    },
    {
        "bookingid": 8433
    },
    {
        "bookingid": 13051
    },
    {
        "bookingid": 5287
    },
    {
        "bookingid": 83
    },
    {
        "bookingid": 14054
    },
    {
        "bookingid": 10271
    },
    {
        "bookingid": 10971
    },
    {
        "bookingid": 5703
    },
    {
        "bookingid": 13073
    },
    {
        "bookingid": 4706
    },
    {
        "bookingid": 6785
    },
    {
        "bookingid": 10087
    },
    {
        "bookingid": 14389
    },
    {
        "bookingid": 6213
    },
    {
        "bookingid": 12021
    },
    {
        "bookingid": 1554
    },
    {
        "bookingid": 8324
    },
    {
        "bookingid": 14011
    },
    {
        "bookingid": 1781
    },
    {
        "bookingid": 2655
    },
    {
        "bookingid": 6667
    },
    {
        "bookingid": 11926
    },
    {
        "bookingid": 14089
    },
    {
        "bookingid": 9207
    },
    {
        "bookingid": 11181
    },
    {
        "bookingid": 6764
    },
    {
        "bookingid": 3225
    },
    {
        "bookingid": 4529
    },
    {
        "bookingid": 2746
    },
    {
        "bookingid": 4580
    },
    {
        "bookingid": 2714
    },
    {
        "bookingid": 441
    },
    {
        "bookingid": 11407
    },
    {
        "bookingid": 6539
    },
    {
        "bookingid": 3951
    },
    {
        "bookingid": 7302
    },
    {
        "bookingid": 12891
    },
    {
        "bookingid": 761
    },
    {
        "bookingid": 10160
    },
    {
        "bookingid": 4751
    },
    {
        "bookingid": 150
    },
    {
        "bookingid": 10030
    },
    {
        "bookingid": 6257
    },
    {
        "bookingid": 6892
    },
    {
        "bookingid": 13780
    },
    {
        "bookingid": 12850
    },
    {
        "bookingid": 4614
    },
    {
        "bookingid": 13280
    },
    {
        "bookingid": 11271
    },
    {
        "bookingid": 11450
    },
    {
        "bookingid": 3409
    },
    {
        "bookingid": 10264
    },
    {
        "bookingid": 614
    },
    {
        "bookingid": 3397
    },
    {
        "bookingid": 13617
    },
    {
        "bookingid": 14105
    },
    {
        "bookingid": 5033
    },
    {
        "bookingid": 1707
    },
    {
        "bookingid": 1800
    },
    {
        "bookingid": 14623
    },
    {
        "bookingid": 5160
    },
    {
        "bookingid": 1737
    },
    {
        "bookingid": 7583
    },
    {
        "bookingid": 4508
    },
    {
        "bookingid": 581
    },
    {
        "bookingid": 5779
    },
    {
        "bookingid": 9493
    },
    {
        "bookingid": 12538
    },
    {
        "bookingid": 944
    },
    {
        "bookingid": 4897
    },
    {
        "bookingid": 10913
    },
    {
        "bookingid": 12554
    },
    {
        "bookingid": 11544
    },
    {
        "bookingid": 5883
    },
    {
        "bookingid": 10936
    },
    {
        "bookingid": 5218
    },
    {
        "bookingid": 7733
    },
    {
        "bookingid": 768
    },
    {
        "bookingid": 14826
    },
    {
        "bookingid": 1717
    },
    {
        "bookingid": 8920
    },
    {
        "bookingid": 11524
    },
    {
        "bookingid": 8323
    },
    {
        "bookingid": 8991
    },
    {
        "bookingid": 4320
    },
    {
        "bookingid": 10304
    },
    {
        "bookingid": 2775
    },
    {
        "bookingid": 5866
    },
    {
        "bookingid": 14000
    },
    {
        "bookingid": 12308
    },
    {
        "bookingid": 14228
    },
    {
        "bookingid": 6132
    },
    {
        "bookingid": 14107
    },
    {
        "bookingid": 4115
    },
    {
        "bookingid": 840
    },
    {
        "bookingid": 6905
    },
    {
        "bookingid": 11421
    },
    {
        "bookingid": 3598
    },
    {
        "bookingid": 5205
    },
    {
        "bookingid": 8123
    },
    {
        "bookingid": 8966
    },
    {
        "bookingid": 1387
    },
    {
        "bookingid": 12443
    },
    {
        "bookingid": 13857
    },
    {
        "bookingid": 13971
    },
    {
        "bookingid": 12672
    },
    {
        "bookingid": 770
    },
    {
        "bookingid": 1249
    },
    {
        "bookingid": 14327
    },
    {
        "bookingid": 12014
    },
    {
        "bookingid": 2032
    },
    {
        "bookingid": 235
    },
    {
        "bookingid": 14753
    },
    {
        "bookingid": 4236
    },
    {
        "bookingid": 1551
    },
    {
        "bookingid": 9105
    },
    {
        "bookingid": 9067
    },
    {
        "bookingid": 7651
    },
    {
        "bookingid": 9278
    },
    {
        "bookingid": 9190
    },
    {
        "bookingid": 12444
    },
    {
        "bookingid": 8432
    },
    {
        "bookingid": 12917
    },
    {
        "bookingid": 12927
    },
    {
        "bookingid": 10213
    },
    {
        "bookingid": 6353
    },
    {
        "bookingid": 6027
    },
    {
        "bookingid": 6498
    },
    {
        "bookingid": 9395
    },
    {
        "bookingid": 3074
    },
    {
        "bookingid": 3379
    },
    {
        "bookingid": 10672
    },
    {
        "bookingid": 8871
    },
    {
        "bookingid": 12504
    },
    {
        "bookingid": 14854
    },
    {
        "bookingid": 13034
    },
    {
        "bookingid": 530
    },
    {
        "bookingid": 5634
    },
    {
        "bookingid": 2132
    },
    {
        "bookingid": 14496
    },
    {
        "bookingid": 13430
    },
    {
        "bookingid": 13663
    },
    {
        "bookingid": 5349
    },
    {
        "bookingid": 12349
    },
    {
        "bookingid": 12460
    },
    {
        "bookingid": 6776
    },
    {
        "bookingid": 2055
    },
    {
        "bookingid": 10356
    },
    {
        "bookingid": 2929
    },
    {
        "bookingid": 4317
    },
    {
        "bookingid": 12746
    },
    {
        "bookingid": 13667
    },
    {
        "bookingid": 9336
    },
    {
        "bookingid": 2621
    },
    {
        "bookingid": 12303
    },
    {
        "bookingid": 13573
    },
    {
        "bookingid": 2186
    },
    {
        "bookingid": 14360
    },
    {
        "bookingid": 11144
    },
    {
        "bookingid": 3746
    },
    {
        "bookingid": 6964
    },
    {
        "bookingid": 7533
    },
    {
        "bookingid": 2693
    },
    {
        "bookingid": 4215
    },
    {
        "bookingid": 3299
    },
    {
        "bookingid": 2892
    },
    {
        "bookingid": 9856
    },
    {
        "bookingid": 5395
    },
    {
        "bookingid": 4465
    },
    {
        "bookingid": 1940
    },
    {
        "bookingid": 70
    },
    {
        "bookingid": 5228
    },
    {
        "bookingid": 5798
    },
    {
        "bookingid": 5537
    },
    {
        "bookingid": 1923
    },
    {
        "bookingid": 11614
    },
    {
        "bookingid": 3065
    },
    {
        "bookingid": 4655
    },
    {
        "bookingid": 7249
    },
    {
        "bookingid": 7080
    },
    {
        "bookingid": 11814
    },
    {
        "bookingid": 5132
    },
    {
        "bookingid": 2953
    },
    {
        "bookingid": 4792
    },
    {
        "bookingid": 6683
    },
    {
        "bookingid": 11925
    },
    {
        "bookingid": 8827
    },
    {
        "bookingid": 12486
    },
    {
        "bookingid": 11051
    },
    {
        "bookingid": 4503
    },
    {
        "bookingid": 2312
    },
    {
        "bookingid": 11162
    },
    {
        "bookingid": 7071
    },
    {
        "bookingid": 11037
    },
    {
        "bookingid": 13892
    },
    {
        "bookingid": 1283
    },
    {
        "bookingid": 11231
    },
    {
        "bookingid": 4490
    },
    {
        "bookingid": 13815
    },
    {
        "bookingid": 5858
    },
    {
        "bookingid": 6769
    },
    {
        "bookingid": 6630
    },
    {
        "bookingid": 9755
    },
    {
        "bookingid": 2510
    },
    {
        "bookingid": 14489
    },
    {
        "bookingid": 564
    },
    {
        "bookingid": 11876
    },
    {
        "bookingid": 2018
    },
    {
        "bookingid": 6385
    },
    {
        "bookingid": 1948
    },
    {
        "bookingid": 1686
    },
    {
        "bookingid": 14148
    },
    {
        "bookingid": 3188
    },
    {
        "bookingid": 560
    },
    {
        "bookingid": 13806
    },
    {
        "bookingid": 5071
    },
    {
        "bookingid": 6991
    },
    {
        "bookingid": 5391
    },
    {
        "bookingid": 10174
    },
    {
        "bookingid": 13107
    },
    {
        "bookingid": 12545
    },
    {
        "bookingid": 14838
    },
    {
        "bookingid": 8553
    },
    {
        "bookingid": 14652
    },
    {
        "bookingid": 8579
    },
    {
        "bookingid": 4440
    },
    {
        "bookingid": 8669
    },
    {
        "bookingid": 13690
    },
    {
        "bookingid": 9876
    },
    {
        "bookingid": 1771
    },
    {
        "bookingid": 8987
    },
    {
        "bookingid": 726
    },
    {
        "bookingid": 9834
    },
    {
        "bookingid": 3029
    },
    {
        "bookingid": 4221
    },
    {
        "bookingid": 5909
    },
    {
        "bookingid": 5354
    },
    {
        "bookingid": 12752
    },
    {
        "bookingid": 14795
    },
    {
        "bookingid": 9042
    },
    {
        "bookingid": 1667
    },
    {
        "bookingid": 5642
    },
    {
        "bookingid": 13087
    },
    {
        "bookingid": 96
    },
    {
        "bookingid": 9894
    },
    {
        "bookingid": 13714
    },
    {
        "bookingid": 4427
    },
    {
        "bookingid": 11361
    },
    {
        "bookingid": 7612
    },
    {
        "bookingid": 869
    },
    {
        "bookingid": 4489
    },
    {
        "bookingid": 11312
    },
    {
        "bookingid": 8542
    },
    {
        "bookingid": 7528
    },
    {
        "bookingid": 1685
    },
    {
        "bookingid": 4035
    },
    {
        "bookingid": 7808
    },
    {
        "bookingid": 1034
    },
    {
        "bookingid": 14248
    },
    {
        "bookingid": 14791
    },
    {
        "bookingid": 6687
    },
    {
        "bookingid": 5404
    },
    {
        "bookingid": 2319
    },
    {
        "bookingid": 5188
    },
    {
        "bookingid": 525
    },
    {
        "bookingid": 5210
    },
    {
        "bookingid": 6656
    },
    {
        "bookingid": 3604
    },
    {
        "bookingid": 12521
    },
    {
        "bookingid": 4104
    },
    {
        "bookingid": 10496
    },
    {
        "bookingid": 3964
    },
    {
        "bookingid": 4932
    },
    {
        "bookingid": 11299
    },
    {
        "bookingid": 9469
    },
    {
        "bookingid": 5162
    },
    {
        "bookingid": 2460
    },
    {
        "bookingid": 5123
    },
    {
        "bookingid": 12223
    },
    {
        "bookingid": 13108
    },
    {
        "bookingid": 12871
    },
    {
        "bookingid": 4633
    },
    {
        "bookingid": 124
    },
    {
        "bookingid": 8209
    },
    {
        "bookingid": 7855
    },
    {
        "bookingid": 2891
    },
    {
        "bookingid": 8409
    },
    {
        "bookingid": 11694
    },
    {
        "bookingid": 160
    },
    {
        "bookingid": 9221
    },
    {
        "bookingid": 8264
    },
    {
        "bookingid": 6227
    },
    {
        "bookingid": 6106
    },
    {
        "bookingid": 9986
    },
    {
        "bookingid": 11045
    },
    {
        "bookingid": 13864
    },
    {
        "bookingid": 11806
    },
    {
        "bookingid": 14424
    },
    {
        "bookingid": 8956
    },
    {
        "bookingid": 13938
    },
    {
        "bookingid": 604
    },
    {
        "bookingid": 718
    },
    {
        "bookingid": 10380
    },
    {
        "bookingid": 5781
    },
    {
        "bookingid": 14679
    },
    {
        "bookingid": 14301
    },
    {
        "bookingid": 380
    },
    {
        "bookingid": 11111
    },
    {
        "bookingid": 2451
    },
    {
        "bookingid": 1157
    },
    {
        "bookingid": 5261
    },
    {
        "bookingid": 2213
    },
    {
        "bookingid": 10586
    },
    {
        "bookingid": 7075
    },
    {
        "bookingid": 2709
    },
    {
        "bookingid": 8313
    },
    {
        "bookingid": 12938
    },
    {
        "bookingid": 13446
    },
    {
        "bookingid": 620
    },
    {
        "bookingid": 9318
    },
    {
        "bookingid": 3432
    },
    {
        "bookingid": 1133
    },
    {
        "bookingid": 10612
    },
    {
        "bookingid": 13869
    },
    {
        "bookingid": 3514
    },
    {
        "bookingid": 10834
    },
    {
        "bookingid": 1408
    },
    {
        "bookingid": 3517
    },
    {
        "bookingid": 13811
    },
    {
        "bookingid": 5719
    },
    {
        "bookingid": 10883
    },
    {
        "bookingid": 12668
    },
    {
        "bookingid": 9505
    },
    {
        "bookingid": 11189
    },
    {
        "bookingid": 14771
    },
    {
        "bookingid": 3104
    },
    {
        "bookingid": 14088
    },
    {
        "bookingid": 897
    },
    {
        "bookingid": 4452
    },
    {
        "bookingid": 34
    },
    {
        "bookingid": 5196
    },
    {
        "bookingid": 10732
    },
    {
        "bookingid": 1663
    },
    {
        "bookingid": 5783
    },
    {
        "bookingid": 8848
    },
    {
        "bookingid": 2278
    },
    {
        "bookingid": 613
    },
    {
        "bookingid": 4828
    },
    {
        "bookingid": 13261
    },
    {
        "bookingid": 13822
    },
    {
        "bookingid": 11994
    },
    {
        "bookingid": 6271
    },
    {
        "bookingid": 9641
    },
    {
        "bookingid": 11152
    },
    {
        "bookingid": 7347
    },
    {
        "bookingid": 2333
    },
    {
        "bookingid": 3790
    },
    {
        "bookingid": 6969
    },
    {
        "bookingid": 12062
    },
    {
        "bookingid": 4662
    },
    {
        "bookingid": 9545
    },
    {
        "bookingid": 6540
    },
    {
        "bookingid": 6240
    },
    {
        "bookingid": 12350
    },
    {
        "bookingid": 5277
    },
    {
        "bookingid": 9092
    },
    {
        "bookingid": 4025
    },
    {
        "bookingid": 5122
    },
    {
        "bookingid": 1661
    },
    {
        "bookingid": 5939
    },
    {
        "bookingid": 7534
    },
    {
        "bookingid": 12168
    },
    {
        "bookingid": 10004
    },
    {
        "bookingid": 7720
    },
    {
        "bookingid": 6537
    },
    {
        "bookingid": 6010
    },
    {
        "bookingid": 12095
    },
    {
        "bookingid": 12520
    },
    {
        "bookingid": 6363
    },
    {
        "bookingid": 6837
    },
    {
        "bookingid": 11542
    },
    {
        "bookingid": 11751
    },
    {
        "bookingid": 14341
    },
    {
        "bookingid": 14675
    },
    {
        "bookingid": 10198
    },
    {
        "bookingid": 7304
    },
    {
        "bookingid": 11191
    },
    {
        "bookingid": 2873
    },
    {
        "bookingid": 10347
    },
    {
        "bookingid": 14347
    },
    {
        "bookingid": 8975
    },
    {
        "bookingid": 2829
    },
    {
        "bookingid": 3178
    },
    {
        "bookingid": 1007
    },
    {
        "bookingid": 8265
    },
    {
        "bookingid": 10498
    },
    {
        "bookingid": 10288
    },
    {
        "bookingid": 7173
    },
    {
        "bookingid": 1921
    },
    {
        "bookingid": 1915
    },
    {
        "bookingid": 2472
    },
    {
        "bookingid": 2856
    },
    {
        "bookingid": 10940
    },
    {
        "bookingid": 2355
    },
    {
        "bookingid": 11334
    },
    {
        "bookingid": 4029
    },
    {
        "bookingid": 12936
    },
    {
        "bookingid": 6110
    },
    {
        "bookingid": 6875
    },
    {
        "bookingid": 11645
    },
    {
        "bookingid": 2418
    },
    {
        "bookingid": 12874
    },
    {
        "bookingid": 11094
    },
    {
        "bookingid": 6553
    },
    {
        "bookingid": 5069
    },
    {
        "bookingid": 5467
    },
    {
        "bookingid": 7877
    },
    {
        "bookingid": 2471
    },
    {
        "bookingid": 9746
    },
    {
        "bookingid": 8051
    },
    {
        "bookingid": 259
    },
    {
        "bookingid": 6324
    },
    {
        "bookingid": 641
    },
    {
        "bookingid": 1199
    },
    {
        "bookingid": 11713
    },
    {
        "bookingid": 11916
    },
    {
        "bookingid": 5436
    },
    {
        "bookingid": 1203
    },
    {
        "bookingid": 6877
    },
    {
        "bookingid": 9192
    },
    {
        "bookingid": 10447
    },
    {
        "bookingid": 6574
    },
    {
        "bookingid": 14609
    },
    {
        "bookingid": 13238
    },
    {
        "bookingid": 3207
    },
    {
        "bookingid": 5745
    },
    {
        "bookingid": 3992
    },
    {
        "bookingid": 1665
    },
    {
        "bookingid": 7097
    },
    {
        "bookingid": 8175
    },
    {
        "bookingid": 13605
    },
    {
        "bookingid": 5741
    },
    {
        "bookingid": 7187
    },
    {
        "bookingid": 12009
    },
    {
        "bookingid": 7907
    },
    {
        "bookingid": 2483
    },
    {
        "bookingid": 10911
    },
    {
        "bookingid": 6815
    },
    {
        "bookingid": 12774
    },
    {
        "bookingid": 11767
    },
    {
        "bookingid": 3355
    },
    {
        "bookingid": 12536
    },
    {
        "bookingid": 14279
    },
    {
        "bookingid": 5363
    },
    {
        "bookingid": 7955
    },
    {
        "bookingid": 2239
    },
    {
        "bookingid": 845
    },
    {
        "bookingid": 12314
    },
    {
        "bookingid": 11428
    },
    {
        "bookingid": 2048
    },
    {
        "bookingid": 6412
    },
    {
        "bookingid": 10223
    },
    {
        "bookingid": 1221
    },
    {
        "bookingid": 9967
    },
    {
        "bookingid": 12939
    },
    {
        "bookingid": 8654
    },
    {
        "bookingid": 4663
    },
    {
        "bookingid": 5675
    },
    {
        "bookingid": 12713
    },
    {
        "bookingid": 14878
    },
    {
        "bookingid": 12635
    },
    {
        "bookingid": 3566
    },
    {
        "bookingid": 12414
    },
    {
        "bookingid": 14603
    },
    {
        "bookingid": 7126
    },
    {
        "bookingid": 3439
    },
    {
        "bookingid": 5706
    },
    {
        "bookingid": 6609
    },
    {
        "bookingid": 12601
    },
    {
        "bookingid": 825
    },
    {
        "bookingid": 6954
    },
    {
        "bookingid": 8762
    },
    {
        "bookingid": 6206
    },
    {
        "bookingid": 7353
    },
    {
        "bookingid": 6174
    },
    {
        "bookingid": 13358
    },
    {
        "bookingid": 3215
    },
    {
        "bookingid": 11337
    },
    {
        "bookingid": 1083
    },
    {
        "bookingid": 9633
    },
    {
        "bookingid": 12892
    },
    {
        "bookingid": 4153
    },
    {
        "bookingid": 6550
    },
    {
        "bookingid": 14350
    },
    {
        "bookingid": 4654
    },
    {
        "bookingid": 13814
    },
    {
        "bookingid": 12969
    },
    {
        "bookingid": 10965
    },
    {
        "bookingid": 10990
    },
    {
        "bookingid": 5323
    },
    {
        "bookingid": 7624
    },
    {
        "bookingid": 14446
    },
    {
        "bookingid": 14335
    },
    {
        "bookingid": 7532
    },
    {
        "bookingid": 6634
    },
    {
        "bookingid": 5965
    },
    {
        "bookingid": 3039
    },
    {
        "bookingid": 6912
    },
    {
        "bookingid": 12227
    },
    {
        "bookingid": 2946
    },
    {
        "bookingid": 9338
    },
    {
        "bookingid": 14057
    },
    {
        "bookingid": 3230
    },
    {
        "bookingid": 3004
    },
    {
        "bookingid": 14730
    },
    {
        "bookingid": 2608
    },
    {
        "bookingid": 11219
    },
    {
        "bookingid": 9615
    },
    {
        "bookingid": 391
    },
    {
        "bookingid": 6885
    },
    {
        "bookingid": 14381
    },
    {
        "bookingid": 13562
    },
    {
        "bookingid": 6205
    },
    {
        "bookingid": 12102
    },
    {
        "bookingid": 7149
    },
    {
        "bookingid": 8245
    },
    {
        "bookingid": 12904
    },
    {
        "bookingid": 4964
    },
    {
        "bookingid": 4983
    },
    {
        "bookingid": 4899
    },
    {
        "bookingid": 14189
    },
    {
        "bookingid": 2853
    },
    {
        "bookingid": 12967
    },
    {
        "bookingid": 3001
    },
    {
        "bookingid": 8228
    },
    {
        "bookingid": 8271
    },
    {
        "bookingid": 7038
    },
    {
        "bookingid": 6254
    },
    {
        "bookingid": 3641
    },
    {
        "bookingid": 14267
    },
    {
        "bookingid": 6935
    },
    {
        "bookingid": 12376
    },
    {
        "bookingid": 3805
    },
    {
        "bookingid": 6761
    },
    {
        "bookingid": 5649
    },
    {
        "bookingid": 8130
    },
    {
        "bookingid": 6013
    },
    {
        "bookingid": 8184
    },
    {
        "bookingid": 4385
    },
    {
        "bookingid": 9706
    },
    {
        "bookingid": 4464
    },
    {
        "bookingid": 4546
    },
    {
        "bookingid": 6749
    },
    {
        "bookingid": 14707
    },
    {
        "bookingid": 11529
    },
    {
        "bookingid": 1373
    },
    {
        "bookingid": 8105
    },
    {
        "bookingid": 13486
    },
    {
        "bookingid": 8921
    },
    {
        "bookingid": 13329
    },
    {
        "bookingid": 4560
    },
    {
        "bookingid": 598
    },
    {
        "bookingid": 2815
    },
    {
        "bookingid": 5580
    },
    {
        "bookingid": 6854
    },
    {
        "bookingid": 996
    },
    {
        "bookingid": 7191
    },
    {
        "bookingid": 10775
    },
    {
        "bookingid": 12345
    },
    {
        "bookingid": 5981
    },
    {
        "bookingid": 2250
    },
    {
        "bookingid": 12450
    },
    {
        "bookingid": 12665
    },
    {
        "bookingid": 9083
    },
    {
        "bookingid": 13560
    },
    {
        "bookingid": 8109
    },
    {
        "bookingid": 5418
    },
    {
        "bookingid": 5094
    },
    {
        "bookingid": 6515
    },
    {
        "bookingid": 1251
    },
    {
        "bookingid": 14745
    },
    {
        "bookingid": 10241
    },
    {
        "bookingid": 5784
    },
    {
        "bookingid": 81
    },
    {
        "bookingid": 1243
    },
    {
        "bookingid": 4545
    },
    {
        "bookingid": 8683
    },
    {
        "bookingid": 5813
    },
    {
        "bookingid": 8907
    },
    {
        "bookingid": 13839
    },
    {
        "bookingid": 11699
    },
    {
        "bookingid": 8150
    },
    {
        "bookingid": 2345
    },
    {
        "bookingid": 5347
    },
    {
        "bookingid": 11344
    },
    {
        "bookingid": 9950
    },
    {
        "bookingid": 14684
    },
    {
        "bookingid": 3779
    },
    {
        "bookingid": 12137
    },
    {
        "bookingid": 10979
    },
    {
        "bookingid": 4171
    },
    {
        "bookingid": 4109
    },
    {
        "bookingid": 7572
    },
    {
        "bookingid": 7878
    },
    {
        "bookingid": 9087
    },
    {
        "bookingid": 3309
    },
    {
        "bookingid": 9865
    },
    {
        "bookingid": 14818
    },
    {
        "bookingid": 10557
    },
    {
        "bookingid": 7196
    },
    {
        "bookingid": 9518
    },
    {
        "bookingid": 12611
    },
    {
        "bookingid": 2082
    },
    {
        "bookingid": 6777
    },
    {
        "bookingid": 7980
    },
    {
        "bookingid": 4861
    },
    {
        "bookingid": 2137
    },
    {
        "bookingid": 8692
    },
    {
        "bookingid": 1488
    },
    {
        "bookingid": 4319
    },
    {
        "bookingid": 13512
    },
    {
        "bookingid": 10816
    },
    {
        "bookingid": 11893
    },
    {
        "bookingid": 6438
    },
    {
        "bookingid": 2501
    },
    {
        "bookingid": 1060
    },
    {
        "bookingid": 12546
    },
    {
        "bookingid": 11150
    },
    {
        "bookingid": 7840
    },
    {
        "bookingid": 13767
    },
    {
        "bookingid": 5414
    },
    {
        "bookingid": 8896
    },
    {
        "bookingid": 926
    },
    {
        "bookingid": 9622
    },
    {
        "bookingid": 14396
    },
    {
        "bookingid": 14819
    },
    {
        "bookingid": 1932
    },
    {
        "bookingid": 10051
    },
    {
        "bookingid": 10296
    },
    {
        "bookingid": 4869
    },
    {
        "bookingid": 8065
    },
    {
        "bookingid": 1599
    },
    {
        "bookingid": 12235
    },
    {
        "bookingid": 1352
    },
    {
        "bookingid": 108
    },
    {
        "bookingid": 8789
    },
    {
        "bookingid": 5956
    },
    {
        "bookingid": 7810
    },
    {
        "bookingid": 9388
    },
    {
        "bookingid": 3374
    },
    {
        "bookingid": 7501
    },
    {
        "bookingid": 11809
    },
    {
        "bookingid": 1520
    },
    {
        "bookingid": 3372
    },
    {
        "bookingid": 14592
    },
    {
        "bookingid": 6029
    },
    {
        "bookingid": 12213
    },
    {
        "bookingid": 7669
    },
    {
        "bookingid": 5648
    },
    {
        "bookingid": 91
    },
    {
        "bookingid": 5805
    },
    {
        "bookingid": 2020
    },
    {
        "bookingid": 6604
    },
    {
        "bookingid": 2432
    },
    {
        "bookingid": 6932
    },
    {
        "bookingid": 8069
    },
    {
        "bookingid": 882
    },
    {
        "bookingid": 8685
    },
    {
        "bookingid": 6418
    },
    {
        "bookingid": 1342
    },
    {
        "bookingid": 4895
    },
    {
        "bookingid": 2346
    },
    {
        "bookingid": 2266
    },
    {
        "bookingid": 2838
    },
    {
        "bookingid": 12708
    },
    {
        "bookingid": 12706
    },
    {
        "bookingid": 2976
    },
    {
        "bookingid": 10279
    },
    {
        "bookingid": 1732
    },
    {
        "bookingid": 7813
    },
    {
        "bookingid": 6654
    },
    {
        "bookingid": 5146
    },
    {
        "bookingid": 11106
    },
    {
        "bookingid": 2814
    },
    {
        "bookingid": 11121
    },
    {
        "bookingid": 8352
    },
    {
        "bookingid": 6601
    },
    {
        "bookingid": 3510
    },
    {
        "bookingid": 13090
    },
    {
        "bookingid": 6911
    },
    {
        "bookingid": 10214
    },
    {
        "bookingid": 3018
    },
    {
        "bookingid": 2041
    },
    {
        "bookingid": 12496
    },
    {
        "bookingid": 557
    },
    {
        "bookingid": 9495
    },
    {
        "bookingid": 8792
    },
    {
        "bookingid": 11766
    },
    {
        "bookingid": 9398
    },
    {
        "bookingid": 14388
    },
    {
        "bookingid": 13445
    },
    {
        "bookingid": 10113
    },
    {
        "bookingid": 7539
    },
    {
        "bookingid": 13813
    },
    {
        "bookingid": 5081
    },
    {
        "bookingid": 10008
    },
    {
        "bookingid": 13563
    },
    {
        "bookingid": 6332
    },
    {
        "bookingid": 6005
    },
    {
        "bookingid": 1980
    },
    {
        "bookingid": 4047
    },
    {
        "bookingid": 14784
    },
    {
        "bookingid": 10018
    },
    {
        "bookingid": 13340
    },
    {
        "bookingid": 12186
    },
    {
        "bookingid": 8363
    },
    {
        "bookingid": 8895
    },
    {
        "bookingid": 6914
    },
    {
        "bookingid": 1208
    },
    {
        "bookingid": 8269
    },
    {
        "bookingid": 12808
    },
    {
        "bookingid": 13101
    },
    {
        "bookingid": 2749
    },
    {
        "bookingid": 10170
    },
    {
        "bookingid": 3320
    },
    {
        "bookingid": 2368
    },
    {
        "bookingid": 3298
    },
    {
        "bookingid": 2790
    },
    {
        "bookingid": 6424
    },
    {
        "bookingid": 4863
    },
    {
        "bookingid": 1950
    },
    {
        "bookingid": 10050
    },
    {
        "bookingid": 7344
    },
    {
        "bookingid": 8758
    },
    {
        "bookingid": 9202
    },
    {
        "bookingid": 12432
    },
    {
        "bookingid": 7065
    },
    {
        "bookingid": 13760
    },
    {
        "bookingid": 5234
    },
    {
        "bookingid": 4911
    },
    {
        "bookingid": 3669
    },
    {
        "bookingid": 9707
    },
    {
        "bookingid": 7240
    },
    {
        "bookingid": 14749
    },
    {
        "bookingid": 3769
    },
    {
        "bookingid": 9437
    },
    {
        "bookingid": 11526
    },
    {
        "bookingid": 8915
    },
    {
        "bookingid": 3520
    },
    {
        "bookingid": 9487
    },
    {
        "bookingid": 6762
    },
    {
        "bookingid": 1421
    },
    {
        "bookingid": 1179
    },
    {
        "bookingid": 4407
    },
    {
        "bookingid": 4708
    },
    {
        "bookingid": 7220
    },
    {
        "bookingid": 4787
    },
    {
        "bookingid": 8694
    },
    {
        "bookingid": 5102
    },
    {
        "bookingid": 8594
    },
    {
        "bookingid": 5708
    },
    {
        "bookingid": 8963
    },
    {
        "bookingid": 8753
    },
    {
        "bookingid": 14070
    },
    {
        "bookingid": 8369
    },
    {
        "bookingid": 9263
    },
    {
        "bookingid": 10342
    },
    {
        "bookingid": 14567
    },
    {
        "bookingid": 14656
    },
    {
        "bookingid": 10339
    },
    {
        "bookingid": 8706
    },
    {
        "bookingid": 7823
    },
    {
        "bookingid": 5447
    },
    {
        "bookingid": 10963
    },
    {
        "bookingid": 11357
    },
    {
        "bookingid": 14719
    },
    {
        "bookingid": 9979
    },
    {
        "bookingid": 8771
    },
    {
        "bookingid": 13676
    },
    {
        "bookingid": 14880
    },
    {
        "bookingid": 3537
    },
    {
        "bookingid": 8238
    },
    {
        "bookingid": 6864
    },
    {
        "bookingid": 11923
    },
    {
        "bookingid": 9871
    },
    {
        "bookingid": 6824
    },
    {
        "bookingid": 9491
    },
    {
        "bookingid": 1169
    },
    {
        "bookingid": 7093
    },
    {
        "bookingid": 10845
    },
    {
        "bookingid": 11590
    },
    {
        "bookingid": 9386
    },
    {
        "bookingid": 10665
    },
    {
        "bookingid": 2013
    },
    {
        "bookingid": 952
    },
    {
        "bookingid": 4301
    },
    {
        "bookingid": 11778
    },
    {
        "bookingid": 7318
    },
    {
        "bookingid": 4594
    },
    {
        "bookingid": 5402
    },
    {
        "bookingid": 13650
    },
    {
        "bookingid": 3684
    },
    {
        "bookingid": 7495
    },
    {
        "bookingid": 6946
    },
    {
        "bookingid": 6138
    },
    {
        "bookingid": 13788
    },
    {
        "bookingid": 4337
    },
    {
        "bookingid": 11230
    },
    {
        "bookingid": 13817
    },
    {
        "bookingid": 4725
    },
    {
        "bookingid": 9178
    },
    {
        "bookingid": 66
    },
    {
        "bookingid": 2747
    },
    {
        "bookingid": 6120
    },
    {
        "bookingid": 2184
    },
    {
        "bookingid": 3148
    },
    {
        "bookingid": 11397
    },
    {
        "bookingid": 3720
    },
    {
        "bookingid": 9239
    },
    {
        "bookingid": 2058
    },
    {
        "bookingid": 4325
    },
    {
        "bookingid": 13480
    },
    {
        "bookingid": 11467
    },
    {
        "bookingid": 10381
    },
    {
        "bookingid": 11489
    },
    {
        "bookingid": 8699
    },
    {
        "bookingid": 12907
    },
    {
        "bookingid": 3332
    },
    {
        "bookingid": 8454
    },
    {
        "bookingid": 6555
    },
    {
        "bookingid": 5214
    },
    {
        "bookingid": 14579
    },
    {
        "bookingid": 265
    },
    {
        "bookingid": 1002
    },
    {
        "bookingid": 10354
    },
    {
        "bookingid": 13395
    },
    {
        "bookingid": 3234
    },
    {
        "bookingid": 6061
    },
    {
        "bookingid": 12582
    },
    {
        "bookingid": 8472
    },
    {
        "bookingid": 10080
    },
    {
        "bookingid": 12398
    },
    {
        "bookingid": 964
    },
    {
        "bookingid": 4392
    },
    {
        "bookingid": 5841
    },
    {
        "bookingid": 4234
    },
    {
        "bookingid": 10575
    },
    {
        "bookingid": 12738
    },
    {
        "bookingid": 8618
    },
    {
        "bookingid": 11013
    },
    {
        "bookingid": 4318
    },
    {
        "bookingid": 2381
    },
    {
        "bookingid": 3830
    },
    {
        "bookingid": 320
    },
    {
        "bookingid": 9459
    },
    {
        "bookingid": 8817
    },
    {
        "bookingid": 6945
    },
    {
        "bookingid": 7386
    },
    {
        "bookingid": 3874
    },
    {
        "bookingid": 13419
    },
    {
        "bookingid": 9196
    },
    {
        "bookingid": 5574
    },
    {
        "bookingid": 5511
    },
    {
        "bookingid": 3958
    },
    {
        "bookingid": 11210
    },
    {
        "bookingid": 13220
    },
    {
        "bookingid": 5519
    },
    {
        "bookingid": 3797
    },
    {
        "bookingid": 10412
    },
    {
        "bookingid": 12361
    },
    {
        "bookingid": 13040
    },
    {
        "bookingid": 5479
    },
    {
        "bookingid": 13163
    },
    {
        "bookingid": 3749
    },
    {
        "bookingid": 7771
    },
    {
        "bookingid": 14268
    },
    {
        "bookingid": 12626
    },
    {
        "bookingid": 9063
    },
    {
        "bookingid": 11931
    },
    {
        "bookingid": 482
    },
    {
        "bookingid": 9167
    },
    {
        "bookingid": 11251
    },
    {
        "bookingid": 4799
    },
    {
        "bookingid": 13050
    },
    {
        "bookingid": 14131
    },
    {
        "bookingid": 4943
    },
    {
        "bookingid": 8042
    },
    {
        "bookingid": 4085
    },
    {
        "bookingid": 5070
    },
    {
        "bookingid": 11300
    },
    {
        "bookingid": 793
    },
    {
        "bookingid": 10035
    },
    {
        "bookingid": 14808
    },
    {
        "bookingid": 7444
    },
    {
        "bookingid": 14698
    },
    {
        "bookingid": 14291
    },
    {
        "bookingid": 2699
    },
    {
        "bookingid": 4971
    },
    {
        "bookingid": 6169
    },
    {
        "bookingid": 499
    },
    {
        "bookingid": 8799
    },
    {
        "bookingid": 11840
    },
    {
        "bookingid": 3640
    },
    {
        "bookingid": 1207
    },
    {
        "bookingid": 9033
    },
    {
        "bookingid": 2130
    },
    {
        "bookingid": 10209
    },
    {
        "bookingid": 4077
    },
    {
        "bookingid": 14270
    },
    {
        "bookingid": 14547
    },
    {
        "bookingid": 13451
    },
    {
        "bookingid": 11263
    },
    {
        "bookingid": 8875
    },
    {
        "bookingid": 2840
    },
    {
        "bookingid": 10923
    },
    {
        "bookingid": 8371
    },
    {
        "bookingid": 4802
    },
    {
        "bookingid": 12338
    },
    {
        "bookingid": 3281
    },
    {
        "bookingid": 5811
    },
    {
        "bookingid": 2033
    },
    {
        "bookingid": 5482
    },
    {
        "bookingid": 5636
    },
    {
        "bookingid": 10284
    },
    {
        "bookingid": 7957
    },
    {
        "bookingid": 12873
    },
    {
        "bookingid": 11388
    },
    {
        "bookingid": 7130
    },
    {
        "bookingid": 7381
    },
    {
        "bookingid": 49
    },
    {
        "bookingid": 2821
    },
    {
        "bookingid": 13960
    },
    {
        "bookingid": 13514
    },
    {
        "bookingid": 2661
    },
    {
        "bookingid": 3829
    },
    {
        "bookingid": 9854
    },
    {
        "bookingid": 3906
    },
    {
        "bookingid": 11638
    },
    {
        "bookingid": 5194
    },
    {
        "bookingid": 4456
    },
    {
        "bookingid": 13598
    },
    {
        "bookingid": 7686
    },
    {
        "bookingid": 8900
    },
    {
        "bookingid": 847
    },
    {
        "bookingid": 6403
    },
    {
        "bookingid": 8870
    },
    {
        "bookingid": 25
    },
    {
        "bookingid": 8099
    },
    {
        "bookingid": 8999
    },
    {
        "bookingid": 14633
    },
    {
        "bookingid": 4380
    },
    {
        "bookingid": 2361
    },
    {
        "bookingid": 3405
    },
    {
        "bookingid": 3421
    },
    {
        "bookingid": 7086
    },
    {
        "bookingid": 14857
    },
    {
        "bookingid": 4045
    },
    {
        "bookingid": 8815
    },
    {
        "bookingid": 8781
    },
    {
        "bookingid": 749
    },
    {
        "bookingid": 6268
    },
    {
        "bookingid": 1191
    },
    {
        "bookingid": 10644
    },
    {
        "bookingid": 12117
    },
    {
        "bookingid": 7128
    },
    {
        "bookingid": 7931
    },
    {
        "bookingid": 5843
    },
    {
        "bookingid": 13687
    },
    {
        "bookingid": 3841
    },
    {
        "bookingid": 6270
    },
    {
        "bookingid": 9875
    },
    {
        "bookingid": 5056
    },
    {
        "bookingid": 14158
    },
    {
        "bookingid": 8227
    },
    {
        "bookingid": 13901
    },
    {
        "bookingid": 2364
    },
    {
        "bookingid": 11025
    },
    {
        "bookingid": 3565
    },
    {
        "bookingid": 7273
    },
    {
        "bookingid": 14893
    },
    {
        "bookingid": 13216
    },
    {
        "bookingid": 14736
    },
    {
        "bookingid": 6685
    },
    {
        "bookingid": 7487
    },
    {
        "bookingid": 12779
    },
    {
        "bookingid": 940
    },
    {
        "bookingid": 772
    },
    {
        "bookingid": 12317
    },
    {
        "bookingid": 3893
    },
    {
        "bookingid": 11851
    },
    {
        "bookingid": 1356
    },
    {
        "bookingid": 10139
    },
    {
        "bookingid": 11510
    },
    {
        "bookingid": 9394
    },
    {
        "bookingid": 11626
    },
    {
        "bookingid": 6333
    },
    {
        "bookingid": 8148
    },
    {
        "bookingid": 2244
    },
    {
        "bookingid": 5144
    },
    {
        "bookingid": 13024
    },
    {
        "bookingid": 2765
    },
    {
        "bookingid": 11008
    },
    {
        "bookingid": 3426
    },
    {
        "bookingid": 2666
    },
    {
        "bookingid": 4599
    },
    {
        "bookingid": 10186
    },
    {
        "bookingid": 13659
    },
    {
        "bookingid": 10964
    },
    {
        "bookingid": 3467
    },
    {
        "bookingid": 6955
    },
    {
        "bookingid": 8701
    },
    {
        "bookingid": 9601
    },
    {
        "bookingid": 2694
    },
    {
        "bookingid": 1938
    },
    {
        "bookingid": 466
    },
    {
        "bookingid": 13121
    },
    {
        "bookingid": 5263
    },
    {
        "bookingid": 14222
    },
    {
        "bookingid": 3434
    },
    {
        "bookingid": 10337
    },
    {
        "bookingid": 7401
    },
    {
        "bookingid": 6726
    },
    {
        "bookingid": 2507
    },
    {
        "bookingid": 5133
    },
    {
        "bookingid": 905
    },
    {
        "bookingid": 12431
    },
    {
        "bookingid": 12411
    },
    {
        "bookingid": 2647
    },
    {
        "bookingid": 11869
    },
    {
        "bookingid": 7223
    },
    {
        "bookingid": 2812
    },
    {
        "bookingid": 12363
    },
    {
        "bookingid": 11365
    },
    {
        "bookingid": 11770
    },
    {
        "bookingid": 2254
    },
    {
        "bookingid": 6066
    },
    {
        "bookingid": 13135
    },
    {
        "bookingid": 1337
    },
    {
        "bookingid": 10848
    },
    {
        "bookingid": 8710
    },
    {
        "bookingid": 8441
    },
    {
        "bookingid": 12686
    },
    {
        "bookingid": 9041
    },
    {
        "bookingid": 3117
    },
    {
        "bookingid": 14478
    },
    {
        "bookingid": 13184
    },
    {
        "bookingid": 9169
    },
    {
        "bookingid": 667
    },
    {
        "bookingid": 8252
    },
    {
        "bookingid": 14407
    },
    {
        "bookingid": 3253
    },
    {
        "bookingid": 6549
    },
    {
        "bookingid": 2487
    },
    {
        "bookingid": 5483
    },
    {
        "bookingid": 2530
    },
    {
        "bookingid": 1261
    },
    {
        "bookingid": 10760
    },
    {
        "bookingid": 13434
    },
    {
        "bookingid": 5044
    },
    {
        "bookingid": 9337
    },
    {
        "bookingid": 4299
    },
    {
        "bookingid": 6458
    },
    {
        "bookingid": 5910
    },
    {
        "bookingid": 5373
    },
    {
        "bookingid": 7358
    },
    {
        "bookingid": 2253
    },
    {
        "bookingid": 7073
    },
    {
        "bookingid": 9348
    },
    {
        "bookingid": 440
    },
    {
        "bookingid": 1564
    },
    {
        "bookingid": 5015
    },
    {
        "bookingid": 9438
    },
    {
        "bookingid": 2290
    },
    {
        "bookingid": 2702
    },
    {
        "bookingid": 11700
    },
    {
        "bookingid": 2944
    },
    {
        "bookingid": 1609
    },
    {
        "bookingid": 1417
    },
    {
        "bookingid": 2226
    },
    {
        "bookingid": 559
    },
    {
        "bookingid": 13834
    },
    {
        "bookingid": 3015
    },
    {
        "bookingid": 12044
    },
    {
        "bookingid": 13862
    },
    {
        "bookingid": 201
    },
    {
        "bookingid": 11396
    },
    {
        "bookingid": 4939
    },
    {
        "bookingid": 5628
    },
    {
        "bookingid": 10389
    },
    {
        "bookingid": 14814
    },
    {
        "bookingid": 6020
    },
    {
        "bookingid": 6840
    },
    {
        "bookingid": 7324
    },
    {
        "bookingid": 4434
    },
    {
        "bookingid": 9974
    },
    {
        "bookingid": 8041
    },
    {
        "bookingid": 3836
    },
    {
        "bookingid": 12454
    },
    {
        "bookingid": 2443
    },
    {
        "bookingid": 7272
    },
    {
        "bookingid": 8214
    },
    {
        "bookingid": 4918
    },
    {
        "bookingid": 816
    },
    {
        "bookingid": 12206
    },
    {
        "bookingid": 14192
    },
    {
        "bookingid": 13148
    },
    {
        "bookingid": 5387
    },
    {
        "bookingid": 9802
    },
    {
        "bookingid": 12940
    },
    {
        "bookingid": 11368
    },
    {
        "bookingid": 3424
    },
    {
        "bookingid": 8212
    },
    {
        "bookingid": 6415
    },
    {
        "bookingid": 1803
    },
    {
        "bookingid": 5098
    },
    {
        "bookingid": 3705
    },
    {
        "bookingid": 5392
    },
    {
        "bookingid": 5809
    },
    {
        "bookingid": 986
    },
    {
        "bookingid": 3020
    },
    {
        "bookingid": 2397
    },
    {
        "bookingid": 4368
    },
    {
        "bookingid": 3580
    },
    {
        "bookingid": 7918
    },
    {
        "bookingid": 2374
    },
    {
        "bookingid": 13453
    },
    {
        "bookingid": 13962
    },
    {
        "bookingid": 12507
    },
    {
        "bookingid": 7321
    },
    {
        "bookingid": 8404
    },
    {
        "bookingid": 14885
    },
    {
        "bookingid": 4063
    },
    {
        "bookingid": 6237
    },
    {
        "bookingid": 2919
    },
    {
        "bookingid": 10655
    },
    {
        "bookingid": 2580
    },
    {
        "bookingid": 2635
    },
    {
        "bookingid": 6813
    },
    {
        "bookingid": 11656
    },
    {
        "bookingid": 5794
    },
    {
        "bookingid": 8445
    },
    {
        "bookingid": 787
    },
    {
        "bookingid": 11453
    },
    {
        "bookingid": 13457
    },
    {
        "bookingid": 9320
    },
    {
        "bookingid": 10363
    },
    {
        "bookingid": 9034
    },
    {
        "bookingid": 9401
    },
    {
        "bookingid": 9687
    },
    {
        "bookingid": 3094
    },
    {
        "bookingid": 10192
    },
    {
        "bookingid": 1497
    },
    {
        "bookingid": 13239
    },
    {
        "bookingid": 8188
    },
    {
        "bookingid": 10875
    },
    {
        "bookingid": 11676
    },
    {
        "bookingid": 12766
    },
    {
        "bookingid": 8892
    },
    {
        "bookingid": 14817
    },
    {
        "bookingid": 7675
    },
    {
        "bookingid": 2274
    },
    {
        "bookingid": 6215
    },
    {
        "bookingid": 7217
    },
    {
        "bookingid": 13579
    },
    {
        "bookingid": 7751
    },
    {
        "bookingid": 10046
    },
    {
        "bookingid": 1248
    },
    {
        "bookingid": 6071
    },
    {
        "bookingid": 4736
    },
    {
        "bookingid": 3742
    },
    {
        "bookingid": 7148
    },
    {
        "bookingid": 6953
    },
    {
        "bookingid": 7988
    },
    {
        "bookingid": 8247
    },
    {
        "bookingid": 478
    },
    {
        "bookingid": 11803
    },
    {
        "bookingid": 10969
    },
    {
        "bookingid": 1474
    },
    {
        "bookingid": 4622
    },
    {
        "bookingid": 2863
    },
    {
        "bookingid": 5768
    },
    {
        "bookingid": 7885
    },
    {
        "bookingid": 1455
    },
    {
        "bookingid": 3136
    },
    {
        "bookingid": 7322
    },
    {
        "bookingid": 3118
    },
    {
        "bookingid": 3047
    },
    {
        "bookingid": 11859
    },
    {
        "bookingid": 2422
    },
    {
        "bookingid": 4280
    },
    {
        "bookingid": 8205
    },
    {
        "bookingid": 12478
    },
    {
        "bookingid": 11813
    },
    {
        "bookingid": 13835
    },
    {
        "bookingid": 1822
    },
    {
        "bookingid": 2522
    },
    {
        "bookingid": 2247
    },
    {
        "bookingid": 13113
    },
    {
        "bookingid": 468
    },
    {
        "bookingid": 12440
    },
    {
        "bookingid": 7864
    },
    {
        "bookingid": 4037
    },
    {
        "bookingid": 7139
    },
    {
        "bookingid": 13075
    },
    {
        "bookingid": 4135
    },
    {
        "bookingid": 14797
    },
    {
        "bookingid": 42
    },
    {
        "bookingid": 1372
    },
    {
        "bookingid": 6043
    },
    {
        "bookingid": 13459
    },
    {
        "bookingid": 12397
    },
    {
        "bookingid": 8592
    },
    {
        "bookingid": 12732
    },
    {
        "bookingid": 9389
    },
    {
        "bookingid": 7477
    },
    {
        "bookingid": 4696
    },
    {
        "bookingid": 4122
    },
    {
        "bookingid": 6994
    },
    {
        "bookingid": 10871
    },
    {
        "bookingid": 8696
    },
    {
        "bookingid": 3521
    },
    {
        "bookingid": 5135
    },
    {
        "bookingid": 1288
    },
    {
        "bookingid": 12207
    },
    {
        "bookingid": 10345
    },
    {
        "bookingid": 1523
    },
    {
        "bookingid": 3357
    },
    {
        "bookingid": 1420
    },
    {
        "bookingid": 2554
    },
    {
        "bookingid": 6788
    },
    {
        "bookingid": 10753
    },
    {
        "bookingid": 7030
    },
    {
        "bookingid": 13794
    },
    {
        "bookingid": 9864
    },
    {
        "bookingid": 773
    },
    {
        "bookingid": 2826
    },
    {
        "bookingid": 7016
    },
    {
        "bookingid": 13128
    },
    {
        "bookingid": 13632
    },
    {
        "bookingid": 14529
    },
    {
        "bookingid": 9500
    },
    {
        "bookingid": 1740
    },
    {
        "bookingid": 7513
    },
    {
        "bookingid": 12354
    },
    {
        "bookingid": 4872
    },
    {
        "bookingid": 2336
    },
    {
        "bookingid": 4620
    },
    {
        "bookingid": 9533
    },
    {
        "bookingid": 9556
    },
    {
        "bookingid": 3887
    },
    {
        "bookingid": 9011
    },
    {
        "bookingid": 11824
    },
    {
        "bookingid": 8086
    },
    {
        "bookingid": 4931
    },
    {
        "bookingid": 4995
    },
    {
        "bookingid": 1769
    },
    {
        "bookingid": 11536
    },
    {
        "bookingid": 8332
    },
    {
        "bookingid": 6799
    },
    {
        "bookingid": 11270
    },
    {
        "bookingid": 9516
    },
    {
        "bookingid": 12636
    },
    {
        "bookingid": 10746
    },
    {
        "bookingid": 9555
    },
    {
        "bookingid": 9561
    },
    {
        "bookingid": 5594
    },
    {
        "bookingid": 922
    },
    {
        "bookingid": 9941
    },
    {
        "bookingid": 9884
    },
    {
        "bookingid": 6652
    },
    {
        "bookingid": 8663
    },
    {
        "bookingid": 1234
    },
    {
        "bookingid": 12447
    },
    {
        "bookingid": 4999
    },
    {
        "bookingid": 12152
    },
    {
        "bookingid": 5223
    },
    {
        "bookingid": 14273
    },
    {
        "bookingid": 1766
    },
    {
        "bookingid": 7799
    },
    {
        "bookingid": 11049
    },
    {
        "bookingid": 13223
    },
    {
        "bookingid": 3984
    },
    {
        "bookingid": 9922
    },
    {
        "bookingid": 955
    },
    {
        "bookingid": 13877
    },
    {
        "bookingid": 2574
    },
    {
        "bookingid": 13621
    },
    {
        "bookingid": 180
    },
    {
        "bookingid": 5551
    },
    {
        "bookingid": 10632
    },
    {
        "bookingid": 9340
    },
    {
        "bookingid": 3048
    },
    {
        "bookingid": 3631
    },
    {
        "bookingid": 10773
    },
    {
        "bookingid": 11145
    },
    {
        "bookingid": 5669
    },
    {
        "bookingid": 791
    },
    {
        "bookingid": 8346
    },
    {
        "bookingid": 4976
    },
    {
        "bookingid": 13295
    },
    {
        "bookingid": 219
    },
    {
        "bookingid": 5307
    },
    {
        "bookingid": 1593
    },
    {
        "bookingid": 13812
    },
    {
        "bookingid": 7629
    },
    {
        "bookingid": 7121
    },
    {
        "bookingid": 13902
    },
    {
        "bookingid": 11287
    },
    {
        "bookingid": 13145
    },
    {
        "bookingid": 1198
    },
    {
        "bookingid": 14827
    },
    {
        "bookingid": 13750
    },
    {
        "bookingid": 12426
    },
    {
        "bookingid": 12390
    },
    {
        "bookingid": 14061
    },
    {
        "bookingid": 2792
    },
    {
        "bookingid": 8447
    },
    {
        "bookingid": 5255
    },
    {
        "bookingid": 4690
    },
    {
        "bookingid": 323
    },
    {
        "bookingid": 4953
    },
    {
        "bookingid": 4587
    },
    {
        "bookingid": 4009
    },
    {
        "bookingid": 10851
    },
    {
        "bookingid": 3722
    },
    {
        "bookingid": 6847
    },
    {
        "bookingid": 10230
    },
    {
        "bookingid": 3584
    },
    {
        "bookingid": 13728
    },
    {
        "bookingid": 2320
    },
    {
        "bookingid": 11990
    },
    {
        "bookingid": 12280
    },
    {
        "bookingid": 8032
    },
    {
        "bookingid": 295
    },
    {
        "bookingid": 2135
    },
    {
        "bookingid": 6536
    },
    {
        "bookingid": 14842
    },
    {
        "bookingid": 8835
    },
    {
        "bookingid": 10432
    },
    {
        "bookingid": 9613
    },
    {
        "bookingid": 9244
    },
    {
        "bookingid": 4689
    },
    {
        "bookingid": 11204
    },
    {
        "bookingid": 7511
    },
    {
        "bookingid": 586
    },
    {
        "bookingid": 6381
    },
    {
        "bookingid": 7731
    },
    {
        "bookingid": 2771
    },
    {
        "bookingid": 5089
    },
    {
        "bookingid": 9262
    },
    {
        "bookingid": 9807
    },
    {
        "bookingid": 9460
    },
    {
        "bookingid": 76
    },
    {
        "bookingid": 6369
    },
    {
        "bookingid": 6372
    },
    {
        "bookingid": 8243
    },
    {
        "bookingid": 11238
    },
    {
        "bookingid": 11532
    },
    {
        "bookingid": 7666
    },
    {
        "bookingid": 2592
    },
    {
        "bookingid": 5547
    },
    {
        "bookingid": 1862
    },
    {
        "bookingid": 14613
    },
    {
        "bookingid": 13225
    },
    {
        "bookingid": 11046
    },
    {
        "bookingid": 7257
    },
    {
        "bookingid": 8776
    },
    {
        "bookingid": 9596
    },
    {
        "bookingid": 13961
    },
    {
        "bookingid": 14242
    },
    {
        "bookingid": 9483
    },
    {
        "bookingid": 12392
    },
    {
        "bookingid": 2965
    },
    {
        "bookingid": 808
    },
    {
        "bookingid": 4274
    },
    {
        "bookingid": 10707
    },
    {
        "bookingid": 3909
    },
    {
        "bookingid": 11987
    },
    {
        "bookingid": 1761
    },
    {
        "bookingid": 6598
    },
    {
        "bookingid": 5455
    },
    {
        "bookingid": 11669
    },
    {
        "bookingid": 896
    },
    {
        "bookingid": 8703
    },
    {
        "bookingid": 7917
    },
    {
        "bookingid": 2006
    },
    {
        "bookingid": 12099
    },
    {
        "bookingid": 11085
    },
    {
        "bookingid": 10676
    },
    {
        "bookingid": 17
    },
    {
        "bookingid": 10560
    },
    {
        "bookingid": 7916
    },
    {
        "bookingid": 14884
    },
    {
        "bookingid": 2404
    },
    {
        "bookingid": 10351
    },
    {
        "bookingid": 6096
    },
    {
        "bookingid": 9679
    },
    {
        "bookingid": 14210
    },
    {
        "bookingid": 6430
    },
    {
        "bookingid": 9177
    },
    {
        "bookingid": 3282
    },
    {
        "bookingid": 488
    },
    {
        "bookingid": 3476
    },
    {
        "bookingid": 2436
    },
    {
        "bookingid": 10938
    },
    {
        "bookingid": 10205
    },
    {
        "bookingid": 6107
    },
    {
        "bookingid": 5701
    },
    {
        "bookingid": 11371
    },
    {
        "bookingid": 1635
    },
    {
        "bookingid": 4652
    },
    {
        "bookingid": 450
    },
    {
        "bookingid": 3367
    },
    {
        "bookingid": 11369
    },
    {
        "bookingid": 11631
    },
    {
        "bookingid": 12607
    },
    {
        "bookingid": 12945
    },
    {
        "bookingid": 3654
    },
    {
        "bookingid": 12204
    },
    {
        "bookingid": 10597
    },
    {
        "bookingid": 3200
    },
    {
        "bookingid": 8611
    },
    {
        "bookingid": 11474
    },
    {
        "bookingid": 13206
    },
    {
        "bookingid": 6545
    },
    {
        "bookingid": 2949
    },
    {
        "bookingid": 4151
    },
    {
        "bookingid": 10957
    },
    {
        "bookingid": 7129
    },
    {
        "bookingid": 10323
    },
    {
        "bookingid": 1976
    },
    {
        "bookingid": 7544
    },
    {
        "bookingid": 13389
    },
    {
        "bookingid": 7970
    },
    {
        "bookingid": 1216
    },
    {
        "bookingid": 9138
    },
    {
        "bookingid": 3854
    },
    {
        "bookingid": 9076
    },
    {
        "bookingid": 11558
    },
    {
        "bookingid": 9823
    },
    {
        "bookingid": 7587
    },
    {
        "bookingid": 12754
    },
    {
        "bookingid": 8178
    },
    {
        "bookingid": 8233
    },
    {
        "bookingid": 10436
    },
    {
        "bookingid": 11653
    },
    {
        "bookingid": 8605
    },
    {
        "bookingid": 875
    },
    {
        "bookingid": 10379
    },
    {
        "bookingid": 2482
    },
    {
        "bookingid": 7305
    },
    {
        "bookingid": 4619
    },
    {
        "bookingid": 6288
    },
    {
        "bookingid": 12525
    },
    {
        "bookingid": 7619
    },
    {
        "bookingid": 536
    },
    {
        "bookingid": 1563
    },
    {
        "bookingid": 1577
    },
    {
        "bookingid": 8450
    },
    {
        "bookingid": 8647
    },
    {
        "bookingid": 8656
    },
    {
        "bookingid": 12515
    },
    {
        "bookingid": 4930
    },
    {
        "bookingid": 1082
    },
    {
        "bookingid": 10364
    },
    {
        "bookingid": 7780
    },
    {
        "bookingid": 10579
    },
    {
        "bookingid": 6575
    },
    {
        "bookingid": 8191
    },
    {
        "bookingid": 13964
    },
    {
        "bookingid": 12328
    },
    {
        "bookingid": 1500
    },
    {
        "bookingid": 10197
    },
    {
        "bookingid": 9450
    },
    {
        "bookingid": 8535
    },
    {
        "bookingid": 3241
    },
    {
        "bookingid": 10506
    },
    {
        "bookingid": 2990
    },
    {
        "bookingid": 603
    },
    {
        "bookingid": 114
    },
    {
        "bookingid": 3977
    },
    {
        "bookingid": 1435
    },
    {
        "bookingid": 12511
    },
    {
        "bookingid": 4713
    },
    {
        "bookingid": 12370
    },
    {
        "bookingid": 3490
    },
    {
        "bookingid": 3471
    },
    {
        "bookingid": 12617
    },
    {
        "bookingid": 913
    },
    {
        "bookingid": 3997
    },
    {
        "bookingid": 1403
    },
    {
        "bookingid": 1206
    },
    {
        "bookingid": 14769
    },
    {
        "bookingid": 7210
    },
    {
        "bookingid": 14565
    },
    {
        "bookingid": 27
    },
    {
        "bookingid": 11500
    },
    {
        "bookingid": 14243
    },
    {
        "bookingid": 6475
    },
    {
        "bookingid": 12335
    },
    {
        "bookingid": 12990
    },
    {
        "bookingid": 2272
    },
    {
        "bookingid": 5963
    },
    {
        "bookingid": 308
    },
    {
        "bookingid": 12164
    },
    {
        "bookingid": 10809
    },
    {
        "bookingid": 11609
    },
    {
        "bookingid": 3562
    },
    {
        "bookingid": 7713
    },
    {
        "bookingid": 13983
    },
    {
        "bookingid": 4162
    },
    {
        "bookingid": 1085
    },
    {
        "bookingid": 7417
    },
    {
        "bookingid": 8748
    },
    {
        "bookingid": 3880
    },
    {
        "bookingid": 4785
    },
    {
        "bookingid": 13088
    },
    {
        "bookingid": 1869
    },
    {
        "bookingid": 2188
    },
    {
        "bookingid": 13200
    },
    {
        "bookingid": 5920
    },
    {
        "bookingid": 14258
    },
    {
        "bookingid": 4798
    },
    {
        "bookingid": 1413
    },
    {
        "bookingid": 8745
    },
    {
        "bookingid": 9357
    },
    {
        "bookingid": 725
    },
    {
        "bookingid": 7633
    },
    {
        "bookingid": 3648
    },
    {
        "bookingid": 8478
    },
    {
        "bookingid": 3845
    },
    {
        "bookingid": 4870
    },
    {
        "bookingid": 12849
    },
    {
        "bookingid": 13520
    },
    {
        "bookingid": 9528
    },
    {
        "bookingid": 14877
    },
    {
        "bookingid": 10981
    },
    {
        "bookingid": 2686
    },
    {
        "bookingid": 1712
    },
    {
        "bookingid": 3131
    },
    {
        "bookingid": 658
    },
    {
        "bookingid": 2063
    },
    {
        "bookingid": 7303
    },
    {
        "bookingid": 8195
    },
    {
        "bookingid": 5971
    },
    {
        "bookingid": 6890
    },
    {
        "bookingid": 7576
    },
    {
        "bookingid": 10327
    },
    {
        "bookingid": 14811
    },
    {
        "bookingid": 3638
    },
    {
        "bookingid": 4781
    },
    {
        "bookingid": 5276
    },
    {
        "bookingid": 3532
    },
    {
        "bookingid": 10627
    },
    {
        "bookingid": 14731
    },
    {
        "bookingid": 13195
    },
    {
        "bookingid": 14649
    },
    {
        "bookingid": 4952
    },
    {
        "bookingid": 4060
    },
    {
        "bookingid": 3723
    },
    {
        "bookingid": 1110
    },
    {
        "bookingid": 12553
    },
    {
        "bookingid": 5049
    },
    {
        "bookingid": 13467
    },
    {
        "bookingid": 1706
    },
    {
        "bookingid": 1048
    },
    {
        "bookingid": 1654
    },
    {
        "bookingid": 7711
    },
    {
        "bookingid": 1867
    },
    {
        "bookingid": 11213
    },
    {
        "bookingid": 9657
    },
    {
        "bookingid": 2808
    },
    {
        "bookingid": 1192
    },
    {
        "bookingid": 1984
    },
    {
        "bookingid": 2139
    },
    {
        "bookingid": 1043
    },
    {
        "bookingid": 11639
    },
    {
        "bookingid": 5625
    },
    {
        "bookingid": 8476
    },
    {
        "bookingid": 8452
    },
    {
        "bookingid": 4381
    },
    {
        "bookingid": 11944
    },
    {
        "bookingid": 911
    },
    {
        "bookingid": 7156
    },
    {
        "bookingid": 14664
    },
    {
        "bookingid": 12581
    },
    {
        "bookingid": 7659
    },
    {
        "bookingid": 10378
    },
    {
        "bookingid": 3703
    },
    {
        "bookingid": 9794
    },
    {
        "bookingid": 11610
    },
    {
        "bookingid": 9999
    },
    {
        "bookingid": 6007
    },
    {
        "bookingid": 14612
    },
    {
        "bookingid": 276
    },
    {
        "bookingid": 4232
    },
    {
        "bookingid": 14390
    },
    {
        "bookingid": 14392
    },
    {
        "bookingid": 6836
    },
    {
        "bookingid": 10124
    },
    {
        "bookingid": 6743
    },
    {
        "bookingid": 11866
    },
    {
        "bookingid": 14226
    },
    {
        "bookingid": 14098
    },
    {
        "bookingid": 5145
    },
    {
        "bookingid": 14849
    },
    {
        "bookingid": 8561
    },
    {
        "bookingid": 23
    },
    {
        "bookingid": 8582
    },
    {
        "bookingid": 13564
    },
    {
        "bookingid": 14549
    },
    {
        "bookingid": 11605
    },
    {
        "bookingid": 9862
    },
    {
        "bookingid": 7621
    },
    {
        "bookingid": 13850
    },
    {
        "bookingid": 14869
    },
    {
        "bookingid": 9153
    },
    {
        "bookingid": 6548
    },
    {
        "bookingid": 311
    },
    {
        "bookingid": 8397
    },
    {
        "bookingid": 5522
    },
    {
        "bookingid": 9911
    },
    {
        "bookingid": 12344
    },
    {
        "bookingid": 12879
    },
    {
        "bookingid": 2966
    },
    {
        "bookingid": 3691
    },
    {
        "bookingid": 8149
    },
    {
        "bookingid": 9808
    },
    {
        "bookingid": 5159
    },
    {
        "bookingid": 13020
    },
    {
        "bookingid": 4501
    },
    {
        "bookingid": 14436
    },
    {
        "bookingid": 1430
    },
    {
        "bookingid": 12449
    },
    {
        "bookingid": 12921
    },
    {
        "bookingid": 3903
    },
    {
        "bookingid": 12981
    },
    {
        "bookingid": 2849
    },
    {
        "bookingid": 918
    },
    {
        "bookingid": 13881
    },
    {
        "bookingid": 3898
    },
    {
        "bookingid": 1015
    },
    {
        "bookingid": 7348
    },
    {
        "bookingid": 13671
    },
    {
        "bookingid": 4258
    },
    {
        "bookingid": 10410
    },
    {
        "bookingid": 43
    },
    {
        "bookingid": 199
    },
    {
        "bookingid": 1361
    },
    {
        "bookingid": 1600
    },
    {
        "bookingid": 5840
    },
    {
        "bookingid": 227
    },
    {
        "bookingid": 6752
    },
    {
        "bookingid": 10972
    },
    {
        "bookingid": 720
    },
    {
        "bookingid": 3915
    },
    {
        "bookingid": 11395
    },
    {
        "bookingid": 2163
    },
    {
        "bookingid": 8326
    },
    {
        "bookingid": 13878
    },
    {
        "bookingid": 14617
    },
    {
        "bookingid": 3856
    },
    {
        "bookingid": 11921
    },
    {
        "bookingid": 9550
    },
    {
        "bookingid": 1814
    },
    {
        "bookingid": 3203
    },
    {
        "bookingid": 1099
    },
    {
        "bookingid": 1073
    },
    {
        "bookingid": 8634
    },
    {
        "bookingid": 4776
    },
    {
        "bookingid": 9804
    },
    {
        "bookingid": 5413
    },
    {
        "bookingid": 1107
    },
    {
        "bookingid": 5882
    },
    {
        "bookingid": 4167
    },
    {
        "bookingid": 13130
    },
    {
        "bookingid": 7782
    },
    {
        "bookingid": 7967
    },
    {
        "bookingid": 4216
    },
    {
        "bookingid": 11687
    },
    {
        "bookingid": 7934
    },
    {
        "bookingid": 5064
    },
    {
        "bookingid": 12896
    },
    {
        "bookingid": 14757
    },
    {
        "bookingid": 10546
    },
    {
        "bookingid": 3782
    },
    {
        "bookingid": 5264
    },
    {
        "bookingid": 1279
    },
    {
        "bookingid": 4340
    },
    {
        "bookingid": 2975
    },
    {
        "bookingid": 10067
    },
    {
        "bookingid": 12211
    },
    {
        "bookingid": 14540
    },
    {
        "bookingid": 1375
    },
    {
        "bookingid": 11733
    },
    {
        "bookingid": 10182
    },
    {
        "bookingid": 10717
    },
    {
        "bookingid": 7395
    },
    {
        "bookingid": 13882
    },
    {
        "bookingid": 6618
    },
    {
        "bookingid": 12465
    },
    {
        "bookingid": 4048
    },
    {
        "bookingid": 10411
    },
    {
        "bookingid": 5278
    },
    {
        "bookingid": 9345
    },
    {
        "bookingid": 456
    },
    {
        "bookingid": 14289
    },
    {
        "bookingid": 10664
    },
    {
        "bookingid": 256
    },
    {
        "bookingid": 2334
    },
    {
        "bookingid": 10861
    },
    {
        "bookingid": 11600
    },
    {
        "bookingid": 14487
    },
    {
        "bookingid": 4929
    },
    {
        "bookingid": 6741
    },
    {
        "bookingid": 314
    },
    {
        "bookingid": 7185
    },
    {
        "bookingid": 4090
    },
    {
        "bookingid": 11091
    },
    {
        "bookingid": 13485
    },
    {
        "bookingid": 14756
    },
    {
        "bookingid": 14721
    },
    {
        "bookingid": 6582
    },
    {
        "bookingid": 4372
    },
    {
        "bookingid": 2652
    },
    {
        "bookingid": 947
    },
    {
        "bookingid": 6938
    },
    {
        "bookingid": 6753
    },
    {
        "bookingid": 5047
    },
    {
        "bookingid": 7892
    },
    {
        "bookingid": 6162
    },
    {
        "bookingid": 3086
    },
    {
        "bookingid": 9816
    },
    {
        "bookingid": 10007
    },
    {
        "bookingid": 4087
    },
    {
        "bookingid": 11788
    },
    {
        "bookingid": 9770
    },
    {
        "bookingid": 8237
    },
    {
        "bookingid": 9598
    },
    {
        "bookingid": 4707
    },
    {
        "bookingid": 9777
    },
    {
        "bookingid": 474
    },
    {
        "bookingid": 8658
    },
    {
        "bookingid": 3197
    },
    {
        "bookingid": 4889
    },
    {
        "bookingid": 4510
    },
    {
        "bookingid": 7734
    },
    {
        "bookingid": 14215
    },
    {
        "bookingid": 13837
    },
    {
        "bookingid": 9792
    },
    {
        "bookingid": 751
    },
    {
        "bookingid": 6055
    },
    {
        "bookingid": 10034
    },
    {
        "bookingid": 13513
    },
    {
        "bookingid": 14405
    },
    {
        "bookingid": 13141
    },
    {
        "bookingid": 10306
    },
    {
        "bookingid": 10800
    },
    {
        "bookingid": 2508
    },
    {
        "bookingid": 10273
    },
    {
        "bookingid": 7875
    },
    {
        "bookingid": 14785
    },
    {
        "bookingid": 6728
    },
    {
        "bookingid": 6987
    },
    {
        "bookingid": 11677
    },
    {
        "bookingid": 9919
    },
    {
        "bookingid": 8813
    },
    {
        "bookingid": 10926
    },
    {
        "bookingid": 8904
    },
    {
        "bookingid": 14752
    },
    {
        "bookingid": 3126
    },
    {
        "bookingid": 7391
    },
    {
        "bookingid": 6067
    },
    {
        "bookingid": 8816
    },
    {
        "bookingid": 2567
    },
    {
        "bookingid": 12954
    },
    {
        "bookingid": 11783
    },
    {
        "bookingid": 3023
    },
    {
        "bookingid": 7678
    },
    {
        "bookingid": 3337
    },
    {
        "bookingid": 9906
    },
    {
        "bookingid": 4795
    },
    {
        "bookingid": 733
    },
    {
        "bookingid": 7518
    },
    {
        "bookingid": 13968
    },
    {
        "bookingid": 8735
    },
    {
        "bookingid": 9538
    },
    {
        "bookingid": 14201
    },
    {
        "bookingid": 10924
    },
    {
        "bookingid": 5894
    },
    {
        "bookingid": 3731
    },
    {
        "bookingid": 7949
    },
    {
        "bookingid": 9763
    },
    {
        "bookingid": 8459
    },
    {
        "bookingid": 6684
    },
    {
        "bookingid": 4423
    },
    {
        "bookingid": 4659
    },
    {
        "bookingid": 2100
    },
    {
        "bookingid": 8759
    },
    {
        "bookingid": 13955
    },
    {
        "bookingid": 11179
    },
    {
        "bookingid": 9420
    },
    {
        "bookingid": 10352
    },
    {
        "bookingid": 10929
    },
    {
        "bookingid": 32
    },
    {
        "bookingid": 4
    },
    {
        "bookingid": 4842
    },
    {
        "bookingid": 3655
    },
    {
        "bookingid": 3876
    },
    {
        "bookingid": 2959
    },
    {
        "bookingid": 9949
    },
    {
        "bookingid": 11686
    },
    {
        "bookingid": 11382
    },
    {
        "bookingid": 5695
    },
    {
        "bookingid": 6576
    },
    {
        "bookingid": 13167
    },
    {
        "bookingid": 14463
    },
    {
        "bookingid": 6070
    },
    {
        "bookingid": 10720
    },
    {
        "bookingid": 14545
    },
    {
        "bookingid": 9971
    },
    {
        "bookingid": 7741
    },
    {
        "bookingid": 8024
    },
    {
        "bookingid": 5771
    },
    {
        "bookingid": 7712
    },
    {
        "bookingid": 1859
    },
    {
        "bookingid": 1581
    },
    {
        "bookingid": 14433
    },
    {
        "bookingid": 12987
    },
    {
        "bookingid": 7012
    },
    {
        "bookingid": 11348
    },
    {
        "bookingid": 12374
    },
    {
        "bookingid": 8642
    },
    {
        "bookingid": 5315
    },
    {
        "bookingid": 616
    },
    {
        "bookingid": 8653
    },
    {
        "bookingid": 12694
    },
    {
        "bookingid": 1999
    },
    {
        "bookingid": 936
    },
    {
        "bookingid": 8253
    },
    {
        "bookingid": 9708
    },
    {
        "bookingid": 9284
    },
    {
        "bookingid": 6028
    },
    {
        "bookingid": 4081
    },
    {
        "bookingid": 7325
    },
    {
        "bookingid": 2363
    },
    {
        "bookingid": 7258
    },
    {
        "bookingid": 10850
    },
    {
        "bookingid": 647
    },
    {
        "bookingid": 2805
    },
    {
        "bookingid": 7778
    },
    {
        "bookingid": 3702
    },
    {
        "bookingid": 14488
    },
    {
        "bookingid": 3401
    },
    {
        "bookingid": 4585
    },
    {
        "bookingid": 10291
    },
    {
        "bookingid": 13022
    },
    {
        "bookingid": 13729
    },
    {
        "bookingid": 2356
    },
    {
        "bookingid": 1357
    },
    {
        "bookingid": 10683
    },
    {
        "bookingid": 8298
    },
    {
        "bookingid": 10864
    },
    {
        "bookingid": 7028
    },
    {
        "bookingid": 8604
    },
    {
        "bookingid": 6572
    },
    {
        "bookingid": 12723
    },
    {
        "bookingid": 13913
    },
    {
        "bookingid": 2531
    },
    {
        "bookingid": 5914
    },
    {
        "bookingid": 2283
    },
    {
        "bookingid": 6404
    },
    {
        "bookingid": 4428
    },
    {
        "bookingid": 13726
    },
    {
        "bookingid": 10149
    },
    {
        "bookingid": 10751
    },
    {
        "bookingid": 6103
    },
    {
        "bookingid": 5282
    },
    {
        "bookingid": 11064
    },
    {
        "bookingid": 6457
    },
    {
        "bookingid": 14051
    },
    {
        "bookingid": 14085
    },
    {
        "bookingid": 719
    },
    {
        "bookingid": 1595
    },
    {
        "bookingid": 1753
    },
    {
        "bookingid": 14474
    },
    {
        "bookingid": 8840
    },
    {
        "bookingid": 3878
    },
    {
        "bookingid": 14640
    },
    {
        "bookingid": 4919
    },
    {
        "bookingid": 4576
    },
    {
        "bookingid": 13083
    },
    {
        "bookingid": 9829
    },
    {
        "bookingid": 7824
    },
    {
        "bookingid": 7846
    },
    {
        "bookingid": 12073
    },
    {
        "bookingid": 9983
    },
    {
        "bookingid": 7188
    },
    {
        "bookingid": 5691
    },
    {
        "bookingid": 3652
    },
    {
        "bookingid": 11983
    },
    {
        "bookingid": 12629
    },
    {
        "bookingid": 2526
    },
    {
        "bookingid": 11192
    },
    {
        "bookingid": 1040
    },
    {
        "bookingid": 9191
    },
    {
        "bookingid": 9051
    },
    {
        "bookingid": 10276
    },
    {
        "bookingid": 10301
    },
    {
        "bookingid": 13122
    },
    {
        "bookingid": 1898
    },
    {
        "bookingid": 14135
    },
    {
        "bookingid": 9440
    },
    {
        "bookingid": 9079
    },
    {
        "bookingid": 5699
    },
    {
        "bookingid": 4796
    },
    {
        "bookingid": 12996
    },
    {
        "bookingid": 8538
    },
    {
        "bookingid": 4991
    },
    {
        "bookingid": 3280
    },
    {
        "bookingid": 3816
    },
    {
        "bookingid": 6
    },
    {
        "bookingid": 12718
    },
    {
        "bookingid": 109
    },
    {
        "bookingid": 1610
    },
    {
        "bookingid": 13742
    },
    {
        "bookingid": 10136
    },
    {
        "bookingid": 13556
    },
    {
        "bookingid": 5041
    },
    {
        "bookingid": 13037
    },
    {
        "bookingid": 1247
    },
    {
        "bookingid": 10633
    },
    {
        "bookingid": 9187
    },
    {
        "bookingid": 11487
    },
    {
        "bookingid": 8973
    },
    {
        "bookingid": 13648
    },
    {
        "bookingid": 4408
    },
    {
        "bookingid": 4308
    },
    {
        "bookingid": 11217
    },
    {
        "bookingid": 461
    },
    {
        "bookingid": 4164
    },
    {
        "bookingid": 8364
    },
    {
        "bookingid": 3060
    },
    {
        "bookingid": 13062
    },
    {
        "bookingid": 6878
    },
    {
        "bookingid": 7328
    },
    {
        "bookingid": 4684
    },
    {
        "bookingid": 14748
    },
    {
        "bookingid": 3381
    },
    {
        "bookingid": 11911
    },
    {
        "bookingid": 11643
    },
    {
        "bookingid": 10259
    },
    {
        "bookingid": 13681
    },
    {
        "bookingid": 14406
    },
    {
        "bookingid": 3754
    },
    {
        "bookingid": 3608
    },
    {
        "bookingid": 8531
    },
    {
        "bookingid": 13841
    },
    {
        "bookingid": 11607
    },
    {
        "bookingid": 10092
    },
    {
        "bookingid": 3182
    },
    {
        "bookingid": 7434
    },
    {
        "bookingid": 2893
    },
    {
        "bookingid": 861
    },
    {
        "bookingid": 10097
    },
    {
        "bookingid": 3507
    },
    {
        "bookingid": 7299
    },
    {
        "bookingid": 14494
    },
    {
        "bookingid": 1872
    },
    {
        "bookingid": 2371
    },
    {
        "bookingid": 4894
    },
    {
        "bookingid": 3872
    },
    {
        "bookingid": 4806
    },
    {
        "bookingid": 14514
    },
    {
        "bookingid": 8504
    },
    {
        "bookingid": 4767
    },
    {
        "bookingid": 6291
    },
    {
        "bookingid": 3314
    },
    {
        "bookingid": 3034
    },
    {
        "bookingid": 5112
    },
    {
        "bookingid": 4266
    },
    {
        "bookingid": 7691
    },
    {
        "bookingid": 10062
    },
    {
        "bookingid": 14294
    },
    {
        "bookingid": 1508
    },
    {
        "bookingid": 14672
    },
    {
        "bookingid": 4852
    },
    {
        "bookingid": 5434
    },
    {
        "bookingid": 11835
    },
    {
        "bookingid": 11888
    },
    {
        "bookingid": 11464
    },
    {
        "bookingid": 6586
    },
    {
        "bookingid": 11769
    },
    {
        "bookingid": 434
    },
    {
        "bookingid": 6014
    },
    {
        "bookingid": 13828
    },
    {
        "bookingid": 9248
    },
    {
        "bookingid": 7903
    },
    {
        "bookingid": 3267
    },
    {
        "bookingid": 5765
    },
    {
        "bookingid": 689
    },
    {
        "bookingid": 644
    },
    {
        "bookingid": 13497
    },
    {
        "bookingid": 6044
    },
    {
        "bookingid": 9489
    },
    {
        "bookingid": 3962
    },
    {
        "bookingid": 13314
    },
    {
        "bookingid": 12822
    },
    {
        "bookingid": 3169
    },
    {
        "bookingid": 13757
    },
    {
        "bookingid": 4042
    },
    {
        "bookingid": 9921
    },
    {
        "bookingid": 13196
    },
    {
        "bookingid": 10675
    },
    {
        "bookingid": 5213
    },
    {
        "bookingid": 3882
    },
    {
        "bookingid": 2196
    },
    {
        "bookingid": 12351
    },
    {
        "bookingid": 13823
    },
    {
        "bookingid": 11556
    },
    {
        "bookingid": 4186
    },
    {
        "bookingid": 9766
    },
    {
        "bookingid": 14453
    },
    {
        "bookingid": 9186
    },
    {
        "bookingid": 5546
    },
    {
        "bookingid": 1123
    },
    {
        "bookingid": 3436
    },
    {
        "bookingid": 5962
    },
    {
        "bookingid": 2613
    },
    {
        "bookingid": 3452
    },
    {
        "bookingid": 11705
    },
    {
        "bookingid": 14655
    },
    {
        "bookingid": 2433
    },
    {
        "bookingid": 7370
    },
    {
        "bookingid": 7205
    },
    {
        "bookingid": 2448
    },
    {
        "bookingid": 4032
    },
    {
        "bookingid": 9704
    },
    {
        "bookingid": 4117
    },
    {
        "bookingid": 7400
    },
    {
        "bookingid": 5689
    },
    {
        "bookingid": 5425
    },
    {
        "bookingid": 1108
    },
    {
        "bookingid": 13649
    },
    {
        "bookingid": 9543
    },
    {
        "bookingid": 4467
    },
    {
        "bookingid": 6460
    },
    {
        "bookingid": 11187
    },
    {
        "bookingid": 5491
    },
    {
        "bookingid": 1989
    },
    {
        "bookingid": 9750
    },
    {
        "bookingid": 1819
    },
    {
        "bookingid": 12974
    },
    {
        "bookingid": 9608
    },
    {
        "bookingid": 11044
    },
    {
        "bookingid": 13086
    },
    {
        "bookingid": 13656
    },
    {
        "bookingid": 10635
    },
    {
        "bookingid": 9180
    },
    {
        "bookingid": 8139
    },
    {
        "bookingid": 9818
    },
    {
        "bookingid": 12409
    },
    {
        "bookingid": 3494
    },
    {
        "bookingid": 11001
    },
    {
        "bookingid": 13015
    },
    {
        "bookingid": 2894
    },
    {
        "bookingid": 9522
    },
    {
        "bookingid": 8633
    },
    {
        "bookingid": 2593
    },
    {
        "bookingid": 9675
    },
    {
        "bookingid": 1670
    },
    {
        "bookingid": 8573
    },
    {
        "bookingid": 12056
    },
    {
        "bookingid": 1816
    },
    {
        "bookingid": 6999
    },
    {
        "bookingid": 8536
    },
    {
        "bookingid": 14095
    },
    {
        "bookingid": 2021
    },
    {
        "bookingid": 6387
    },
    {
        "bookingid": 5318
    },
    {
        "bookingid": 11375
    },
    {
        "bookingid": 2710
    },
    {
        "bookingid": 10756
    },
    {
        "bookingid": 413
    },
    {
        "bookingid": 3021
    },
    {
        "bookingid": 1677
    },
    {
        "bookingid": 13630
    },
    {
        "bookingid": 8823
    },
    {
        "bookingid": 12755
    },
    {
        "bookingid": 6503
    },
    {
        "bookingid": 218
    },
    {
        "bookingid": 116
    },
    {
        "bookingid": 14218
    },
    {
        "bookingid": 9457
    },
    {
        "bookingid": 11619
    },
    {
        "bookingid": 393
    },
    {
        "bookingid": 8517
    },
    {
        "bookingid": 8894
    },
    {
        "bookingid": 1084
    },
    {
        "bookingid": 958
    },
    {
        "bookingid": 2879
    },
    {
        "bookingid": 14526
    },
    {
        "bookingid": 6768
    },
    {
        "bookingid": 6406
    },
    {
        "bookingid": 9109
    },
    {
        "bookingid": 6328
    },
    {
        "bookingid": 4958
    },
    {
        "bookingid": 8539
    },
    {
        "bookingid": 10859
    },
    {
        "bookingid": 11360
    },
    {
        "bookingid": 3851
    },
    {
        "bookingid": 3646
    },
    {
        "bookingid": 2612
    },
    {
        "bookingid": 4564
    },
    {
        "bookingid": 12832
    },
    {
        "bookingid": 6380
    },
    {
        "bookingid": 8713
    },
    {
        "bookingid": 14174
    },
    {
        "bookingid": 6435
    },
    {
        "bookingid": 106
    },
    {
        "bookingid": 2128
    },
    {
        "bookingid": 4152
    },
    {
        "bookingid": 4262
    },
    {
        "bookingid": 2067
    },
    {
        "bookingid": 14385
    },
    {
        "bookingid": 11978
    },
    {
        "bookingid": 9360
    },
    {
        "bookingid": 3801
    },
    {
        "bookingid": 7076
    },
    {
        "bookingid": 3269
    },
    {
        "bookingid": 6563
    },
    {
        "bookingid": 1756
    },
    {
        "bookingid": 3522
    },
    {
        "bookingid": 1920
    },
    {
        "bookingid": 13997
    },
    {
        "bookingid": 630
    },
    {
        "bookingid": 12526
    },
    {
        "bookingid": 5632
    },
    {
        "bookingid": 10767
    },
    {
        "bookingid": 13916
    },
    {
        "bookingid": 8695
    },
    {
        "bookingid": 2118
    },
    {
        "bookingid": 10109
    },
    {
        "bookingid": 2434
    },
    {
        "bookingid": 10454
    },
    {
        "bookingid": 4065
    },
    {
        "bookingid": 11975
    },
    {
        "bookingid": 1942
    },
    {
        "bookingid": 6409
    },
    {
        "bookingid": 8190
    },
    {
        "bookingid": 4235
    },
    {
        "bookingid": 6544
    },
    {
        "bookingid": 694
    },
    {
        "bookingid": 1266
    },
    {
        "bookingid": 13866
    },
    {
        "bookingid": 1890
    },
    {
        "bookingid": 10056
    },
    {
        "bookingid": 4686
    },
    {
        "bookingid": 9366
    },
    {
        "bookingid": 6568
    },
    {
        "bookingid": 4884
    },
    {
        "bookingid": 14629
    },
    {
        "bookingid": 2585
    },
    {
        "bookingid": 706
    },
    {
        "bookingid": 12263
    },
    {
        "bookingid": 5046
    },
    {
        "bookingid": 6665
    },
    {
        "bookingid": 12689
    },
    {
        "bookingid": 7721
    },
    {
        "bookingid": 3113
    },
    {
        "bookingid": 1305
    },
    {
        "bookingid": 5734
    },
    {
        "bookingid": 10394
    },
    {
        "bookingid": 10255
    },
    {
        "bookingid": 1010
    },
    {
        "bookingid": 437
    },
    {
        "bookingid": 7006
    },
    {
        "bookingid": 11856
    },
    {
        "bookingid": 7138
    },
    {
        "bookingid": 8327
    },
    {
        "bookingid": 2456
    },
    {
        "bookingid": 5461
    },
    {
        "bookingid": 9183
    },
    {
        "bookingid": 13949
    },
    {
        "bookingid": 10511
    },
    {
        "bookingid": 5678
    },
    {
        "bookingid": 7081
    },
    {
        "bookingid": 9847
    },
    {
        "bookingid": 8437
    },
    {
        "bookingid": 10541
    },
    {
        "bookingid": 6348
    },
    {
        "bookingid": 6975
    },
    {
        "bookingid": 9304
    },
    {
        "bookingid": 7282
    },
    {
        "bookingid": 10571
    },
    {
        "bookingid": 14860
    },
    {
        "bookingid": 7094
    },
    {
        "bookingid": 5211
    },
    {
        "bookingid": 115
    },
    {
        "bookingid": 1550
    },
    {
        "bookingid": 6307
    },
    {
        "bookingid": 6738
    },
    {
        "bookingid": 5258
    },
    {
        "bookingid": 11280
    },
    {
        "bookingid": 2237
    },
    {
        "bookingid": 6506
    },
    {
        "bookingid": 9896
    },
    {
        "bookingid": 6727
    },
    {
        "bookingid": 4603
    },
    {
        "bookingid": 10527
    },
    {
        "bookingid": 9583
    },
    {
        "bookingid": 5173
    },
    {
        "bookingid": 1801
    },
    {
        "bookingid": 9013
    },
    {
        "bookingid": 859
    },
    {
        "bookingid": 5357
    },
    {
        "bookingid": 3163
    },
    {
        "bookingid": 3582
    },
    {
        "bookingid": 12244
    },
    {
        "bookingid": 993
    },
    {
        "bookingid": 1236
    },
    {
        "bookingid": 569
    },
    {
        "bookingid": 10075
    },
    {
        "bookingid": 13420
    },
    {
        "bookingid": 7425
    },
    {
        "bookingid": 10045
    },
    {
        "bookingid": 80
    },
    {
        "bookingid": 1914
    },
    {
        "bookingid": 4933
    },
    {
        "bookingid": 9321
    },
    {
        "bookingid": 11882
    },
    {
        "bookingid": 5241
    },
    {
        "bookingid": 7463
    },
    {
        "bookingid": 12242
    },
    {
        "bookingid": 4026
    },
    {
        "bookingid": 7609
    },
    {
        "bookingid": 1090
    },
    {
        "bookingid": 10489
    },
    {
        "bookingid": 14444
    },
    {
        "bookingid": 7897
    },
    {
        "bookingid": 3529
    },
    {
        "bookingid": 9647
    },
    {
        "bookingid": 7267
    },
    {
        "bookingid": 4813
    },
    {
        "bookingid": 11331
    },
    {
        "bookingid": 13424
    },
    {
        "bookingid": 3480
    },
    {
        "bookingid": 8017
    },
    {
        "bookingid": 12379
    },
    {
        "bookingid": 2497
    },
    {
        "bookingid": 1985
    },
    {
        "bookingid": 11762
    },
    {
        "bookingid": 8009
    },
    {
        "bookingid": 14681
    },
    {
        "bookingid": 12069
    },
    {
        "bookingid": 13609
    },
    {
        "bookingid": 6255
    },
    {
        "bookingid": 6354
    },
    {
        "bookingid": 19
    },
    {
        "bookingid": 6296
    },
    {
        "bookingid": 6310
    },
    {
        "bookingid": 5658
    },
    {
        "bookingid": 9173
    },
    {
        "bookingid": 7152
    },
    {
        "bookingid": 13070
    },
    {
        "bookingid": 754
    },
    {
        "bookingid": 6952
    },
    {
        "bookingid": 6712
    },
    {
        "bookingid": 9671
    },
    {
        "bookingid": 14355
    },
    {
        "bookingid": 10225
    },
    {
        "bookingid": 7265
    },
    {
        "bookingid": 12781
    },
    {
        "bookingid": 13177
    },
    {
        "bookingid": 310
    },
    {
        "bookingid": 11683
    },
    {
        "bookingid": 10064
    },
    {
        "bookingid": 12064
    },
    {
        "bookingid": 4217
    },
    {
        "bookingid": 14298
    },
    {
        "bookingid": 12231
    },
    {
        "bookingid": 1512
    },
    {
        "bookingid": 1423
    },
    {
        "bookingid": 8220
    },
    {
        "bookingid": 10499
    },
    {
        "bookingid": 254
    },
    {
        "bookingid": 3130
    },
    {
        "bookingid": 9548
    },
    {
        "bookingid": 8754
    },
    {
        "bookingid": 10469
    },
    {
        "bookingid": 4292
    },
    {
        "bookingid": 1262
    },
    {
        "bookingid": 4338
    },
    {
        "bookingid": 4043
    },
    {
        "bookingid": 13460
    },
    {
        "bookingid": 1307
    },
    {
        "bookingid": 13000
    },
    {
        "bookingid": 12959
    },
    {
        "bookingid": 1876
    },
    {
        "bookingid": 1219
    },
    {
        "bookingid": 9236
    },
    {
        "bookingid": 14152
    },
    {
        "bookingid": 1632
    },
    {
        "bookingid": 9828
    },
    {
        "bookingid": 8824
    },
    {
        "bookingid": 1744
    },
    {
        "bookingid": 8952
    },
    {
        "bookingid": 10063
    },
    {
        "bookingid": 13722
    },
    {
        "bookingid": 5335
    },
    {
        "bookingid": 2609
    },
    {
        "bookingid": 6127
    },
    {
        "bookingid": 6700
    },
    {
        "bookingid": 10495
    },
    {
        "bookingid": 13426
    },
    {
        "bookingid": 7644
    },
    {
        "bookingid": 5206
    },
    {
        "bookingid": 7541
    },
    {
        "bookingid": 6073
    },
    {
        "bookingid": 14507
    },
    {
        "bookingid": 10070
    },
    {
        "bookingid": 9351
    },
    {
        "bookingid": 9838
    },
    {
        "bookingid": 9427
    },
    {
        "bookingid": 1886
    },
    {
        "bookingid": 8386
    },
    {
        "bookingid": 1805
    },
    {
        "bookingid": 10484
    },
    {
        "bookingid": 14751
    },
    {
        "bookingid": 7832
    },
    {
        "bookingid": 6884
    },
    {
        "bookingid": 2973
    },
    {
        "bookingid": 11155
    },
    {
        "bookingid": 2722
    },
    {
        "bookingid": 2000
    },
    {
        "bookingid": 14705
    },
    {
        "bookingid": 4333
    },
    {
        "bookingid": 7499
    },
    {
        "bookingid": 2733
    },
    {
        "bookingid": 13775
    },
    {
        "bookingid": 2299
    },
    {
        "bookingid": 14508
    },
    {
        "bookingid": 1855
    },
    {
        "bookingid": 7982
    },
    {
        "bookingid": 2409
    },
    {
        "bookingid": 4539
    },
    {
        "bookingid": 3602
    },
    {
        "bookingid": 10536
    },
    {
        "bookingid": 6923
    },
    {
        "bookingid": 11674
    },
    {
        "bookingid": 2249
    },
    {
        "bookingid": 1825
    },
    {
        "bookingid": 13998
    },
    {
        "bookingid": 11393
    },
    {
        "bookingid": 7995
    },
    {
        "bookingid": 14121
    },
    {
        "bookingid": 2047
    },
    {
        "bookingid": 9836
    },
    {
        "bookingid": 13888
    },
    {
        "bookingid": 3311
    },
    {
        "bookingid": 10591
    },
    {
        "bookingid": 14552
    },
    {
        "bookingid": 1067
    },
    {
        "bookingid": 6706
    },
    {
        "bookingid": 8296
    },
    {
        "bookingid": 4093
    },
    {
        "bookingid": 11559
    },
    {
        "bookingid": 3629
    },
    {
        "bookingid": 5141
    },
    {
        "bookingid": 12191
    },
    {
        "bookingid": 212
    },
    {
        "bookingid": 5105
    },
    {
        "bookingid": 2777
    },
    {
        "bookingid": 9200
    },
    {
        "bookingid": 7933
    },
    {
        "bookingid": 8811
    },
    {
        "bookingid": 14352
    },
    {
        "bookingid": 10991
    },
    {
        "bookingid": 2676
    },
    {
        "bookingid": 7743
    },
    {
        "bookingid": 5601
    },
    {
        "bookingid": 7327
    },
    {
        "bookingid": 11622
    },
    {
        "bookingid": 12842
    },
    {
        "bookingid": 10517
    },
    {
        "bookingid": 12812
    },
    {
        "bookingid": 9492
    },
    {
        "bookingid": 5670
    },
    {
        "bookingid": 1116
    },
    {
        "bookingid": 13452
    },
    {
        "bookingid": 9764
    },
    {
        "bookingid": 5115
    },
    {
        "bookingid": 170
    },
    {
        "bookingid": 6346
    },
    {
        "bookingid": 5130
    },
    {
        "bookingid": 8560
    },
    {
        "bookingid": 6253
    },
    {
        "bookingid": 8652
    },
    {
        "bookingid": 7726
    },
    {
        "bookingid": 6012
    },
    {
        "bookingid": 10014
    },
    {
        "bookingid": 6736
    },
    {
        "bookingid": 2426
    },
    {
        "bookingid": 14113
    },
    {
        "bookingid": 11905
    },
    {
        "bookingid": 5077
    },
    {
        "bookingid": 3458
    },
    {
        "bookingid": 13350
    },
    {
        "bookingid": 2656
    },
    {
        "bookingid": 12270
    },
    {
        "bookingid": 7535
    },
    {
        "bookingid": 2556
    },
    {
        "bookingid": 7598
    },
    {
        "bookingid": 9904
    },
    {
        "bookingid": 14416
    },
    {
        "bookingid": 7764
    },
    {
        "bookingid": 6573
    },
    {
        "bookingid": 10464
    },
    {
        "bookingid": 9951
    },
    {
        "bookingid": 2219
    },
    {
        "bookingid": 5233
    },
    {
        "bookingid": 11390
    },
    {
        "bookingid": 9769
    },
    {
        "bookingid": 4741
    },
    {
        "bookingid": 13458
    },
    {
        "bookingid": 1367
    },
    {
        "bookingid": 1471
    },
    {
        "bookingid": 2861
    },
    {
        "bookingid": 11457
    },
    {
        "bookingid": 6816
    },
    {
        "bookingid": 11151
    },
    {
        "bookingid": 10796
    },
    {
        "bookingid": 4941
    },
    {
        "bookingid": 11430
    },
    {
        "bookingid": 294
    },
    {
        "bookingid": 8284
    },
    {
        "bookingid": 8938
    },
    {
        "bookingid": 12590
    },
    {
        "bookingid": 5192
    },
    {
        "bookingid": 10171
    },
    {
        "bookingid": 12983
    },
    {
        "bookingid": 9846
    },
    {
        "bookingid": 1730
    },
    {
        "bookingid": 8891
    },
    {
        "bookingid": 5887
    },
    {
        "bookingid": 10479
    },
    {
        "bookingid": 6345
    },
    {
        "bookingid": 12257
    },
    {
        "bookingid": 183
    },
    {
        "bookingid": 9307
    },
    {
        "bookingid": 4411
    },
    {
        "bookingid": 7500
    },
    {
        "bookingid": 902
    },
    {
        "bookingid": 8388
    },
    {
        "bookingid": 7268
    },
    {
        "bookingid": 7051
    },
    {
        "bookingid": 10191
    },
    {
        "bookingid": 8424
    },
    {
        "bookingid": 11828
    },
    {
        "bookingid": 3502
    },
    {
        "bookingid": 1515
    },
    {
        "bookingid": 3438
    },
    {
        "bookingid": 11148
    },
    {
        "bookingid": 9369
    },
    {
        "bookingid": 11068
    },
    {
        "bookingid": 6841
    },
    {
        "bookingid": 5440
    },
    {
        "bookingid": 7631
    },
    {
        "bookingid": 6039
    },
    {
        "bookingid": 12529
    },
    {
        "bookingid": 11647
    },
    {
        "bookingid": 7787
    },
    {
        "bookingid": 9811
    },
    {
        "bookingid": 3339
    },
    {
        "bookingid": 6396
    },
    {
        "bookingid": 13515
    },
    {
        "bookingid": 836
    },
    {
        "bookingid": 8047
    },
    {
        "bookingid": 809
    },
    {
        "bookingid": 3289
    },
    {
        "bookingid": 4834
    },
    {
        "bookingid": 41
    },
    {
        "bookingid": 14384
    },
    {
        "bookingid": 829
    },
    {
        "bookingid": 6520
    },
    {
        "bookingid": 4522
    },
    {
        "bookingid": 9373
    },
    {
        "bookingid": 13248
    },
    {
        "bookingid": 4498
    },
    {
        "bookingid": 11963
    },
    {
        "bookingid": 10646
    },
    {
        "bookingid": 1913
    },
    {
        "bookingid": 11201
    },
    {
        "bookingid": 3024
    },
    {
        "bookingid": 12859
    },
    {
        "bookingid": 5677
    },
    {
        "bookingid": 10813
    },
    {
        "bookingid": 5786
    },
    {
        "bookingid": 4901
    },
    {
        "bookingid": 10268
    },
    {
        "bookingid": 12677
    },
    {
        "bookingid": 6275
    },
    {
        "bookingid": 1254
    },
    {
        "bookingid": 5654
    },
    {
        "bookingid": 9125
    },
    {
        "bookingid": 5949
    },
    {
        "bookingid": 1701
    },
    {
        "bookingid": 12427
    },
    {
        "bookingid": 2854
    },
    {
        "bookingid": 340
    },
    {
        "bookingid": 6492
    },
    {
        "bookingid": 20
    },
    {
        "bookingid": 566
    },
    {
        "bookingid": 13739
    },
    {
        "bookingid": 5838
    },
    {
        "bookingid": 10662
    },
    {
        "bookingid": 2271
    },
    {
        "bookingid": 12047
    },
    {
        "bookingid": 7694
    },
    {
        "bookingid": 4942
    },
    {
        "bookingid": 4723
    },
    {
        "bookingid": 11056
    },
    {
        "bookingid": 2859
    },
    {
        "bookingid": 7234
    },
    {
        "bookingid": 8829
    },
    {
        "bookingid": 6909
    },
    {
        "bookingid": 12063
    },
    {
        "bookingid": 14580
    },
    {
        "bookingid": 7690
    },
    {
        "bookingid": 2961
    },
    {
        "bookingid": 8096
    },
    {
        "bookingid": 1764
    },
    {
        "bookingid": 11504
    },
    {
        "bookingid": 12103
    },
    {
        "bookingid": 12279
    },
    {
        "bookingid": 3191
    },
    {
        "bookingid": 4259
    },
    {
        "bookingid": 3928
    },
    {
        "bookingid": 6648
    },
    {
        "bookingid": 8500
    },
    {
        "bookingid": 9277
    },
    {
        "bookingid": 12860
    },
    {
        "bookingid": 9740
    },
    {
        "bookingid": 1081
    },
    {
        "bookingid": 5780
    },
    {
        "bookingid": 3377
    },
    {
        "bookingid": 10519
    },
    {
        "bookingid": 1153
    },
    {
        "bookingid": 7959
    },
    {
        "bookingid": 14450
    },
    {
        "bookingid": 11497
    },
    {
        "bookingid": 10667
    },
    {
        "bookingid": 10916
    },
    {
        "bookingid": 249
    },
    {
        "bookingid": 11459
    },
    {
        "bookingid": 7872
    },
    {
        "bookingid": 10481
    },
    {
        "bookingid": 2927
    },
    {
        "bookingid": 1024
    },
    {
        "bookingid": 6602
    },
    {
        "bookingid": 383
    },
    {
        "bookingid": 12602
    },
    {
        "bookingid": 11672
    },
    {
        "bookingid": 2358
    },
    {
        "bookingid": 9710
    },
    {
        "bookingid": 11327
    },
    {
        "bookingid": 10161
    },
    {
        "bookingid": 5868
    },
    {
        "bookingid": 14452
    },
    {
        "bookingid": 13245
    },
    {
        "bookingid": 1813
    },
    {
        "bookingid": 5752
    },
    {
        "bookingid": 4177
    },
    {
        "bookingid": 8602
    },
    {
        "bookingid": 11323
    },
    {
        "bookingid": 3450
    },
    {
        "bookingid": 4242
    },
    {
        "bookingid": 5548
    },
    {
        "bookingid": 9096
    },
    {
        "bookingid": 3528
    },
    {
        "bookingid": 1366
    },
    {
        "bookingid": 5139
    },
    {
        "bookingid": 11490
    },
    {
        "bookingid": 8348
    },
    {
        "bookingid": 11376
    },
    {
        "bookingid": 2817
    },
    {
        "bookingid": 5629
    },
    {
        "bookingid": 3344
    },
    {
        "bookingid": 14668
    },
    {
        "bookingid": 6943
    },
    {
        "bookingid": 1719
    },
    {
        "bookingid": 3435
    },
    {
        "bookingid": 11086
    },
    {
        "bookingid": 4538
    },
    {
        "bookingid": 11009
    },
    {
        "bookingid": 12224
    },
    {
        "bookingid": 8197
    },
    {
        "bookingid": 728
    },
    {
        "bookingid": 9562
    },
    {
        "bookingid": 11216
    },
    {
        "bookingid": 2622
    },
    {
        "bookingid": 13867
    },
    {
        "bookingid": 2683
    },
    {
        "bookingid": 11097
    },
    {
        "bookingid": 12110
    },
    {
        "bookingid": 6199
    },
    {
        "bookingid": 10115
    },
    {
        "bookingid": 4826
    },
    {
        "bookingid": 5087
    },
    {
        "bookingid": 374
    },
    {
        "bookingid": 11305
    },
    {
        "bookingid": 3610
    },
    {
        "bookingid": 1074
    },
    {
        "bookingid": 4786
    },
    {
        "bookingid": 5331
    },
    {
        "bookingid": 2419
    },
    {
        "bookingid": 13064
    },
    {
        "bookingid": 2842
    },
    {
        "bookingid": 1185
    },
    {
        "bookingid": 6297
    },
    {
        "bookingid": 5508
    },
    {
        "bookingid": 634
    },
    {
        "bookingid": 8740
    },
    {
        "bookingid": 2962
    },
    {
        "bookingid": 8338
    },
    {
        "bookingid": 13798
    },
    {
        "bookingid": 14557
    },
    {
        "bookingid": 6496
    },
    {
        "bookingid": 11427
    },
    {
        "bookingid": 12505
    },
    {
        "bookingid": 9484
    },
    {
        "bookingid": 5946
    },
    {
        "bookingid": 9010
    },
    {
        "bookingid": 11198
    },
    {
        "bookingid": 4671
    },
    {
        "bookingid": 7650
    },
    {
        "bookingid": 2086
    },
    {
        "bookingid": 12446
    },
    {
        "bookingid": 1604
    },
    {
        "bookingid": 3711
    },
    {
        "bookingid": 13270
    },
    {
        "bookingid": 3375
    },
    {
        "bookingid": 2340
    },
    {
        "bookingid": 10239
    },
    {
        "bookingid": 4740
    },
    {
        "bookingid": 9645
    },
    {
        "bookingid": 1954
    },
    {
        "bookingid": 12566
    },
    {
        "bookingid": 14600
    },
    {
        "bookingid": 13711
    },
    {
        "bookingid": 8806
    },
    {
        "bookingid": 2841
    },
    {
        "bookingid": 10934
    },
    {
        "bookingid": 8223
    },
    {
        "bookingid": 2122
    },
    {
        "bookingid": 8172
    },
    {
        "bookingid": 2931
    },
    {
        "bookingid": 9143
    },
    {
        "bookingid": 3628
    },
    {
        "bookingid": 12905
    },
    {
        "bookingid": 14356
    },
    {
        "bookingid": 5931
    },
    {
        "bookingid": 8067
    },
    {
        "bookingid": 11538
    },
    {
        "bookingid": 9840
    },
    {
        "bookingid": 8625
    },
    {
        "bookingid": 12323
    },
    {
        "bookingid": 5054
    },
    {
        "bookingid": 7036
    },
    {
        "bookingid": 14873
    },
    {
        "bookingid": 4271
    },
    {
        "bookingid": 3858
    },
    {
        "bookingid": 13330
    },
    {
        "bookingid": 12457
    },
    {
        "bookingid": 10181
    },
    {
        "bookingid": 9915
    },
    {
        "bookingid": 6897
    },
    {
        "bookingid": 5186
    },
    {
        "bookingid": 9501
    },
    {
        "bookingid": 7379
    },
    {
        "bookingid": 14164
    },
    {
        "bookingid": 8095
    },
    {
        "bookingid": 6037
    },
    {
        "bookingid": 7617
    },
    {
        "bookingid": 9078
    },
    {
        "bookingid": 8612
    },
    {
        "bookingid": 3634
    },
    {
        "bookingid": 1736
    },
    {
        "bookingid": 12339
    },
    {
        "bookingid": 5421
    },
    {
        "bookingid": 13282
    },
    {
        "bookingid": 8374
    },
    {
        "bookingid": 7484
    },
    {
        "bookingid": 6082
    },
    {
        "bookingid": 10312
    },
    {
        "bookingid": 4188
    },
    {
        "bookingid": 4441
    },
    {
        "bookingid": 4396
    },
    {
        "bookingid": 11930
    },
    {
        "bookingid": 226
    },
    {
        "bookingid": 13103
    },
    {
        "bookingid": 10116
    },
    {
        "bookingid": 2246
    },
    {
        "bookingid": 10750
    },
    {
        "bookingid": 13774
    },
    {
        "bookingid": 9453
    },
    {
        "bookingid": 7952
    },
    {
        "bookingid": 3326
    },
    {
        "bookingid": 3175
    },
    {
        "bookingid": 6746
    },
    {
        "bookingid": 56
    },
    {
        "bookingid": 3012
    },
    {
        "bookingid": 11494
    },
    {
        "bookingid": 3417
    },
    {
        "bookingid": 13899
    },
    {
        "bookingid": 3774
    },
    {
        "bookingid": 11406
    },
    {
        "bookingid": 8878
    },
    {
        "bookingid": 1928
    },
    {
        "bookingid": 1160
    },
    {
        "bookingid": 12367
    },
    {
        "bookingid": 1715
    },
    {
        "bookingid": 4390
    },
    {
        "bookingid": 7132
    },
    {
        "bookingid": 14564
    },
    {
        "bookingid": 7600
    },
    {
        "bookingid": 9874
    },
    {
        "bookingid": 3257
    },
    {
        "bookingid": 1919
    },
    {
        "bookingid": 13695
    },
    {
        "bookingid": 7635
    },
    {
        "bookingid": 13049
    },
    {
        "bookingid": 868
    },
    {
        "bookingid": 5143
    },
    {
        "bookingid": 11947
    },
    {
        "bookingid": 3959
    },
    {
        "bookingid": 9412
    },
    {
        "bookingid": 3771
    },
    {
        "bookingid": 10653
    },
    {
        "bookingid": 5042
    },
    {
        "bookingid": 7498
    },
    {
        "bookingid": 4462
    },
    {
        "bookingid": 6995
    },
    {
        "bookingid": 12249
    },
    {
        "bookingid": 7703
    },
    {
        "bookingid": 2773
    },
    {
        "bookingid": 13831
    },
    {
        "bookingid": 7354
    },
    {
        "bookingid": 9029
    },
    {
        "bookingid": 14678
    },
    {
        "bookingid": 5568
    },
    {
        "bookingid": 7283
    },
    {
        "bookingid": 11956
    },
    {
        "bookingid": 5545
    },
    {
        "bookingid": 1636
    },
    {
        "bookingid": 1711
    },
    {
        "bookingid": 13322
    },
    {
        "bookingid": 2473
    },
    {
        "bookingid": 13718
    },
    {
        "bookingid": 9036
    },
    {
        "bookingid": 7040
    },
    {
        "bookingid": 1027
    },
    {
        "bookingid": 6093
    },
    {
        "bookingid": 2684
    },
    {
        "bookingid": 12593
    },
    {
        "bookingid": 5927
    },
    {
        "bookingid": 5119
    },
    {
        "bookingid": 6330
    },
    {
        "bookingid": 12930
    },
    {
        "bookingid": 13437
    },
    {
        "bookingid": 8924
    },
    {
        "bookingid": 277
    },
    {
        "bookingid": 1272
    },
    {
        "bookingid": 5022
    },
    {
        "bookingid": 12403
    },
    {
        "bookingid": 9433
    },
    {
        "bookingid": 2093
    },
    {
        "bookingid": 5907
    },
    {
        "bookingid": 6398
    },
    {
        "bookingid": 13785
    },
    {
        "bookingid": 4934
    },
    {
        "bookingid": 8193
    },
    {
        "bookingid": 10902
    },
    {
        "bookingid": 2997
    },
    {
        "bookingid": 1972
    },
    {
        "bookingid": 8944
    },
    {
        "bookingid": 9384
    },
    {
        "bookingid": 5826
    },
    {
        "bookingid": 5411
    },
    {
        "bookingid": 4968
    },
    {
        "bookingid": 14646
    },
    {
        "bookingid": 8772
    },
    {
        "bookingid": 12200
    },
    {
        "bookingid": 2546
    },
    {
        "bookingid": 11239
    },
    {
        "bookingid": 2816
    },
    {
        "bookingid": 11470
    },
    {
        "bookingid": 11093
    },
    {
        "bookingid": 3873
    },
    {
        "bookingid": 3516
    },
    {
        "bookingid": 7700
    },
    {
        "bookingid": 13315
    },
    {
        "bookingid": 11597
    },
    {
        "bookingid": 9771
    },
    {
        "bookingid": 5161
    },
    {
        "bookingid": 2550
    },
    {
        "bookingid": 1973
    },
    {
        "bookingid": 12836
    },
    {
        "bookingid": 405
    },
    {
        "bookingid": 3656
    },
    {
        "bookingid": 5221
    },
    {
        "bookingid": 1492
    },
    {
        "bookingid": 10414
    },
    {
        "bookingid": 4193
    },
    {
        "bookingid": 6146
    },
    {
        "bookingid": 12291
    },
    {
        "bookingid": 7481
    },
    {
        "bookingid": 13285
    },
    {
        "bookingid": 13783
    },
    {
        "bookingid": 4334
    },
    {
        "bookingid": 3396
    },
    {
        "bookingid": 1315
    },
    {
        "bookingid": 974
    },
    {
        "bookingid": 13607
    },
    {
        "bookingid": 11642
    },
    {
        "bookingid": 2400
    },
    {
        "bookingid": 2302
    },
    {
        "bookingid": 3823
    },
    {
        "bookingid": 7236
    },
    {
        "bookingid": 6792
    },
    {
        "bookingid": 11802
    },
    {
        "bookingid": 748
    },
    {
        "bookingid": 3223
    },
    {
        "bookingid": 9576
    },
    {
        "bookingid": 6185
    },
    {
        "bookingid": 8370
    },
    {
        "bookingid": 13923
    },
    {
        "bookingid": 5627
    },
    {
        "bookingid": 9188
    },
    {
        "bookingid": 10791
    },
    {
        "bookingid": 3837
    },
    {
        "bookingid": 13381
    },
    {
        "bookingid": 5526
    },
    {
        "bookingid": 5668
    },
    {
        "bookingid": 11283
    },
    {
        "bookingid": 8483
    },
    {
        "bookingid": 5731
    },
    {
        "bookingid": 14275
    },
    {
        "bookingid": 7901
    },
    {
        "bookingid": 13219
    },
    {
        "bookingid": 12115
    },
    {
        "bookingid": 6637
    },
    {
        "bookingid": 10144
    },
    {
        "bookingid": 7285
    },
    {
        "bookingid": 5324
    },
    {
        "bookingid": 14621
    },
    {
        "bookingid": 356
    },
    {
        "bookingid": 8385
    },
    {
        "bookingid": 3866
    },
    {
        "bookingid": 2896
    },
    {
        "bookingid": 9072
    },
    {
        "bookingid": 3788
    },
    {
        "bookingid": 11159
    },
    {
        "bookingid": 14161
    },
    {
        "bookingid": 12880
    },
    {
        "bookingid": 2224
    },
    {
        "bookingid": 4229
    },
    {
        "bookingid": 8572
    },
    {
        "bookingid": 11981
    },
    {
        "bookingid": 7578
    },
    {
        "bookingid": 2178
    },
    {
        "bookingid": 13880
    },
    {
        "bookingid": 2453
    },
    {
        "bookingid": 12802
    },
    {
        "bookingid": 9226
    },
    {
        "bookingid": 8644
    },
    {
        "bookingid": 12583
    },
    {
        "bookingid": 11747
    },
    {
        "bookingid": 11664
    },
    {
        "bookingid": 11516
    },
    {
        "bookingid": 1998
    },
    {
        "bookingid": 6290
    },
    {
        "bookingid": 7667
    },
    {
        "bookingid": 6192
    },
    {
        "bookingid": 14897
    },
    {
        "bookingid": 1884
    },
    {
        "bookingid": 7332
    },
    {
        "bookingid": 9973
    },
    {
        "bookingid": 7288
    },
    {
        "bookingid": 3464
    },
    {
        "bookingid": 12274
    },
    {
        "bookingid": 1076
    },
    {
        "bookingid": 12869
    },
    {
        "bookingid": 11864
    },
    {
        "bookingid": 9172
    },
    {
        "bookingid": 12118
    },
    {
        "bookingid": 5494
    },
    {
        "bookingid": 4351
    },
    {
        "bookingid": 12863
    },
    {
        "bookingid": 8518
    },
    {
        "bookingid": 3219
    },
    {
        "bookingid": 4734
    },
    {
        "bookingid": 3607
    },
    {
        "bookingid": 14079
    },
    {
        "bookingid": 3365
    },
    {
        "bookingid": 13053
    },
    {
        "bookingid": 4814
    },
    {
        "bookingid": 13627
    },
    {
        "bookingid": 13431
    },
    {
        "bookingid": 5815
    },
    {
        "bookingid": 13019
    },
    {
        "bookingid": 11010
    },
    {
        "bookingid": 7204
    },
    {
        "bookingid": 10748
    },
    {
        "bookingid": 12156
    },
    {
        "bookingid": 3750
    },
    {
        "bookingid": 12643
    },
    {
        "bookingid": 3952
    },
    {
        "bookingid": 9392
    },
    {
        "bookingid": 9619
    },
    {
        "bookingid": 9719
    },
    {
        "bookingid": 2971
    },
    {
        "bookingid": 12051
    },
    {
        "bookingid": 11878
    },
    {
        "bookingid": 2904
    },
    {
        "bookingid": 4844
    },
    {
        "bookingid": 2791
    },
    {
        "bookingid": 1759
    },
    {
        "bookingid": 1603
    },
    {
        "bookingid": 12387
    },
    {
        "bookingid": 8036
    },
    {
        "bookingid": 1345
    },
    {
        "bookingid": 8984
    },
    {
        "bookingid": 6569
    },
    {
        "bookingid": 9868
    },
    {
        "bookingid": 1917
    },
    {
        "bookingid": 2799
    },
    {
        "bookingid": 10651
    },
    {
        "bookingid": 6352
    },
    {
        "bookingid": 8354
    },
    {
        "bookingid": 9217
    },
    {
        "bookingid": 3057
    },
    {
        "bookingid": 8372
    },
    {
        "bookingid": 13709
    },
    {
        "bookingid": 6485
    },
    {
        "bookingid": 12541
    },
    {
        "bookingid": 9347
    },
    {
        "bookingid": 6807
    },
    {
        "bookingid": 5013
    },
    {
        "bookingid": 7923
    },
    {
        "bookingid": 14428
    },
    {
        "bookingid": 2930
    },
    {
        "bookingid": 8980
    },
    {
        "bookingid": 8276
    },
    {
        "bookingid": 1668
    },
    {
        "bookingid": 13655
    },
    {
        "bookingid": 5559
    },
    {
        "bookingid": 6074
    },
    {
        "bookingid": 7594
    },
    {
        "bookingid": 3363
    },
    {
        "bookingid": 13790
    },
    {
        "bookingid": 4223
    },
    {
        "bookingid": 10728
    },
    {
        "bookingid": 3155
    },
    {
        "bookingid": 10534
    },
    {
        "bookingid": 498
    },
    {
        "bookingid": 5365
    },
    {
        "bookingid": 4912
    },
    {
        "bookingid": 13491
    },
    {
        "bookingid": 1102
    },
    {
        "bookingid": 7259
    },
    {
        "bookingid": 504
    },
    {
        "bookingid": 4624
    },
    {
        "bookingid": 11502
    },
    {
        "bookingid": 1177
    },
    {
        "bookingid": 14225
    },
    {
        "bookingid": 6427
    },
    {
        "bookingid": 7902
    },
    {
        "bookingid": 5848
    },
    {
        "bookingid": 12953
    },
    {
        "bookingid": 284
    },
    {
        "bookingid": 11815
    },
    {
        "bookingid": 8107
    },
    {
        "bookingid": 13819
    },
    {
        "bookingid": 1035
    },
    {
        "bookingid": 11967
    },
    {
        "bookingid": 1003
    },
    {
        "bookingid": 13505
    },
    {
        "bookingid": 11309
    },
    {
        "bookingid": 3697
    },
    {
        "bookingid": 12845
    },
    {
        "bookingid": 11138
    },
    {
        "bookingid": 9134
    },
    {
        "bookingid": 13392
    },
    {
        "bookingid": 3399
    },
    {
        "bookingid": 7058
    },
    {
        "bookingid": 12150
    },
    {
        "bookingid": 13944
    },
    {
        "bookingid": 11517
    },
    {
        "bookingid": 14010
    },
    {
        "bookingid": 3766
    },
    {
        "bookingid": 11134
    },
    {
        "bookingid": 10392
    },
    {
        "bookingid": 10802
    },
    {
        "bookingid": 2475
    },
    {
        "bookingid": 9752
    },
    {
        "bookingid": 3999
    },
    {
        "bookingid": 511
    },
    {
        "bookingid": 10887
    },
    {
        "bookingid": 5908
    },
    {
        "bookingid": 3352
    },
    {
        "bookingid": 12900
    },
    {
        "bookingid": 12250
    },
    {
        "bookingid": 4951
    },
    {
        "bookingid": 13311
    },
    {
        "bookingid": 2449
    },
    {
        "bookingid": 4330
    },
    {
        "bookingid": 4451
    },
    {
        "bookingid": 6863
    },
    {
        "bookingid": 3053
    },
    {
        "bookingid": 7306
    },
    {
        "bookingid": 1614
    },
    {
        "bookingid": 5913
    },
    {
        "bookingid": 11874
    },
    {
        "bookingid": 12333
    },
    {
        "bookingid": 11250
    },
    {
        "bookingid": 14762
    },
    {
        "bookingid": 14014
    },
    {
        "bookingid": 6278
    },
    {
        "bookingid": 8800
    },
    {
        "bookingid": 8666
    },
    {
        "bookingid": 4512
    },
    {
        "bookingid": 6486
    },
    {
        "bookingid": 11135
    },
    {
        "bookingid": 12926
    },
    {
        "bookingid": 14667
    },
    {
        "bookingid": 4687
    },
    {
        "bookingid": 10616
    },
    {
        "bookingid": 3637
    },
    {
        "bookingid": 6319
    },
    {
        "bookingid": 12243
    },
    {
        "bookingid": 10218
    },
    {
        "bookingid": 3885
    },
    {
        "bookingid": 12315
    },
    {
        "bookingid": 6108
    },
    {
        "bookingid": 7137
    },
    {
        "bookingid": 3156
    },
    {
        "bookingid": 10236
    },
    {
        "bookingid": 11088
    },
    {
        "bookingid": 11212
    },
    {
        "bookingid": 9322
    },
    {
        "bookingid": 7519
    },
    {
        "bookingid": 6763
    },
    {
        "bookingid": 5847
    },
    {
        "bookingid": 14199
    },
    {
        "bookingid": 2107
    },
    {
        "bookingid": 5028
    },
    {
        "bookingid": 13342
    },
    {
        "bookingid": 7027
    },
    {
        "bookingid": 8407
    },
    {
        "bookingid": 7427
    },
    {
        "bookingid": 2066
    },
    {
        "bookingid": 998
    },
    {
        "bookingid": 12659
    },
    {
        "bookingid": 13673
    },
    {
        "bookingid": 13127
    },
    {
        "bookingid": 10295
    },
    {
        "bookingid": 4110
    },
    {
        "bookingid": 11678
    },
    {
        "bookingid": 2804
    },
    {
        "bookingid": 4535
    },
    {
        "bookingid": 2505
    },
    {
        "bookingid": 7466
    },
    {
        "bookingid": 4384
    },
    {
        "bookingid": 843
    },
    {
        "bookingid": 4876
    },
    {
        "bookingid": 8015
    },
    {
        "bookingid": 12764
    },
    {
        "bookingid": 13985
    },
    {
        "bookingid": 164
    },
    {
        "bookingid": 4129
    },
    {
        "bookingid": 10058
    },
    {
        "bookingid": 648
    },
    {
        "bookingid": 3525
    },
    {
        "bookingid": 7331
    },
    {
        "bookingid": 2481
    },
    {
        "bookingid": 856
    },
    {
        "bookingid": 6176
    },
    {
        "bookingid": 6910
    },
    {
        "bookingid": 7475
    },
    {
        "bookingid": 10262
    },
    {
        "bookingid": 6003
    },
    {
        "bookingid": 10584
    },
    {
        "bookingid": 3321
    },
    {
        "bookingid": 1223
    },
    {
        "bookingid": 14278
    },
    {
        "bookingid": 9418
    },
    {
        "bookingid": 14194
    },
    {
        "bookingid": 9605
    },
    {
        "bookingid": 7585
    },
    {
        "bookingid": 9302
    },
    {
        "bookingid": 4744
    },
    {
        "bookingid": 734
    },
    {
        "bookingid": 11636
    },
    {
        "bookingid": 2318
    },
    {
        "bookingid": 6053
    },
    {
        "bookingid": 13749
    },
    {
        "bookingid": 3539
    },
    {
        "bookingid": 4294
    },
    {
        "bookingid": 6350
    },
    {
        "bookingid": 4494
    },
    {
        "bookingid": 9786
    },
    {
        "bookingid": 8523
    },
    {
        "bookingid": 2182
    },
    {
        "bookingid": 13396
    },
    {
        "bookingid": 14162
    },
    {
        "bookingid": 3617
    },
    {
        "bookingid": 4154
    },
    {
        "bookingid": 14606
    },
    {
        "bookingid": 3817
    },
    {
        "bookingid": 7389
    },
    {
        "bookingid": 11112
    },
    {
        "bookingid": 14872
    },
    {
        "bookingid": 872
    },
    {
        "bookingid": 5823
    },
    {
        "bookingid": 5570
    },
    {
        "bookingid": 715
    },
    {
        "bookingid": 2298
    },
    {
        "bookingid": 10473
    },
    {
        "bookingid": 579
    },
    {
        "bookingid": 13895
    },
    {
        "bookingid": 13026
    },
    {
        "bookingid": 5769
    },
    {
        "bookingid": 4672
    },
    {
        "bookingid": 4893
    },
    {
        "bookingid": 8222
    },
    {
        "bookingid": 12772
    },
    {
        "bookingid": 1572
    },
    {
        "bookingid": 3661
    },
    {
        "bookingid": 8641
    },
    {
        "bookingid": 764
    },
    {
        "bookingid": 14037
    },
    {
        "bookingid": 13699
    },
    {
        "bookingid": 7015
    },
    {
        "bookingid": 12277
    },
    {
        "bookingid": 10736
    },
    {
        "bookingid": 9477
    },
    {
        "bookingid": 3395
    },
    {
        "bookingid": 14184
    },
    {
        "bookingid": 3740
    },
    {
        "bookingid": 7018
    },
    {
        "bookingid": 9938
    },
    {
        "bookingid": 377
    },
    {
        "bookingid": 4571
    },
    {
        "bookingid": 2940
    },
    {
        "bookingid": 11644
    },
    {
        "bookingid": 14861
    },
    {
        "bookingid": 5319
    },
    {
        "bookingid": 4989
    },
    {
        "bookingid": 9909
    },
    {
        "bookingid": 8003
    },
    {
        "bookingid": 10108
    },
    {
        "bookingid": 4636
    },
    {
        "bookingid": 14839
    },
    {
        "bookingid": 13159
    },
    {
        "bookingid": 14637
    },
    {
        "bookingid": 10438
    },
    {
        "bookingid": 13224
    },
    {
        "bookingid": 1368
    },
    {
        "bookingid": 1425
    },
    {
        "bookingid": 13393
    },
    {
        "bookingid": 14670
    },
    {
        "bookingid": 8502
    },
    {
        "bookingid": 10997
    },
    {
        "bookingid": 3519
    },
    {
        "bookingid": 3087
    },
    {
        "bookingid": 5341
    },
    {
        "bookingid": 1841
    },
    {
        "bookingid": 11116
    },
    {
        "bookingid": 1832
    },
    {
        "bookingid": 1427
    },
    {
        "bookingid": 9630
    },
    {
        "bookingid": 14150
    },
    {
        "bookingid": 10542
    },
    {
        "bookingid": 6123
    },
    {
        "bookingid": 10806
    },
    {
        "bookingid": 8173
    },
    {
        "bookingid": 8035
    },
    {
        "bookingid": 5012
    },
    {
        "bookingid": 14614
    },
    {
        "bookingid": 12071
    },
    {
        "bookingid": 9332
    },
    {
        "bookingid": 4784
    },
    {
        "bookingid": 6260
    },
    {
        "bookingid": 3286
    },
    {
        "bookingid": 8468
    },
    {
        "bookingid": 9677
    },
    {
        "bookingid": 414
    },
    {
        "bookingid": 7089
    },
    {
        "bookingid": 13978
    },
    {
        "bookingid": 12091
    },
    {
        "bookingid": 7070
    },
    {
        "bookingid": 8218
    },
    {
        "bookingid": 5800
    },
    {
        "bookingid": 7120
    },
    {
        "bookingid": 8008
    },
    {
        "bookingid": 2326
    },
    {
        "bookingid": 9952
    },
    {
        "bookingid": 12674
    },
    {
        "bookingid": 7632
    },
    {
        "bookingid": 5310
    },
    {
        "bookingid": 11140
    },
    {
        "bookingid": 3070
    },
    {
        "bookingid": 5671
    },
    {
        "bookingid": 3279
    },
    {
        "bookingid": 7542
    },
    {
        "bookingid": 12019
    },
    {
        "bookingid": 10190
    },
    {
        "bookingid": 7014
    },
    {
        "bookingid": 3378
    },
    {
        "bookingid": 8071
    },
    {
        "bookingid": 4006
    },
    {
        "bookingid": 8359
    },
    {
        "bookingid": 7641
    },
    {
        "bookingid": 7200
    },
    {
        "bookingid": 2562
    },
    {
        "bookingid": 10602
    },
    {
        "bookingid": 5995
    },
    {
        "bookingid": 9260
    },
    {
        "bookingid": 2983
    },
    {
        "bookingid": 12375
    },
    {
        "bookingid": 4034
    },
    {
        "bookingid": 9204
    },
    {
        "bookingid": 2532
    },
    {
        "bookingid": 13152
    },
    {
        "bookingid": 14193
    },
    {
        "bookingid": 819
    },
    {
        "bookingid": 8507
    },
    {
        "bookingid": 1472
    },
    {
        "bookingid": 1553
    },
    {
        "bookingid": 9765
    },
    {
        "bookingid": 5857
    },
    {
        "bookingid": 6258
    },
    {
        "bookingid": 4244
    },
    {
        "bookingid": 4556
    },
    {
        "bookingid": 1894
    },
    {
        "bookingid": 13800
    },
    {
        "bookingid": 8194
    },
    {
        "bookingid": 11958
    },
    {
        "bookingid": 556
    },
    {
        "bookingid": 9004
    },
    {
        "bookingid": 4326
    },
    {
        "bookingid": 9923
    },
    {
        "bookingid": 4030
    },
    {
        "bookingid": 2752
    },
    {
        "bookingid": 1278
    },
    {
        "bookingid": 2513
    },
    {
        "bookingid": 10422
    },
    {
        "bookingid": 12949
    },
    {
        "bookingid": 527
    },
    {
        "bookingid": 13779
    },
    {
        "bookingid": 11149
    },
    {
        "bookingid": 13074
    },
    {
        "bookingid": 2956
    },
    {
        "bookingid": 8392
    },
    {
        "bookingid": 11557
    },
    {
        "bookingid": 1331
    },
    {
        "bookingid": 13953
    },
    {
        "bookingid": 3079
    },
    {
        "bookingid": 11347
    },
    {
        "bookingid": 4862
    },
    {
        "bookingid": 9507
    },
    {
        "bookingid": 13149
    },
    {
        "bookingid": 8213
    },
    {
        "bookingid": 12612
    },
    {
        "bookingid": 7987
    },
    {
        "bookingid": 13646
    },
    {
        "bookingid": 10932
    },
    {
        "bookingid": 13154
    },
    {
        "bookingid": 9606
    },
    {
        "bookingid": 7707
    },
    {
        "bookingid": 7250
    },
    {
        "bookingid": 740
    },
    {
        "bookingid": 14475
    },
    {
        "bookingid": 1077
    },
    {
        "bookingid": 12368
    },
    {
        "bookingid": 9509
    },
    {
        "bookingid": 5852
    },
    {
        "bookingid": 13967
    },
    {
        "bookingid": 3465
    },
    {
        "bookingid": 10614
    },
    {
        "bookingid": 7924
    },
    {
        "bookingid": 6059
    },
    {
        "bookingid": 521
    },
    {
        "bookingid": 10867
    },
    {
        "bookingid": 9551
    },
    {
        "bookingid": 4472
    },
    {
        "bookingid": 8849
    },
    {
        "bookingid": 12473
    },
    {
        "bookingid": 1065
    },
    {
        "bookingid": 14130
    },
    {
        "bookingid": 9994
    },
    {
        "bookingid": 10298
    },
    {
        "bookingid": 774
    },
    {
        "bookingid": 4147
    },
    {
        "bookingid": 7879
    },
    {
        "bookingid": 10518
    },
    {
        "bookingid": 4362
    },
    {
        "bookingid": 2578
    },
    {
        "bookingid": 10641
    },
    {
        "bookingid": 13933
    },
    {
        "bookingid": 3150
    },
    {
        "bookingid": 7448
    },
    {
        "bookingid": 9436
    },
    {
        "bookingid": 7718
    },
    {
        "bookingid": 4553
    },
    {
        "bookingid": 7806
    },
    {
        "bookingid": 7163
    },
    {
        "bookingid": 14810
    },
    {
        "bookingid": 1834
    },
    {
        "bookingid": 243
    },
    {
        "bookingid": 4823
    },
    {
        "bookingid": 13251
    },
    {
        "bookingid": 12001
    },
    {
        "bookingid": 8660
    },
    {
        "bookingid": 9547
    },
    {
        "bookingid": 8790
    },
    {
        "bookingid": 13321
    },
    {
        "bookingid": 11617
    },
    {
        "bookingid": 14119
    },
    {
        "bookingid": 9768
    },
    {
        "bookingid": 1473
    },
    {
        "bookingid": 3781
    },
    {
        "bookingid": 9953
    },
    {
        "bookingid": 10372
    },
    {
        "bookingid": 2967
    },
    {
        "bookingid": 7914
    },
    {
        "bookingid": 6488
    },
    {
        "bookingid": 8177
    },
    {
        "bookingid": 10158
    },
    {
        "bookingid": 7851
    },
    {
        "bookingid": 11519
    },
    {
        "bookingid": 11996
    },
    {
        "bookingid": 6134
    },
    {
        "bookingid": 13697
    },
    {
        "bookingid": 8967
    },
    {
        "bookingid": 10901
    },
    {
        "bookingid": 11165
    },
    {
        "bookingid": 10417
    },
    {
        "bookingid": 14018
    },
    {
        "bookingid": 6446
    },
    {
        "bookingid": 2910
    },
    {
        "bookingid": 1945
    },
    {
        "bookingid": 2548
    },
    {
        "bookingid": 14033
    },
    {
        "bookingid": 1486
    },
    {
        "bookingid": 13538
    },
    {
        "bookingid": 3821
    },
    {
        "bookingid": 7722
    },
    {
        "bookingid": 4054
    },
    {
        "bookingid": 14863
    },
    {
        "bookingid": 8964
    },
    {
        "bookingid": 2154
    },
    {
        "bookingid": 11011
    },
    {
        "bookingid": 4801
    },
    {
        "bookingid": 1768
    },
    {
        "bookingid": 2947
    },
    {
        "bookingid": 5893
    },
    {
        "bookingid": 5751
    },
    {
        "bookingid": 12307
    },
    {
        "bookingid": 6886
    },
    {
        "bookingid": 676
    },
    {
        "bookingid": 6617
    },
    {
        "bookingid": 13169
    },
    {
        "bookingid": 9631
    },
    {
        "bookingid": 1616
    },
    {
        "bookingid": 532
    },
    {
        "bookingid": 9168
    },
    {
        "bookingid": 14038
    },
    {
        "bookingid": 7056
    },
    {
        "bookingid": 8257
    },
    {
        "bookingid": 9651
    },
    {
        "bookingid": 6189
    },
    {
        "bookingid": 8600
    },
    {
        "bookingid": 806
    },
    {
        "bookingid": 12412
    },
    {
        "bookingid": 5459
    },
    {
        "bookingid": 9141
    },
    {
        "bookingid": 8645
    },
    {
        "bookingid": 1516
    },
    {
        "bookingid": 9441
    },
    {
        "bookingid": 13411
    },
    {
        "bookingid": 1529
    },
    {
        "bookingid": 4202
    },
    {
        "bookingid": 5412
    },
    {
        "bookingid": 4179
    },
    {
        "bookingid": 8719
    },
    {
        "bookingid": 12714
    },
    {
        "bookingid": 1240
    },
    {
        "bookingid": 6149
    },
    {
        "bookingid": 1742
    },
    {
        "bookingid": 8339
    },
    {
        "bookingid": 1397
    },
    {
        "bookingid": 6420
    },
    {
        "bookingid": 3418
    },
    {
        "bookingid": 10361
    },
    {
        "bookingid": 2943
    },
    {
        "bookingid": 8528
    },
    {
        "bookingid": 1304
    },
    {
        "bookingid": 2113
    },
    {
        "bookingid": 2833
    },
    {
        "bookingid": 3027
    },
    {
        "bookingid": 4022
    },
    {
        "bookingid": 9980
    },
    {
        "bookingid": 6487
    },
    {
        "bookingid": 10942
    },
    {
        "bookingid": 12795
    },
    {
        "bookingid": 9349
    },
    {
        "bookingid": 173
    },
    {
        "bookingid": 10442
    },
    {
        "bookingid": 13906
    },
    {
        "bookingid": 2193
    },
    {
        "bookingid": 2837
    },
    {
        "bookingid": 10227
    },
    {
        "bookingid": 13580
    },
    {
        "bookingid": 517
    },
    {
        "bookingid": 13619
    },
    {
        "bookingid": 346
    },
    {
        "bookingid": 5842
    },
    {
        "bookingid": 4915
    },
    {
        "bookingid": 12441
    },
    {
        "bookingid": 4429
    },
    {
        "bookingid": 8931
    },
    {
        "bookingid": 7468
    },
    {
        "bookingid": 9713
    },
    {
        "bookingid": 13221
    },
    {
        "bookingid": 617
    },
    {
        "bookingid": 5982
    },
    {
        "bookingid": 6624
    },
    {
        "bookingid": 3869
    },
    {
        "bookingid": 11032
    },
    {
        "bookingid": 11877
    },
    {
        "bookingid": 7504
    },
    {
        "bookingid": 1866
    },
    {
        "bookingid": 3236
    },
    {
        "bookingid": 1666
    },
    {
        "bookingid": 13336
    },
    {
        "bookingid": 10524
    },
    {
        "bookingid": 12382
    },
    {
        "bookingid": 4393
    },
    {
        "bookingid": 427
    },
    {
        "bookingid": 6313
    },
    {
        "bookingid": 11351
    },
    {
        "bookingid": 11592
    },
    {
        "bookingid": 5524
    },
    {
        "bookingid": 7059
    },
    {
        "bookingid": 13669
    },
    {
        "bookingid": 10082
    },
    {
        "bookingid": 7692
    },
    {
        "bookingid": 14476
    },
    {
        "bookingid": 13487
    },
    {
        "bookingid": 962
    },
    {
        "bookingid": 11022
    },
    {
        "bookingid": 8345
    },
    {
        "bookingid": 1041
    },
    {
        "bookingid": 2535
    },
    {
        "bookingid": 11314
    },
    {
        "bookingid": 2717
    },
    {
        "bookingid": 14460
    },
    {
        "bookingid": 4360
    },
    {
        "bookingid": 4086
    },
    {
        "bookingid": 5528
    },
    {
        "bookingid": 10441
    },
    {
        "bookingid": 12229
    },
    {
        "bookingid": 6967
    },
    {
        "bookingid": 1698
    },
    {
        "bookingid": 2420
    },
    {
        "bookingid": 9219
    },
    {
        "bookingid": 5851
    },
    {
        "bookingid": 2070
    },
    {
        "bookingid": 7994
    },
    {
        "bookingid": 460
    },
    {
        "bookingid": 492
    },
    {
        "bookingid": 14553
    },
    {
        "bookingid": 1167
    },
    {
        "bookingid": 3293
    },
    {
        "bookingid": 11306
    },
    {
        "bookingid": 11386
    },
    {
        "bookingid": 469
    },
    {
        "bookingid": 11328
    },
    {
        "bookingid": 6064
    },
    {
        "bookingid": 9869
    },
    {
        "bookingid": 4066
    },
    {
        "bookingid": 2494
    },
    {
        "bookingid": 105
    },
    {
        "bookingid": 7964
    },
    {
        "bookingid": 7843
    },
    {
        "bookingid": 1467
    },
    {
        "bookingid": 3128
    },
    {
        "bookingid": 5969
    },
    {
        "bookingid": 11692
    },
    {
        "bookingid": 7029
    },
    {
        "bookingid": 8564
    },
    {
        "bookingid": 9358
    },
    {
        "bookingid": 13132
    },
    {
        "bookingid": 327
    },
    {
        "bookingid": 4807
    },
    {
        "bookingid": 3601
    },
    {
        "bookingid": 5142
    },
    {
        "bookingid": 5919
    },
    {
        "bookingid": 7602
    },
    {
        "bookingid": 3296
    },
    {
        "bookingid": 9393
    },
    {
        "bookingid": 852
    },
    {
        "bookingid": 1962
    },
    {
        "bookingid": 2442
    },
    {
        "bookingid": 9678
    },
    {
        "bookingid": 10393
    },
    {
        "bookingid": 5359
    },
    {
        "bookingid": 6030
    },
    {
        "bookingid": 11078
    },
    {
        "bookingid": 14848
    },
    {
        "bookingid": 4070
    },
    {
        "bookingid": 10037
    },
    {
        "bookingid": 14313
    },
    {
        "bookingid": 13786
    },
    {
        "bookingid": 5549
    },
    {
        "bookingid": 573
    },
    {
        "bookingid": 11776
    },
    {
        "bookingid": 3701
    },
    {
        "bookingid": 10478
    },
    {
        "bookingid": 5631
    },
    {
        "bookingid": 1036
    },
    {
        "bookingid": 10119
    },
    {
        "bookingid": 7057
    },
    {
        "bookingid": 6462
    },
    {
        "bookingid": 3888
    },
    {
        "bookingid": 4948
    },
    {
        "bookingid": 7730
    },
    {
        "bookingid": 4778
    },
    {
        "bookingid": 5043
    },
    {
        "bookingid": 11979
    },
    {
        "bookingid": 12003
    },
    {
        "bookingid": 12171
    },
    {
        "bookingid": 4827
    },
    {
        "bookingid": 4120
    },
    {
        "bookingid": 13905
    },
    {
        "bookingid": 3343
    },
    {
        "bookingid": 7084
    },
    {
        "bookingid": 14472
    },
    {
        "bookingid": 900
    },
    {
        "bookingid": 5998
    },
    {
        "bookingid": 6423
    },
    {
        "bookingid": 13462
    },
    {
        "bookingid": 13559
    },
    {
        "bookingid": 1170
    },
    {
        "bookingid": 4027
    },
    {
        "bookingid": 12731
    },
    {
        "bookingid": 9744
    },
    {
        "bookingid": 2289
    },
    {
        "bookingid": 10894
    },
    {
        "bookingid": 5801
    },
    {
        "bookingid": 5332
    },
    {
        "bookingid": 10493
    },
    {
        "bookingid": 4161
    },
    {
        "bookingid": 14714
    },
    {
        "bookingid": 6826
    },
    {
        "bookingid": 9353
    },
    {
        "bookingid": 12467
    },
    {
        "bookingid": 9040
    },
    {
        "bookingid": 2222
    },
    {
        "bookingid": 5109
    },
    {
        "bookingid": 1044
    },
    {
        "bookingid": 14333
    },
    {
        "bookingid": 5597
    },
    {
        "bookingid": 4230
    },
    {
        "bookingid": 13405
    },
    {
        "bookingid": 11015
    },
    {
        "bookingid": 2577
    },
    {
        "bookingid": 11515
    },
    {
        "bookingid": 10982
    },
    {
        "bookingid": 1929
    },
    {
        "bookingid": 2905
    },
    {
        "bookingid": 10294
    },
    {
        "bookingid": 4562
    },
    {
        "bookingid": 12155
    },
    {
        "bookingid": 7226
    },
    {
        "bookingid": 7503
    },
    {
        "bookingid": 411
    },
    {
        "bookingid": 12848
    },
    {
        "bookingid": 14224
    },
    {
        "bookingid": 3368
    },
    {
        "bookingid": 2229
    },
    {
        "bookingid": 716
    },
    {
        "bookingid": 1436
    },
    {
        "bookingid": 2561
    },
    {
        "bookingid": 11432
    },
    {
        "bookingid": 13077
    },
    {
        "bookingid": 13541
    },
    {
        "bookingid": 6902
    },
    {
        "bookingid": 10730
    },
    {
        "bookingid": 12477
    },
    {
        "bookingid": 8866
    },
    {
        "bookingid": 8855
    },
    {
        "bookingid": 10012
    },
    {
        "bookingid": 3025
    },
    {
        "bookingid": 2176
    },
    {
        "bookingid": 3577
    },
    {
        "bookingid": 4057
    },
    {
        "bookingid": 12470
    },
    {
        "bookingid": 3346
    },
    {
        "bookingid": 4998
    },
    {
        "bookingid": 11718
    },
    {
        "bookingid": 2329
    },
    {
        "bookingid": 8014
    },
    {
        "bookingid": 9120
    },
    {
        "bookingid": 7159
    },
    {
        "bookingid": 7684
    },
    {
        "bookingid": 11576
    },
    {
        "bookingid": 5891
    },
    {
        "bookingid": 9085
    },
    {
        "bookingid": 11336
    },
    {
        "bookingid": 9506
    },
    {
        "bookingid": 2354
    },
    {
        "bookingid": 2204
    },
    {
        "bookingid": 1540
    },
    {
        "bookingid": 8467
    },
    {
        "bookingid": 7927
    },
    {
        "bookingid": 12365
    },
    {
        "bookingid": 13677
    },
    {
        "bookingid": 14206
    },
    {
        "bookingid": 5830
    },
    {
        "bookingid": 13826
    },
    {
        "bookingid": 12739
    },
    {
        "bookingid": 9094
    },
    {
        "bookingid": 7736
    },
    {
        "bookingid": 3459
    },
    {
        "bookingid": 494
    },
    {
        "bookingid": 296
    },
    {
        "bookingid": 9616
    },
    {
        "bookingid": 12299
    },
    {
        "bookingid": 14009
    },
    {
        "bookingid": 5505
    },
    {
        "bookingid": 2408
    },
    {
        "bookingid": 443
    },
    {
        "bookingid": 5539
    },
    {
        "bookingid": 103
    },
    {
        "bookingid": 8782
    },
    {
        "bookingid": 3670
    },
    {
        "bookingid": 9809
    },
    {
        "bookingid": 9117
    },
    {
        "bookingid": 9670
    },
    {
        "bookingid": 5358
    },
    {
        "bookingid": 13058
    },
    {
        "bookingid": 4818
    },
    {
        "bookingid": 10774
    },
    {
        "bookingid": 12778
    },
    {
        "bookingid": 6531
    },
    {
        "bookingid": 8322
    },
    {
        "bookingid": 7645
    },
    {
        "bookingid": 5375
    },
    {
        "bookingid": 11665
    },
    {
        "bookingid": 14701
    },
    {
        "bookingid": 4772
    },
    {
        "bookingid": 6245
    },
    {
        "bookingid": 1175
    },
    {
        "bookingid": 1491
    },
    {
        "bookingid": 2490
    },
    {
        "bookingid": 1292
    },
    {
        "bookingid": 14369
    },
    {
        "bookingid": 13119
    },
    {
        "bookingid": 1893
    },
    {
        "bookingid": 1402
    },
    {
        "bookingid": 4718
    },
    {
        "bookingid": 3593
    },
    {
        "bookingid": 817
    },
    {
        "bookingid": 9232
    },
    {
        "bookingid": 2051
    },
    {
        "bookingid": 10278
    },
    {
        "bookingid": 10640
    },
    {
        "bookingid": 9725
    },
    {
        "bookingid": 3499
    },
    {
        "bookingid": 14813
    },
    {
        "bookingid": 10355
    },
    {
        "bookingid": 2598
    },
    {
        "bookingid": 4439
    },
    {
        "bookingid": 2174
    },
    {
        "bookingid": 7942
    },
    {
        "bookingid": 13803
    },
    {
        "bookingid": 3313
    },
    {
        "bookingid": 8384
    },
    {
        "bookingid": 7274
    },
    {
        "bookingid": 3322
    },
    {
        "bookingid": 4605
    },
    {
        "bookingid": 2256
    },
    {
        "bookingid": 813
    },
    {
        "bookingid": 14853
    },
    {
        "bookingid": 167
    },
    {
        "bookingid": 11041
    },
    {
        "bookingid": 13597
    },
    {
        "bookingid": 9905
    },
    {
        "bookingid": 11209
    },
    {
        "bookingid": 11662
    },
    {
        "bookingid": 2911
    },
    {
        "bookingid": 14214
    },
    {
        "bookingid": 7043
    },
    {
        "bookingid": 3700
    },
    {
        "bookingid": 11402
    },
    {
        "bookingid": 8767
    },
    {
        "bookingid": 11119
    },
    {
        "bookingid": 9699
    },
    {
        "bookingid": 1576
    },
    {
        "bookingid": 14417
    },
    {
        "bookingid": 12189
    },
    {
        "bookingid": 4310
    },
    {
        "bookingid": 11003
    },
    {
        "bookingid": 9053
    },
    {
        "bookingid": 12664
    },
    {
        "bookingid": 684
    },
    {
        "bookingid": 1014
    },
    {
        "bookingid": 14733
    },
    {
        "bookingid": 3283
    },
    {
        "bookingid": 7998
    },
    {
        "bookingid": 12105
    },
    {
        "bookingid": 14682
    },
    {
        "bookingid": 1444
    },
    {
        "bookingid": 7861
    },
    {
        "bookingid": 14596
    },
    {
        "bookingid": 2480
    },
    {
        "bookingid": 10604
    },
    {
        "bookingid": 14421
    },
    {
        "bookingid": 5664
    },
    {
        "bookingid": 8288
    },
    {
        "bookingid": 5567
    },
    {
        "bookingid": 7451
    },
    {
        "bookingid": 6787
    },
    {
        "bookingid": 6088
    },
    {
        "bookingid": 4691
    },
    {
        "bookingid": 13057
    },
    {
        "bookingid": 10836
    },
    {
        "bookingid": 7791
    },
    {
        "bookingid": 4506
    },
    {
        "bookingid": 8491
    },
    {
        "bookingid": 5497
    },
    {
        "bookingid": 8865
    },
    {
        "bookingid": 12313
    },
    {
        "bookingid": 1526
    },
    {
        "bookingid": 1030
    },
    {
        "bookingid": 599
    },
    {
        "bookingid": 4821
    },
    {
        "bookingid": 5972
    },
    {
        "bookingid": 11437
    },
    {
        "bookingid": 14484
    },
    {
        "bookingid": 1580
    },
    {
        "bookingid": 2040
    },
    {
        "bookingid": 6577
    },
    {
        "bookingid": 9461
    },
    {
        "bookingid": 4173
    },
    {
        "bookingid": 10900
    },
    {
        "bookingid": 9025
    },
    {
        "bookingid": 10445
    },
    {
        "bookingid": 13041
    },
    {
        "bookingid": 9841
    },
    {
        "bookingid": 10086
    },
    {
        "bookingid": 4231
    },
    {
        "bookingid": 6298
    },
    {
        "bookingid": 5437
    },
    {
        "bookingid": 4114
    },
    {
        "bookingid": 7566
    },
    {
        "bookingid": 11946
    },
    {
        "bookingid": 12792
    },
    {
        "bookingid": 2217
    },
    {
        "bookingid": 14398
    },
    {
        "bookingid": 1797
    },
    {
        "bookingid": 3358
    },
    {
        "bookingid": 1431
    },
    {
        "bookingid": 1558
    },
    {
        "bookingid": 8637
    },
    {
        "bookingid": 5776
    },
    {
        "bookingid": 4568
    },
    {
        "bookingid": 14074
    },
    {
        "bookingid": 14049
    },
    {
        "bookingid": 9877
    },
    {
        "bookingid": 4913
    },
    {
        "bookingid": 13731
    },
    {
        "bookingid": 6471
    },
    {
        "bookingid": 10846
    },
    {
        "bookingid": 3777
    },
    {
        "bookingid": 13715
    },
    {
        "bookingid": 5212
    },
    {
        "bookingid": 5970
    },
    {
        "bookingid": 11648
    },
    {
        "bookingid": 2680
    },
    {
        "bookingid": 4738
    },
    {
        "bookingid": 9530
    },
    {
        "bookingid": 13585
    },
    {
        "bookingid": 12500
    },
    {
        "bookingid": 13274
    },
    {
        "bookingid": 9970
    },
    {
        "bookingid": 14538
    },
    {
        "bookingid": 7118
    },
    {
        "bookingid": 2342
    },
    {
        "bookingid": 5755
    },
    {
        "bookingid": 13889
    },
    {
        "bookingid": 6509
    },
    {
        "bookingid": 12066
    },
    {
        "bookingid": 9422
    },
    {
        "bookingid": 3626
    },
    {
        "bookingid": 13583
    },
    {
        "bookingid": 2960
    },
    {
        "bookingid": 12837
    },
    {
        "bookingid": 6101
    },
    {
        "bookingid": 7653
    },
    {
        "bookingid": 708
    },
    {
        "bookingid": 10240
    },
    {
        "bookingid": 10769
    },
    {
        "bookingid": 7943
    },
    {
        "bookingid": 10681
    },
    {
        "bookingid": 1051
    },
    {
        "bookingid": 12640
    },
    {
        "bookingid": 7874
    },
    {
        "bookingid": 5941
    },
    {
        "bookingid": 8182
    },
    {
        "bookingid": 3394
    },
    {
        "bookingid": 10526
    },
    {
        "bookingid": 13081
    },
    {
        "bookingid": 4404
    },
    {
        "bookingid": 4940
    },
    {
        "bookingid": 13038
    },
    {
        "bookingid": 11281
    },
    {
        "bookingid": 5174
    },
    {
        "bookingid": 5980
    },
    {
        "bookingid": 11567
    },
    {
        "bookingid": 11434
    },
    {
        "bookingid": 9662
    },
    {
        "bookingid": 13768
    },
    {
        "bookingid": 11819
    },
    {
        "bookingid": 11894
    },
    {
        "bookingid": 9426
    },
    {
        "bookingid": 13827
    },
    {
        "bookingid": 11367
    },
    {
        "bookingid": 13324
    },
    {
        "bookingid": 36
    },
    {
        "bookingid": 13918
    },
    {
        "bookingid": 2076
    },
    {
        "bookingid": 10246
    },
    {
        "bookingid": 7729
    },
    {
        "bookingid": 2985
    },
    {
        "bookingid": 5140
    },
    {
        "bookingid": 8152
    },
    {
        "bookingid": 1739
    },
    {
        "bookingid": 1433
    },
    {
        "bookingid": 1165
    },
    {
        "bookingid": 14437
    },
    {
        "bookingid": 4647
    },
    {
        "bookingid": 12637
    },
    {
        "bookingid": 12777
    },
    {
        "bookingid": 10661
    },
    {
        "bookingid": 6920
    },
    {
        "bookingid": 1495
    },
    {
        "bookingid": 7107
    },
    {
        "bookingid": 6305
    },
    {
        "bookingid": 6499
    },
    {
        "bookingid": 5529
    },
    {
        "bookingid": 13863
    },
    {
        "bookingid": 652
    },
    {
        "bookingid": 1735
    },
    {
        "bookingid": 12630
    },
    {
        "bookingid": 2744
    },
    {
        "bookingid": 13872
    },
    {
        "bookingid": 13937
    },
    {
        "bookingid": 12170
    },
    {
        "bookingid": 8697
    },
    {
        "bookingid": 12835
    },
    {
        "bookingid": 5281
    },
    {
        "bookingid": 9114
    },
    {
        "bookingid": 2878
    },
    {
        "bookingid": 30
    },
    {
        "bookingid": 11960
    },
    {
        "bookingid": 10433
    },
    {
        "bookingid": 13456
    },
    {
        "bookingid": 11482
    },
    {
        "bookingid": 11795
    },
    {
        "bookingid": 2485
    },
    {
        "bookingid": 8514
    },
    {
        "bookingid": 9146
    },
    {
        "bookingid": 3250
    },
    {
        "bookingid": 11753
    },
    {
        "bookingid": 14020
    },
    {
        "bookingid": 3067
    },
    {
        "bookingid": 10610
    },
    {
        "bookingid": 960
    },
    {
        "bookingid": 3647
    },
    {
        "bookingid": 5380
    },
    {
        "bookingid": 5775
    },
    {
        "bookingid": 5259
    },
    {
        "bookingid": 10801
    },
    {
        "bookingid": 10701
    },
    {
        "bookingid": 2352
    },
    {
        "bookingid": 9383
    },
    {
        "bookingid": 8525
    },
    {
        "bookingid": 6821
    },
    {
        "bookingid": 14689
    },
    {
        "bookingid": 2517
    },
    {
        "bookingid": 5820
    },
    {
        "bookingid": 12488
    },
    {
        "bookingid": 8055
    },
    {
        "bookingid": 3099
    },
    {
        "bookingid": 9720
    },
    {
        "bookingid": 14715
    },
    {
        "bookingid": 1484
    },
    {
        "bookingid": 6614
    },
    {
        "bookingid": 2689
    },
    {
        "bookingid": 2671
    },
    {
        "bookingid": 3305
    },
    {
        "bookingid": 5114
    },
    {
        "bookingid": 1016
    },
    {
        "bookingid": 7131
    },
    {
        "bookingid": 8413
    },
    {
        "bookingid": 639
    },
    {
        "bookingid": 11444
    },
    {
        "bookingid": 11738
    },
    {
        "bookingid": 9893
    },
    {
        "bookingid": 6032
    },
    {
        "bookingid": 9210
    },
    {
        "bookingid": 2858
    },
    {
        "bookingid": 6083
    },
    {
        "bookingid": 4865
    },
    {
        "bookingid": 9593
    },
    {
        "bookingid": 9784
    },
    {
        "bookingid": 10608
    },
    {
        "bookingid": 3451
    },
    {
        "bookingid": 14067
    },
    {
        "bookingid": 11399
    },
    {
        "bookingid": 14386
    },
    {
        "bookingid": 7020
    },
    {
        "bookingid": 8025
    },
    {
        "bookingid": 351
    },
    {
        "bookingid": 4218
    },
    {
        "bookingid": 8672
    },
    {
        "bookingid": 6802
    },
    {
        "bookingid": 12577
    },
    {
        "bookingid": 13698
    },
    {
        "bookingid": 6113
    },
    {
        "bookingid": 6564
    },
    {
        "bookingid": 1812
    },
    {
        "bookingid": 14492
    },
    {
        "bookingid": 1548
    },
    {
        "bookingid": 13440
    },
    {
        "bookingid": 5125
    },
    {
        "bookingid": 10959
    },
    {
        "bookingid": 8406
    },
    {
        "bookingid": 9526
    },
    {
        "bookingid": 9473
    },
    {
        "bookingid": 6829
    },
    {
        "bookingid": 11087
    },
    {
        "bookingid": 1528
    },
    {
        "bookingid": 11927
    },
    {
        "bookingid": 10657
    },
    {
        "bookingid": 11113
    },
    {
        "bookingid": 11895
    },
    {
        "bookingid": 13824
    },
    {
        "bookingid": 1442
    },
    {
        "bookingid": 12296
    },
    {
        "bookingid": 10625
    },
    {
        "bookingid": 4558
    },
    {
        "bookingid": 4990
    },
    {
        "bookingid": 7357
    },
    {
        "bookingid": 4525
    },
    {
        "bookingid": 2681
    },
    {
        "bookingid": 12489
    },
    {
        "bookingid": 8093
    },
    {
        "bookingid": 13893
    },
    {
        "bookingid": 3193
    },
    {
        "bookingid": 2512
    },
    {
        "bookingid": 5484
    },
    {
        "bookingid": 9727
    },
    {
        "bookingid": 10892
    },
    {
        "bookingid": 7003
    },
    {
        "bookingid": 1339
    },
    {
        "bookingid": 9736
    },
    {
        "bookingid": 8661
    },
    {
        "bookingid": 216
    },
    {
        "bookingid": 2211
    },
    {
        "bookingid": 5068
    },
    {
        "bookingid": 12424
    },
    {
        "bookingid": 7294
    },
    {
        "bookingid": 1333
    },
    {
        "bookingid": 8011
    },
    {
        "bookingid": 12193
    },
    {
        "bookingid": 10185
    },
    {
        "bookingid": 3362
    },
    {
        "bookingid": 14239
    },
    {
        "bookingid": 4878
    },
    {
        "bookingid": 10098
    },
    {
        "bookingid": 7269
    },
    {
        "bookingid": 13818
    },
    {
        "bookingid": 9058
    },
    {
        "bookingid": 7839
    },
    {
        "bookingid": 5517
    },
    {
        "bookingid": 2692
    },
    {
        "bookingid": 3930
    },
    {
        "bookingid": 13712
    },
    {
        "bookingid": 6259
    },
    {
        "bookingid": 2772
    },
    {
        "bookingid": 12646
    },
    {
        "bookingid": 10452
    },
    {
        "bookingid": 6849
    },
    {
        "bookingid": 10581
    },
    {
        "bookingid": 8548
    },
    {
        "bookingid": 10031
    },
    {
        "bookingid": 7229
    },
    {
        "bookingid": 9658
    },
    {
        "bookingid": 12916
    },
    {
        "bookingid": 5406
    },
    {
        "bookingid": 5035
    },
    {
        "bookingid": 3005
    },
    {
        "bookingid": 483
    },
    {
        "bookingid": 4185
    },
    {
        "bookingid": 14326
    },
    {
        "bookingid": 1344
    },
    {
        "bookingid": 9624
    },
    {
        "bookingid": 8668
    },
    {
        "bookingid": 10896
    },
    {
        "bookingid": 11707
    },
    {
        "bookingid": 9873
    },
    {
        "bookingid": 12237
    },
    {
        "bookingid": 1470
    },
    {
        "bookingid": 10497
    },
    {
        "bookingid": 2977
    },
    {
        "bookingid": 442
    },
    {
        "bookingid": 2328
    },
    {
        "bookingid": 5236
    },
    {
        "bookingid": 7317
    },
    {
        "bookingid": 3944
    },
    {
        "bookingid": 13422
    },
    {
        "bookingid": 10656
    },
    {
        "bookingid": 8132
    },
    {
        "bookingid": 7976
    },
    {
        "bookingid": 12407
    },
    {
        "bookingid": 607
    },
    {
        "bookingid": 13552
    },
    {
        "bookingid": 11024
    },
    {
        "bookingid": 3369
    },
    {
        "bookingid": 6790
    },
    {
        "bookingid": 9745
    },
    {
        "bookingid": 7296
    },
    {
        "bookingid": 7245
    },
    {
        "bookingid": 7144
    },
    {
        "bookingid": 9666
    },
    {
        "bookingid": 9780
    },
    {
        "bookingid": 6050
    },
    {
        "bookingid": 8780
    },
    {
        "bookingid": 7366
    },
    {
        "bookingid": 2633
    },
    {
        "bookingid": 2004
    },
    {
        "bookingid": 2843
    },
    {
        "bookingid": 11881
    },
    {
        "bookingid": 2595
    },
    {
        "bookingid": 13017
    },
    {
        "bookingid": 12027
    },
    {
        "bookingid": 969
    },
    {
        "bookingid": 5766
    },
    {
        "bookingid": 7124
    },
    {
        "bookingid": 2175
    },
    {
        "bookingid": 4412
    },
    {
        "bookingid": 4443
    },
    {
        "bookingid": 5438
    },
    {
        "bookingid": 11591
    },
    {
        "bookingid": 14332
    },
    {
        "bookingid": 6779
    },
    {
        "bookingid": 6865
    },
    {
        "bookingid": 5884
    },
    {
        "bookingid": 8260
    },
    {
        "bookingid": 4851
    },
    {
        "bookingid": 3787
    },
    {
        "bookingid": 14059
    },
    {
        "bookingid": 7680
    },
    {
        "bookingid": 8393
    },
    {
        "bookingid": 1720
    },
    {
        "bookingid": 8170
    },
    {
        "bookingid": 4517
    },
    {
        "bookingid": 7797
    },
    {
        "bookingid": 8261
    },
    {
        "bookingid": 3297
    },
    {
        "bookingid": 13973
    },
    {
        "bookingid": 9354
    },
    {
        "bookingid": 6338
    },
    {
        "bookingid": 13763
    },
    {
        "bookingid": 5936
    },
    {
        "bookingid": 10844
    },
    {
        "bookingid": 1864
    },
    {
        "bookingid": 2698
    },
    {
        "bookingid": 8574
    },
    {
        "bookingid": 10704
    },
    {
        "bookingid": 1117
    },
    {
        "bookingid": 4885
    },
    {
        "bookingid": 1912
    },
    {
        "bookingid": 9443
    },
    {
        "bookingid": 12972
    },
    {
        "bookingid": 12794
    },
    {
        "bookingid": 827
    },
    {
        "bookingid": 7894
    },
    {
        "bookingid": 5700
    },
    {
        "bookingid": 11100
    },
    {
        "bookingid": 10838
    },
    {
        "bookingid": 11050
    },
    {
        "bookingid": 10856
    },
    {
        "bookingid": 4019
    },
    {
        "bookingid": 7747
    },
    {
        "bookingid": 9709
    },
    {
        "bookingid": 5312
    },
    {
        "bookingid": 5705
    },
    {
        "bookingid": 7045
    },
    {
        "bookingid": 8074
    },
    {
        "bookingid": 12862
    },
    {
        "bookingid": 4353
    },
    {
        "bookingid": 3675
    },
    {
        "bookingid": 14735
    },
    {
        "bookingid": 7540
    },
    {
        "bookingid": 12884
    },
    {
        "bookingid": 1424
    },
    {
        "bookingid": 12586
    },
    {
        "bookingid": 2341
    },
    {
        "bookingid": 14697
    },
    {
        "bookingid": 5619
    },
    {
        "bookingid": 13410
    },
    {
        "bookingid": 13139
    },
    {
        "bookingid": 13644
    },
    {
        "bookingid": 8690
    },
    {
        "bookingid": 4012
    },
    {
        "bookingid": 8137
    },
    {
        "bookingid": 13028
    },
    {
        "bookingid": 10431
    },
    {
        "bookingid": 2103
    },
    {
        "bookingid": 11660
    },
    {
        "bookingid": 2060
    },
    {
        "bookingid": 12326
    },
    {
        "bookingid": 4180
    },
    {
        "bookingid": 5464
    },
    {
        "bookingid": 14868
    },
    {
        "bookingid": 8044
    },
    {
        "bookingid": 7193
    },
    {
        "bookingid": 4685
    },
    {
        "bookingid": 4405
    },
    {
        "bookingid": 11339
    },
    {
        "bookingid": 11663
    },
    {
        "bookingid": 11468
    },
    {
        "bookingid": 6888
    },
    {
        "bookingid": 11448
    },
    {
        "bookingid": 4251
    },
    {
        "bookingid": 12141
    },
    {
        "bookingid": 5954
    },
    {
        "bookingid": 10599
    },
    {
        "bookingid": 4694
    },
    {
        "bookingid": 11004
    },
    {
        "bookingid": 8856
    },
    {
        "bookingid": 11318
    },
    {
        "bookingid": 8221
    },
    {
        "bookingid": 792
    },
    {
        "bookingid": 1617
    },
    {
        "bookingid": 9824
    },
    {
        "bookingid": 9989
    },
    {
        "bookingid": 4005
    },
    {
        "bookingid": 9861
    },
    {
        "bookingid": 3398
    },
    {
        "bookingid": 11297
    },
    {
        "bookingid": 9091
    },
    {
        "bookingid": 14344
    },
    {
        "bookingid": 14582
    },
    {
        "bookingid": 9546
    },
    {
        "bookingid": 10903
    },
    {
        "bookingid": 7227
    },
    {
        "bookingid": 7749
    },
    {
        "bookingid": 13327
    },
    {
        "bookingid": 9767
    },
    {
        "bookingid": 9295
    },
    {
        "bookingid": 13733
    },
    {
        "bookingid": 13920
    },
    {
        "bookingid": 6929
    },
    {
        "bookingid": 3668
    },
    {
        "bookingid": 9496
    },
    {
        "bookingid": 11708
    },
    {
        "bookingid": 3406
    },
    {
        "bookingid": 4182
    },
    {
        "bookingid": 2534
    },
    {
        "bookingid": 11574
    },
    {
        "bookingid": 5817
    },
    {
        "bookingid": 12599
    },
    {
        "bookingid": 7773
    },
    {
        "bookingid": 13829
    },
    {
        "bookingid": 5052
    },
    {
        "bookingid": 3106
    },
    {
        "bookingid": 823
    },
    {
        "bookingid": 5656
    },
    {
        "bookingid": 11988
    },
    {
        "bookingid": 7396
    },
    {
        "bookingid": 5855
    },
    {
        "bookingid": 10814
    },
    {
        "bookingid": 9182
    },
    {
        "bookingid": 8119
    },
    {
        "bookingid": 538
    },
    {
        "bookingid": 10322
    },
    {
        "bookingid": 4208
    },
    {
        "bookingid": 11061
    },
    {
        "bookingid": 9154
    },
    {
        "bookingid": 12074
    },
    {
        "bookingid": 6623
    },
    {
        "bookingid": 352
    },
    {
        "bookingid": 9050
    },
    {
        "bookingid": 14535
    },
    {
        "bookingid": 11629
    },
    {
        "bookingid": 8616
    },
    {
        "bookingid": 5834
    },
    {
        "bookingid": 2839
    },
    {
        "bookingid": 3721
    },
    {
        "bookingid": 14047
    },
    {
        "bookingid": 10305
    },
    {
        "bookingid": 11442
    },
    {
        "bookingid": 293
    },
    {
        "bookingid": 7676
    },
    {
        "bookingid": 11439
    },
    {
        "bookingid": 5076
    },
    {
        "bookingid": 2696
    },
    {
        "bookingid": 8387
    },
    {
        "bookingid": 8533
    },
    {
        "bookingid": 1176
    },
    {
        "bookingid": 14351
    },
    {
        "bookingid": 6440
    },
    {
        "bookingid": 11640
    },
    {
        "bookingid": 3815
    },
    {
        "bookingid": 14252
    },
    {
        "bookingid": 5368
    },
    {
        "bookingid": 11507
    },
    {
        "bookingid": 5097
    },
    {
        "bookingid": 14798
    },
    {
        "bookingid": 2860
    },
    {
        "bookingid": 6898
    },
    {
        "bookingid": 2108
    },
    {
        "bookingid": 5715
    },
    {
        "bookingid": 7852
    },
    {
        "bookingid": 11811
    },
    {
        "bookingid": 14642
    },
    {
        "bookingid": 13894
    },
    {
        "bookingid": 4812
    },
    {
        "bookingid": 2607
    },
    {
        "bookingid": 6530
    },
    {
        "bookingid": 10010
    },
    {
        "bookingid": 12106
    },
    {
        "bookingid": 14618
    },
    {
        "bookingid": 10673
    },
    {
        "bookingid": 3615
    },
    {
        "bookingid": 8559
    },
    {
        "bookingid": 563
    },
    {
        "bookingid": 9093
    },
    {
        "bookingid": 9339
    },
    {
        "bookingid": 3911
    },
    {
        "bookingid": 5611
    },
    {
        "bookingid": 6283
    },
    {
        "bookingid": 3963
    },
    {
        "bookingid": 8843
    },
    {
        "bookingid": 6814
    },
    {
        "bookingid": 6719
    },
    {
        "bookingid": 9977
    },
    {
        "bookingid": 10059
    },
    {
        "bookingid": 3770
    },
    {
        "bookingid": 12075
    },
    {
        "bookingid": 681
    },
    {
        "bookingid": 12112
    },
    {
        "bookingid": 9632
    },
    {
        "bookingid": 8442
    },
    {
        "bookingid": 14835
    },
    {
        "bookingid": 2819
    },
    {
        "bookingid": 6622
    },
    {
        "bookingid": 838
    },
    {
        "bookingid": 8516
    },
    {
        "bookingid": 8477
    },
    {
        "bookingid": 12107
    },
    {
        "bookingid": 13723
    },
    {
        "bookingid": 6679
    },
    {
        "bookingid": 3852
    },
    {
        "bookingid": 6965
    },
    {
        "bookingid": 1440
    },
    {
        "bookingid": 8320
    },
    {
        "bookingid": 10668
    },
    {
        "bookingid": 2304
    },
    {
        "bookingid": 8847
    },
    {
        "bookingid": 9527
    },
    {
        "bookingid": 8427
    },
    {
        "bookingid": 7838
    },
    {
        "bookingid": 12483
    },
    {
        "bookingid": 13272
    },
    {
        "bookingid": 6610
    },
    {
        "bookingid": 9059
    },
    {
        "bookingid": 621
    },
    {
        "bookingid": 788
    },
    {
        "bookingid": 7777
    },
    {
        "bookingid": 13507
    },
    {
        "bookingid": 2235
    },
    {
        "bookingid": 14571
    },
    {
        "bookingid": 306
    },
    {
        "bookingid": 10267
    },
    {
        "bookingid": 1748
    },
    {
        "bookingid": 8638
    },
    {
        "bookingid": 14537
    },
    {
        "bookingid": 6314
    },
    {
        "bookingid": 8619
    },
    {
        "bookingid": 10829
    },
    {
        "bookingid": 4994
    },
    {
        "bookingid": 7523
    },
    {
        "bookingid": 4273
    },
    {
        "bookingid": 9352
    },
    {
        "bookingid": 9511
    },
    {
        "bookingid": 1032
    },
    {
        "bookingid": 3120
    },
    {
        "bookingid": 4433
    },
    {
        "bookingid": 7822
    },
    {
        "bookingid": 7335
    },
    {
        "bookingid": 4907
    },
    {
        "bookingid": 6223
    },
    {
        "bookingid": 9413
    },
    {
        "bookingid": 14093
    },
    {
        "bookingid": 12532
    },
    {
        "bookingid": 7295
    },
    {
        "bookingid": 3979
    },
    {
        "bookingid": 13203
    },
    {
        "bookingid": 10649
    },
    {
        "bookingid": 4327
    },
    {
        "bookingid": 6745
    },
    {
        "bookingid": 3923
    },
    {
        "bookingid": 13778
    },
    {
        "bookingid": 14588
    },
    {
        "bookingid": 8760
    },
    {
        "bookingid": 9212
    },
    {
        "bookingid": 8405
    },
    {
        "bookingid": 9852
    },
    {
        "bookingid": 4328
    },
    {
        "bookingid": 497
    },
    {
        "bookingid": 5833
    },
    {
        "bookingid": 6759
    },
    {
        "bookingid": 6922
    },
    {
        "bookingid": 1988
    },
    {
        "bookingid": 7984
    },
    {
        "bookingid": 2488
    },
    {
        "bookingid": 3591
    },
    {
        "bookingid": 9886
    },
    {
        "bookingid": 14145
    },
    {
        "bookingid": 14143
    },
    {
        "bookingid": 1601
    },
    {
        "bookingid": 3129
    },
    {
        "bookingid": 6681
    },
    {
        "bookingid": 5579
    },
    {
        "bookingid": 13374
    },
    {
        "bookingid": 13137
    },
    {
        "bookingid": 10444
    },
    {
        "bookingid": 11879
    },
    {
        "bookingid": 10601
    },
    {
        "bookingid": 7338
    },
    {
        "bookingid": 13547
    },
    {
        "bookingid": 1574
    },
    {
        "bookingid": 671
    },
    {
        "bookingid": 13703
    },
    {
        "bookingid": 10555
    },
    {
        "bookingid": 5902
    },
    {
        "bookingid": 12421
    },
    {
        "bookingid": 1410
    },
    {
        "bookingid": 13954
    },
    {
        "bookingid": 9648
    },
    {
        "bookingid": 12197
    },
    {
        "bookingid": 9718
    },
    {
        "bookingid": 12292
    },
    {
        "bookingid": 2782
    },
    {
        "bookingid": 7184
    },
    {
        "bookingid": 2511
    },
    {
        "bookingid": 13719
    },
    {
        "bookingid": 9903
    },
    {
        "bookingid": 7474
    },
    {
        "bookingid": 9635
    },
    {
        "bookingid": 1209
    },
    {
        "bookingid": 876
    },
    {
        "bookingid": 2536
    },
    {
        "bookingid": 1092
    },
    {
        "bookingid": 5976
    },
    {
        "bookingid": 12104
    },
    {
        "bookingid": 8807
    },
    {
        "bookingid": 6289
    },
    {
        "bookingid": 10590
    },
    {
        "bookingid": 11782
    },
    {
        "bookingid": 4887
    },
    {
        "bookingid": 14457
    },
    {
        "bookingid": 4945
    },
    {
        "bookingid": 2685
    },
    {
        "bookingid": 14036
    },
    {
        "bookingid": 2347
    },
    {
        "bookingid": 2099
    },
    {
        "bookingid": 2080
    },
    {
        "bookingid": 12183
    },
    {
        "bookingid": 10141
    },
    {
        "bookingid": 2030
    },
    {
        "bookingid": 9444
    },
    {
        "bookingid": 2384
    },
    {
        "bookingid": 5989
    },
    {
        "bookingid": 6072
    },
    {
        "bookingid": 2832
    },
    {
        "bookingid": 1536
    },
    {
        "bookingid": 6552
    },
    {
        "bookingid": 4841
    },
    {
        "bookingid": 13271
    },
    {
        "bookingid": 3251
    },
    {
        "bookingid": 14847
    },
    {
        "bookingid": 4144
    },
    {
        "bookingid": 6008
    },
    {
        "bookingid": 1396
    },
    {
        "bookingid": 7385
    },
    {
        "bookingid": 12259
    },
    {
        "bookingid": 3658
    },
    {
        "bookingid": 9554
    },
    {
        "bookingid": 12180
    },
    {
        "bookingid": 5138
    },
    {
        "bookingid": 1389
    },
    {
        "bookingid": 8787
    },
    {
        "bookingid": 3433
    },
    {
        "bookingid": 2265
    },
    {
        "bookingid": 10066
    },
    {
        "bookingid": 5509
    },
    {
        "bookingid": 4352
    },
    {
        "bookingid": 9287
    },
    {
        "bookingid": 2678
    },
    {
        "bookingid": 5569
    },
    {
        "bookingid": 6141
    },
    {
        "bookingid": 10107
    },
    {
        "bookingid": 5493
    },
    {
        "bookingid": 9215
    },
    {
        "bookingid": 1757
    },
    {
        "bookingid": 11237
    },
    {
        "bookingid": 10265
    },
    {
        "bookingid": 541
    },
    {
        "bookingid": 4544
    },
    {
        "bookingid": 4499
    },
    {
        "bookingid": 7705
    },
    {
        "bookingid": 924
    },
    {
        "bookingid": 10765
    },
    {
        "bookingid": 8524
    },
    {
        "bookingid": 14692
    },
    {
        "bookingid": 4947
    },
    {
        "bookingid": 10055
    },
    {
        "bookingid": 14288
    },
    {
        "bookingid": 5761
    },
    {
        "bookingid": 5525
    },
    {
        "bookingid": 5672
    },
    {
        "bookingid": 8054
    },
    {
        "bookingid": 3780
    },
    {
        "bookingid": 8292
    },
    {
        "bookingid": 10065
    },
    {
        "bookingid": 6236
    },
    {
        "bookingid": 5110
    },
    {
        "bookingid": 6151
    },
    {
        "bookingid": 1382
    },
    {
        "bookingid": 14325
    },
    {
        "bookingid": 7662
    },
    {
        "bookingid": 14027
    },
    {
        "bookingid": 8073
    },
    {
        "bookingid": 6491
    },
    {
        "bookingid": 13447
    },
    {
        "bookingid": 12741
    },
    {
        "bookingid": 887
    },
    {
        "bookingid": 1426
    },
    {
        "bookingid": 6034
    },
    {
        "bookingid": 1843
    },
    {
        "bookingid": 1618
    },
    {
        "bookingid": 11170
    },
    {
        "bookingid": 9292
    },
    {
        "bookingid": 4108
    },
    {
        "bookingid": 5384
    },
    {
        "bookingid": 12854
    },
    {
        "bookingid": 10169
    },
    {
        "bookingid": 9189
    },
    {
        "bookingid": 14187
    },
    {
        "bookingid": 11266
    },
    {
        "bookingid": 3970
    },
    {
        "bookingid": 5136
    },
    {
        "bookingid": 2322
    },
    {
        "bookingid": 14663
    },
    {
        "bookingid": 11890
    },
    {
        "bookingid": 3765
    },
    {
        "bookingid": 13066
    },
    {
        "bookingid": 4855
    },
    {
        "bookingid": 2705
    },
    {
        "bookingid": 626
    },
    {
        "bookingid": 12858
    },
    {
        "bookingid": 10456
    },
    {
        "bookingid": 12512
    },
    {
        "bookingid": 1022
    },
    {
        "bookingid": 10362
    },
    {
        "bookingid": 12034
    },
    {
        "bookingid": 6147
    },
    {
        "bookingid": 8402
    },
    {
        "bookingid": 14728
    },
    {
        "bookingid": 9090
    },
    {
        "bookingid": 8325
    },
    {
        "bookingid": 10238
    },
    {
        "bookingid": 4364
    },
    {
        "bookingid": 9057
    },
    {
        "bookingid": 7041
    },
    {
        "bookingid": 4382
    },
    {
        "bookingid": 3596
    },
    {
        "bookingid": 4682
    },
    {
        "bookingid": 13325
    },
    {
        "bookingid": 9235
    },
    {
        "bookingid": 9359
    },
    {
        "bookingid": 10628
    },
    {
        "bookingid": 8155
    },
    {
        "bookingid": 891
    },
    {
        "bookingid": 7688
    },
    {
        "bookingid": 682
    },
    {
        "bookingid": 4033
    },
    {
        "bookingid": 95
    },
    {
        "bookingid": 2875
    },
    {
        "bookingid": 13683
    },
    {
        "bookingid": 10974
    },
    {
        "bookingid": 12685
    },
    {
        "bookingid": 12035
    },
    {
        "bookingid": 14883
    },
    {
        "bookingid": 1569
    },
    {
        "bookingid": 10120
    },
    {
        "bookingid": 14263
    },
    {
        "bookingid": 5633
    },
    {
        "bookingid": 1322
    },
    {
        "bookingid": 13150
    },
    {
        "bookingid": 4637
    },
    {
        "bookingid": 12605
    },
    {
        "bookingid": 9012
    },
    {
        "bookingid": 14440
    },
    {
        "bookingid": 10320
    },
    {
        "bookingid": 1721
    },
    {
        "bookingid": 6760
    },
    {
        "bookingid": 14171
    },
    {
        "bookingid": 2221
    },
    {
        "bookingid": 10106
    },
    {
        "bookingid": 9712
    },
    {
        "bookingid": 12128
    },
    {
        "bookingid": 2466
    },
    {
        "bookingid": 7960
    },
    {
        "bookingid": 3974
    },
    {
        "bookingid": 8630
    },
    {
        "bookingid": 1252
    },
    {
        "bookingid": 9521
    },
    {
        "bookingid": 2413
    },
    {
        "bookingid": 5469
    },
    {
        "bookingid": 1245
    },
    {
        "bookingid": 1316
    },
    {
        "bookingid": 5973
    },
    {
        "bookingid": 8510
    },
    {
        "bookingid": 2383
    },
    {
        "bookingid": 2489
    },
    {
        "bookingid": 8164
    },
    {
        "bookingid": 10607
    },
    {
        "bookingid": 89
    },
    {
        "bookingid": 12571
    },
    {
        "bookingid": 9086
    },
    {
        "bookingid": 13608
    },
    {
        "bookingid": 3062
    },
    {
        "bookingid": 14503
    },
    {
        "bookingid": 10695
    },
    {
        "bookingid": 4304
    },
    {
        "bookingid": 63
    },
    {
        "bookingid": 11214
    },
    {
        "bookingid": 12255
    },
    {
        "bookingid": 12857
    },
    {
        "bookingid": 8361
    },
    {
        "bookingid": 13494
    },
    {
        "bookingid": 575
    },
    {
        "bookingid": 14786
    },
    {
        "bookingid": 2353
    },
    {
        "bookingid": 9515
    },
    {
        "bookingid": 11697
    },
    {
        "bookingid": 4645
    },
    {
        "bookingid": 1909
    },
    {
        "bookingid": 10175
    },
    {
        "bookingid": 2917
    },
    {
        "bookingid": 11632
    },
    {
        "bookingid": 3786
    },
    {
        "bookingid": 3135
    },
    {
        "bookingid": 3330
    },
    {
        "bookingid": 10155
    },
    {
        "bookingid": 10654
    },
    {
        "bookingid": 4277
    },
    {
        "bookingid": 10277
    },
    {
        "bookingid": 2158
    },
    {
        "bookingid": 14031
    },
    {
        "bookingid": 14799
    },
    {
        "bookingid": 1994
    },
    {
        "bookingid": 1533
    },
    {
        "bookingid": 11875
    },
    {
        "bookingid": 13664
    },
    {
        "bookingid": 4790
    },
    {
        "bookingid": 7853
    },
    {
        "bookingid": 8463
    },
    {
        "bookingid": 7935
    },
    {
        "bookingid": 1409
    },
    {
        "bookingid": 14741
    },
    {
        "bookingid": 9519
    },
    {
        "bookingid": 1870
    },
    {
        "bookingid": 12528
    },
    {
        "bookingid": 2010
    },
    {
        "bookingid": 13979
    },
    {
        "bookingid": 10686
    },
    {
        "bookingid": 11169
    },
    {
        "bookingid": 13045
    },
    {
        "bookingid": 12124
    },
    {
        "bookingid": 137
    },
    {
        "bookingid": 11373
    },
    {
        "bookingid": 6641
    },
    {
        "bookingid": 10040
    },
    {
        "bookingid": 2479
    },
    {
        "bookingid": 435
    },
    {
        "bookingid": 13943
    },
    {
        "bookingid": 12799
    },
    {
        "bookingid": 9498
    },
    {
        "bookingid": 7549
    },
    {
        "bookingid": 3850
    },
    {
        "bookingid": 7685
    },
    {
        "bookingid": 2046
    },
    {
        "bookingid": 233
    },
    {
        "bookingid": 3091
    },
    {
        "bookingid": 3485
    },
    {
        "bookingid": 12264
    },
    {
        "bookingid": 7932
    },
    {
        "bookingid": 13518
    },
    {
        "bookingid": 5351
    },
    {
        "bookingid": 11493
    },
    {
        "bookingid": 3834
    },
    {
        "bookingid": 14297
    },
    {
        "bookingid": 5209
    },
    {
        "bookingid": 9604
    },
    {
        "bookingid": 13984
    },
    {
        "bookingid": 4111
    },
    {
        "bookingid": 5247
    },
    {
        "bookingid": 4607
    },
    {
        "bookingid": 10073
    },
    {
        "bookingid": 10631
    },
    {
        "bookingid": 12472
    },
    {
        "bookingid": 2424
    },
    {
        "bookingid": 11537
    },
    {
        "bookingid": 6804
    },
    {
        "bookingid": 9655
    },
    {
        "bookingid": 11732
    },
    {
        "bookingid": 8465
    },
    {
        "bookingid": 8456
    },
    {
        "bookingid": 1762
    },
    {
        "bookingid": 9467
    },
    {
        "bookingid": 1287
    },
    {
        "bookingid": 3040
    },
    {
        "bookingid": 5428
    },
    {
        "bookingid": 4896
    },
    {
        "bookingid": 1590
    },
    {
        "bookingid": 5653
    },
    {
        "bookingid": 8159
    },
    {
        "bookingid": 3338
    },
    {
        "bookingid": 14212
    },
    {
        "bookingid": 8629
    },
    {
        "bookingid": 2596
    },
    {
        "bookingid": 8183
    },
    {
        "bookingid": 8590
    },
    {
        "bookingid": 8698
    },
    {
        "bookingid": 13213
    },
    {
        "bookingid": 12771
    },
    {
        "bookingid": 5302
    },
    {
        "bookingid": 9372
    },
    {
        "bookingid": 798
    },
    {
        "bookingid": 10085
    },
    {
        "bookingid": 889
    },
    {
        "bookingid": 1838
    },
    {
        "bookingid": 3044
    },
    {
        "bookingid": 3140
    },
    {
        "bookingid": 6473
    },
    {
        "bookingid": 5935
    },
    {
        "bookingid": 373
    },
    {
        "bookingid": 4306
    },
    {
        "bookingid": 10588
    },
    {
        "bookingid": 9218
    },
    {
        "bookingid": 5168
    },
    {
        "bookingid": 8395
    },
    {
        "bookingid": 11955
    },
    {
        "bookingid": 2955
    },
    {
        "bookingid": 1274
    },
    {
        "bookingid": 6913
    },
    {
        "bookingid": 9242
    },
    {
        "bookingid": 1538
    },
    {
        "bookingid": 8426
    },
    {
        "bookingid": 9830
    },
    {
        "bookingid": 6051
    },
    {
        "bookingid": 1059
    },
    {
        "bookingid": 4626
    },
    {
        "bookingid": 1991
    },
    {
        "bookingid": 9136
    },
    {
        "bookingid": 3840
    },
    {
        "bookingid": 12039
    },
    {
        "bookingid": 5514
    },
    {
        "bookingid": 6795
    },
    {
        "bookingid": 14345
    },
    {
        "bookingid": 11999
    },
    {
        "bookingid": 5126
    },
    {
        "bookingid": 4487
    },
    {
        "bookingid": 6893
    },
    {
        "bookingid": 12527
    },
    {
        "bookingid": 11481
    },
    {
        "bookingid": 13362
    },
    {
        "bookingid": 5002
    },
    {
        "bookingid": 13931
    },
    {
        "bookingid": 8336
    },
    {
        "bookingid": 12310
    },
    {
        "bookingid": 11340
    },
    {
        "bookingid": 64
    },
    {
        "bookingid": 1705
    },
    {
        "bookingid": 1713
    },
    {
        "bookingid": 11429
    },
    {
        "bookingid": 12951
    },
    {
        "bookingid": 5006
    },
    {
        "bookingid": 7356
    },
    {
        "bookingid": 3863
    },
    {
        "bookingid": 1818
    },
    {
        "bookingid": 3010
    },
    {
        "bookingid": 1845
    },
    {
        "bookingid": 9471
    },
    {
        "bookingid": 6058
    },
    {
        "bookingid": 1680
    },
    {
        "bookingid": 8833
    },
    {
        "bookingid": 10687
    },
    {
        "bookingid": 8357
    },
    {
        "bookingid": 3886
    },
    {
        "bookingid": 5219
    },
    {
        "bookingid": 3914
    },
    {
        "bookingid": 8981
    },
    {
        "bookingid": 1562
    },
    {
        "bookingid": 6428
    },
    {
        "bookingid": 1465
    },
    {
        "bookingid": 2591
    },
    {
        "bookingid": 7753
    },
    {
        "bookingid": 14078
    },
    {
        "bookingid": 6439
    },
    {
        "bookingid": 1703
    },
    {
        "bookingid": 14197
    },
    {
        "bookingid": 2690
    },
    {
        "bookingid": 13832
    },
    {
        "bookingid": 11341
    },
    {
        "bookingid": 4279
    },
    {
        "bookingid": 3620
    },
    {
        "bookingid": 5950
    },
    {
        "bookingid": 3833
    },
    {
        "bookingid": 2496
    },
    {
        "bookingid": 7133
    },
    {
        "bookingid": 6362
    },
    {
        "bookingid": 14772
    },
    {
        "bookingid": 3351
    },
    {
        "bookingid": 7941
    },
    {
        "bookingid": 45
    },
    {
        "bookingid": 10338
    },
    {
        "bookingid": 13004
    },
    {
        "bookingid": 12439
    },
    {
        "bookingid": 7485
    },
    {
        "bookingid": 9659
    },
    {
        "bookingid": 6974
    },
    {
        "bookingid": 8460
    },
    {
        "bookingid": 3892
    },
    {
        "bookingid": 12267
    },
    {
        "bookingid": 13576
    },
    {
        "bookingid": 1058
    },
    {
        "bookingid": 12925
    },
    {
        "bookingid": 9299
    },
    {
        "bookingid": 3726
    },
    {
        "bookingid": 13852
    },
    {
        "bookingid": 14445
    },
    {
        "bookingid": 7579
    },
    {
        "bookingid": 12823
    },
    {
        "bookingid": 8897
    }
]
]]></system-out>
  </testcase>
  <testcase name="testWithId" classname="HomeTest" time="0.802">
    <failure message="1 expectation failed.&#10;JSON path firstname doesn&apos;t match.&#10;Expected: Josh&#10;  Actual: User 9062&#10;" type="java.lang.AssertionError"><![CDATA[java.lang.AssertionError: 
1 expectation failed.
JSON path firstname doesn't match.
Expected: Josh
  Actual: User 9062

	at java.base/jdk.internal.reflect.NativeConstructorAccessorImpl.newInstance0(Native Method)
	at java.base/jdk.internal.reflect.NativeConstructorAccessorImpl.newInstance(NativeConstructorAccessorImpl.java:62)
	at java.base/jdk.internal.reflect.DelegatingConstructorAccessorImpl.newInstance(DelegatingConstructorAccessorImpl.java:45)
	at java.base/java.lang.reflect.Constructor.newInstance(Constructor.java:490)
	at org.codehaus.groovy.reflection.CachedConstructor.invoke(CachedConstructor.java:73)
	at org.codehaus.groovy.reflection.CachedConstructor.doConstructorInvoke(CachedConstructor.java:60)
	at org.codehaus.groovy.runtime.callsite.ConstructorSite$ConstructorSiteNoUnwrap.callConstructor(ConstructorSite.java:86)
	at org.codehaus.groovy.runtime.callsite.AbstractCallSite.callConstructor(AbstractCallSite.java:277)
	at io.restassured.internal.ResponseSpecificationImpl$HamcrestAssertionClosure.validate(ResponseSpecificationImpl.groovy:512)
	at io.restassured.internal.ResponseSpecificationImpl$HamcrestAssertionClosure$validate$1.call(Unknown Source)
	at io.restassured.internal.ResponseSpecificationImpl.validateResponseIfRequired(ResponseSpecificationImpl.groovy:696)
	at io.restassured.internal.ResponseSpecificationImpl.this$2$validateResponseIfRequired(ResponseSpecificationImpl.groovy)
	at jdk.internal.reflect.GeneratedMethodAccessor42.invoke(Unknown Source)
	at java.base/jdk.internal.reflect.DelegatingMethodAccessorImpl.invoke(DelegatingMethodAccessorImpl.java:43)
	at java.base/java.lang.reflect.Method.invoke(Method.java:566)
	at org.codehaus.groovy.runtime.callsite.PlainObjectMetaMethodSite.doInvoke(PlainObjectMetaMethodSite.java:43)
	at org.codehaus.groovy.runtime.callsite.PogoMetaMethodSite$PogoCachedMethodSiteNoUnwrapNoCoerce.invoke(PogoMetaMethodSite.java:198)
	at org.codehaus.groovy.runtime.callsite.PogoMetaMethodSite.callCurrent(PogoMetaMethodSite.java:62)
	at org.codehaus.groovy.runtime.callsite.AbstractCallSite.callCurrent(AbstractCallSite.java:185)
	at io.restassured.internal.ResponseSpecificationImpl.body(ResponseSpecificationImpl.groovy:270)
	at io.restassured.specification.ResponseSpecification$body$1.callCurrent(Unknown Source)
	at io.restassured.internal.ResponseSpecificationImpl.body(ResponseSpecificationImpl.groovy:117)
	at io.restassured.internal.ValidatableResponseOptionsImpl.body(ValidatableResponseOptionsImpl.java:244)
	at HomeTest.testWithId(HomeTest.java:47)
	at java.base/jdk.internal.reflect.NativeMethodAccessorImpl.invoke0(Native Method)
	at java.base/jdk.internal.reflect.NativeMethodAccessorImpl.invoke(NativeMethodAccessorImpl.java:62)
	at java.base/jdk.internal.reflect.DelegatingMethodAccessorImpl.invoke(DelegatingMethodAccessorImpl.java:43)
	at java.base/java.lang.reflect.Method.invoke(Method.java:566)
	at org.junit.platform.commons.util.ReflectionUtils.invokeMethod(ReflectionUtils.java:728)
	at org.junit.jupiter.engine.execution.MethodInvocation.proceed(MethodInvocation.java:60)
	at org.junit.jupiter.engine.execution.InvocationInterceptorChain$ValidatingInvocation.proceed(InvocationInterceptorChain.java:131)
	at org.junit.jupiter.engine.extension.TimeoutExtension.intercept(TimeoutExtension.java:156)
	at org.junit.jupiter.engine.extension.TimeoutExtension.interceptTestableMethod(TimeoutExtension.java:147)
	at org.junit.jupiter.engine.extension.TimeoutExtension.interceptTestMethod(TimeoutExtension.java:86)
	at org.junit.jupiter.engine.execution.InterceptingExecutableInvoker$ReflectiveInterceptorCall.lambda$ofVoidMethod$0(InterceptingExecutableInvoker.java:103)
	at org.junit.jupiter.engine.execution.InterceptingExecutableInvoker.lambda$invoke$0(InterceptingExecutableInvoker.java:93)
	at org.junit.jupiter.engine.execution.InvocationInterceptorChain$InterceptedInvocation.proceed(InvocationInterceptorChain.java:106)
	at org.junit.jupiter.engine.execution.InvocationInterceptorChain.proceed(InvocationInterceptorChain.java:64)
	at org.junit.jupiter.engine.execution.InvocationInterceptorChain.chainAndInvoke(InvocationInterceptorChain.java:45)
	at org.junit.jupiter.engine.execution.InvocationInterceptorChain.invoke(InvocationInterceptorChain.java:37)
	at org.junit.jupiter.engine.execution.InterceptingExecutableInvoker.invoke(InterceptingExecutableInvoker.java:92)
	at org.junit.jupiter.engine.execution.InterceptingExecutableInvoker.invoke(InterceptingExecutableInvoker.java:86)
	at org.junit.jupiter.engine.descriptor.TestMethodTestDescriptor.lambda$invokeTestMethod$7(TestMethodTestDescriptor.java:218)
	at org.junit.platform.engine.support.hierarchical.ThrowableCollector.execute(ThrowableCollector.java:73)
	at org.junit.jupiter.engine.descriptor.TestMethodTestDescriptor.invokeTestMethod(TestMethodTestDescriptor.java:214)
	at org.junit.jupiter.engine.descriptor.TestMethodTestDescriptor.execute(TestMethodTestDescriptor.java:139)
	at org.junit.jupiter.engine.descriptor.TestMethodTestDescriptor.execute(TestMethodTestDescriptor.java:69)
	at org.junit.platform.engine.support.hierarchical.NodeTestTask.lambda$executeRecursively$6(NodeTestTask.java:151)
	at org.junit.platform.engine.support.hierarchical.ThrowableCollector.execute(ThrowableCollector.java:73)
	at org.junit.platform.engine.support.hierarchical.NodeTestTask.lambda$executeRecursively$8(NodeTestTask.java:141)
	at org.junit.platform.engine.support.hierarchical.Node.around(Node.java:137)
	at org.junit.platform.engine.support.hierarchical.NodeTestTask.lambda$executeRecursively$9(NodeTestTask.java:139)
	at org.junit.platform.engine.support.hierarchical.ThrowableCollector.execute(ThrowableCollector.java:73)
	at org.junit.platform.engine.support.hierarchical.NodeTestTask.executeRecursively(NodeTestTask.java:138)
	at org.junit.platform.engine.support.hierarchical.NodeTestTask.execute(NodeTestTask.java:95)
	at java.base/java.util.ArrayList.forEach(ArrayList.java:1541)
	at org.junit.platform.engine.support.hierarchical.SameThreadHierarchicalTestExecutorService.invokeAll(SameThreadHierarchicalTestExecutorService.java:41)
	at org.junit.platform.engine.support.hierarchical.NodeTestTask.lambda$executeRecursively$6(NodeTestTask.java:155)
	at org.junit.platform.engine.support.hierarchical.ThrowableCollector.execute(ThrowableCollector.java:73)
	at org.junit.platform.engine.support.hierarchical.NodeTestTask.lambda$executeRecursively$8(NodeTestTask.java:141)
	at org.junit.platform.engine.support.hierarchical.Node.around(Node.java:137)
	at org.junit.platform.engine.support.hierarchical.NodeTestTask.lambda$executeRecursively$9(NodeTestTask.java:139)
	at org.junit.platform.engine.support.hierarchical.ThrowableCollector.execute(ThrowableCollector.java:73)
	at org.junit.platform.engine.support.hierarchical.NodeTestTask.executeRecursively(NodeTestTask.java:138)
	at org.junit.platform.engine.support.hierarchical.NodeTestTask.execute(NodeTestTask.java:95)
	at java.base/java.util.ArrayList.forEach(ArrayList.java:1541)
	at org.junit.platform.engine.support.hierarchical.SameThreadHierarchicalTestExecutorService.invokeAll(SameThreadHierarchicalTestExecutorService.java:41)
	at org.junit.platform.engine.support.hierarchical.NodeTestTask.lambda$executeRecursively$6(NodeTestTask.java:155)
	at org.junit.platform.engine.support.hierarchical.ThrowableCollector.execute(ThrowableCollector.java:73)
	at org.junit.platform.engine.support.hierarchical.NodeTestTask.lambda$executeRecursively$8(NodeTestTask.java:141)
	at org.junit.platform.engine.support.hierarchical.Node.around(Node.java:137)
	at org.junit.platform.engine.support.hierarchical.NodeTestTask.lambda$executeRecursively$9(NodeTestTask.java:139)
	at org.junit.platform.engine.support.hierarchical.ThrowableCollector.execute(ThrowableCollector.java:73)
	at org.junit.platform.engine.support.hierarchical.NodeTestTask.executeRecursively(NodeTestTask.java:138)
	at org.junit.platform.engine.support.hierarchical.NodeTestTask.execute(NodeTestTask.java:95)
	at org.junit.platform.engine.support.hierarchical.SameThreadHierarchicalTestExecutorService.submit(SameThreadHierarchicalTestExecutorService.java:35)
	at org.junit.platform.engine.support.hierarchical.HierarchicalTestExecutor.execute(HierarchicalTestExecutor.java:57)
	at org.junit.platform.engine.support.hierarchical.HierarchicalTestEngine.execute(HierarchicalTestEngine.java:54)
	at org.junit.platform.launcher.core.EngineExecutionOrchestrator.execute(EngineExecutionOrchestrator.java:147)
	at org.junit.platform.launcher.core.EngineExecutionOrchestrator.execute(EngineExecutionOrchestrator.java:127)
	at org.junit.platform.launcher.core.EngineExecutionOrchestrator.execute(EngineExecutionOrchestrator.java:90)
	at org.junit.platform.launcher.core.EngineExecutionOrchestrator.lambda$execute$0(EngineExecutionOrchestrator.java:55)
	at org.junit.platform.launcher.core.EngineExecutionOrchestrator.withInterceptedStreams(EngineExecutionOrchestrator.java:102)
	at org.junit.platform.launcher.core.EngineExecutionOrchestrator.execute(EngineExecutionOrchestrator.java:54)
	at org.junit.platform.launcher.core.DefaultLauncher.execute(DefaultLauncher.java:114)
	at org.junit.platform.launcher.core.DefaultLauncher.execute(DefaultLauncher.java:86)
	at org.junit.platform.launcher.core.DefaultLauncherSession$DelegatingLauncher.execute(DefaultLauncherSession.java:86)
	at org.apache.maven.surefire.junitplatform.LazyLauncher.execute(LazyLauncher.java:50)
	at org.apache.maven.surefire.junitplatform.JUnitPlatformProvider.execute(JUnitPlatformProvider.java:184)
	at org.apache.maven.surefire.junitplatform.JUnitPlatformProvider.invokeAllTests(JUnitPlatformProvider.java:148)
	at org.apache.maven.surefire.junitplatform.JUnitPlatformProvider.invoke(JUnitPlatformProvider.java:122)
	at org.apache.maven.surefire.booter.ForkedBooter.runSuitesInProcess(ForkedBooter.java:385)
	at org.apache.maven.surefire.booter.ForkedBooter.execute(ForkedBooter.java:162)
	at org.apache.maven.surefire.booter.ForkedBooter.run(ForkedBooter.java:507)
	at org.apache.maven.surefire.booter.ForkedBooter.main(ForkedBooter.java:495)
]]></failure>
  </testcase>
</testsuite>